[2024-07-10T20:14:52.434+0000] {processor.py:161} INFO - Started process (PID=519) to work on /opt/airflow/dags/0_etl_mysql_to_hive_assignment.py
[2024-07-10T20:14:52.436+0000] {processor.py:830} INFO - Processing file /opt/airflow/dags/0_etl_mysql_to_hive_assignment.py for tasks to queue
[2024-07-10T20:14:52.438+0000] {logging_mixin.py:188} INFO - [2024-07-10T20:14:52.438+0000] {dagbag.py:540} INFO - Filling up the DagBag from /opt/airflow/dags/0_etl_mysql_to_hive_assignment.py
[2024-07-10T20:14:52.472+0000] {processor.py:840} INFO - DAG(s) 'etl_mysql_to_hive_all_assignment' retrieved from /opt/airflow/dags/0_etl_mysql_to_hive_assignment.py
[2024-07-10T20:14:52.484+0000] {logging_mixin.py:188} INFO - [2024-07-10T20:14:52.483+0000] {dag.py:3096} INFO - Sync 1 DAGs
[2024-07-10T20:14:52.505+0000] {logging_mixin.py:188} INFO - [2024-07-10T20:14:52.505+0000] {dag.py:3954} INFO - Setting next_dagrun for etl_mysql_to_hive_all_assignment to None, run_after=None
[2024-07-10T20:14:52.524+0000] {processor.py:183} INFO - Processing /opt/airflow/dags/0_etl_mysql_to_hive_assignment.py took 0.096 seconds
[2024-07-10T20:14:54.910+0000] {processor.py:161} INFO - Started process (PID=551) to work on /opt/airflow/dags/0_etl_mysql_to_hive_assignment.py
[2024-07-10T20:14:54.911+0000] {processor.py:830} INFO - Processing file /opt/airflow/dags/0_etl_mysql_to_hive_assignment.py for tasks to queue
[2024-07-10T20:14:54.912+0000] {logging_mixin.py:188} INFO - [2024-07-10T20:14:54.912+0000] {dagbag.py:540} INFO - Filling up the DagBag from /opt/airflow/dags/0_etl_mysql_to_hive_assignment.py
[2024-07-10T20:14:54.940+0000] {processor.py:840} INFO - DAG(s) 'etl_mysql_to_hive_all_assignment' retrieved from /opt/airflow/dags/0_etl_mysql_to_hive_assignment.py
[2024-07-10T20:14:54.952+0000] {logging_mixin.py:188} INFO - [2024-07-10T20:14:54.952+0000] {dag.py:3096} INFO - Sync 1 DAGs
[2024-07-10T20:14:54.970+0000] {logging_mixin.py:188} INFO - [2024-07-10T20:14:54.970+0000] {dag.py:3954} INFO - Setting next_dagrun for etl_mysql_to_hive_all_assignment to None, run_after=None
[2024-07-10T20:14:54.987+0000] {processor.py:183} INFO - Processing /opt/airflow/dags/0_etl_mysql_to_hive_assignment.py took 0.083 seconds
[2024-07-10T20:14:56.792+0000] {processor.py:161} INFO - Started process (PID=583) to work on /opt/airflow/dags/0_etl_mysql_to_hive_assignment.py
[2024-07-10T20:14:56.793+0000] {processor.py:830} INFO - Processing file /opt/airflow/dags/0_etl_mysql_to_hive_assignment.py for tasks to queue
[2024-07-10T20:14:56.796+0000] {logging_mixin.py:188} INFO - [2024-07-10T20:14:56.795+0000] {dagbag.py:540} INFO - Filling up the DagBag from /opt/airflow/dags/0_etl_mysql_to_hive_assignment.py
[2024-07-10T20:14:56.830+0000] {processor.py:840} INFO - DAG(s) 'etl_mysql_to_hive_all_assignment' retrieved from /opt/airflow/dags/0_etl_mysql_to_hive_assignment.py
[2024-07-10T20:14:56.841+0000] {logging_mixin.py:188} INFO - [2024-07-10T20:14:56.841+0000] {dag.py:3096} INFO - Sync 1 DAGs
[2024-07-10T20:14:56.859+0000] {logging_mixin.py:188} INFO - [2024-07-10T20:14:56.859+0000] {dag.py:3954} INFO - Setting next_dagrun for etl_mysql_to_hive_all_assignment to None, run_after=None
[2024-07-10T20:14:56.878+0000] {processor.py:183} INFO - Processing /opt/airflow/dags/0_etl_mysql_to_hive_assignment.py took 0.092 seconds
[2024-07-10T20:14:58.776+0000] {processor.py:161} INFO - Started process (PID=614) to work on /opt/airflow/dags/0_etl_mysql_to_hive_assignment.py
[2024-07-10T20:14:58.777+0000] {processor.py:830} INFO - Processing file /opt/airflow/dags/0_etl_mysql_to_hive_assignment.py for tasks to queue
[2024-07-10T20:14:58.779+0000] {logging_mixin.py:188} INFO - [2024-07-10T20:14:58.779+0000] {dagbag.py:540} INFO - Filling up the DagBag from /opt/airflow/dags/0_etl_mysql_to_hive_assignment.py
[2024-07-10T20:14:58.810+0000] {processor.py:840} INFO - DAG(s) 'etl_mysql_to_hive_all_assignment' retrieved from /opt/airflow/dags/0_etl_mysql_to_hive_assignment.py
[2024-07-10T20:14:58.823+0000] {logging_mixin.py:188} INFO - [2024-07-10T20:14:58.823+0000] {dag.py:3096} INFO - Sync 1 DAGs
[2024-07-10T20:14:58.844+0000] {logging_mixin.py:188} INFO - [2024-07-10T20:14:58.844+0000] {dag.py:3954} INFO - Setting next_dagrun for etl_mysql_to_hive_all_assignment to None, run_after=None
[2024-07-10T20:14:58.861+0000] {processor.py:183} INFO - Processing /opt/airflow/dags/0_etl_mysql_to_hive_assignment.py took 0.091 seconds
[2024-07-10T20:15:00.915+0000] {processor.py:161} INFO - Started process (PID=645) to work on /opt/airflow/dags/0_etl_mysql_to_hive_assignment.py
[2024-07-10T20:15:00.916+0000] {processor.py:830} INFO - Processing file /opt/airflow/dags/0_etl_mysql_to_hive_assignment.py for tasks to queue
[2024-07-10T20:15:00.918+0000] {logging_mixin.py:188} INFO - [2024-07-10T20:15:00.918+0000] {dagbag.py:540} INFO - Filling up the DagBag from /opt/airflow/dags/0_etl_mysql_to_hive_assignment.py
[2024-07-10T20:15:00.950+0000] {processor.py:840} INFO - DAG(s) 'etl_mysql_to_hive_all_assignment' retrieved from /opt/airflow/dags/0_etl_mysql_to_hive_assignment.py
[2024-07-10T20:15:00.963+0000] {logging_mixin.py:188} INFO - [2024-07-10T20:15:00.963+0000] {dag.py:3096} INFO - Sync 1 DAGs
[2024-07-10T20:15:00.981+0000] {logging_mixin.py:188} INFO - [2024-07-10T20:15:00.981+0000] {dag.py:3954} INFO - Setting next_dagrun for etl_mysql_to_hive_all_assignment to None, run_after=None
[2024-07-10T20:15:01.000+0000] {processor.py:183} INFO - Processing /opt/airflow/dags/0_etl_mysql_to_hive_assignment.py took 0.091 seconds
[2024-07-10T20:15:02.903+0000] {processor.py:161} INFO - Started process (PID=676) to work on /opt/airflow/dags/0_etl_mysql_to_hive_assignment.py
[2024-07-10T20:15:02.904+0000] {processor.py:830} INFO - Processing file /opt/airflow/dags/0_etl_mysql_to_hive_assignment.py for tasks to queue
[2024-07-10T20:15:02.906+0000] {logging_mixin.py:188} INFO - [2024-07-10T20:15:02.906+0000] {dagbag.py:540} INFO - Filling up the DagBag from /opt/airflow/dags/0_etl_mysql_to_hive_assignment.py
[2024-07-10T20:15:02.936+0000] {processor.py:840} INFO - DAG(s) 'etl_mysql_to_hive_all_assignment' retrieved from /opt/airflow/dags/0_etl_mysql_to_hive_assignment.py
[2024-07-10T20:15:02.948+0000] {logging_mixin.py:188} INFO - [2024-07-10T20:15:02.948+0000] {dag.py:3096} INFO - Sync 1 DAGs
[2024-07-10T20:15:02.968+0000] {logging_mixin.py:188} INFO - [2024-07-10T20:15:02.967+0000] {dag.py:3954} INFO - Setting next_dagrun for etl_mysql_to_hive_all_assignment to None, run_after=None
[2024-07-10T20:15:02.989+0000] {processor.py:183} INFO - Processing /opt/airflow/dags/0_etl_mysql_to_hive_assignment.py took 0.092 seconds
[2024-07-10T20:15:05.097+0000] {processor.py:161} INFO - Started process (PID=707) to work on /opt/airflow/dags/0_etl_mysql_to_hive_assignment.py
[2024-07-10T20:15:05.099+0000] {processor.py:830} INFO - Processing file /opt/airflow/dags/0_etl_mysql_to_hive_assignment.py for tasks to queue
[2024-07-10T20:15:05.100+0000] {logging_mixin.py:188} INFO - [2024-07-10T20:15:05.100+0000] {dagbag.py:540} INFO - Filling up the DagBag from /opt/airflow/dags/0_etl_mysql_to_hive_assignment.py
[2024-07-10T20:15:05.132+0000] {processor.py:840} INFO - DAG(s) 'etl_mysql_to_hive_all_assignment' retrieved from /opt/airflow/dags/0_etl_mysql_to_hive_assignment.py
[2024-07-10T20:15:05.145+0000] {logging_mixin.py:188} INFO - [2024-07-10T20:15:05.145+0000] {dag.py:3096} INFO - Sync 1 DAGs
[2024-07-10T20:15:05.166+0000] {logging_mixin.py:188} INFO - [2024-07-10T20:15:05.166+0000] {dag.py:3954} INFO - Setting next_dagrun for etl_mysql_to_hive_all_assignment to None, run_after=None
[2024-07-10T20:15:05.189+0000] {processor.py:183} INFO - Processing /opt/airflow/dags/0_etl_mysql_to_hive_assignment.py took 0.098 seconds
[2024-07-10T20:15:07.417+0000] {processor.py:161} INFO - Started process (PID=744) to work on /opt/airflow/dags/0_etl_mysql_to_hive_assignment.py
[2024-07-10T20:15:07.418+0000] {processor.py:830} INFO - Processing file /opt/airflow/dags/0_etl_mysql_to_hive_assignment.py for tasks to queue
[2024-07-10T20:15:07.420+0000] {logging_mixin.py:188} INFO - [2024-07-10T20:15:07.420+0000] {dagbag.py:540} INFO - Filling up the DagBag from /opt/airflow/dags/0_etl_mysql_to_hive_assignment.py
[2024-07-10T20:15:07.450+0000] {processor.py:840} INFO - DAG(s) 'etl_mysql_to_hive_all_assignment' retrieved from /opt/airflow/dags/0_etl_mysql_to_hive_assignment.py
[2024-07-10T20:15:07.465+0000] {logging_mixin.py:188} INFO - [2024-07-10T20:15:07.464+0000] {dag.py:3096} INFO - Sync 1 DAGs
[2024-07-10T20:15:07.485+0000] {logging_mixin.py:188} INFO - [2024-07-10T20:15:07.484+0000] {dag.py:3954} INFO - Setting next_dagrun for etl_mysql_to_hive_all_assignment to None, run_after=None
[2024-07-10T20:15:07.505+0000] {processor.py:183} INFO - Processing /opt/airflow/dags/0_etl_mysql_to_hive_assignment.py took 0.094 seconds
[2024-07-10T20:15:09.528+0000] {processor.py:161} INFO - Started process (PID=775) to work on /opt/airflow/dags/0_etl_mysql_to_hive_assignment.py
[2024-07-10T20:15:09.529+0000] {processor.py:830} INFO - Processing file /opt/airflow/dags/0_etl_mysql_to_hive_assignment.py for tasks to queue
[2024-07-10T20:15:09.531+0000] {logging_mixin.py:188} INFO - [2024-07-10T20:15:09.531+0000] {dagbag.py:540} INFO - Filling up the DagBag from /opt/airflow/dags/0_etl_mysql_to_hive_assignment.py
[2024-07-10T20:15:09.562+0000] {processor.py:840} INFO - DAG(s) 'etl_mysql_to_hive_all_assignment' retrieved from /opt/airflow/dags/0_etl_mysql_to_hive_assignment.py
[2024-07-10T20:15:09.574+0000] {logging_mixin.py:188} INFO - [2024-07-10T20:15:09.574+0000] {dag.py:3096} INFO - Sync 1 DAGs
[2024-07-10T20:15:09.595+0000] {logging_mixin.py:188} INFO - [2024-07-10T20:15:09.594+0000] {dag.py:3954} INFO - Setting next_dagrun for etl_mysql_to_hive_all_assignment to None, run_after=None
[2024-07-10T20:15:09.616+0000] {processor.py:183} INFO - Processing /opt/airflow/dags/0_etl_mysql_to_hive_assignment.py took 0.092 seconds
[2024-07-10T20:15:11.706+0000] {processor.py:161} INFO - Started process (PID=806) to work on /opt/airflow/dags/0_etl_mysql_to_hive_assignment.py
[2024-07-10T20:15:11.707+0000] {processor.py:830} INFO - Processing file /opt/airflow/dags/0_etl_mysql_to_hive_assignment.py for tasks to queue
[2024-07-10T20:15:11.709+0000] {logging_mixin.py:188} INFO - [2024-07-10T20:15:11.709+0000] {dagbag.py:540} INFO - Filling up the DagBag from /opt/airflow/dags/0_etl_mysql_to_hive_assignment.py
[2024-07-10T20:15:11.741+0000] {processor.py:840} INFO - DAG(s) 'etl_mysql_to_hive_all_assignment' retrieved from /opt/airflow/dags/0_etl_mysql_to_hive_assignment.py
[2024-07-10T20:15:11.754+0000] {logging_mixin.py:188} INFO - [2024-07-10T20:15:11.754+0000] {dag.py:3096} INFO - Sync 1 DAGs
[2024-07-10T20:15:11.776+0000] {logging_mixin.py:188} INFO - [2024-07-10T20:15:11.776+0000] {dag.py:3954} INFO - Setting next_dagrun for etl_mysql_to_hive_all_assignment to None, run_after=None
[2024-07-10T20:15:11.795+0000] {processor.py:183} INFO - Processing /opt/airflow/dags/0_etl_mysql_to_hive_assignment.py took 0.095 seconds
[2024-07-10T20:15:13.871+0000] {processor.py:161} INFO - Started process (PID=837) to work on /opt/airflow/dags/0_etl_mysql_to_hive_assignment.py
[2024-07-10T20:15:13.872+0000] {processor.py:830} INFO - Processing file /opt/airflow/dags/0_etl_mysql_to_hive_assignment.py for tasks to queue
[2024-07-10T20:15:13.874+0000] {logging_mixin.py:188} INFO - [2024-07-10T20:15:13.874+0000] {dagbag.py:540} INFO - Filling up the DagBag from /opt/airflow/dags/0_etl_mysql_to_hive_assignment.py
[2024-07-10T20:15:13.906+0000] {processor.py:840} INFO - DAG(s) 'etl_mysql_to_hive_all_assignment' retrieved from /opt/airflow/dags/0_etl_mysql_to_hive_assignment.py
[2024-07-10T20:15:13.917+0000] {logging_mixin.py:188} INFO - [2024-07-10T20:15:13.917+0000] {dag.py:3096} INFO - Sync 1 DAGs
[2024-07-10T20:15:13.938+0000] {logging_mixin.py:188} INFO - [2024-07-10T20:15:13.938+0000] {dag.py:3954} INFO - Setting next_dagrun for etl_mysql_to_hive_all_assignment to None, run_after=None
[2024-07-10T20:15:13.958+0000] {processor.py:183} INFO - Processing /opt/airflow/dags/0_etl_mysql_to_hive_assignment.py took 0.092 seconds
[2024-07-10T20:15:16.077+0000] {processor.py:161} INFO - Started process (PID=868) to work on /opt/airflow/dags/0_etl_mysql_to_hive_assignment.py
[2024-07-10T20:15:16.078+0000] {processor.py:830} INFO - Processing file /opt/airflow/dags/0_etl_mysql_to_hive_assignment.py for tasks to queue
[2024-07-10T20:15:16.080+0000] {logging_mixin.py:188} INFO - [2024-07-10T20:15:16.080+0000] {dagbag.py:540} INFO - Filling up the DagBag from /opt/airflow/dags/0_etl_mysql_to_hive_assignment.py
[2024-07-10T20:15:16.113+0000] {processor.py:840} INFO - DAG(s) 'etl_mysql_to_hive_all_assignment' retrieved from /opt/airflow/dags/0_etl_mysql_to_hive_assignment.py
[2024-07-10T20:15:16.126+0000] {logging_mixin.py:188} INFO - [2024-07-10T20:15:16.125+0000] {dag.py:3096} INFO - Sync 1 DAGs
[2024-07-10T20:15:16.147+0000] {logging_mixin.py:188} INFO - [2024-07-10T20:15:16.147+0000] {dag.py:3954} INFO - Setting next_dagrun for etl_mysql_to_hive_all_assignment to None, run_after=None
[2024-07-10T20:15:16.168+0000] {processor.py:183} INFO - Processing /opt/airflow/dags/0_etl_mysql_to_hive_assignment.py took 0.097 seconds
[2024-07-10T20:15:18.389+0000] {processor.py:161} INFO - Started process (PID=899) to work on /opt/airflow/dags/0_etl_mysql_to_hive_assignment.py
[2024-07-10T20:15:18.391+0000] {processor.py:830} INFO - Processing file /opt/airflow/dags/0_etl_mysql_to_hive_assignment.py for tasks to queue
[2024-07-10T20:15:18.393+0000] {logging_mixin.py:188} INFO - [2024-07-10T20:15:18.393+0000] {dagbag.py:540} INFO - Filling up the DagBag from /opt/airflow/dags/0_etl_mysql_to_hive_assignment.py
[2024-07-10T20:15:18.431+0000] {processor.py:840} INFO - DAG(s) 'etl_mysql_to_hive_all_assignment' retrieved from /opt/airflow/dags/0_etl_mysql_to_hive_assignment.py
[2024-07-10T20:15:18.447+0000] {logging_mixin.py:188} INFO - [2024-07-10T20:15:18.446+0000] {dag.py:3096} INFO - Sync 1 DAGs
[2024-07-10T20:15:18.476+0000] {logging_mixin.py:188} INFO - [2024-07-10T20:15:18.475+0000] {dag.py:3954} INFO - Setting next_dagrun for etl_mysql_to_hive_all_assignment to None, run_after=None
[2024-07-10T20:15:18.498+0000] {processor.py:183} INFO - Processing /opt/airflow/dags/0_etl_mysql_to_hive_assignment.py took 0.116 seconds
[2024-07-10T20:15:20.469+0000] {processor.py:161} INFO - Started process (PID=930) to work on /opt/airflow/dags/0_etl_mysql_to_hive_assignment.py
[2024-07-10T20:15:20.470+0000] {processor.py:830} INFO - Processing file /opt/airflow/dags/0_etl_mysql_to_hive_assignment.py for tasks to queue
[2024-07-10T20:15:20.471+0000] {logging_mixin.py:188} INFO - [2024-07-10T20:15:20.471+0000] {dagbag.py:540} INFO - Filling up the DagBag from /opt/airflow/dags/0_etl_mysql_to_hive_assignment.py
[2024-07-10T20:15:20.503+0000] {processor.py:840} INFO - DAG(s) 'etl_mysql_to_hive_all_assignment' retrieved from /opt/airflow/dags/0_etl_mysql_to_hive_assignment.py
[2024-07-10T20:15:20.513+0000] {logging_mixin.py:188} INFO - [2024-07-10T20:15:20.513+0000] {dag.py:3096} INFO - Sync 1 DAGs
[2024-07-10T20:15:20.530+0000] {logging_mixin.py:188} INFO - [2024-07-10T20:15:20.530+0000] {dag.py:3954} INFO - Setting next_dagrun for etl_mysql_to_hive_all_assignment to None, run_after=None
[2024-07-10T20:15:20.549+0000] {processor.py:183} INFO - Processing /opt/airflow/dags/0_etl_mysql_to_hive_assignment.py took 0.085 seconds
[2024-07-10T20:15:22.896+0000] {processor.py:161} INFO - Started process (PID=961) to work on /opt/airflow/dags/0_etl_mysql_to_hive_assignment.py
[2024-07-10T20:15:22.898+0000] {processor.py:830} INFO - Processing file /opt/airflow/dags/0_etl_mysql_to_hive_assignment.py for tasks to queue
[2024-07-10T20:15:22.900+0000] {logging_mixin.py:188} INFO - [2024-07-10T20:15:22.899+0000] {dagbag.py:540} INFO - Filling up the DagBag from /opt/airflow/dags/0_etl_mysql_to_hive_assignment.py
[2024-07-10T20:15:22.932+0000] {processor.py:840} INFO - DAG(s) 'etl_mysql_to_hive_all_assignment' retrieved from /opt/airflow/dags/0_etl_mysql_to_hive_assignment.py
[2024-07-10T20:15:22.943+0000] {logging_mixin.py:188} INFO - [2024-07-10T20:15:22.943+0000] {dag.py:3096} INFO - Sync 1 DAGs
[2024-07-10T20:15:22.962+0000] {logging_mixin.py:188} INFO - [2024-07-10T20:15:22.962+0000] {dag.py:3954} INFO - Setting next_dagrun for etl_mysql_to_hive_all_assignment to None, run_after=None
[2024-07-10T20:15:22.982+0000] {processor.py:183} INFO - Processing /opt/airflow/dags/0_etl_mysql_to_hive_assignment.py took 0.092 seconds
[2024-07-10T20:15:24.795+0000] {processor.py:161} INFO - Started process (PID=992) to work on /opt/airflow/dags/0_etl_mysql_to_hive_assignment.py
[2024-07-10T20:15:24.796+0000] {processor.py:830} INFO - Processing file /opt/airflow/dags/0_etl_mysql_to_hive_assignment.py for tasks to queue
[2024-07-10T20:15:24.798+0000] {logging_mixin.py:188} INFO - [2024-07-10T20:15:24.798+0000] {dagbag.py:540} INFO - Filling up the DagBag from /opt/airflow/dags/0_etl_mysql_to_hive_assignment.py
[2024-07-10T20:15:24.830+0000] {processor.py:840} INFO - DAG(s) 'etl_mysql_to_hive_all_assignment' retrieved from /opt/airflow/dags/0_etl_mysql_to_hive_assignment.py
[2024-07-10T20:15:24.840+0000] {logging_mixin.py:188} INFO - [2024-07-10T20:15:24.840+0000] {dag.py:3096} INFO - Sync 1 DAGs
[2024-07-10T20:15:24.860+0000] {logging_mixin.py:188} INFO - [2024-07-10T20:15:24.860+0000] {dag.py:3954} INFO - Setting next_dagrun for etl_mysql_to_hive_all_assignment to None, run_after=None
[2024-07-10T20:15:24.877+0000] {processor.py:183} INFO - Processing /opt/airflow/dags/0_etl_mysql_to_hive_assignment.py took 0.088 seconds
[2024-07-10T20:15:27.072+0000] {processor.py:161} INFO - Started process (PID=1023) to work on /opt/airflow/dags/0_etl_mysql_to_hive_assignment.py
[2024-07-10T20:15:27.073+0000] {processor.py:830} INFO - Processing file /opt/airflow/dags/0_etl_mysql_to_hive_assignment.py for tasks to queue
[2024-07-10T20:15:27.074+0000] {logging_mixin.py:188} INFO - [2024-07-10T20:15:27.074+0000] {dagbag.py:540} INFO - Filling up the DagBag from /opt/airflow/dags/0_etl_mysql_to_hive_assignment.py
[2024-07-10T20:15:27.101+0000] {processor.py:840} INFO - DAG(s) 'etl_mysql_to_hive_all_assignment' retrieved from /opt/airflow/dags/0_etl_mysql_to_hive_assignment.py
[2024-07-10T20:15:27.111+0000] {logging_mixin.py:188} INFO - [2024-07-10T20:15:27.111+0000] {dag.py:3096} INFO - Sync 1 DAGs
[2024-07-10T20:15:27.128+0000] {logging_mixin.py:188} INFO - [2024-07-10T20:15:27.128+0000] {dag.py:3954} INFO - Setting next_dagrun for etl_mysql_to_hive_all_assignment to None, run_after=None
[2024-07-10T20:15:27.146+0000] {processor.py:183} INFO - Processing /opt/airflow/dags/0_etl_mysql_to_hive_assignment.py took 0.080 seconds
[2024-07-10T20:15:29.220+0000] {processor.py:161} INFO - Started process (PID=1054) to work on /opt/airflow/dags/0_etl_mysql_to_hive_assignment.py
[2024-07-10T20:15:29.221+0000] {processor.py:830} INFO - Processing file /opt/airflow/dags/0_etl_mysql_to_hive_assignment.py for tasks to queue
[2024-07-10T20:15:29.223+0000] {logging_mixin.py:188} INFO - [2024-07-10T20:15:29.223+0000] {dagbag.py:540} INFO - Filling up the DagBag from /opt/airflow/dags/0_etl_mysql_to_hive_assignment.py
[2024-07-10T20:15:29.253+0000] {processor.py:840} INFO - DAG(s) 'etl_mysql_to_hive_all_assignment' retrieved from /opt/airflow/dags/0_etl_mysql_to_hive_assignment.py
[2024-07-10T20:15:29.263+0000] {logging_mixin.py:188} INFO - [2024-07-10T20:15:29.263+0000] {dag.py:3096} INFO - Sync 1 DAGs
[2024-07-10T20:15:29.281+0000] {logging_mixin.py:188} INFO - [2024-07-10T20:15:29.281+0000] {dag.py:3954} INFO - Setting next_dagrun for etl_mysql_to_hive_all_assignment to None, run_after=None
[2024-07-10T20:15:29.298+0000] {processor.py:183} INFO - Processing /opt/airflow/dags/0_etl_mysql_to_hive_assignment.py took 0.083 seconds
[2024-07-10T20:15:31.538+0000] {processor.py:161} INFO - Started process (PID=1085) to work on /opt/airflow/dags/0_etl_mysql_to_hive_assignment.py
[2024-07-10T20:15:31.540+0000] {processor.py:830} INFO - Processing file /opt/airflow/dags/0_etl_mysql_to_hive_assignment.py for tasks to queue
[2024-07-10T20:15:31.543+0000] {logging_mixin.py:188} INFO - [2024-07-10T20:15:31.543+0000] {dagbag.py:540} INFO - Filling up the DagBag from /opt/airflow/dags/0_etl_mysql_to_hive_assignment.py
[2024-07-10T20:15:31.585+0000] {processor.py:840} INFO - DAG(s) 'etl_mysql_to_hive_all_assignment' retrieved from /opt/airflow/dags/0_etl_mysql_to_hive_assignment.py
[2024-07-10T20:15:31.597+0000] {logging_mixin.py:188} INFO - [2024-07-10T20:15:31.597+0000] {dag.py:3096} INFO - Sync 1 DAGs
[2024-07-10T20:15:31.618+0000] {logging_mixin.py:188} INFO - [2024-07-10T20:15:31.617+0000] {dag.py:3954} INFO - Setting next_dagrun for etl_mysql_to_hive_all_assignment to None, run_after=None
[2024-07-10T20:15:31.639+0000] {processor.py:183} INFO - Processing /opt/airflow/dags/0_etl_mysql_to_hive_assignment.py took 0.109 seconds
[2024-07-10T20:15:33.631+0000] {processor.py:161} INFO - Started process (PID=1117) to work on /opt/airflow/dags/0_etl_mysql_to_hive_assignment.py
[2024-07-10T20:15:33.632+0000] {processor.py:830} INFO - Processing file /opt/airflow/dags/0_etl_mysql_to_hive_assignment.py for tasks to queue
[2024-07-10T20:15:33.634+0000] {logging_mixin.py:188} INFO - [2024-07-10T20:15:33.634+0000] {dagbag.py:540} INFO - Filling up the DagBag from /opt/airflow/dags/0_etl_mysql_to_hive_assignment.py
[2024-07-10T20:15:33.674+0000] {processor.py:840} INFO - DAG(s) 'etl_mysql_to_hive_all_assignment' retrieved from /opt/airflow/dags/0_etl_mysql_to_hive_assignment.py
[2024-07-10T20:15:33.688+0000] {logging_mixin.py:188} INFO - [2024-07-10T20:15:33.687+0000] {dag.py:3096} INFO - Sync 1 DAGs
[2024-07-10T20:15:33.707+0000] {logging_mixin.py:188} INFO - [2024-07-10T20:15:33.707+0000] {dag.py:3954} INFO - Setting next_dagrun for etl_mysql_to_hive_all_assignment to None, run_after=None
[2024-07-10T20:15:33.727+0000] {processor.py:183} INFO - Processing /opt/airflow/dags/0_etl_mysql_to_hive_assignment.py took 0.103 seconds
[2024-07-10T20:15:35.693+0000] {processor.py:161} INFO - Started process (PID=1148) to work on /opt/airflow/dags/0_etl_mysql_to_hive_assignment.py
[2024-07-10T20:15:35.696+0000] {processor.py:830} INFO - Processing file /opt/airflow/dags/0_etl_mysql_to_hive_assignment.py for tasks to queue
[2024-07-10T20:15:35.699+0000] {logging_mixin.py:188} INFO - [2024-07-10T20:15:35.699+0000] {dagbag.py:540} INFO - Filling up the DagBag from /opt/airflow/dags/0_etl_mysql_to_hive_assignment.py
[2024-07-10T20:15:35.741+0000] {processor.py:840} INFO - DAG(s) 'etl_mysql_to_hive_all_assignment' retrieved from /opt/airflow/dags/0_etl_mysql_to_hive_assignment.py
[2024-07-10T20:15:35.754+0000] {logging_mixin.py:188} INFO - [2024-07-10T20:15:35.753+0000] {dag.py:3096} INFO - Sync 1 DAGs
[2024-07-10T20:15:35.779+0000] {logging_mixin.py:188} INFO - [2024-07-10T20:15:35.779+0000] {dag.py:3954} INFO - Setting next_dagrun for etl_mysql_to_hive_all_assignment to None, run_after=None
[2024-07-10T20:15:35.812+0000] {processor.py:183} INFO - Processing /opt/airflow/dags/0_etl_mysql_to_hive_assignment.py took 0.128 seconds
[2024-07-10T20:15:38.178+0000] {processor.py:161} INFO - Started process (PID=1185) to work on /opt/airflow/dags/0_etl_mysql_to_hive_assignment.py
[2024-07-10T20:15:38.180+0000] {processor.py:830} INFO - Processing file /opt/airflow/dags/0_etl_mysql_to_hive_assignment.py for tasks to queue
[2024-07-10T20:15:38.183+0000] {logging_mixin.py:188} INFO - [2024-07-10T20:15:38.182+0000] {dagbag.py:540} INFO - Filling up the DagBag from /opt/airflow/dags/0_etl_mysql_to_hive_assignment.py
[2024-07-10T20:15:38.225+0000] {processor.py:840} INFO - DAG(s) 'etl_mysql_to_hive_all_assignment' retrieved from /opt/airflow/dags/0_etl_mysql_to_hive_assignment.py
[2024-07-10T20:15:38.242+0000] {logging_mixin.py:188} INFO - [2024-07-10T20:15:38.241+0000] {dag.py:3096} INFO - Sync 1 DAGs
[2024-07-10T20:15:38.263+0000] {logging_mixin.py:188} INFO - [2024-07-10T20:15:38.263+0000] {dag.py:3954} INFO - Setting next_dagrun for etl_mysql_to_hive_all_assignment to None, run_after=None
[2024-07-10T20:15:38.282+0000] {processor.py:183} INFO - Processing /opt/airflow/dags/0_etl_mysql_to_hive_assignment.py took 0.111 seconds
[2024-07-10T20:15:40.578+0000] {processor.py:161} INFO - Started process (PID=1217) to work on /opt/airflow/dags/0_etl_mysql_to_hive_assignment.py
[2024-07-10T20:15:40.579+0000] {processor.py:830} INFO - Processing file /opt/airflow/dags/0_etl_mysql_to_hive_assignment.py for tasks to queue
[2024-07-10T20:15:40.582+0000] {logging_mixin.py:188} INFO - [2024-07-10T20:15:40.582+0000] {dagbag.py:540} INFO - Filling up the DagBag from /opt/airflow/dags/0_etl_mysql_to_hive_assignment.py
[2024-07-10T20:15:40.619+0000] {processor.py:840} INFO - DAG(s) 'etl_mysql_to_hive_all_assignment' retrieved from /opt/airflow/dags/0_etl_mysql_to_hive_assignment.py
[2024-07-10T20:15:40.634+0000] {logging_mixin.py:188} INFO - [2024-07-10T20:15:40.634+0000] {dag.py:3096} INFO - Sync 1 DAGs
[2024-07-10T20:15:40.661+0000] {logging_mixin.py:188} INFO - [2024-07-10T20:15:40.660+0000] {dag.py:3954} INFO - Setting next_dagrun for etl_mysql_to_hive_all_assignment to None, run_after=None
[2024-07-10T20:15:40.683+0000] {processor.py:183} INFO - Processing /opt/airflow/dags/0_etl_mysql_to_hive_assignment.py took 0.112 seconds
