[2024-07-10T20:14:52.059+0000] {processor.py:161} INFO - Started process (PID=515) to work on /opt/airflow/dags/1_final_assignment.py
[2024-07-10T20:14:52.060+0000] {processor.py:830} INFO - Processing file /opt/airflow/dags/1_final_assignment.py for tasks to queue
[2024-07-10T20:14:52.062+0000] {logging_mixin.py:188} INFO - [2024-07-10T20:14:52.061+0000] {dagbag.py:540} INFO - Filling up the DagBag from /opt/airflow/dags/1_final_assignment.py
[2024-07-10T20:14:52.079+0000] {processor.py:840} INFO - DAG(s) 'etl_mysql_to_mysql' retrieved from /opt/airflow/dags/1_final_assignment.py
[2024-07-10T20:14:52.099+0000] {logging_mixin.py:188} INFO - [2024-07-10T20:14:52.099+0000] {dag.py:3096} INFO - Sync 1 DAGs
[2024-07-10T20:14:52.111+0000] {logging_mixin.py:188} INFO - [2024-07-10T20:14:52.110+0000] {dag.py:3954} INFO - Setting next_dagrun for etl_mysql_to_mysql to None, run_after=None
[2024-07-10T20:14:52.129+0000] {processor.py:183} INFO - Processing /opt/airflow/dags/1_final_assignment.py took 0.077 seconds
[2024-07-10T20:14:54.576+0000] {processor.py:161} INFO - Started process (PID=547) to work on /opt/airflow/dags/1_final_assignment.py
[2024-07-10T20:14:54.577+0000] {processor.py:830} INFO - Processing file /opt/airflow/dags/1_final_assignment.py for tasks to queue
[2024-07-10T20:14:54.578+0000] {logging_mixin.py:188} INFO - [2024-07-10T20:14:54.578+0000] {dagbag.py:540} INFO - Filling up the DagBag from /opt/airflow/dags/1_final_assignment.py
[2024-07-10T20:14:54.594+0000] {processor.py:840} INFO - DAG(s) 'etl_mysql_to_mysql' retrieved from /opt/airflow/dags/1_final_assignment.py
[2024-07-10T20:14:54.614+0000] {logging_mixin.py:188} INFO - [2024-07-10T20:14:54.613+0000] {dag.py:3096} INFO - Sync 1 DAGs
[2024-07-10T20:14:54.625+0000] {logging_mixin.py:188} INFO - [2024-07-10T20:14:54.625+0000] {dag.py:3954} INFO - Setting next_dagrun for etl_mysql_to_mysql to None, run_after=None
[2024-07-10T20:14:54.646+0000] {processor.py:183} INFO - Processing /opt/airflow/dags/1_final_assignment.py took 0.076 seconds
[2024-07-10T20:14:56.477+0000] {processor.py:161} INFO - Started process (PID=579) to work on /opt/airflow/dags/1_final_assignment.py
[2024-07-10T20:14:56.479+0000] {processor.py:830} INFO - Processing file /opt/airflow/dags/1_final_assignment.py for tasks to queue
[2024-07-10T20:14:56.480+0000] {logging_mixin.py:188} INFO - [2024-07-10T20:14:56.480+0000] {dagbag.py:540} INFO - Filling up the DagBag from /opt/airflow/dags/1_final_assignment.py
[2024-07-10T20:14:56.497+0000] {processor.py:840} INFO - DAG(s) 'etl_mysql_to_mysql' retrieved from /opt/airflow/dags/1_final_assignment.py
[2024-07-10T20:14:56.516+0000] {logging_mixin.py:188} INFO - [2024-07-10T20:14:56.515+0000] {dag.py:3096} INFO - Sync 1 DAGs
[2024-07-10T20:14:56.528+0000] {logging_mixin.py:188} INFO - [2024-07-10T20:14:56.528+0000] {dag.py:3954} INFO - Setting next_dagrun for etl_mysql_to_mysql to None, run_after=None
[2024-07-10T20:14:56.547+0000] {processor.py:183} INFO - Processing /opt/airflow/dags/1_final_assignment.py took 0.076 seconds
[2024-07-10T20:14:58.478+0000] {processor.py:161} INFO - Started process (PID=611) to work on /opt/airflow/dags/1_final_assignment.py
[2024-07-10T20:14:58.479+0000] {processor.py:830} INFO - Processing file /opt/airflow/dags/1_final_assignment.py for tasks to queue
[2024-07-10T20:14:58.481+0000] {logging_mixin.py:188} INFO - [2024-07-10T20:14:58.481+0000] {dagbag.py:540} INFO - Filling up the DagBag from /opt/airflow/dags/1_final_assignment.py
[2024-07-10T20:14:58.499+0000] {processor.py:840} INFO - DAG(s) 'etl_mysql_to_mysql' retrieved from /opt/airflow/dags/1_final_assignment.py
[2024-07-10T20:14:58.518+0000] {logging_mixin.py:188} INFO - [2024-07-10T20:14:58.518+0000] {dag.py:3096} INFO - Sync 1 DAGs
[2024-07-10T20:14:58.529+0000] {logging_mixin.py:188} INFO - [2024-07-10T20:14:58.529+0000] {dag.py:3954} INFO - Setting next_dagrun for etl_mysql_to_mysql to None, run_after=None
[2024-07-10T20:14:58.548+0000] {processor.py:183} INFO - Processing /opt/airflow/dags/1_final_assignment.py took 0.077 seconds
[2024-07-10T20:15:00.517+0000] {processor.py:161} INFO - Started process (PID=641) to work on /opt/airflow/dags/1_final_assignment.py
[2024-07-10T20:15:00.518+0000] {processor.py:830} INFO - Processing file /opt/airflow/dags/1_final_assignment.py for tasks to queue
[2024-07-10T20:15:00.520+0000] {logging_mixin.py:188} INFO - [2024-07-10T20:15:00.520+0000] {dagbag.py:540} INFO - Filling up the DagBag from /opt/airflow/dags/1_final_assignment.py
[2024-07-10T20:15:00.536+0000] {processor.py:840} INFO - DAG(s) 'etl_mysql_to_mysql' retrieved from /opt/airflow/dags/1_final_assignment.py
[2024-07-10T20:15:00.557+0000] {logging_mixin.py:188} INFO - [2024-07-10T20:15:00.556+0000] {dag.py:3096} INFO - Sync 1 DAGs
[2024-07-10T20:15:00.568+0000] {logging_mixin.py:188} INFO - [2024-07-10T20:15:00.568+0000] {dag.py:3954} INFO - Setting next_dagrun for etl_mysql_to_mysql to None, run_after=None
[2024-07-10T20:15:00.593+0000] {processor.py:183} INFO - Processing /opt/airflow/dags/1_final_assignment.py took 0.084 seconds
[2024-07-10T20:15:02.772+0000] {processor.py:161} INFO - Started process (PID=673) to work on /opt/airflow/dags/1_final_assignment.py
[2024-07-10T20:15:02.773+0000] {processor.py:830} INFO - Processing file /opt/airflow/dags/1_final_assignment.py for tasks to queue
[2024-07-10T20:15:02.775+0000] {logging_mixin.py:188} INFO - [2024-07-10T20:15:02.775+0000] {dagbag.py:540} INFO - Filling up the DagBag from /opt/airflow/dags/1_final_assignment.py
[2024-07-10T20:15:02.792+0000] {processor.py:840} INFO - DAG(s) 'etl_mysql_to_mysql' retrieved from /opt/airflow/dags/1_final_assignment.py
[2024-07-10T20:15:02.812+0000] {logging_mixin.py:188} INFO - [2024-07-10T20:15:02.811+0000] {dag.py:3096} INFO - Sync 1 DAGs
[2024-07-10T20:15:02.823+0000] {logging_mixin.py:188} INFO - [2024-07-10T20:15:02.823+0000] {dag.py:3954} INFO - Setting next_dagrun for etl_mysql_to_mysql to None, run_after=None
[2024-07-10T20:15:02.843+0000] {processor.py:183} INFO - Processing /opt/airflow/dags/1_final_assignment.py took 0.077 seconds
[2024-07-10T20:15:04.690+0000] {processor.py:161} INFO - Started process (PID=704) to work on /opt/airflow/dags/1_final_assignment.py
[2024-07-10T20:15:04.691+0000] {processor.py:830} INFO - Processing file /opt/airflow/dags/1_final_assignment.py for tasks to queue
[2024-07-10T20:15:04.693+0000] {logging_mixin.py:188} INFO - [2024-07-10T20:15:04.693+0000] {dagbag.py:540} INFO - Filling up the DagBag from /opt/airflow/dags/1_final_assignment.py
[2024-07-10T20:15:04.718+0000] {processor.py:840} INFO - DAG(s) 'etl_mysql_to_mysql' retrieved from /opt/airflow/dags/1_final_assignment.py
[2024-07-10T20:15:04.747+0000] {logging_mixin.py:188} INFO - [2024-07-10T20:15:04.747+0000] {dag.py:3096} INFO - Sync 1 DAGs
[2024-07-10T20:15:04.766+0000] {logging_mixin.py:188} INFO - [2024-07-10T20:15:04.766+0000] {dag.py:3954} INFO - Setting next_dagrun for etl_mysql_to_mysql to None, run_after=None
[2024-07-10T20:15:04.785+0000] {processor.py:183} INFO - Processing /opt/airflow/dags/1_final_assignment.py took 0.102 seconds
[2024-07-10T20:15:07.287+0000] {processor.py:161} INFO - Started process (PID=741) to work on /opt/airflow/dags/1_final_assignment.py
[2024-07-10T20:15:07.288+0000] {processor.py:830} INFO - Processing file /opt/airflow/dags/1_final_assignment.py for tasks to queue
[2024-07-10T20:15:07.290+0000] {logging_mixin.py:188} INFO - [2024-07-10T20:15:07.290+0000] {dagbag.py:540} INFO - Filling up the DagBag from /opt/airflow/dags/1_final_assignment.py
[2024-07-10T20:15:07.308+0000] {processor.py:840} INFO - DAG(s) 'etl_mysql_to_mysql' retrieved from /opt/airflow/dags/1_final_assignment.py
[2024-07-10T20:15:07.328+0000] {logging_mixin.py:188} INFO - [2024-07-10T20:15:07.327+0000] {dag.py:3096} INFO - Sync 1 DAGs
[2024-07-10T20:15:07.339+0000] {logging_mixin.py:188} INFO - [2024-07-10T20:15:07.339+0000] {dag.py:3954} INFO - Setting next_dagrun for etl_mysql_to_mysql to None, run_after=None
[2024-07-10T20:15:07.357+0000] {processor.py:183} INFO - Processing /opt/airflow/dags/1_final_assignment.py took 0.077 seconds
[2024-07-10T20:15:09.245+0000] {processor.py:161} INFO - Started process (PID=772) to work on /opt/airflow/dags/1_final_assignment.py
[2024-07-10T20:15:09.246+0000] {processor.py:830} INFO - Processing file /opt/airflow/dags/1_final_assignment.py for tasks to queue
[2024-07-10T20:15:09.249+0000] {logging_mixin.py:188} INFO - [2024-07-10T20:15:09.248+0000] {dagbag.py:540} INFO - Filling up the DagBag from /opt/airflow/dags/1_final_assignment.py
[2024-07-10T20:15:09.265+0000] {processor.py:840} INFO - DAG(s) 'etl_mysql_to_mysql' retrieved from /opt/airflow/dags/1_final_assignment.py
[2024-07-10T20:15:09.284+0000] {logging_mixin.py:188} INFO - [2024-07-10T20:15:09.283+0000] {dag.py:3096} INFO - Sync 1 DAGs
[2024-07-10T20:15:09.295+0000] {logging_mixin.py:188} INFO - [2024-07-10T20:15:09.294+0000] {dag.py:3954} INFO - Setting next_dagrun for etl_mysql_to_mysql to None, run_after=None
[2024-07-10T20:15:09.317+0000] {processor.py:183} INFO - Processing /opt/airflow/dags/1_final_assignment.py took 0.077 seconds
[2024-07-10T20:15:11.284+0000] {processor.py:161} INFO - Started process (PID=802) to work on /opt/airflow/dags/1_final_assignment.py
[2024-07-10T20:15:11.286+0000] {processor.py:830} INFO - Processing file /opt/airflow/dags/1_final_assignment.py for tasks to queue
[2024-07-10T20:15:11.289+0000] {logging_mixin.py:188} INFO - [2024-07-10T20:15:11.288+0000] {dagbag.py:540} INFO - Filling up the DagBag from /opt/airflow/dags/1_final_assignment.py
[2024-07-10T20:15:11.321+0000] {processor.py:840} INFO - DAG(s) 'etl_mysql_to_mysql' retrieved from /opt/airflow/dags/1_final_assignment.py
[2024-07-10T20:15:11.349+0000] {logging_mixin.py:188} INFO - [2024-07-10T20:15:11.348+0000] {dag.py:3096} INFO - Sync 1 DAGs
[2024-07-10T20:15:11.363+0000] {logging_mixin.py:188} INFO - [2024-07-10T20:15:11.363+0000] {dag.py:3954} INFO - Setting next_dagrun for etl_mysql_to_mysql to None, run_after=None
[2024-07-10T20:15:11.381+0000] {processor.py:183} INFO - Processing /opt/airflow/dags/1_final_assignment.py took 0.106 seconds
[2024-07-10T20:15:13.490+0000] {processor.py:161} INFO - Started process (PID=833) to work on /opt/airflow/dags/1_final_assignment.py
[2024-07-10T20:15:13.491+0000] {processor.py:830} INFO - Processing file /opt/airflow/dags/1_final_assignment.py for tasks to queue
[2024-07-10T20:15:13.493+0000] {logging_mixin.py:188} INFO - [2024-07-10T20:15:13.493+0000] {dagbag.py:540} INFO - Filling up the DagBag from /opt/airflow/dags/1_final_assignment.py
[2024-07-10T20:15:13.518+0000] {processor.py:840} INFO - DAG(s) 'etl_mysql_to_mysql' retrieved from /opt/airflow/dags/1_final_assignment.py
[2024-07-10T20:15:13.545+0000] {logging_mixin.py:188} INFO - [2024-07-10T20:15:13.544+0000] {dag.py:3096} INFO - Sync 1 DAGs
[2024-07-10T20:15:13.562+0000] {logging_mixin.py:188} INFO - [2024-07-10T20:15:13.562+0000] {dag.py:3954} INFO - Setting next_dagrun for etl_mysql_to_mysql to None, run_after=None
[2024-07-10T20:15:13.593+0000] {processor.py:183} INFO - Processing /opt/airflow/dags/1_final_assignment.py took 0.109 seconds
[2024-07-10T20:15:15.948+0000] {processor.py:161} INFO - Started process (PID=865) to work on /opt/airflow/dags/1_final_assignment.py
[2024-07-10T20:15:15.949+0000] {processor.py:830} INFO - Processing file /opt/airflow/dags/1_final_assignment.py for tasks to queue
[2024-07-10T20:15:15.951+0000] {logging_mixin.py:188} INFO - [2024-07-10T20:15:15.951+0000] {dagbag.py:540} INFO - Filling up the DagBag from /opt/airflow/dags/1_final_assignment.py
[2024-07-10T20:15:15.971+0000] {processor.py:840} INFO - DAG(s) 'etl_mysql_to_mysql' retrieved from /opt/airflow/dags/1_final_assignment.py
[2024-07-10T20:15:15.990+0000] {logging_mixin.py:188} INFO - [2024-07-10T20:15:15.990+0000] {dag.py:3096} INFO - Sync 1 DAGs
[2024-07-10T20:15:16.001+0000] {logging_mixin.py:188} INFO - [2024-07-10T20:15:16.001+0000] {dag.py:3954} INFO - Setting next_dagrun for etl_mysql_to_mysql to None, run_after=None
[2024-07-10T20:15:16.020+0000] {processor.py:183} INFO - Processing /opt/airflow/dags/1_final_assignment.py took 0.077 seconds
[2024-07-10T20:15:18.236+0000] {processor.py:161} INFO - Started process (PID=896) to work on /opt/airflow/dags/1_final_assignment.py
[2024-07-10T20:15:18.237+0000] {processor.py:830} INFO - Processing file /opt/airflow/dags/1_final_assignment.py for tasks to queue
[2024-07-10T20:15:18.239+0000] {logging_mixin.py:188} INFO - [2024-07-10T20:15:18.239+0000] {dagbag.py:540} INFO - Filling up the DagBag from /opt/airflow/dags/1_final_assignment.py
[2024-07-10T20:15:18.258+0000] {processor.py:840} INFO - DAG(s) 'etl_mysql_to_mysql' retrieved from /opt/airflow/dags/1_final_assignment.py
[2024-07-10T20:15:18.279+0000] {logging_mixin.py:188} INFO - [2024-07-10T20:15:18.278+0000] {dag.py:3096} INFO - Sync 1 DAGs
[2024-07-10T20:15:18.292+0000] {logging_mixin.py:188} INFO - [2024-07-10T20:15:18.292+0000] {dag.py:3954} INFO - Setting next_dagrun for etl_mysql_to_mysql to None, run_after=None
[2024-07-10T20:15:18.316+0000] {processor.py:183} INFO - Processing /opt/airflow/dags/1_final_assignment.py took 0.086 seconds
[2024-07-10T20:15:20.098+0000] {processor.py:161} INFO - Started process (PID=926) to work on /opt/airflow/dags/1_final_assignment.py
[2024-07-10T20:15:20.099+0000] {processor.py:830} INFO - Processing file /opt/airflow/dags/1_final_assignment.py for tasks to queue
[2024-07-10T20:15:20.101+0000] {logging_mixin.py:188} INFO - [2024-07-10T20:15:20.101+0000] {dagbag.py:540} INFO - Filling up the DagBag from /opt/airflow/dags/1_final_assignment.py
[2024-07-10T20:15:20.124+0000] {processor.py:840} INFO - DAG(s) 'etl_mysql_to_mysql' retrieved from /opt/airflow/dags/1_final_assignment.py
[2024-07-10T20:15:20.150+0000] {logging_mixin.py:188} INFO - [2024-07-10T20:15:20.149+0000] {dag.py:3096} INFO - Sync 1 DAGs
[2024-07-10T20:15:20.167+0000] {logging_mixin.py:188} INFO - [2024-07-10T20:15:20.167+0000] {dag.py:3954} INFO - Setting next_dagrun for etl_mysql_to_mysql to None, run_after=None
[2024-07-10T20:15:20.194+0000] {processor.py:183} INFO - Processing /opt/airflow/dags/1_final_assignment.py took 0.105 seconds
[2024-07-10T20:15:22.755+0000] {processor.py:161} INFO - Started process (PID=958) to work on /opt/airflow/dags/1_final_assignment.py
[2024-07-10T20:15:22.757+0000] {processor.py:830} INFO - Processing file /opt/airflow/dags/1_final_assignment.py for tasks to queue
[2024-07-10T20:15:22.759+0000] {logging_mixin.py:188} INFO - [2024-07-10T20:15:22.758+0000] {dagbag.py:540} INFO - Filling up the DagBag from /opt/airflow/dags/1_final_assignment.py
[2024-07-10T20:15:22.779+0000] {processor.py:840} INFO - DAG(s) 'etl_mysql_to_mysql' retrieved from /opt/airflow/dags/1_final_assignment.py
[2024-07-10T20:15:22.800+0000] {logging_mixin.py:188} INFO - [2024-07-10T20:15:22.799+0000] {dag.py:3096} INFO - Sync 1 DAGs
[2024-07-10T20:15:22.812+0000] {logging_mixin.py:188} INFO - [2024-07-10T20:15:22.812+0000] {dag.py:3954} INFO - Setting next_dagrun for etl_mysql_to_mysql to None, run_after=None
[2024-07-10T20:15:22.832+0000] {processor.py:183} INFO - Processing /opt/airflow/dags/1_final_assignment.py took 0.083 seconds
[2024-07-10T20:15:24.452+0000] {processor.py:161} INFO - Started process (PID=988) to work on /opt/airflow/dags/1_final_assignment.py
[2024-07-10T20:15:24.453+0000] {processor.py:830} INFO - Processing file /opt/airflow/dags/1_final_assignment.py for tasks to queue
[2024-07-10T20:15:24.455+0000] {logging_mixin.py:188} INFO - [2024-07-10T20:15:24.454+0000] {dagbag.py:540} INFO - Filling up the DagBag from /opt/airflow/dags/1_final_assignment.py
[2024-07-10T20:15:24.471+0000] {processor.py:840} INFO - DAG(s) 'etl_mysql_to_mysql' retrieved from /opt/airflow/dags/1_final_assignment.py
[2024-07-10T20:15:24.489+0000] {logging_mixin.py:188} INFO - [2024-07-10T20:15:24.489+0000] {dag.py:3096} INFO - Sync 1 DAGs
[2024-07-10T20:15:24.502+0000] {logging_mixin.py:188} INFO - [2024-07-10T20:15:24.501+0000] {dag.py:3954} INFO - Setting next_dagrun for etl_mysql_to_mysql to None, run_after=None
[2024-07-10T20:15:24.521+0000] {processor.py:183} INFO - Processing /opt/airflow/dags/1_final_assignment.py took 0.076 seconds
[2024-07-10T20:15:26.730+0000] {processor.py:161} INFO - Started process (PID=1020) to work on /opt/airflow/dags/1_final_assignment.py
[2024-07-10T20:15:26.732+0000] {processor.py:830} INFO - Processing file /opt/airflow/dags/1_final_assignment.py for tasks to queue
[2024-07-10T20:15:26.734+0000] {logging_mixin.py:188} INFO - [2024-07-10T20:15:26.733+0000] {dagbag.py:540} INFO - Filling up the DagBag from /opt/airflow/dags/1_final_assignment.py
[2024-07-10T20:15:26.752+0000] {processor.py:840} INFO - DAG(s) 'etl_mysql_to_mysql' retrieved from /opt/airflow/dags/1_final_assignment.py
[2024-07-10T20:15:26.773+0000] {logging_mixin.py:188} INFO - [2024-07-10T20:15:26.772+0000] {dag.py:3096} INFO - Sync 1 DAGs
[2024-07-10T20:15:26.785+0000] {logging_mixin.py:188} INFO - [2024-07-10T20:15:26.785+0000] {dag.py:3954} INFO - Setting next_dagrun for etl_mysql_to_mysql to None, run_after=None
[2024-07-10T20:15:26.811+0000] {processor.py:183} INFO - Processing /opt/airflow/dags/1_final_assignment.py took 0.087 seconds
[2024-07-10T20:15:28.993+0000] {processor.py:161} INFO - Started process (PID=1051) to work on /opt/airflow/dags/1_final_assignment.py
[2024-07-10T20:15:28.994+0000] {processor.py:830} INFO - Processing file /opt/airflow/dags/1_final_assignment.py for tasks to queue
[2024-07-10T20:15:28.996+0000] {logging_mixin.py:188} INFO - [2024-07-10T20:15:28.995+0000] {dagbag.py:540} INFO - Filling up the DagBag from /opt/airflow/dags/1_final_assignment.py
[2024-07-10T20:15:29.017+0000] {processor.py:840} INFO - DAG(s) 'etl_mysql_to_mysql' retrieved from /opt/airflow/dags/1_final_assignment.py
[2024-07-10T20:15:29.038+0000] {logging_mixin.py:188} INFO - [2024-07-10T20:15:29.038+0000] {dag.py:3096} INFO - Sync 1 DAGs
[2024-07-10T20:15:29.052+0000] {logging_mixin.py:188} INFO - [2024-07-10T20:15:29.052+0000] {dag.py:3954} INFO - Setting next_dagrun for etl_mysql_to_mysql to None, run_after=None
[2024-07-10T20:15:29.072+0000] {processor.py:183} INFO - Processing /opt/airflow/dags/1_final_assignment.py took 0.086 seconds
[2024-07-10T20:15:31.201+0000] {processor.py:161} INFO - Started process (PID=1081) to work on /opt/airflow/dags/1_final_assignment.py
[2024-07-10T20:15:31.202+0000] {processor.py:830} INFO - Processing file /opt/airflow/dags/1_final_assignment.py for tasks to queue
[2024-07-10T20:15:31.204+0000] {logging_mixin.py:188} INFO - [2024-07-10T20:15:31.203+0000] {dagbag.py:540} INFO - Filling up the DagBag from /opt/airflow/dags/1_final_assignment.py
[2024-07-10T20:15:31.223+0000] {processor.py:840} INFO - DAG(s) 'etl_mysql_to_mysql' retrieved from /opt/airflow/dags/1_final_assignment.py
[2024-07-10T20:15:31.243+0000] {logging_mixin.py:188} INFO - [2024-07-10T20:15:31.242+0000] {dag.py:3096} INFO - Sync 1 DAGs
[2024-07-10T20:15:31.255+0000] {logging_mixin.py:188} INFO - [2024-07-10T20:15:31.255+0000] {dag.py:3954} INFO - Setting next_dagrun for etl_mysql_to_mysql to None, run_after=None
[2024-07-10T20:15:31.276+0000] {processor.py:183} INFO - Processing /opt/airflow/dags/1_final_assignment.py took 0.083 seconds
[2024-07-10T20:15:33.332+0000] {processor.py:161} INFO - Started process (PID=1114) to work on /opt/airflow/dags/1_final_assignment.py
[2024-07-10T20:15:33.333+0000] {processor.py:830} INFO - Processing file /opt/airflow/dags/1_final_assignment.py for tasks to queue
[2024-07-10T20:15:33.335+0000] {logging_mixin.py:188} INFO - [2024-07-10T20:15:33.334+0000] {dagbag.py:540} INFO - Filling up the DagBag from /opt/airflow/dags/1_final_assignment.py
[2024-07-10T20:15:33.350+0000] {processor.py:840} INFO - DAG(s) 'etl_mysql_to_mysql' retrieved from /opt/airflow/dags/1_final_assignment.py
[2024-07-10T20:15:33.368+0000] {logging_mixin.py:188} INFO - [2024-07-10T20:15:33.368+0000] {dag.py:3096} INFO - Sync 1 DAGs
[2024-07-10T20:15:33.379+0000] {logging_mixin.py:188} INFO - [2024-07-10T20:15:33.378+0000] {dag.py:3954} INFO - Setting next_dagrun for etl_mysql_to_mysql to None, run_after=None
[2024-07-10T20:15:33.396+0000] {processor.py:183} INFO - Processing /opt/airflow/dags/1_final_assignment.py took 0.070 seconds
[2024-07-10T20:15:35.377+0000] {processor.py:161} INFO - Started process (PID=1145) to work on /opt/airflow/dags/1_final_assignment.py
[2024-07-10T20:15:35.378+0000] {processor.py:830} INFO - Processing file /opt/airflow/dags/1_final_assignment.py for tasks to queue
[2024-07-10T20:15:35.380+0000] {logging_mixin.py:188} INFO - [2024-07-10T20:15:35.380+0000] {dagbag.py:540} INFO - Filling up the DagBag from /opt/airflow/dags/1_final_assignment.py
[2024-07-10T20:15:35.398+0000] {processor.py:840} INFO - DAG(s) 'etl_mysql_to_mysql' retrieved from /opt/airflow/dags/1_final_assignment.py
[2024-07-10T20:15:35.418+0000] {logging_mixin.py:188} INFO - [2024-07-10T20:15:35.418+0000] {dag.py:3096} INFO - Sync 1 DAGs
[2024-07-10T20:15:35.430+0000] {logging_mixin.py:188} INFO - [2024-07-10T20:15:35.430+0000] {dag.py:3954} INFO - Setting next_dagrun for etl_mysql_to_mysql to None, run_after=None
[2024-07-10T20:15:35.449+0000] {processor.py:183} INFO - Processing /opt/airflow/dags/1_final_assignment.py took 0.077 seconds
[2024-07-10T20:15:37.738+0000] {processor.py:161} INFO - Started process (PID=1181) to work on /opt/airflow/dags/1_final_assignment.py
[2024-07-10T20:15:37.739+0000] {processor.py:830} INFO - Processing file /opt/airflow/dags/1_final_assignment.py for tasks to queue
[2024-07-10T20:15:37.741+0000] {logging_mixin.py:188} INFO - [2024-07-10T20:15:37.741+0000] {dagbag.py:540} INFO - Filling up the DagBag from /opt/airflow/dags/1_final_assignment.py
[2024-07-10T20:15:37.756+0000] {processor.py:840} INFO - DAG(s) 'etl_mysql_to_mysql' retrieved from /opt/airflow/dags/1_final_assignment.py
[2024-07-10T20:15:37.776+0000] {logging_mixin.py:188} INFO - [2024-07-10T20:15:37.776+0000] {dag.py:3096} INFO - Sync 1 DAGs
[2024-07-10T20:15:37.788+0000] {logging_mixin.py:188} INFO - [2024-07-10T20:15:37.787+0000] {dag.py:3954} INFO - Setting next_dagrun for etl_mysql_to_mysql to None, run_after=None
[2024-07-10T20:15:37.810+0000] {processor.py:183} INFO - Processing /opt/airflow/dags/1_final_assignment.py took 0.078 seconds
[2024-07-10T20:15:40.101+0000] {processor.py:161} INFO - Started process (PID=1213) to work on /opt/airflow/dags/1_final_assignment.py
[2024-07-10T20:15:40.103+0000] {processor.py:830} INFO - Processing file /opt/airflow/dags/1_final_assignment.py for tasks to queue
[2024-07-10T20:15:40.106+0000] {logging_mixin.py:188} INFO - [2024-07-10T20:15:40.105+0000] {dagbag.py:540} INFO - Filling up the DagBag from /opt/airflow/dags/1_final_assignment.py
[2024-07-10T20:15:40.131+0000] {processor.py:840} INFO - DAG(s) 'etl_mysql_to_mysql' retrieved from /opt/airflow/dags/1_final_assignment.py
[2024-07-10T20:15:40.161+0000] {logging_mixin.py:188} INFO - [2024-07-10T20:15:40.161+0000] {dag.py:3096} INFO - Sync 1 DAGs
[2024-07-10T20:15:40.175+0000] {logging_mixin.py:188} INFO - [2024-07-10T20:15:40.175+0000] {dag.py:3954} INFO - Setting next_dagrun for etl_mysql_to_mysql to None, run_after=None
[2024-07-10T20:15:40.201+0000] {processor.py:183} INFO - Processing /opt/airflow/dags/1_final_assignment.py took 0.109 seconds
