[2024-07-10T20:14:51.552+0000] {processor.py:161} INFO - Started process (PID=508) to work on /opt/airflow/dags/control_flow_complex.py
[2024-07-10T20:14:51.553+0000] {processor.py:830} INFO - Processing file /opt/airflow/dags/control_flow_complex.py for tasks to queue
[2024-07-10T20:14:51.556+0000] {logging_mixin.py:188} INFO - [2024-07-10T20:14:51.555+0000] {dagbag.py:540} INFO - Filling up the DagBag from /opt/airflow/dags/control_flow_complex.py
[2024-07-10T20:14:51.572+0000] {processor.py:840} INFO - DAG(s) 'control_flow_complex' retrieved from /opt/airflow/dags/control_flow_complex.py
[2024-07-10T20:14:51.594+0000] {logging_mixin.py:188} INFO - [2024-07-10T20:14:51.594+0000] {dag.py:3096} INFO - Sync 1 DAGs
[2024-07-10T20:14:51.614+0000] {logging_mixin.py:188} INFO - [2024-07-10T20:14:51.614+0000] {dag.py:3954} INFO - Setting next_dagrun for control_flow_complex to None, run_after=None
[2024-07-10T20:14:51.636+0000] {processor.py:183} INFO - Processing /opt/airflow/dags/control_flow_complex.py took 0.091 seconds
[2024-07-10T20:14:54.057+0000] {processor.py:161} INFO - Started process (PID=540) to work on /opt/airflow/dags/control_flow_complex.py
[2024-07-10T20:14:54.058+0000] {processor.py:830} INFO - Processing file /opt/airflow/dags/control_flow_complex.py for tasks to queue
[2024-07-10T20:14:54.060+0000] {logging_mixin.py:188} INFO - [2024-07-10T20:14:54.060+0000] {dagbag.py:540} INFO - Filling up the DagBag from /opt/airflow/dags/control_flow_complex.py
[2024-07-10T20:14:54.075+0000] {processor.py:840} INFO - DAG(s) 'control_flow_complex' retrieved from /opt/airflow/dags/control_flow_complex.py
[2024-07-10T20:14:54.094+0000] {logging_mixin.py:188} INFO - [2024-07-10T20:14:54.094+0000] {dag.py:3096} INFO - Sync 1 DAGs
[2024-07-10T20:14:54.112+0000] {logging_mixin.py:188} INFO - [2024-07-10T20:14:54.112+0000] {dag.py:3954} INFO - Setting next_dagrun for control_flow_complex to None, run_after=None
[2024-07-10T20:14:54.129+0000] {processor.py:183} INFO - Processing /opt/airflow/dags/control_flow_complex.py took 0.078 seconds
[2024-07-10T20:14:56.066+0000] {processor.py:161} INFO - Started process (PID=572) to work on /opt/airflow/dags/control_flow_complex.py
[2024-07-10T20:14:56.067+0000] {processor.py:830} INFO - Processing file /opt/airflow/dags/control_flow_complex.py for tasks to queue
[2024-07-10T20:14:56.069+0000] {logging_mixin.py:188} INFO - [2024-07-10T20:14:56.068+0000] {dagbag.py:540} INFO - Filling up the DagBag from /opt/airflow/dags/control_flow_complex.py
[2024-07-10T20:14:56.088+0000] {processor.py:840} INFO - DAG(s) 'control_flow_complex' retrieved from /opt/airflow/dags/control_flow_complex.py
[2024-07-10T20:14:56.109+0000] {logging_mixin.py:188} INFO - [2024-07-10T20:14:56.109+0000] {dag.py:3096} INFO - Sync 1 DAGs
[2024-07-10T20:14:56.130+0000] {logging_mixin.py:188} INFO - [2024-07-10T20:14:56.129+0000] {dag.py:3954} INFO - Setting next_dagrun for control_flow_complex to None, run_after=None
[2024-07-10T20:14:56.148+0000] {processor.py:183} INFO - Processing /opt/airflow/dags/control_flow_complex.py took 0.090 seconds
[2024-07-10T20:14:58.130+0000] {processor.py:161} INFO - Started process (PID=604) to work on /opt/airflow/dags/control_flow_complex.py
[2024-07-10T20:14:58.132+0000] {processor.py:830} INFO - Processing file /opt/airflow/dags/control_flow_complex.py for tasks to queue
[2024-07-10T20:14:58.134+0000] {logging_mixin.py:188} INFO - [2024-07-10T20:14:58.134+0000] {dagbag.py:540} INFO - Filling up the DagBag from /opt/airflow/dags/control_flow_complex.py
[2024-07-10T20:14:58.151+0000] {processor.py:840} INFO - DAG(s) 'control_flow_complex' retrieved from /opt/airflow/dags/control_flow_complex.py
[2024-07-10T20:14:58.175+0000] {logging_mixin.py:188} INFO - [2024-07-10T20:14:58.174+0000] {dag.py:3096} INFO - Sync 1 DAGs
[2024-07-10T20:14:58.199+0000] {logging_mixin.py:188} INFO - [2024-07-10T20:14:58.199+0000] {dag.py:3954} INFO - Setting next_dagrun for control_flow_complex to None, run_after=None
[2024-07-10T20:14:58.218+0000] {processor.py:183} INFO - Processing /opt/airflow/dags/control_flow_complex.py took 0.093 seconds
[2024-07-10T20:15:00.124+0000] {processor.py:161} INFO - Started process (PID=635) to work on /opt/airflow/dags/control_flow_complex.py
[2024-07-10T20:15:00.126+0000] {processor.py:830} INFO - Processing file /opt/airflow/dags/control_flow_complex.py for tasks to queue
[2024-07-10T20:15:00.128+0000] {logging_mixin.py:188} INFO - [2024-07-10T20:15:00.128+0000] {dagbag.py:540} INFO - Filling up the DagBag from /opt/airflow/dags/control_flow_complex.py
[2024-07-10T20:15:00.151+0000] {processor.py:840} INFO - DAG(s) 'control_flow_complex' retrieved from /opt/airflow/dags/control_flow_complex.py
[2024-07-10T20:15:00.180+0000] {logging_mixin.py:188} INFO - [2024-07-10T20:15:00.180+0000] {dag.py:3096} INFO - Sync 1 DAGs
[2024-07-10T20:15:00.204+0000] {logging_mixin.py:188} INFO - [2024-07-10T20:15:00.203+0000] {dag.py:3954} INFO - Setting next_dagrun for control_flow_complex to None, run_after=None
[2024-07-10T20:15:00.227+0000] {processor.py:183} INFO - Processing /opt/airflow/dags/control_flow_complex.py took 0.112 seconds
[2024-07-10T20:15:02.093+0000] {processor.py:161} INFO - Started process (PID=666) to work on /opt/airflow/dags/control_flow_complex.py
[2024-07-10T20:15:02.094+0000] {processor.py:830} INFO - Processing file /opt/airflow/dags/control_flow_complex.py for tasks to queue
[2024-07-10T20:15:02.096+0000] {logging_mixin.py:188} INFO - [2024-07-10T20:15:02.096+0000] {dagbag.py:540} INFO - Filling up the DagBag from /opt/airflow/dags/control_flow_complex.py
[2024-07-10T20:15:02.114+0000] {processor.py:840} INFO - DAG(s) 'control_flow_complex' retrieved from /opt/airflow/dags/control_flow_complex.py
[2024-07-10T20:15:02.137+0000] {logging_mixin.py:188} INFO - [2024-07-10T20:15:02.136+0000] {dag.py:3096} INFO - Sync 1 DAGs
[2024-07-10T20:15:02.159+0000] {logging_mixin.py:188} INFO - [2024-07-10T20:15:02.159+0000] {dag.py:3954} INFO - Setting next_dagrun for control_flow_complex to None, run_after=None
[2024-07-10T20:15:02.181+0000] {processor.py:183} INFO - Processing /opt/airflow/dags/control_flow_complex.py took 0.095 seconds
[2024-07-10T20:15:04.209+0000] {processor.py:161} INFO - Started process (PID=697) to work on /opt/airflow/dags/control_flow_complex.py
[2024-07-10T20:15:04.211+0000] {processor.py:830} INFO - Processing file /opt/airflow/dags/control_flow_complex.py for tasks to queue
[2024-07-10T20:15:04.213+0000] {logging_mixin.py:188} INFO - [2024-07-10T20:15:04.213+0000] {dagbag.py:540} INFO - Filling up the DagBag from /opt/airflow/dags/control_flow_complex.py
[2024-07-10T20:15:04.232+0000] {processor.py:840} INFO - DAG(s) 'control_flow_complex' retrieved from /opt/airflow/dags/control_flow_complex.py
[2024-07-10T20:15:04.261+0000] {logging_mixin.py:188} INFO - [2024-07-10T20:15:04.260+0000] {dag.py:3096} INFO - Sync 1 DAGs
[2024-07-10T20:15:04.286+0000] {logging_mixin.py:188} INFO - [2024-07-10T20:15:04.285+0000] {dag.py:3954} INFO - Setting next_dagrun for control_flow_complex to None, run_after=None
[2024-07-10T20:15:04.308+0000] {processor.py:183} INFO - Processing /opt/airflow/dags/control_flow_complex.py took 0.106 seconds
[2024-07-10T20:15:06.513+0000] {processor.py:161} INFO - Started process (PID=734) to work on /opt/airflow/dags/control_flow_complex.py
[2024-07-10T20:15:06.514+0000] {processor.py:830} INFO - Processing file /opt/airflow/dags/control_flow_complex.py for tasks to queue
[2024-07-10T20:15:06.517+0000] {logging_mixin.py:188} INFO - [2024-07-10T20:15:06.516+0000] {dagbag.py:540} INFO - Filling up the DagBag from /opt/airflow/dags/control_flow_complex.py
[2024-07-10T20:15:06.534+0000] {processor.py:840} INFO - DAG(s) 'control_flow_complex' retrieved from /opt/airflow/dags/control_flow_complex.py
[2024-07-10T20:15:06.556+0000] {logging_mixin.py:188} INFO - [2024-07-10T20:15:06.555+0000] {dag.py:3096} INFO - Sync 1 DAGs
[2024-07-10T20:15:06.578+0000] {logging_mixin.py:188} INFO - [2024-07-10T20:15:06.578+0000] {dag.py:3954} INFO - Setting next_dagrun for control_flow_complex to None, run_after=None
[2024-07-10T20:15:06.599+0000] {processor.py:183} INFO - Processing /opt/airflow/dags/control_flow_complex.py took 0.093 seconds
[2024-07-10T20:15:08.839+0000] {processor.py:161} INFO - Started process (PID=765) to work on /opt/airflow/dags/control_flow_complex.py
[2024-07-10T20:15:08.841+0000] {processor.py:830} INFO - Processing file /opt/airflow/dags/control_flow_complex.py for tasks to queue
[2024-07-10T20:15:08.843+0000] {logging_mixin.py:188} INFO - [2024-07-10T20:15:08.843+0000] {dagbag.py:540} INFO - Filling up the DagBag from /opt/airflow/dags/control_flow_complex.py
[2024-07-10T20:15:08.865+0000] {processor.py:840} INFO - DAG(s) 'control_flow_complex' retrieved from /opt/airflow/dags/control_flow_complex.py
[2024-07-10T20:15:08.894+0000] {logging_mixin.py:188} INFO - [2024-07-10T20:15:08.893+0000] {dag.py:3096} INFO - Sync 1 DAGs
[2024-07-10T20:15:08.924+0000] {logging_mixin.py:188} INFO - [2024-07-10T20:15:08.924+0000] {dag.py:3954} INFO - Setting next_dagrun for control_flow_complex to None, run_after=None
[2024-07-10T20:15:08.949+0000] {processor.py:183} INFO - Processing /opt/airflow/dags/control_flow_complex.py took 0.118 seconds
[2024-07-10T20:15:10.854+0000] {processor.py:161} INFO - Started process (PID=796) to work on /opt/airflow/dags/control_flow_complex.py
[2024-07-10T20:15:10.856+0000] {processor.py:830} INFO - Processing file /opt/airflow/dags/control_flow_complex.py for tasks to queue
[2024-07-10T20:15:10.860+0000] {logging_mixin.py:188} INFO - [2024-07-10T20:15:10.859+0000] {dagbag.py:540} INFO - Filling up the DagBag from /opt/airflow/dags/control_flow_complex.py
[2024-07-10T20:15:10.888+0000] {processor.py:840} INFO - DAG(s) 'control_flow_complex' retrieved from /opt/airflow/dags/control_flow_complex.py
[2024-07-10T20:15:10.918+0000] {logging_mixin.py:188} INFO - [2024-07-10T20:15:10.917+0000] {dag.py:3096} INFO - Sync 1 DAGs
[2024-07-10T20:15:10.944+0000] {logging_mixin.py:188} INFO - [2024-07-10T20:15:10.944+0000] {dag.py:3954} INFO - Setting next_dagrun for control_flow_complex to None, run_after=None
[2024-07-10T20:15:10.971+0000] {processor.py:183} INFO - Processing /opt/airflow/dags/control_flow_complex.py took 0.129 seconds
[2024-07-10T20:15:13.158+0000] {processor.py:161} INFO - Started process (PID=827) to work on /opt/airflow/dags/control_flow_complex.py
[2024-07-10T20:15:13.159+0000] {processor.py:830} INFO - Processing file /opt/airflow/dags/control_flow_complex.py for tasks to queue
[2024-07-10T20:15:13.161+0000] {logging_mixin.py:188} INFO - [2024-07-10T20:15:13.161+0000] {dagbag.py:540} INFO - Filling up the DagBag from /opt/airflow/dags/control_flow_complex.py
[2024-07-10T20:15:13.179+0000] {processor.py:840} INFO - DAG(s) 'control_flow_complex' retrieved from /opt/airflow/dags/control_flow_complex.py
[2024-07-10T20:15:13.200+0000] {logging_mixin.py:188} INFO - [2024-07-10T20:15:13.200+0000] {dag.py:3096} INFO - Sync 1 DAGs
[2024-07-10T20:15:13.219+0000] {logging_mixin.py:188} INFO - [2024-07-10T20:15:13.218+0000] {dag.py:3954} INFO - Setting next_dagrun for control_flow_complex to None, run_after=None
[2024-07-10T20:15:13.236+0000] {processor.py:183} INFO - Processing /opt/airflow/dags/control_flow_complex.py took 0.084 seconds
[2024-07-10T20:15:15.271+0000] {processor.py:161} INFO - Started process (PID=858) to work on /opt/airflow/dags/control_flow_complex.py
[2024-07-10T20:15:15.272+0000] {processor.py:830} INFO - Processing file /opt/airflow/dags/control_flow_complex.py for tasks to queue
[2024-07-10T20:15:15.273+0000] {logging_mixin.py:188} INFO - [2024-07-10T20:15:15.273+0000] {dagbag.py:540} INFO - Filling up the DagBag from /opt/airflow/dags/control_flow_complex.py
[2024-07-10T20:15:15.290+0000] {processor.py:840} INFO - DAG(s) 'control_flow_complex' retrieved from /opt/airflow/dags/control_flow_complex.py
[2024-07-10T20:15:15.308+0000] {logging_mixin.py:188} INFO - [2024-07-10T20:15:15.308+0000] {dag.py:3096} INFO - Sync 1 DAGs
[2024-07-10T20:15:15.324+0000] {logging_mixin.py:188} INFO - [2024-07-10T20:15:15.324+0000] {dag.py:3954} INFO - Setting next_dagrun for control_flow_complex to None, run_after=None
[2024-07-10T20:15:15.342+0000] {processor.py:183} INFO - Processing /opt/airflow/dags/control_flow_complex.py took 0.079 seconds
[2024-07-10T20:15:17.358+0000] {processor.py:161} INFO - Started process (PID=889) to work on /opt/airflow/dags/control_flow_complex.py
[2024-07-10T20:15:17.359+0000] {processor.py:830} INFO - Processing file /opt/airflow/dags/control_flow_complex.py for tasks to queue
[2024-07-10T20:15:17.361+0000] {logging_mixin.py:188} INFO - [2024-07-10T20:15:17.360+0000] {dagbag.py:540} INFO - Filling up the DagBag from /opt/airflow/dags/control_flow_complex.py
[2024-07-10T20:15:17.376+0000] {processor.py:840} INFO - DAG(s) 'control_flow_complex' retrieved from /opt/airflow/dags/control_flow_complex.py
[2024-07-10T20:15:17.400+0000] {logging_mixin.py:188} INFO - [2024-07-10T20:15:17.400+0000] {dag.py:3096} INFO - Sync 1 DAGs
[2024-07-10T20:15:17.418+0000] {logging_mixin.py:188} INFO - [2024-07-10T20:15:17.418+0000] {dag.py:3954} INFO - Setting next_dagrun for control_flow_complex to None, run_after=None
[2024-07-10T20:15:17.440+0000] {processor.py:183} INFO - Processing /opt/airflow/dags/control_flow_complex.py took 0.088 seconds
[2024-07-10T20:15:19.679+0000] {processor.py:161} INFO - Started process (PID=920) to work on /opt/airflow/dags/control_flow_complex.py
[2024-07-10T20:15:19.681+0000] {processor.py:830} INFO - Processing file /opt/airflow/dags/control_flow_complex.py for tasks to queue
[2024-07-10T20:15:19.683+0000] {logging_mixin.py:188} INFO - [2024-07-10T20:15:19.682+0000] {dagbag.py:540} INFO - Filling up the DagBag from /opt/airflow/dags/control_flow_complex.py
[2024-07-10T20:15:19.698+0000] {processor.py:840} INFO - DAG(s) 'control_flow_complex' retrieved from /opt/airflow/dags/control_flow_complex.py
[2024-07-10T20:15:19.718+0000] {logging_mixin.py:188} INFO - [2024-07-10T20:15:19.718+0000] {dag.py:3096} INFO - Sync 1 DAGs
[2024-07-10T20:15:19.738+0000] {logging_mixin.py:188} INFO - [2024-07-10T20:15:19.738+0000] {dag.py:3954} INFO - Setting next_dagrun for control_flow_complex to None, run_after=None
[2024-07-10T20:15:19.758+0000] {processor.py:183} INFO - Processing /opt/airflow/dags/control_flow_complex.py took 0.084 seconds
[2024-07-10T20:15:22.044+0000] {processor.py:161} INFO - Started process (PID=951) to work on /opt/airflow/dags/control_flow_complex.py
[2024-07-10T20:15:22.045+0000] {processor.py:830} INFO - Processing file /opt/airflow/dags/control_flow_complex.py for tasks to queue
[2024-07-10T20:15:22.048+0000] {logging_mixin.py:188} INFO - [2024-07-10T20:15:22.047+0000] {dagbag.py:540} INFO - Filling up the DagBag from /opt/airflow/dags/control_flow_complex.py
[2024-07-10T20:15:22.063+0000] {processor.py:840} INFO - DAG(s) 'control_flow_complex' retrieved from /opt/airflow/dags/control_flow_complex.py
[2024-07-10T20:15:22.083+0000] {logging_mixin.py:188} INFO - [2024-07-10T20:15:22.083+0000] {dag.py:3096} INFO - Sync 1 DAGs
[2024-07-10T20:15:22.101+0000] {logging_mixin.py:188} INFO - [2024-07-10T20:15:22.101+0000] {dag.py:3954} INFO - Setting next_dagrun for control_flow_complex to None, run_after=None
[2024-07-10T20:15:22.119+0000] {processor.py:183} INFO - Processing /opt/airflow/dags/control_flow_complex.py took 0.081 seconds
[2024-07-10T20:15:24.087+0000] {processor.py:161} INFO - Started process (PID=982) to work on /opt/airflow/dags/control_flow_complex.py
[2024-07-10T20:15:24.088+0000] {processor.py:830} INFO - Processing file /opt/airflow/dags/control_flow_complex.py for tasks to queue
[2024-07-10T20:15:24.090+0000] {logging_mixin.py:188} INFO - [2024-07-10T20:15:24.089+0000] {dagbag.py:540} INFO - Filling up the DagBag from /opt/airflow/dags/control_flow_complex.py
[2024-07-10T20:15:24.106+0000] {processor.py:840} INFO - DAG(s) 'control_flow_complex' retrieved from /opt/airflow/dags/control_flow_complex.py
[2024-07-10T20:15:24.126+0000] {logging_mixin.py:188} INFO - [2024-07-10T20:15:24.125+0000] {dag.py:3096} INFO - Sync 1 DAGs
[2024-07-10T20:15:24.148+0000] {logging_mixin.py:188} INFO - [2024-07-10T20:15:24.148+0000] {dag.py:3954} INFO - Setting next_dagrun for control_flow_complex to None, run_after=None
[2024-07-10T20:15:24.169+0000] {processor.py:183} INFO - Processing /opt/airflow/dags/control_flow_complex.py took 0.087 seconds
[2024-07-10T20:15:26.355+0000] {processor.py:161} INFO - Started process (PID=1013) to work on /opt/airflow/dags/control_flow_complex.py
[2024-07-10T20:15:26.357+0000] {processor.py:830} INFO - Processing file /opt/airflow/dags/control_flow_complex.py for tasks to queue
[2024-07-10T20:15:26.360+0000] {logging_mixin.py:188} INFO - [2024-07-10T20:15:26.360+0000] {dagbag.py:540} INFO - Filling up the DagBag from /opt/airflow/dags/control_flow_complex.py
[2024-07-10T20:15:26.378+0000] {processor.py:840} INFO - DAG(s) 'control_flow_complex' retrieved from /opt/airflow/dags/control_flow_complex.py
[2024-07-10T20:15:26.397+0000] {logging_mixin.py:188} INFO - [2024-07-10T20:15:26.397+0000] {dag.py:3096} INFO - Sync 1 DAGs
[2024-07-10T20:15:26.416+0000] {logging_mixin.py:188} INFO - [2024-07-10T20:15:26.416+0000] {dag.py:3954} INFO - Setting next_dagrun for control_flow_complex to None, run_after=None
[2024-07-10T20:15:26.433+0000] {processor.py:183} INFO - Processing /opt/airflow/dags/control_flow_complex.py took 0.084 seconds
[2024-07-10T20:15:28.241+0000] {processor.py:161} INFO - Started process (PID=1044) to work on /opt/airflow/dags/control_flow_complex.py
[2024-07-10T20:15:28.243+0000] {processor.py:830} INFO - Processing file /opt/airflow/dags/control_flow_complex.py for tasks to queue
[2024-07-10T20:15:28.245+0000] {logging_mixin.py:188} INFO - [2024-07-10T20:15:28.244+0000] {dagbag.py:540} INFO - Filling up the DagBag from /opt/airflow/dags/control_flow_complex.py
[2024-07-10T20:15:28.262+0000] {processor.py:840} INFO - DAG(s) 'control_flow_complex' retrieved from /opt/airflow/dags/control_flow_complex.py
[2024-07-10T20:15:28.285+0000] {logging_mixin.py:188} INFO - [2024-07-10T20:15:28.285+0000] {dag.py:3096} INFO - Sync 1 DAGs
[2024-07-10T20:15:28.305+0000] {logging_mixin.py:188} INFO - [2024-07-10T20:15:28.305+0000] {dag.py:3954} INFO - Setting next_dagrun for control_flow_complex to None, run_after=None
[2024-07-10T20:15:28.324+0000] {processor.py:183} INFO - Processing /opt/airflow/dags/control_flow_complex.py took 0.090 seconds
[2024-07-10T20:15:30.658+0000] {processor.py:161} INFO - Started process (PID=1075) to work on /opt/airflow/dags/control_flow_complex.py
[2024-07-10T20:15:30.659+0000] {processor.py:830} INFO - Processing file /opt/airflow/dags/control_flow_complex.py for tasks to queue
[2024-07-10T20:15:30.662+0000] {logging_mixin.py:188} INFO - [2024-07-10T20:15:30.661+0000] {dagbag.py:540} INFO - Filling up the DagBag from /opt/airflow/dags/control_flow_complex.py
[2024-07-10T20:15:30.684+0000] {processor.py:840} INFO - DAG(s) 'control_flow_complex' retrieved from /opt/airflow/dags/control_flow_complex.py
[2024-07-10T20:15:30.709+0000] {logging_mixin.py:188} INFO - [2024-07-10T20:15:30.708+0000] {dag.py:3096} INFO - Sync 1 DAGs
[2024-07-10T20:15:30.732+0000] {logging_mixin.py:188} INFO - [2024-07-10T20:15:30.732+0000] {dag.py:3954} INFO - Setting next_dagrun for control_flow_complex to None, run_after=None
[2024-07-10T20:15:30.752+0000] {processor.py:183} INFO - Processing /opt/airflow/dags/control_flow_complex.py took 0.100 seconds
[2024-07-10T20:15:32.941+0000] {processor.py:161} INFO - Started process (PID=1106) to work on /opt/airflow/dags/control_flow_complex.py
[2024-07-10T20:15:32.943+0000] {processor.py:830} INFO - Processing file /opt/airflow/dags/control_flow_complex.py for tasks to queue
[2024-07-10T20:15:32.944+0000] {logging_mixin.py:188} INFO - [2024-07-10T20:15:32.944+0000] {dagbag.py:540} INFO - Filling up the DagBag from /opt/airflow/dags/control_flow_complex.py
[2024-07-10T20:15:32.960+0000] {processor.py:840} INFO - DAG(s) 'control_flow_complex' retrieved from /opt/airflow/dags/control_flow_complex.py
[2024-07-10T20:15:32.982+0000] {logging_mixin.py:188} INFO - [2024-07-10T20:15:32.981+0000] {dag.py:3096} INFO - Sync 1 DAGs
[2024-07-10T20:15:33.003+0000] {logging_mixin.py:188} INFO - [2024-07-10T20:15:33.002+0000] {dag.py:3954} INFO - Setting next_dagrun for control_flow_complex to None, run_after=None
[2024-07-10T20:15:33.023+0000] {processor.py:183} INFO - Processing /opt/airflow/dags/control_flow_complex.py took 0.089 seconds
[2024-07-10T20:15:34.874+0000] {processor.py:161} INFO - Started process (PID=1138) to work on /opt/airflow/dags/control_flow_complex.py
[2024-07-10T20:15:34.875+0000] {processor.py:830} INFO - Processing file /opt/airflow/dags/control_flow_complex.py for tasks to queue
[2024-07-10T20:15:34.877+0000] {logging_mixin.py:188} INFO - [2024-07-10T20:15:34.877+0000] {dagbag.py:540} INFO - Filling up the DagBag from /opt/airflow/dags/control_flow_complex.py
[2024-07-10T20:15:34.896+0000] {processor.py:840} INFO - DAG(s) 'control_flow_complex' retrieved from /opt/airflow/dags/control_flow_complex.py
[2024-07-10T20:15:34.918+0000] {logging_mixin.py:188} INFO - [2024-07-10T20:15:34.917+0000] {dag.py:3096} INFO - Sync 1 DAGs
[2024-07-10T20:15:34.942+0000] {logging_mixin.py:188} INFO - [2024-07-10T20:15:34.942+0000] {dag.py:3954} INFO - Setting next_dagrun for control_flow_complex to None, run_after=None
[2024-07-10T20:15:34.963+0000] {processor.py:183} INFO - Processing /opt/airflow/dags/control_flow_complex.py took 0.095 seconds
[2024-07-10T20:15:37.280+0000] {processor.py:161} INFO - Started process (PID=1175) to work on /opt/airflow/dags/control_flow_complex.py
[2024-07-10T20:15:37.281+0000] {processor.py:830} INFO - Processing file /opt/airflow/dags/control_flow_complex.py for tasks to queue
[2024-07-10T20:15:37.284+0000] {logging_mixin.py:188} INFO - [2024-07-10T20:15:37.283+0000] {dagbag.py:540} INFO - Filling up the DagBag from /opt/airflow/dags/control_flow_complex.py
[2024-07-10T20:15:37.297+0000] {processor.py:840} INFO - DAG(s) 'control_flow_complex' retrieved from /opt/airflow/dags/control_flow_complex.py
[2024-07-10T20:15:37.314+0000] {logging_mixin.py:188} INFO - [2024-07-10T20:15:37.314+0000] {dag.py:3096} INFO - Sync 1 DAGs
[2024-07-10T20:15:37.330+0000] {logging_mixin.py:188} INFO - [2024-07-10T20:15:37.330+0000] {dag.py:3954} INFO - Setting next_dagrun for control_flow_complex to None, run_after=None
[2024-07-10T20:15:37.347+0000] {processor.py:183} INFO - Processing /opt/airflow/dags/control_flow_complex.py took 0.073 seconds
[2024-07-10T20:15:39.505+0000] {processor.py:161} INFO - Started process (PID=1206) to work on /opt/airflow/dags/control_flow_complex.py
[2024-07-10T20:15:39.507+0000] {processor.py:830} INFO - Processing file /opt/airflow/dags/control_flow_complex.py for tasks to queue
[2024-07-10T20:15:39.508+0000] {logging_mixin.py:188} INFO - [2024-07-10T20:15:39.508+0000] {dagbag.py:540} INFO - Filling up the DagBag from /opt/airflow/dags/control_flow_complex.py
[2024-07-10T20:15:39.525+0000] {processor.py:840} INFO - DAG(s) 'control_flow_complex' retrieved from /opt/airflow/dags/control_flow_complex.py
[2024-07-10T20:15:39.545+0000] {logging_mixin.py:188} INFO - [2024-07-10T20:15:39.545+0000] {dag.py:3096} INFO - Sync 1 DAGs
[2024-07-10T20:15:39.567+0000] {logging_mixin.py:188} INFO - [2024-07-10T20:15:39.567+0000] {dag.py:3954} INFO - Setting next_dagrun for control_flow_complex to None, run_after=None
[2024-07-10T20:15:39.587+0000] {processor.py:183} INFO - Processing /opt/airflow/dags/control_flow_complex.py took 0.089 seconds
