[2024-07-10T20:14:51.563+0000] {processor.py:161} INFO - Started process (PID=509) to work on /opt/airflow/dags/control_flow_sequence.py
[2024-07-10T20:14:51.564+0000] {processor.py:830} INFO - Processing file /opt/airflow/dags/control_flow_sequence.py for tasks to queue
[2024-07-10T20:14:51.566+0000] {logging_mixin.py:188} INFO - [2024-07-10T20:14:51.566+0000] {dagbag.py:540} INFO - Filling up the DagBag from /opt/airflow/dags/control_flow_sequence.py
[2024-07-10T20:14:51.582+0000] {processor.py:840} INFO - DAG(s) 'control_flow_sequence' retrieved from /opt/airflow/dags/control_flow_sequence.py
[2024-07-10T20:14:51.600+0000] {logging_mixin.py:188} INFO - [2024-07-10T20:14:51.599+0000] {dag.py:3096} INFO - Sync 1 DAGs
[2024-07-10T20:14:51.621+0000] {logging_mixin.py:188} INFO - [2024-07-10T20:14:51.620+0000] {dag.py:3954} INFO - Setting next_dagrun for control_flow_sequence to None, run_after=None
[2024-07-10T20:14:51.644+0000] {processor.py:183} INFO - Processing /opt/airflow/dags/control_flow_sequence.py took 0.087 seconds
[2024-07-10T20:14:54.165+0000] {processor.py:161} INFO - Started process (PID=541) to work on /opt/airflow/dags/control_flow_sequence.py
[2024-07-10T20:14:54.166+0000] {processor.py:830} INFO - Processing file /opt/airflow/dags/control_flow_sequence.py for tasks to queue
[2024-07-10T20:14:54.169+0000] {logging_mixin.py:188} INFO - [2024-07-10T20:14:54.168+0000] {dagbag.py:540} INFO - Filling up the DagBag from /opt/airflow/dags/control_flow_sequence.py
[2024-07-10T20:14:54.185+0000] {processor.py:840} INFO - DAG(s) 'control_flow_sequence' retrieved from /opt/airflow/dags/control_flow_sequence.py
[2024-07-10T20:14:54.204+0000] {logging_mixin.py:188} INFO - [2024-07-10T20:14:54.204+0000] {dag.py:3096} INFO - Sync 1 DAGs
[2024-07-10T20:14:54.225+0000] {logging_mixin.py:188} INFO - [2024-07-10T20:14:54.225+0000] {dag.py:3954} INFO - Setting next_dagrun for control_flow_sequence to None, run_after=None
[2024-07-10T20:14:54.245+0000] {processor.py:183} INFO - Processing /opt/airflow/dags/control_flow_sequence.py took 0.086 seconds
[2024-07-10T20:14:56.139+0000] {processor.py:161} INFO - Started process (PID=573) to work on /opt/airflow/dags/control_flow_sequence.py
[2024-07-10T20:14:56.140+0000] {processor.py:830} INFO - Processing file /opt/airflow/dags/control_flow_sequence.py for tasks to queue
[2024-07-10T20:14:56.141+0000] {logging_mixin.py:188} INFO - [2024-07-10T20:14:56.141+0000] {dagbag.py:540} INFO - Filling up the DagBag from /opt/airflow/dags/control_flow_sequence.py
[2024-07-10T20:14:56.157+0000] {processor.py:840} INFO - DAG(s) 'control_flow_sequence' retrieved from /opt/airflow/dags/control_flow_sequence.py
[2024-07-10T20:14:56.178+0000] {logging_mixin.py:188} INFO - [2024-07-10T20:14:56.178+0000] {dag.py:3096} INFO - Sync 1 DAGs
[2024-07-10T20:14:56.201+0000] {logging_mixin.py:188} INFO - [2024-07-10T20:14:56.201+0000] {dag.py:3954} INFO - Setting next_dagrun for control_flow_sequence to None, run_after=None
[2024-07-10T20:14:56.221+0000] {processor.py:183} INFO - Processing /opt/airflow/dags/control_flow_sequence.py took 0.089 seconds
[2024-07-10T20:14:58.173+0000] {processor.py:161} INFO - Started process (PID=605) to work on /opt/airflow/dags/control_flow_sequence.py
[2024-07-10T20:14:58.174+0000] {processor.py:830} INFO - Processing file /opt/airflow/dags/control_flow_sequence.py for tasks to queue
[2024-07-10T20:14:58.176+0000] {logging_mixin.py:188} INFO - [2024-07-10T20:14:58.176+0000] {dagbag.py:540} INFO - Filling up the DagBag from /opt/airflow/dags/control_flow_sequence.py
[2024-07-10T20:14:58.193+0000] {processor.py:840} INFO - DAG(s) 'control_flow_sequence' retrieved from /opt/airflow/dags/control_flow_sequence.py
[2024-07-10T20:14:58.211+0000] {logging_mixin.py:188} INFO - [2024-07-10T20:14:58.211+0000] {dag.py:3096} INFO - Sync 1 DAGs
[2024-07-10T20:14:58.230+0000] {logging_mixin.py:188} INFO - [2024-07-10T20:14:58.230+0000] {dag.py:3954} INFO - Setting next_dagrun for control_flow_sequence to None, run_after=None
[2024-07-10T20:14:58.249+0000] {processor.py:183} INFO - Processing /opt/airflow/dags/control_flow_sequence.py took 0.084 seconds
[2024-07-10T20:15:00.219+0000] {processor.py:161} INFO - Started process (PID=636) to work on /opt/airflow/dags/control_flow_sequence.py
[2024-07-10T20:15:00.221+0000] {processor.py:830} INFO - Processing file /opt/airflow/dags/control_flow_sequence.py for tasks to queue
[2024-07-10T20:15:00.223+0000] {logging_mixin.py:188} INFO - [2024-07-10T20:15:00.222+0000] {dagbag.py:540} INFO - Filling up the DagBag from /opt/airflow/dags/control_flow_sequence.py
[2024-07-10T20:15:00.240+0000] {processor.py:840} INFO - DAG(s) 'control_flow_sequence' retrieved from /opt/airflow/dags/control_flow_sequence.py
[2024-07-10T20:15:00.261+0000] {logging_mixin.py:188} INFO - [2024-07-10T20:15:00.261+0000] {dag.py:3096} INFO - Sync 1 DAGs
[2024-07-10T20:15:00.284+0000] {logging_mixin.py:188} INFO - [2024-07-10T20:15:00.284+0000] {dag.py:3954} INFO - Setting next_dagrun for control_flow_sequence to None, run_after=None
[2024-07-10T20:15:00.306+0000] {processor.py:183} INFO - Processing /opt/airflow/dags/control_flow_sequence.py took 0.094 seconds
[2024-07-10T20:15:02.189+0000] {processor.py:161} INFO - Started process (PID=667) to work on /opt/airflow/dags/control_flow_sequence.py
[2024-07-10T20:15:02.191+0000] {processor.py:830} INFO - Processing file /opt/airflow/dags/control_flow_sequence.py for tasks to queue
[2024-07-10T20:15:02.193+0000] {logging_mixin.py:188} INFO - [2024-07-10T20:15:02.192+0000] {dagbag.py:540} INFO - Filling up the DagBag from /opt/airflow/dags/control_flow_sequence.py
[2024-07-10T20:15:02.209+0000] {processor.py:840} INFO - DAG(s) 'control_flow_sequence' retrieved from /opt/airflow/dags/control_flow_sequence.py
[2024-07-10T20:15:02.228+0000] {logging_mixin.py:188} INFO - [2024-07-10T20:15:02.228+0000] {dag.py:3096} INFO - Sync 1 DAGs
[2024-07-10T20:15:02.247+0000] {logging_mixin.py:188} INFO - [2024-07-10T20:15:02.247+0000] {dag.py:3954} INFO - Setting next_dagrun for control_flow_sequence to None, run_after=None
[2024-07-10T20:15:02.268+0000] {processor.py:183} INFO - Processing /opt/airflow/dags/control_flow_sequence.py took 0.085 seconds
[2024-07-10T20:15:04.262+0000] {processor.py:161} INFO - Started process (PID=698) to work on /opt/airflow/dags/control_flow_sequence.py
[2024-07-10T20:15:04.263+0000] {processor.py:830} INFO - Processing file /opt/airflow/dags/control_flow_sequence.py for tasks to queue
[2024-07-10T20:15:04.265+0000] {logging_mixin.py:188} INFO - [2024-07-10T20:15:04.265+0000] {dagbag.py:540} INFO - Filling up the DagBag from /opt/airflow/dags/control_flow_sequence.py
[2024-07-10T20:15:04.281+0000] {processor.py:840} INFO - DAG(s) 'control_flow_sequence' retrieved from /opt/airflow/dags/control_flow_sequence.py
[2024-07-10T20:15:04.301+0000] {logging_mixin.py:188} INFO - [2024-07-10T20:15:04.300+0000] {dag.py:3096} INFO - Sync 1 DAGs
[2024-07-10T20:15:04.324+0000] {logging_mixin.py:188} INFO - [2024-07-10T20:15:04.324+0000] {dag.py:3954} INFO - Setting next_dagrun for control_flow_sequence to None, run_after=None
[2024-07-10T20:15:04.345+0000] {processor.py:183} INFO - Processing /opt/airflow/dags/control_flow_sequence.py took 0.089 seconds
[2024-07-10T20:15:06.584+0000] {processor.py:161} INFO - Started process (PID=735) to work on /opt/airflow/dags/control_flow_sequence.py
[2024-07-10T20:15:06.585+0000] {processor.py:830} INFO - Processing file /opt/airflow/dags/control_flow_sequence.py for tasks to queue
[2024-07-10T20:15:06.587+0000] {logging_mixin.py:188} INFO - [2024-07-10T20:15:06.587+0000] {dagbag.py:540} INFO - Filling up the DagBag from /opt/airflow/dags/control_flow_sequence.py
[2024-07-10T20:15:06.604+0000] {processor.py:840} INFO - DAG(s) 'control_flow_sequence' retrieved from /opt/airflow/dags/control_flow_sequence.py
[2024-07-10T20:15:06.628+0000] {logging_mixin.py:188} INFO - [2024-07-10T20:15:06.628+0000] {dag.py:3096} INFO - Sync 1 DAGs
[2024-07-10T20:15:06.652+0000] {logging_mixin.py:188} INFO - [2024-07-10T20:15:06.652+0000] {dag.py:3954} INFO - Setting next_dagrun for control_flow_sequence to None, run_after=None
[2024-07-10T20:15:06.677+0000] {processor.py:183} INFO - Processing /opt/airflow/dags/control_flow_sequence.py took 0.100 seconds
[2024-07-10T20:15:08.908+0000] {processor.py:161} INFO - Started process (PID=766) to work on /opt/airflow/dags/control_flow_sequence.py
[2024-07-10T20:15:08.910+0000] {processor.py:830} INFO - Processing file /opt/airflow/dags/control_flow_sequence.py for tasks to queue
[2024-07-10T20:15:08.913+0000] {logging_mixin.py:188} INFO - [2024-07-10T20:15:08.912+0000] {dagbag.py:540} INFO - Filling up the DagBag from /opt/airflow/dags/control_flow_sequence.py
[2024-07-10T20:15:08.935+0000] {processor.py:840} INFO - DAG(s) 'control_flow_sequence' retrieved from /opt/airflow/dags/control_flow_sequence.py
[2024-07-10T20:15:08.958+0000] {logging_mixin.py:188} INFO - [2024-07-10T20:15:08.957+0000] {dag.py:3096} INFO - Sync 1 DAGs
[2024-07-10T20:15:08.985+0000] {logging_mixin.py:188} INFO - [2024-07-10T20:15:08.985+0000] {dag.py:3954} INFO - Setting next_dagrun for control_flow_sequence to None, run_after=None
[2024-07-10T20:15:09.013+0000] {processor.py:183} INFO - Processing /opt/airflow/dags/control_flow_sequence.py took 0.113 seconds
[2024-07-10T20:15:10.929+0000] {processor.py:161} INFO - Started process (PID=797) to work on /opt/airflow/dags/control_flow_sequence.py
[2024-07-10T20:15:10.930+0000] {processor.py:830} INFO - Processing file /opt/airflow/dags/control_flow_sequence.py for tasks to queue
[2024-07-10T20:15:10.933+0000] {logging_mixin.py:188} INFO - [2024-07-10T20:15:10.933+0000] {dagbag.py:540} INFO - Filling up the DagBag from /opt/airflow/dags/control_flow_sequence.py
[2024-07-10T20:15:10.956+0000] {processor.py:840} INFO - DAG(s) 'control_flow_sequence' retrieved from /opt/airflow/dags/control_flow_sequence.py
[2024-07-10T20:15:10.985+0000] {logging_mixin.py:188} INFO - [2024-07-10T20:15:10.984+0000] {dag.py:3096} INFO - Sync 1 DAGs
[2024-07-10T20:15:11.017+0000] {logging_mixin.py:188} INFO - [2024-07-10T20:15:11.017+0000] {dag.py:3954} INFO - Setting next_dagrun for control_flow_sequence to None, run_after=None
[2024-07-10T20:15:11.037+0000] {processor.py:183} INFO - Processing /opt/airflow/dags/control_flow_sequence.py took 0.116 seconds
[2024-07-10T20:15:13.209+0000] {processor.py:161} INFO - Started process (PID=828) to work on /opt/airflow/dags/control_flow_sequence.py
[2024-07-10T20:15:13.210+0000] {processor.py:830} INFO - Processing file /opt/airflow/dags/control_flow_sequence.py for tasks to queue
[2024-07-10T20:15:13.212+0000] {logging_mixin.py:188} INFO - [2024-07-10T20:15:13.212+0000] {dagbag.py:540} INFO - Filling up the DagBag from /opt/airflow/dags/control_flow_sequence.py
[2024-07-10T20:15:13.227+0000] {processor.py:840} INFO - DAG(s) 'control_flow_sequence' retrieved from /opt/airflow/dags/control_flow_sequence.py
[2024-07-10T20:15:13.244+0000] {logging_mixin.py:188} INFO - [2024-07-10T20:15:13.244+0000] {dag.py:3096} INFO - Sync 1 DAGs
[2024-07-10T20:15:13.265+0000] {logging_mixin.py:188} INFO - [2024-07-10T20:15:13.265+0000] {dag.py:3954} INFO - Setting next_dagrun for control_flow_sequence to None, run_after=None
[2024-07-10T20:15:13.283+0000] {processor.py:183} INFO - Processing /opt/airflow/dags/control_flow_sequence.py took 0.080 seconds
[2024-07-10T20:15:15.275+0000] {processor.py:161} INFO - Started process (PID=859) to work on /opt/airflow/dags/control_flow_sequence.py
[2024-07-10T20:15:15.276+0000] {processor.py:830} INFO - Processing file /opt/airflow/dags/control_flow_sequence.py for tasks to queue
[2024-07-10T20:15:15.278+0000] {logging_mixin.py:188} INFO - [2024-07-10T20:15:15.277+0000] {dagbag.py:540} INFO - Filling up the DagBag from /opt/airflow/dags/control_flow_sequence.py
[2024-07-10T20:15:15.291+0000] {processor.py:840} INFO - DAG(s) 'control_flow_sequence' retrieved from /opt/airflow/dags/control_flow_sequence.py
[2024-07-10T20:15:15.307+0000] {logging_mixin.py:188} INFO - [2024-07-10T20:15:15.306+0000] {dag.py:3096} INFO - Sync 1 DAGs
[2024-07-10T20:15:15.324+0000] {logging_mixin.py:188} INFO - [2024-07-10T20:15:15.323+0000] {dag.py:3954} INFO - Setting next_dagrun for control_flow_sequence to None, run_after=None
[2024-07-10T20:15:15.340+0000] {processor.py:183} INFO - Processing /opt/airflow/dags/control_flow_sequence.py took 0.071 seconds
[2024-07-10T20:15:17.384+0000] {processor.py:161} INFO - Started process (PID=890) to work on /opt/airflow/dags/control_flow_sequence.py
[2024-07-10T20:15:17.385+0000] {processor.py:830} INFO - Processing file /opt/airflow/dags/control_flow_sequence.py for tasks to queue
[2024-07-10T20:15:17.387+0000] {logging_mixin.py:188} INFO - [2024-07-10T20:15:17.387+0000] {dagbag.py:540} INFO - Filling up the DagBag from /opt/airflow/dags/control_flow_sequence.py
[2024-07-10T20:15:17.400+0000] {processor.py:840} INFO - DAG(s) 'control_flow_sequence' retrieved from /opt/airflow/dags/control_flow_sequence.py
[2024-07-10T20:15:17.417+0000] {logging_mixin.py:188} INFO - [2024-07-10T20:15:17.417+0000] {dag.py:3096} INFO - Sync 1 DAGs
[2024-07-10T20:15:17.436+0000] {logging_mixin.py:188} INFO - [2024-07-10T20:15:17.436+0000] {dag.py:3954} INFO - Setting next_dagrun for control_flow_sequence to None, run_after=None
[2024-07-10T20:15:17.457+0000] {processor.py:183} INFO - Processing /opt/airflow/dags/control_flow_sequence.py took 0.079 seconds
[2024-07-10T20:15:19.717+0000] {processor.py:161} INFO - Started process (PID=921) to work on /opt/airflow/dags/control_flow_sequence.py
[2024-07-10T20:15:19.718+0000] {processor.py:830} INFO - Processing file /opt/airflow/dags/control_flow_sequence.py for tasks to queue
[2024-07-10T20:15:19.720+0000] {logging_mixin.py:188} INFO - [2024-07-10T20:15:19.720+0000] {dagbag.py:540} INFO - Filling up the DagBag from /opt/airflow/dags/control_flow_sequence.py
[2024-07-10T20:15:19.738+0000] {processor.py:840} INFO - DAG(s) 'control_flow_sequence' retrieved from /opt/airflow/dags/control_flow_sequence.py
[2024-07-10T20:15:19.756+0000] {logging_mixin.py:188} INFO - [2024-07-10T20:15:19.756+0000] {dag.py:3096} INFO - Sync 1 DAGs
[2024-07-10T20:15:19.780+0000] {logging_mixin.py:188} INFO - [2024-07-10T20:15:19.780+0000] {dag.py:3954} INFO - Setting next_dagrun for control_flow_sequence to None, run_after=None
[2024-07-10T20:15:19.798+0000] {processor.py:183} INFO - Processing /opt/airflow/dags/control_flow_sequence.py took 0.086 seconds
[2024-07-10T20:15:22.052+0000] {processor.py:161} INFO - Started process (PID=952) to work on /opt/airflow/dags/control_flow_sequence.py
[2024-07-10T20:15:22.053+0000] {processor.py:830} INFO - Processing file /opt/airflow/dags/control_flow_sequence.py for tasks to queue
[2024-07-10T20:15:22.056+0000] {logging_mixin.py:188} INFO - [2024-07-10T20:15:22.055+0000] {dagbag.py:540} INFO - Filling up the DagBag from /opt/airflow/dags/control_flow_sequence.py
[2024-07-10T20:15:22.070+0000] {processor.py:840} INFO - DAG(s) 'control_flow_sequence' retrieved from /opt/airflow/dags/control_flow_sequence.py
[2024-07-10T20:15:22.088+0000] {logging_mixin.py:188} INFO - [2024-07-10T20:15:22.088+0000] {dag.py:3096} INFO - Sync 1 DAGs
[2024-07-10T20:15:22.107+0000] {logging_mixin.py:188} INFO - [2024-07-10T20:15:22.107+0000] {dag.py:3954} INFO - Setting next_dagrun for control_flow_sequence to None, run_after=None
[2024-07-10T20:15:22.127+0000] {processor.py:183} INFO - Processing /opt/airflow/dags/control_flow_sequence.py took 0.081 seconds
[2024-07-10T20:15:24.168+0000] {processor.py:161} INFO - Started process (PID=983) to work on /opt/airflow/dags/control_flow_sequence.py
[2024-07-10T20:15:24.169+0000] {processor.py:830} INFO - Processing file /opt/airflow/dags/control_flow_sequence.py for tasks to queue
[2024-07-10T20:15:24.171+0000] {logging_mixin.py:188} INFO - [2024-07-10T20:15:24.171+0000] {dagbag.py:540} INFO - Filling up the DagBag from /opt/airflow/dags/control_flow_sequence.py
[2024-07-10T20:15:24.193+0000] {processor.py:840} INFO - DAG(s) 'control_flow_sequence' retrieved from /opt/airflow/dags/control_flow_sequence.py
[2024-07-10T20:15:24.216+0000] {logging_mixin.py:188} INFO - [2024-07-10T20:15:24.216+0000] {dag.py:3096} INFO - Sync 1 DAGs
[2024-07-10T20:15:24.239+0000] {logging_mixin.py:188} INFO - [2024-07-10T20:15:24.239+0000] {dag.py:3954} INFO - Setting next_dagrun for control_flow_sequence to None, run_after=None
[2024-07-10T20:15:24.260+0000] {processor.py:183} INFO - Processing /opt/airflow/dags/control_flow_sequence.py took 0.099 seconds
[2024-07-10T20:15:26.386+0000] {processor.py:161} INFO - Started process (PID=1014) to work on /opt/airflow/dags/control_flow_sequence.py
[2024-07-10T20:15:26.387+0000] {processor.py:830} INFO - Processing file /opt/airflow/dags/control_flow_sequence.py for tasks to queue
[2024-07-10T20:15:26.389+0000] {logging_mixin.py:188} INFO - [2024-07-10T20:15:26.389+0000] {dagbag.py:540} INFO - Filling up the DagBag from /opt/airflow/dags/control_flow_sequence.py
[2024-07-10T20:15:26.407+0000] {processor.py:840} INFO - DAG(s) 'control_flow_sequence' retrieved from /opt/airflow/dags/control_flow_sequence.py
[2024-07-10T20:15:26.424+0000] {logging_mixin.py:188} INFO - [2024-07-10T20:15:26.424+0000] {dag.py:3096} INFO - Sync 1 DAGs
[2024-07-10T20:15:26.444+0000] {logging_mixin.py:188} INFO - [2024-07-10T20:15:26.443+0000] {dag.py:3954} INFO - Setting next_dagrun for control_flow_sequence to None, run_after=None
[2024-07-10T20:15:26.467+0000] {processor.py:183} INFO - Processing /opt/airflow/dags/control_flow_sequence.py took 0.087 seconds
[2024-07-10T20:15:28.324+0000] {processor.py:161} INFO - Started process (PID=1045) to work on /opt/airflow/dags/control_flow_sequence.py
[2024-07-10T20:15:28.325+0000] {processor.py:830} INFO - Processing file /opt/airflow/dags/control_flow_sequence.py for tasks to queue
[2024-07-10T20:15:28.328+0000] {logging_mixin.py:188} INFO - [2024-07-10T20:15:28.327+0000] {dagbag.py:540} INFO - Filling up the DagBag from /opt/airflow/dags/control_flow_sequence.py
[2024-07-10T20:15:28.346+0000] {processor.py:840} INFO - DAG(s) 'control_flow_sequence' retrieved from /opt/airflow/dags/control_flow_sequence.py
[2024-07-10T20:15:28.373+0000] {logging_mixin.py:188} INFO - [2024-07-10T20:15:28.373+0000] {dag.py:3096} INFO - Sync 1 DAGs
[2024-07-10T20:15:28.405+0000] {logging_mixin.py:188} INFO - [2024-07-10T20:15:28.404+0000] {dag.py:3954} INFO - Setting next_dagrun for control_flow_sequence to None, run_after=None
[2024-07-10T20:15:28.439+0000] {processor.py:183} INFO - Processing /opt/airflow/dags/control_flow_sequence.py took 0.120 seconds
[2024-07-10T20:15:30.797+0000] {processor.py:161} INFO - Started process (PID=1076) to work on /opt/airflow/dags/control_flow_sequence.py
[2024-07-10T20:15:30.798+0000] {processor.py:830} INFO - Processing file /opt/airflow/dags/control_flow_sequence.py for tasks to queue
[2024-07-10T20:15:30.801+0000] {logging_mixin.py:188} INFO - [2024-07-10T20:15:30.801+0000] {dagbag.py:540} INFO - Filling up the DagBag from /opt/airflow/dags/control_flow_sequence.py
[2024-07-10T20:15:30.822+0000] {processor.py:840} INFO - DAG(s) 'control_flow_sequence' retrieved from /opt/airflow/dags/control_flow_sequence.py
[2024-07-10T20:15:30.847+0000] {logging_mixin.py:188} INFO - [2024-07-10T20:15:30.847+0000] {dag.py:3096} INFO - Sync 1 DAGs
[2024-07-10T20:15:30.871+0000] {logging_mixin.py:188} INFO - [2024-07-10T20:15:30.870+0000] {dag.py:3954} INFO - Setting next_dagrun for control_flow_sequence to None, run_after=None
[2024-07-10T20:15:30.891+0000] {processor.py:183} INFO - Processing /opt/airflow/dags/control_flow_sequence.py took 0.103 seconds
[2024-07-10T20:15:32.997+0000] {processor.py:161} INFO - Started process (PID=1107) to work on /opt/airflow/dags/control_flow_sequence.py
[2024-07-10T20:15:32.998+0000] {processor.py:830} INFO - Processing file /opt/airflow/dags/control_flow_sequence.py for tasks to queue
[2024-07-10T20:15:33.000+0000] {logging_mixin.py:188} INFO - [2024-07-10T20:15:33.000+0000] {dagbag.py:540} INFO - Filling up the DagBag from /opt/airflow/dags/control_flow_sequence.py
[2024-07-10T20:15:33.017+0000] {processor.py:840} INFO - DAG(s) 'control_flow_sequence' retrieved from /opt/airflow/dags/control_flow_sequence.py
[2024-07-10T20:15:33.036+0000] {logging_mixin.py:188} INFO - [2024-07-10T20:15:33.036+0000] {dag.py:3096} INFO - Sync 1 DAGs
[2024-07-10T20:15:33.062+0000] {logging_mixin.py:188} INFO - [2024-07-10T20:15:33.062+0000] {dag.py:3954} INFO - Setting next_dagrun for control_flow_sequence to None, run_after=None
[2024-07-10T20:15:33.086+0000] {processor.py:183} INFO - Processing /opt/airflow/dags/control_flow_sequence.py took 0.096 seconds
[2024-07-10T20:15:35.048+0000] {processor.py:161} INFO - Started process (PID=1139) to work on /opt/airflow/dags/control_flow_sequence.py
[2024-07-10T20:15:35.049+0000] {processor.py:830} INFO - Processing file /opt/airflow/dags/control_flow_sequence.py for tasks to queue
[2024-07-10T20:15:35.051+0000] {logging_mixin.py:188} INFO - [2024-07-10T20:15:35.051+0000] {dagbag.py:540} INFO - Filling up the DagBag from /opt/airflow/dags/control_flow_sequence.py
[2024-07-10T20:15:35.072+0000] {processor.py:840} INFO - DAG(s) 'control_flow_sequence' retrieved from /opt/airflow/dags/control_flow_sequence.py
[2024-07-10T20:15:35.092+0000] {logging_mixin.py:188} INFO - [2024-07-10T20:15:35.092+0000] {dag.py:3096} INFO - Sync 1 DAGs
[2024-07-10T20:15:35.116+0000] {logging_mixin.py:188} INFO - [2024-07-10T20:15:35.116+0000] {dag.py:3954} INFO - Setting next_dagrun for control_flow_sequence to None, run_after=None
[2024-07-10T20:15:35.138+0000] {processor.py:183} INFO - Processing /opt/airflow/dags/control_flow_sequence.py took 0.102 seconds
[2024-07-10T20:15:37.383+0000] {processor.py:161} INFO - Started process (PID=1176) to work on /opt/airflow/dags/control_flow_sequence.py
[2024-07-10T20:15:37.384+0000] {processor.py:830} INFO - Processing file /opt/airflow/dags/control_flow_sequence.py for tasks to queue
[2024-07-10T20:15:37.386+0000] {logging_mixin.py:188} INFO - [2024-07-10T20:15:37.386+0000] {dagbag.py:540} INFO - Filling up the DagBag from /opt/airflow/dags/control_flow_sequence.py
[2024-07-10T20:15:37.403+0000] {processor.py:840} INFO - DAG(s) 'control_flow_sequence' retrieved from /opt/airflow/dags/control_flow_sequence.py
[2024-07-10T20:15:37.420+0000] {logging_mixin.py:188} INFO - [2024-07-10T20:15:37.420+0000] {dag.py:3096} INFO - Sync 1 DAGs
[2024-07-10T20:15:37.438+0000] {logging_mixin.py:188} INFO - [2024-07-10T20:15:37.437+0000] {dag.py:3954} INFO - Setting next_dagrun for control_flow_sequence to None, run_after=None
[2024-07-10T20:15:37.455+0000] {processor.py:183} INFO - Processing /opt/airflow/dags/control_flow_sequence.py took 0.080 seconds
[2024-07-10T20:15:39.583+0000] {processor.py:161} INFO - Started process (PID=1207) to work on /opt/airflow/dags/control_flow_sequence.py
[2024-07-10T20:15:39.584+0000] {processor.py:830} INFO - Processing file /opt/airflow/dags/control_flow_sequence.py for tasks to queue
[2024-07-10T20:15:39.586+0000] {logging_mixin.py:188} INFO - [2024-07-10T20:15:39.586+0000] {dagbag.py:540} INFO - Filling up the DagBag from /opt/airflow/dags/control_flow_sequence.py
[2024-07-10T20:15:39.604+0000] {processor.py:840} INFO - DAG(s) 'control_flow_sequence' retrieved from /opt/airflow/dags/control_flow_sequence.py
[2024-07-10T20:15:39.628+0000] {logging_mixin.py:188} INFO - [2024-07-10T20:15:39.628+0000] {dag.py:3096} INFO - Sync 1 DAGs
[2024-07-10T20:15:39.671+0000] {logging_mixin.py:188} INFO - [2024-07-10T20:15:39.671+0000] {dag.py:3954} INFO - Setting next_dagrun for control_flow_sequence to None, run_after=None
[2024-07-10T20:15:39.702+0000] {processor.py:183} INFO - Processing /opt/airflow/dags/control_flow_sequence.py took 0.127 seconds
