[2024-07-10T20:14:51.427+0000] {processor.py:161} INFO - Started process (PID=507) to work on /opt/airflow/dags/control_flow_parallel.py
[2024-07-10T20:14:51.428+0000] {processor.py:830} INFO - Processing file /opt/airflow/dags/control_flow_parallel.py for tasks to queue
[2024-07-10T20:14:51.430+0000] {logging_mixin.py:188} INFO - [2024-07-10T20:14:51.430+0000] {dagbag.py:540} INFO - Filling up the DagBag from /opt/airflow/dags/control_flow_parallel.py
[2024-07-10T20:14:51.446+0000] {processor.py:840} INFO - DAG(s) 'control_flow_parallel' retrieved from /opt/airflow/dags/control_flow_parallel.py
[2024-07-10T20:14:51.471+0000] {logging_mixin.py:188} INFO - [2024-07-10T20:14:51.471+0000] {dag.py:3096} INFO - Sync 1 DAGs
[2024-07-10T20:14:51.492+0000] {logging_mixin.py:188} INFO - [2024-07-10T20:14:51.492+0000] {dag.py:3954} INFO - Setting next_dagrun for control_flow_parallel to None, run_after=None
[2024-07-10T20:14:51.511+0000] {processor.py:183} INFO - Processing /opt/airflow/dags/control_flow_parallel.py took 0.089 seconds
[2024-07-10T20:14:53.929+0000] {processor.py:161} INFO - Started process (PID=539) to work on /opt/airflow/dags/control_flow_parallel.py
[2024-07-10T20:14:53.931+0000] {processor.py:830} INFO - Processing file /opt/airflow/dags/control_flow_parallel.py for tasks to queue
[2024-07-10T20:14:53.933+0000] {logging_mixin.py:188} INFO - [2024-07-10T20:14:53.933+0000] {dagbag.py:540} INFO - Filling up the DagBag from /opt/airflow/dags/control_flow_parallel.py
[2024-07-10T20:14:53.950+0000] {processor.py:840} INFO - DAG(s) 'control_flow_parallel' retrieved from /opt/airflow/dags/control_flow_parallel.py
[2024-07-10T20:14:53.972+0000] {logging_mixin.py:188} INFO - [2024-07-10T20:14:53.971+0000] {dag.py:3096} INFO - Sync 1 DAGs
[2024-07-10T20:14:53.996+0000] {logging_mixin.py:188} INFO - [2024-07-10T20:14:53.996+0000] {dag.py:3954} INFO - Setting next_dagrun for control_flow_parallel to None, run_after=None
[2024-07-10T20:14:54.016+0000] {processor.py:183} INFO - Processing /opt/airflow/dags/control_flow_parallel.py took 0.093 seconds
[2024-07-10T20:14:56.024+0000] {processor.py:161} INFO - Started process (PID=571) to work on /opt/airflow/dags/control_flow_parallel.py
[2024-07-10T20:14:56.025+0000] {processor.py:830} INFO - Processing file /opt/airflow/dags/control_flow_parallel.py for tasks to queue
[2024-07-10T20:14:56.027+0000] {logging_mixin.py:188} INFO - [2024-07-10T20:14:56.026+0000] {dagbag.py:540} INFO - Filling up the DagBag from /opt/airflow/dags/control_flow_parallel.py
[2024-07-10T20:14:56.044+0000] {processor.py:840} INFO - DAG(s) 'control_flow_parallel' retrieved from /opt/airflow/dags/control_flow_parallel.py
[2024-07-10T20:14:56.062+0000] {logging_mixin.py:188} INFO - [2024-07-10T20:14:56.062+0000] {dag.py:3096} INFO - Sync 1 DAGs
[2024-07-10T20:14:56.084+0000] {logging_mixin.py:188} INFO - [2024-07-10T20:14:56.084+0000] {dag.py:3954} INFO - Setting next_dagrun for control_flow_parallel to None, run_after=None
[2024-07-10T20:14:56.103+0000] {processor.py:183} INFO - Processing /opt/airflow/dags/control_flow_parallel.py took 0.086 seconds
[2024-07-10T20:14:58.057+0000] {processor.py:161} INFO - Started process (PID=603) to work on /opt/airflow/dags/control_flow_parallel.py
[2024-07-10T20:14:58.058+0000] {processor.py:830} INFO - Processing file /opt/airflow/dags/control_flow_parallel.py for tasks to queue
[2024-07-10T20:14:58.060+0000] {logging_mixin.py:188} INFO - [2024-07-10T20:14:58.060+0000] {dagbag.py:540} INFO - Filling up the DagBag from /opt/airflow/dags/control_flow_parallel.py
[2024-07-10T20:14:58.076+0000] {processor.py:840} INFO - DAG(s) 'control_flow_parallel' retrieved from /opt/airflow/dags/control_flow_parallel.py
[2024-07-10T20:14:58.095+0000] {logging_mixin.py:188} INFO - [2024-07-10T20:14:58.095+0000] {dag.py:3096} INFO - Sync 1 DAGs
[2024-07-10T20:14:58.120+0000] {logging_mixin.py:188} INFO - [2024-07-10T20:14:58.120+0000] {dag.py:3954} INFO - Setting next_dagrun for control_flow_parallel to None, run_after=None
[2024-07-10T20:14:58.139+0000] {processor.py:183} INFO - Processing /opt/airflow/dags/control_flow_parallel.py took 0.088 seconds
[2024-07-10T20:15:00.068+0000] {processor.py:161} INFO - Started process (PID=634) to work on /opt/airflow/dags/control_flow_parallel.py
[2024-07-10T20:15:00.069+0000] {processor.py:830} INFO - Processing file /opt/airflow/dags/control_flow_parallel.py for tasks to queue
[2024-07-10T20:15:00.074+0000] {logging_mixin.py:188} INFO - [2024-07-10T20:15:00.073+0000] {dagbag.py:540} INFO - Filling up the DagBag from /opt/airflow/dags/control_flow_parallel.py
[2024-07-10T20:15:00.099+0000] {processor.py:840} INFO - DAG(s) 'control_flow_parallel' retrieved from /opt/airflow/dags/control_flow_parallel.py
[2024-07-10T20:15:00.127+0000] {logging_mixin.py:188} INFO - [2024-07-10T20:15:00.127+0000] {dag.py:3096} INFO - Sync 1 DAGs
[2024-07-10T20:15:00.154+0000] {logging_mixin.py:188} INFO - [2024-07-10T20:15:00.154+0000] {dag.py:3954} INFO - Setting next_dagrun for control_flow_parallel to None, run_after=None
[2024-07-10T20:15:00.181+0000] {processor.py:183} INFO - Processing /opt/airflow/dags/control_flow_parallel.py took 0.121 seconds
[2024-07-10T20:15:02.072+0000] {processor.py:161} INFO - Started process (PID=665) to work on /opt/airflow/dags/control_flow_parallel.py
[2024-07-10T20:15:02.073+0000] {processor.py:830} INFO - Processing file /opt/airflow/dags/control_flow_parallel.py for tasks to queue
[2024-07-10T20:15:02.075+0000] {logging_mixin.py:188} INFO - [2024-07-10T20:15:02.075+0000] {dagbag.py:540} INFO - Filling up the DagBag from /opt/airflow/dags/control_flow_parallel.py
[2024-07-10T20:15:02.091+0000] {processor.py:840} INFO - DAG(s) 'control_flow_parallel' retrieved from /opt/airflow/dags/control_flow_parallel.py
[2024-07-10T20:15:02.111+0000] {logging_mixin.py:188} INFO - [2024-07-10T20:15:02.111+0000] {dag.py:3096} INFO - Sync 1 DAGs
[2024-07-10T20:15:02.131+0000] {logging_mixin.py:188} INFO - [2024-07-10T20:15:02.130+0000] {dag.py:3954} INFO - Setting next_dagrun for control_flow_parallel to None, run_after=None
[2024-07-10T20:15:02.152+0000] {processor.py:183} INFO - Processing /opt/airflow/dags/control_flow_parallel.py took 0.087 seconds
[2024-07-10T20:15:04.134+0000] {processor.py:161} INFO - Started process (PID=696) to work on /opt/airflow/dags/control_flow_parallel.py
[2024-07-10T20:15:04.135+0000] {processor.py:830} INFO - Processing file /opt/airflow/dags/control_flow_parallel.py for tasks to queue
[2024-07-10T20:15:04.137+0000] {logging_mixin.py:188} INFO - [2024-07-10T20:15:04.137+0000] {dagbag.py:540} INFO - Filling up the DagBag from /opt/airflow/dags/control_flow_parallel.py
[2024-07-10T20:15:04.153+0000] {processor.py:840} INFO - DAG(s) 'control_flow_parallel' retrieved from /opt/airflow/dags/control_flow_parallel.py
[2024-07-10T20:15:04.174+0000] {logging_mixin.py:188} INFO - [2024-07-10T20:15:04.174+0000] {dag.py:3096} INFO - Sync 1 DAGs
[2024-07-10T20:15:04.197+0000] {logging_mixin.py:188} INFO - [2024-07-10T20:15:04.197+0000] {dag.py:3954} INFO - Setting next_dagrun for control_flow_parallel to None, run_after=None
[2024-07-10T20:15:04.221+0000] {processor.py:183} INFO - Processing /opt/airflow/dags/control_flow_parallel.py took 0.094 seconds
[2024-07-10T20:15:06.465+0000] {processor.py:161} INFO - Started process (PID=733) to work on /opt/airflow/dags/control_flow_parallel.py
[2024-07-10T20:15:06.467+0000] {processor.py:830} INFO - Processing file /opt/airflow/dags/control_flow_parallel.py for tasks to queue
[2024-07-10T20:15:06.469+0000] {logging_mixin.py:188} INFO - [2024-07-10T20:15:06.468+0000] {dagbag.py:540} INFO - Filling up the DagBag from /opt/airflow/dags/control_flow_parallel.py
[2024-07-10T20:15:06.485+0000] {processor.py:840} INFO - DAG(s) 'control_flow_parallel' retrieved from /opt/airflow/dags/control_flow_parallel.py
[2024-07-10T20:15:06.506+0000] {logging_mixin.py:188} INFO - [2024-07-10T20:15:06.506+0000] {dag.py:3096} INFO - Sync 1 DAGs
[2024-07-10T20:15:06.527+0000] {logging_mixin.py:188} INFO - [2024-07-10T20:15:06.527+0000] {dag.py:3954} INFO - Setting next_dagrun for control_flow_parallel to None, run_after=None
[2024-07-10T20:15:06.546+0000] {processor.py:183} INFO - Processing /opt/airflow/dags/control_flow_parallel.py took 0.087 seconds
[2024-07-10T20:15:08.745+0000] {processor.py:161} INFO - Started process (PID=764) to work on /opt/airflow/dags/control_flow_parallel.py
[2024-07-10T20:15:08.747+0000] {processor.py:830} INFO - Processing file /opt/airflow/dags/control_flow_parallel.py for tasks to queue
[2024-07-10T20:15:08.749+0000] {logging_mixin.py:188} INFO - [2024-07-10T20:15:08.748+0000] {dagbag.py:540} INFO - Filling up the DagBag from /opt/airflow/dags/control_flow_parallel.py
[2024-07-10T20:15:08.773+0000] {processor.py:840} INFO - DAG(s) 'control_flow_parallel' retrieved from /opt/airflow/dags/control_flow_parallel.py
[2024-07-10T20:15:08.803+0000] {logging_mixin.py:188} INFO - [2024-07-10T20:15:08.803+0000] {dag.py:3096} INFO - Sync 1 DAGs
[2024-07-10T20:15:08.836+0000] {logging_mixin.py:188} INFO - [2024-07-10T20:15:08.835+0000] {dag.py:3954} INFO - Setting next_dagrun for control_flow_parallel to None, run_after=None
[2024-07-10T20:15:08.864+0000] {processor.py:183} INFO - Processing /opt/airflow/dags/control_flow_parallel.py took 0.127 seconds
[2024-07-10T20:15:10.750+0000] {processor.py:161} INFO - Started process (PID=795) to work on /opt/airflow/dags/control_flow_parallel.py
[2024-07-10T20:15:10.752+0000] {processor.py:830} INFO - Processing file /opt/airflow/dags/control_flow_parallel.py for tasks to queue
[2024-07-10T20:15:10.754+0000] {logging_mixin.py:188} INFO - [2024-07-10T20:15:10.753+0000] {dagbag.py:540} INFO - Filling up the DagBag from /opt/airflow/dags/control_flow_parallel.py
[2024-07-10T20:15:10.771+0000] {processor.py:840} INFO - DAG(s) 'control_flow_parallel' retrieved from /opt/airflow/dags/control_flow_parallel.py
[2024-07-10T20:15:10.792+0000] {logging_mixin.py:188} INFO - [2024-07-10T20:15:10.792+0000] {dag.py:3096} INFO - Sync 1 DAGs
[2024-07-10T20:15:10.831+0000] {logging_mixin.py:188} INFO - [2024-07-10T20:15:10.830+0000] {dag.py:3954} INFO - Setting next_dagrun for control_flow_parallel to None, run_after=None
[2024-07-10T20:15:10.881+0000] {processor.py:183} INFO - Processing /opt/airflow/dags/control_flow_parallel.py took 0.138 seconds
[2024-07-10T20:15:13.097+0000] {processor.py:161} INFO - Started process (PID=826) to work on /opt/airflow/dags/control_flow_parallel.py
[2024-07-10T20:15:13.098+0000] {processor.py:830} INFO - Processing file /opt/airflow/dags/control_flow_parallel.py for tasks to queue
[2024-07-10T20:15:13.100+0000] {logging_mixin.py:188} INFO - [2024-07-10T20:15:13.100+0000] {dagbag.py:540} INFO - Filling up the DagBag from /opt/airflow/dags/control_flow_parallel.py
[2024-07-10T20:15:13.118+0000] {processor.py:840} INFO - DAG(s) 'control_flow_parallel' retrieved from /opt/airflow/dags/control_flow_parallel.py
[2024-07-10T20:15:13.137+0000] {logging_mixin.py:188} INFO - [2024-07-10T20:15:13.137+0000] {dag.py:3096} INFO - Sync 1 DAGs
[2024-07-10T20:15:13.156+0000] {logging_mixin.py:188} INFO - [2024-07-10T20:15:13.155+0000] {dag.py:3954} INFO - Setting next_dagrun for control_flow_parallel to None, run_after=None
[2024-07-10T20:15:13.173+0000] {processor.py:183} INFO - Processing /opt/airflow/dags/control_flow_parallel.py took 0.082 seconds
[2024-07-10T20:15:15.161+0000] {processor.py:161} INFO - Started process (PID=857) to work on /opt/airflow/dags/control_flow_parallel.py
[2024-07-10T20:15:15.162+0000] {processor.py:830} INFO - Processing file /opt/airflow/dags/control_flow_parallel.py for tasks to queue
[2024-07-10T20:15:15.164+0000] {logging_mixin.py:188} INFO - [2024-07-10T20:15:15.164+0000] {dagbag.py:540} INFO - Filling up the DagBag from /opt/airflow/dags/control_flow_parallel.py
[2024-07-10T20:15:15.181+0000] {processor.py:840} INFO - DAG(s) 'control_flow_parallel' retrieved from /opt/airflow/dags/control_flow_parallel.py
[2024-07-10T20:15:15.199+0000] {logging_mixin.py:188} INFO - [2024-07-10T20:15:15.199+0000] {dag.py:3096} INFO - Sync 1 DAGs
[2024-07-10T20:15:15.216+0000] {logging_mixin.py:188} INFO - [2024-07-10T20:15:15.216+0000] {dag.py:3954} INFO - Setting next_dagrun for control_flow_parallel to None, run_after=None
[2024-07-10T20:15:15.234+0000] {processor.py:183} INFO - Processing /opt/airflow/dags/control_flow_parallel.py took 0.079 seconds
[2024-07-10T20:15:17.272+0000] {processor.py:161} INFO - Started process (PID=888) to work on /opt/airflow/dags/control_flow_parallel.py
[2024-07-10T20:15:17.273+0000] {processor.py:830} INFO - Processing file /opt/airflow/dags/control_flow_parallel.py for tasks to queue
[2024-07-10T20:15:17.275+0000] {logging_mixin.py:188} INFO - [2024-07-10T20:15:17.275+0000] {dagbag.py:540} INFO - Filling up the DagBag from /opt/airflow/dags/control_flow_parallel.py
[2024-07-10T20:15:17.291+0000] {processor.py:840} INFO - DAG(s) 'control_flow_parallel' retrieved from /opt/airflow/dags/control_flow_parallel.py
[2024-07-10T20:15:17.308+0000] {logging_mixin.py:188} INFO - [2024-07-10T20:15:17.308+0000] {dag.py:3096} INFO - Sync 1 DAGs
[2024-07-10T20:15:17.326+0000] {logging_mixin.py:188} INFO - [2024-07-10T20:15:17.326+0000] {dag.py:3954} INFO - Setting next_dagrun for control_flow_parallel to None, run_after=None
[2024-07-10T20:15:17.347+0000] {processor.py:183} INFO - Processing /opt/airflow/dags/control_flow_parallel.py took 0.082 seconds
[2024-07-10T20:15:19.605+0000] {processor.py:161} INFO - Started process (PID=919) to work on /opt/airflow/dags/control_flow_parallel.py
[2024-07-10T20:15:19.606+0000] {processor.py:830} INFO - Processing file /opt/airflow/dags/control_flow_parallel.py for tasks to queue
[2024-07-10T20:15:19.607+0000] {logging_mixin.py:188} INFO - [2024-07-10T20:15:19.607+0000] {dagbag.py:540} INFO - Filling up the DagBag from /opt/airflow/dags/control_flow_parallel.py
[2024-07-10T20:15:19.623+0000] {processor.py:840} INFO - DAG(s) 'control_flow_parallel' retrieved from /opt/airflow/dags/control_flow_parallel.py
[2024-07-10T20:15:19.643+0000] {logging_mixin.py:188} INFO - [2024-07-10T20:15:19.643+0000] {dag.py:3096} INFO - Sync 1 DAGs
[2024-07-10T20:15:19.665+0000] {logging_mixin.py:188} INFO - [2024-07-10T20:15:19.664+0000] {dag.py:3954} INFO - Setting next_dagrun for control_flow_parallel to None, run_after=None
[2024-07-10T20:15:19.682+0000] {processor.py:183} INFO - Processing /opt/airflow/dags/control_flow_parallel.py took 0.083 seconds
[2024-07-10T20:15:21.936+0000] {processor.py:161} INFO - Started process (PID=950) to work on /opt/airflow/dags/control_flow_parallel.py
[2024-07-10T20:15:21.937+0000] {processor.py:830} INFO - Processing file /opt/airflow/dags/control_flow_parallel.py for tasks to queue
[2024-07-10T20:15:21.939+0000] {logging_mixin.py:188} INFO - [2024-07-10T20:15:21.939+0000] {dagbag.py:540} INFO - Filling up the DagBag from /opt/airflow/dags/control_flow_parallel.py
[2024-07-10T20:15:21.954+0000] {processor.py:840} INFO - DAG(s) 'control_flow_parallel' retrieved from /opt/airflow/dags/control_flow_parallel.py
[2024-07-10T20:15:21.972+0000] {logging_mixin.py:188} INFO - [2024-07-10T20:15:21.971+0000] {dag.py:3096} INFO - Sync 1 DAGs
[2024-07-10T20:15:21.989+0000] {logging_mixin.py:188} INFO - [2024-07-10T20:15:21.989+0000] {dag.py:3954} INFO - Setting next_dagrun for control_flow_parallel to None, run_after=None
[2024-07-10T20:15:22.009+0000] {processor.py:183} INFO - Processing /opt/airflow/dags/control_flow_parallel.py took 0.079 seconds
[2024-07-10T20:15:24.047+0000] {processor.py:161} INFO - Started process (PID=981) to work on /opt/airflow/dags/control_flow_parallel.py
[2024-07-10T20:15:24.048+0000] {processor.py:830} INFO - Processing file /opt/airflow/dags/control_flow_parallel.py for tasks to queue
[2024-07-10T20:15:24.049+0000] {logging_mixin.py:188} INFO - [2024-07-10T20:15:24.049+0000] {dagbag.py:540} INFO - Filling up the DagBag from /opt/airflow/dags/control_flow_parallel.py
[2024-07-10T20:15:24.067+0000] {processor.py:840} INFO - DAG(s) 'control_flow_parallel' retrieved from /opt/airflow/dags/control_flow_parallel.py
[2024-07-10T20:15:24.087+0000] {logging_mixin.py:188} INFO - [2024-07-10T20:15:24.087+0000] {dag.py:3096} INFO - Sync 1 DAGs
[2024-07-10T20:15:24.111+0000] {logging_mixin.py:188} INFO - [2024-07-10T20:15:24.110+0000] {dag.py:3954} INFO - Setting next_dagrun for control_flow_parallel to None, run_after=None
[2024-07-10T20:15:24.131+0000] {processor.py:183} INFO - Processing /opt/airflow/dags/control_flow_parallel.py took 0.091 seconds
[2024-07-10T20:15:26.249+0000] {processor.py:161} INFO - Started process (PID=1012) to work on /opt/airflow/dags/control_flow_parallel.py
[2024-07-10T20:15:26.251+0000] {processor.py:830} INFO - Processing file /opt/airflow/dags/control_flow_parallel.py for tasks to queue
[2024-07-10T20:15:26.253+0000] {logging_mixin.py:188} INFO - [2024-07-10T20:15:26.253+0000] {dagbag.py:540} INFO - Filling up the DagBag from /opt/airflow/dags/control_flow_parallel.py
[2024-07-10T20:15:26.271+0000] {processor.py:840} INFO - DAG(s) 'control_flow_parallel' retrieved from /opt/airflow/dags/control_flow_parallel.py
[2024-07-10T20:15:26.292+0000] {logging_mixin.py:188} INFO - [2024-07-10T20:15:26.292+0000] {dag.py:3096} INFO - Sync 1 DAGs
[2024-07-10T20:15:26.316+0000] {logging_mixin.py:188} INFO - [2024-07-10T20:15:26.316+0000] {dag.py:3954} INFO - Setting next_dagrun for control_flow_parallel to None, run_after=None
[2024-07-10T20:15:26.341+0000] {processor.py:183} INFO - Processing /opt/airflow/dags/control_flow_parallel.py took 0.099 seconds
[2024-07-10T20:15:28.206+0000] {processor.py:161} INFO - Started process (PID=1043) to work on /opt/airflow/dags/control_flow_parallel.py
[2024-07-10T20:15:28.207+0000] {processor.py:830} INFO - Processing file /opt/airflow/dags/control_flow_parallel.py for tasks to queue
[2024-07-10T20:15:28.210+0000] {logging_mixin.py:188} INFO - [2024-07-10T20:15:28.209+0000] {dagbag.py:540} INFO - Filling up the DagBag from /opt/airflow/dags/control_flow_parallel.py
[2024-07-10T20:15:28.227+0000] {processor.py:840} INFO - DAG(s) 'control_flow_parallel' retrieved from /opt/airflow/dags/control_flow_parallel.py
[2024-07-10T20:15:28.249+0000] {logging_mixin.py:188} INFO - [2024-07-10T20:15:28.249+0000] {dag.py:3096} INFO - Sync 1 DAGs
[2024-07-10T20:15:28.269+0000] {logging_mixin.py:188} INFO - [2024-07-10T20:15:28.268+0000] {dag.py:3954} INFO - Setting next_dagrun for control_flow_parallel to None, run_after=None
[2024-07-10T20:15:28.291+0000] {processor.py:183} INFO - Processing /opt/airflow/dags/control_flow_parallel.py took 0.093 seconds
[2024-07-10T20:15:30.527+0000] {processor.py:161} INFO - Started process (PID=1074) to work on /opt/airflow/dags/control_flow_parallel.py
[2024-07-10T20:15:30.529+0000] {processor.py:830} INFO - Processing file /opt/airflow/dags/control_flow_parallel.py for tasks to queue
[2024-07-10T20:15:30.531+0000] {logging_mixin.py:188} INFO - [2024-07-10T20:15:30.531+0000] {dagbag.py:540} INFO - Filling up the DagBag from /opt/airflow/dags/control_flow_parallel.py
[2024-07-10T20:15:30.546+0000] {processor.py:840} INFO - DAG(s) 'control_flow_parallel' retrieved from /opt/airflow/dags/control_flow_parallel.py
[2024-07-10T20:15:30.566+0000] {logging_mixin.py:188} INFO - [2024-07-10T20:15:30.566+0000] {dag.py:3096} INFO - Sync 1 DAGs
[2024-07-10T20:15:30.590+0000] {logging_mixin.py:188} INFO - [2024-07-10T20:15:30.589+0000] {dag.py:3954} INFO - Setting next_dagrun for control_flow_parallel to None, run_after=None
[2024-07-10T20:15:30.629+0000] {processor.py:183} INFO - Processing /opt/airflow/dags/control_flow_parallel.py took 0.107 seconds
[2024-07-10T20:15:32.868+0000] {processor.py:161} INFO - Started process (PID=1105) to work on /opt/airflow/dags/control_flow_parallel.py
[2024-07-10T20:15:32.869+0000] {processor.py:830} INFO - Processing file /opt/airflow/dags/control_flow_parallel.py for tasks to queue
[2024-07-10T20:15:32.872+0000] {logging_mixin.py:188} INFO - [2024-07-10T20:15:32.871+0000] {dagbag.py:540} INFO - Filling up the DagBag from /opt/airflow/dags/control_flow_parallel.py
[2024-07-10T20:15:32.890+0000] {processor.py:840} INFO - DAG(s) 'control_flow_parallel' retrieved from /opt/airflow/dags/control_flow_parallel.py
[2024-07-10T20:15:32.913+0000] {logging_mixin.py:188} INFO - [2024-07-10T20:15:32.912+0000] {dag.py:3096} INFO - Sync 1 DAGs
[2024-07-10T20:15:32.939+0000] {logging_mixin.py:188} INFO - [2024-07-10T20:15:32.939+0000] {dag.py:3954} INFO - Setting next_dagrun for control_flow_parallel to None, run_after=None
[2024-07-10T20:15:32.961+0000] {processor.py:183} INFO - Processing /opt/airflow/dags/control_flow_parallel.py took 0.100 seconds
[2024-07-10T20:15:34.853+0000] {processor.py:161} INFO - Started process (PID=1137) to work on /opt/airflow/dags/control_flow_parallel.py
[2024-07-10T20:15:34.854+0000] {processor.py:830} INFO - Processing file /opt/airflow/dags/control_flow_parallel.py for tasks to queue
[2024-07-10T20:15:34.856+0000] {logging_mixin.py:188} INFO - [2024-07-10T20:15:34.855+0000] {dagbag.py:540} INFO - Filling up the DagBag from /opt/airflow/dags/control_flow_parallel.py
[2024-07-10T20:15:34.874+0000] {processor.py:840} INFO - DAG(s) 'control_flow_parallel' retrieved from /opt/airflow/dags/control_flow_parallel.py
[2024-07-10T20:15:34.895+0000] {logging_mixin.py:188} INFO - [2024-07-10T20:15:34.894+0000] {dag.py:3096} INFO - Sync 1 DAGs
[2024-07-10T20:15:34.915+0000] {logging_mixin.py:188} INFO - [2024-07-10T20:15:34.914+0000] {dag.py:3954} INFO - Setting next_dagrun for control_flow_parallel to None, run_after=None
[2024-07-10T20:15:34.940+0000] {processor.py:183} INFO - Processing /opt/airflow/dags/control_flow_parallel.py took 0.095 seconds
[2024-07-10T20:15:37.275+0000] {processor.py:161} INFO - Started process (PID=1174) to work on /opt/airflow/dags/control_flow_parallel.py
[2024-07-10T20:15:37.276+0000] {processor.py:830} INFO - Processing file /opt/airflow/dags/control_flow_parallel.py for tasks to queue
[2024-07-10T20:15:37.278+0000] {logging_mixin.py:188} INFO - [2024-07-10T20:15:37.278+0000] {dagbag.py:540} INFO - Filling up the DagBag from /opt/airflow/dags/control_flow_parallel.py
[2024-07-10T20:15:37.295+0000] {processor.py:840} INFO - DAG(s) 'control_flow_parallel' retrieved from /opt/airflow/dags/control_flow_parallel.py
[2024-07-10T20:15:37.312+0000] {logging_mixin.py:188} INFO - [2024-07-10T20:15:37.312+0000] {dag.py:3096} INFO - Sync 1 DAGs
[2024-07-10T20:15:37.329+0000] {logging_mixin.py:188} INFO - [2024-07-10T20:15:37.329+0000] {dag.py:3954} INFO - Setting next_dagrun for control_flow_parallel to None, run_after=None
[2024-07-10T20:15:37.347+0000] {processor.py:183} INFO - Processing /opt/airflow/dags/control_flow_parallel.py took 0.080 seconds
[2024-07-10T20:15:39.460+0000] {processor.py:161} INFO - Started process (PID=1205) to work on /opt/airflow/dags/control_flow_parallel.py
[2024-07-10T20:15:39.461+0000] {processor.py:830} INFO - Processing file /opt/airflow/dags/control_flow_parallel.py for tasks to queue
[2024-07-10T20:15:39.463+0000] {logging_mixin.py:188} INFO - [2024-07-10T20:15:39.462+0000] {dagbag.py:540} INFO - Filling up the DagBag from /opt/airflow/dags/control_flow_parallel.py
[2024-07-10T20:15:39.478+0000] {processor.py:840} INFO - DAG(s) 'control_flow_parallel' retrieved from /opt/airflow/dags/control_flow_parallel.py
[2024-07-10T20:15:39.501+0000] {logging_mixin.py:188} INFO - [2024-07-10T20:15:39.501+0000] {dag.py:3096} INFO - Sync 1 DAGs
[2024-07-10T20:15:39.526+0000] {logging_mixin.py:188} INFO - [2024-07-10T20:15:39.526+0000] {dag.py:3954} INFO - Setting next_dagrun for control_flow_parallel to None, run_after=None
[2024-07-10T20:15:39.545+0000] {processor.py:183} INFO - Processing /opt/airflow/dags/control_flow_parallel.py took 0.092 seconds
