[2024-07-10T20:14:52.165+0000] {processor.py:161} INFO - Started process (PID=517) to work on /opt/airflow/dags/dag_schedule.py
[2024-07-10T20:14:52.165+0000] {processor.py:830} INFO - Processing file /opt/airflow/dags/dag_schedule.py for tasks to queue
[2024-07-10T20:14:52.167+0000] {logging_mixin.py:188} INFO - [2024-07-10T20:14:52.167+0000] {dagbag.py:540} INFO - Filling up the DagBag from /opt/airflow/dags/dag_schedule.py
[2024-07-10T20:14:52.186+0000] {processor.py:840} INFO - DAG(s) 'dag_schedule' retrieved from /opt/airflow/dags/dag_schedule.py
[2024-07-10T20:14:52.206+0000] {logging_mixin.py:188} INFO - [2024-07-10T20:14:52.206+0000] {dag.py:3096} INFO - Sync 1 DAGs
[2024-07-10T20:14:52.231+0000] {logging_mixin.py:188} INFO - [2024-07-10T20:14:52.230+0000] {dag.py:3954} INFO - Setting next_dagrun for dag_schedule to 2024-06-30 09:30:00+00:00, run_after=2024-07-01 09:30:00+00:00
[2024-07-10T20:14:52.257+0000] {processor.py:183} INFO - Processing /opt/airflow/dags/dag_schedule.py took 0.098 seconds
[2024-07-10T20:14:54.681+0000] {processor.py:161} INFO - Started process (PID=549) to work on /opt/airflow/dags/dag_schedule.py
[2024-07-10T20:14:54.682+0000] {processor.py:830} INFO - Processing file /opt/airflow/dags/dag_schedule.py for tasks to queue
[2024-07-10T20:14:54.683+0000] {logging_mixin.py:188} INFO - [2024-07-10T20:14:54.683+0000] {dagbag.py:540} INFO - Filling up the DagBag from /opt/airflow/dags/dag_schedule.py
[2024-07-10T20:14:54.699+0000] {processor.py:840} INFO - DAG(s) 'dag_schedule' retrieved from /opt/airflow/dags/dag_schedule.py
[2024-07-10T20:14:54.717+0000] {logging_mixin.py:188} INFO - [2024-07-10T20:14:54.717+0000] {dag.py:3096} INFO - Sync 1 DAGs
[2024-07-10T20:14:54.737+0000] {logging_mixin.py:188} INFO - [2024-07-10T20:14:54.736+0000] {dag.py:3954} INFO - Setting next_dagrun for dag_schedule to 2024-06-30 09:30:00+00:00, run_after=2024-07-01 09:30:00+00:00
[2024-07-10T20:14:54.756+0000] {processor.py:183} INFO - Processing /opt/airflow/dags/dag_schedule.py took 0.081 seconds
[2024-07-10T20:14:56.581+0000] {processor.py:161} INFO - Started process (PID=581) to work on /opt/airflow/dags/dag_schedule.py
[2024-07-10T20:14:56.582+0000] {processor.py:830} INFO - Processing file /opt/airflow/dags/dag_schedule.py for tasks to queue
[2024-07-10T20:14:56.584+0000] {logging_mixin.py:188} INFO - [2024-07-10T20:14:56.583+0000] {dagbag.py:540} INFO - Filling up the DagBag from /opt/airflow/dags/dag_schedule.py
[2024-07-10T20:14:56.601+0000] {processor.py:840} INFO - DAG(s) 'dag_schedule' retrieved from /opt/airflow/dags/dag_schedule.py
[2024-07-10T20:14:56.621+0000] {logging_mixin.py:188} INFO - [2024-07-10T20:14:56.621+0000] {dag.py:3096} INFO - Sync 1 DAGs
[2024-07-10T20:14:56.643+0000] {logging_mixin.py:188} INFO - [2024-07-10T20:14:56.642+0000] {dag.py:3954} INFO - Setting next_dagrun for dag_schedule to 2024-06-30 09:30:00+00:00, run_after=2024-07-01 09:30:00+00:00
[2024-07-10T20:14:56.662+0000] {processor.py:183} INFO - Processing /opt/airflow/dags/dag_schedule.py took 0.087 seconds
[2024-07-10T20:14:58.583+0000] {processor.py:161} INFO - Started process (PID=612) to work on /opt/airflow/dags/dag_schedule.py
[2024-07-10T20:14:58.585+0000] {processor.py:830} INFO - Processing file /opt/airflow/dags/dag_schedule.py for tasks to queue
[2024-07-10T20:14:58.586+0000] {logging_mixin.py:188} INFO - [2024-07-10T20:14:58.586+0000] {dagbag.py:540} INFO - Filling up the DagBag from /opt/airflow/dags/dag_schedule.py
[2024-07-10T20:14:58.603+0000] {processor.py:840} INFO - DAG(s) 'dag_schedule' retrieved from /opt/airflow/dags/dag_schedule.py
[2024-07-10T20:14:58.623+0000] {logging_mixin.py:188} INFO - [2024-07-10T20:14:58.623+0000] {dag.py:3096} INFO - Sync 1 DAGs
[2024-07-10T20:14:58.643+0000] {logging_mixin.py:188} INFO - [2024-07-10T20:14:58.643+0000] {dag.py:3954} INFO - Setting next_dagrun for dag_schedule to 2024-06-30 09:30:00+00:00, run_after=2024-07-01 09:30:00+00:00
[2024-07-10T20:14:58.666+0000] {processor.py:183} INFO - Processing /opt/airflow/dags/dag_schedule.py took 0.089 seconds
[2024-07-10T20:15:00.634+0000] {processor.py:161} INFO - Started process (PID=643) to work on /opt/airflow/dags/dag_schedule.py
[2024-07-10T20:15:00.636+0000] {processor.py:830} INFO - Processing file /opt/airflow/dags/dag_schedule.py for tasks to queue
[2024-07-10T20:15:00.639+0000] {logging_mixin.py:188} INFO - [2024-07-10T20:15:00.638+0000] {dagbag.py:540} INFO - Filling up the DagBag from /opt/airflow/dags/dag_schedule.py
[2024-07-10T20:15:00.665+0000] {processor.py:840} INFO - DAG(s) 'dag_schedule' retrieved from /opt/airflow/dags/dag_schedule.py
[2024-07-10T20:15:00.687+0000] {logging_mixin.py:188} INFO - [2024-07-10T20:15:00.686+0000] {dag.py:3096} INFO - Sync 1 DAGs
[2024-07-10T20:15:00.712+0000] {logging_mixin.py:188} INFO - [2024-07-10T20:15:00.712+0000] {dag.py:3954} INFO - Setting next_dagrun for dag_schedule to 2024-06-30 09:30:00+00:00, run_after=2024-07-01 09:30:00+00:00
[2024-07-10T20:15:00.733+0000] {processor.py:183} INFO - Processing /opt/airflow/dags/dag_schedule.py took 0.106 seconds
[2024-07-10T20:15:02.781+0000] {processor.py:161} INFO - Started process (PID=674) to work on /opt/airflow/dags/dag_schedule.py
[2024-07-10T20:15:02.782+0000] {processor.py:830} INFO - Processing file /opt/airflow/dags/dag_schedule.py for tasks to queue
[2024-07-10T20:15:02.784+0000] {logging_mixin.py:188} INFO - [2024-07-10T20:15:02.784+0000] {dagbag.py:540} INFO - Filling up the DagBag from /opt/airflow/dags/dag_schedule.py
[2024-07-10T20:15:02.801+0000] {processor.py:840} INFO - DAG(s) 'dag_schedule' retrieved from /opt/airflow/dags/dag_schedule.py
[2024-07-10T20:15:02.819+0000] {logging_mixin.py:188} INFO - [2024-07-10T20:15:02.818+0000] {dag.py:3096} INFO - Sync 1 DAGs
[2024-07-10T20:15:02.840+0000] {logging_mixin.py:188} INFO - [2024-07-10T20:15:02.839+0000] {dag.py:3954} INFO - Setting next_dagrun for dag_schedule to 2024-06-30 09:30:00+00:00, run_after=2024-07-01 09:30:00+00:00
[2024-07-10T20:15:02.865+0000] {processor.py:183} INFO - Processing /opt/airflow/dags/dag_schedule.py took 0.090 seconds
[2024-07-10T20:15:04.824+0000] {processor.py:161} INFO - Started process (PID=705) to work on /opt/airflow/dags/dag_schedule.py
[2024-07-10T20:15:04.825+0000] {processor.py:830} INFO - Processing file /opt/airflow/dags/dag_schedule.py for tasks to queue
[2024-07-10T20:15:04.827+0000] {logging_mixin.py:188} INFO - [2024-07-10T20:15:04.826+0000] {dagbag.py:540} INFO - Filling up the DagBag from /opt/airflow/dags/dag_schedule.py
[2024-07-10T20:15:04.847+0000] {processor.py:840} INFO - DAG(s) 'dag_schedule' retrieved from /opt/airflow/dags/dag_schedule.py
[2024-07-10T20:15:04.870+0000] {logging_mixin.py:188} INFO - [2024-07-10T20:15:04.869+0000] {dag.py:3096} INFO - Sync 1 DAGs
[2024-07-10T20:15:04.899+0000] {logging_mixin.py:188} INFO - [2024-07-10T20:15:04.899+0000] {dag.py:3954} INFO - Setting next_dagrun for dag_schedule to 2024-06-30 09:30:00+00:00, run_after=2024-07-01 09:30:00+00:00
[2024-07-10T20:15:04.926+0000] {processor.py:183} INFO - Processing /opt/airflow/dags/dag_schedule.py took 0.109 seconds
[2024-07-10T20:15:07.298+0000] {processor.py:161} INFO - Started process (PID=742) to work on /opt/airflow/dags/dag_schedule.py
[2024-07-10T20:15:07.299+0000] {processor.py:830} INFO - Processing file /opt/airflow/dags/dag_schedule.py for tasks to queue
[2024-07-10T20:15:07.301+0000] {logging_mixin.py:188} INFO - [2024-07-10T20:15:07.301+0000] {dagbag.py:540} INFO - Filling up the DagBag from /opt/airflow/dags/dag_schedule.py
[2024-07-10T20:15:07.319+0000] {processor.py:840} INFO - DAG(s) 'dag_schedule' retrieved from /opt/airflow/dags/dag_schedule.py
[2024-07-10T20:15:07.338+0000] {logging_mixin.py:188} INFO - [2024-07-10T20:15:07.338+0000] {dag.py:3096} INFO - Sync 1 DAGs
[2024-07-10T20:15:07.357+0000] {logging_mixin.py:188} INFO - [2024-07-10T20:15:07.357+0000] {dag.py:3954} INFO - Setting next_dagrun for dag_schedule to 2024-06-30 09:30:00+00:00, run_after=2024-07-01 09:30:00+00:00
[2024-07-10T20:15:07.378+0000] {processor.py:183} INFO - Processing /opt/airflow/dags/dag_schedule.py took 0.086 seconds
[2024-07-10T20:15:09.347+0000] {processor.py:161} INFO - Started process (PID=773) to work on /opt/airflow/dags/dag_schedule.py
[2024-07-10T20:15:09.348+0000] {processor.py:830} INFO - Processing file /opt/airflow/dags/dag_schedule.py for tasks to queue
[2024-07-10T20:15:09.350+0000] {logging_mixin.py:188} INFO - [2024-07-10T20:15:09.350+0000] {dagbag.py:540} INFO - Filling up the DagBag from /opt/airflow/dags/dag_schedule.py
[2024-07-10T20:15:09.369+0000] {processor.py:840} INFO - DAG(s) 'dag_schedule' retrieved from /opt/airflow/dags/dag_schedule.py
[2024-07-10T20:15:09.388+0000] {logging_mixin.py:188} INFO - [2024-07-10T20:15:09.388+0000] {dag.py:3096} INFO - Sync 1 DAGs
[2024-07-10T20:15:09.410+0000] {logging_mixin.py:188} INFO - [2024-07-10T20:15:09.410+0000] {dag.py:3954} INFO - Setting next_dagrun for dag_schedule to 2024-06-30 09:30:00+00:00, run_after=2024-07-01 09:30:00+00:00
[2024-07-10T20:15:09.430+0000] {processor.py:183} INFO - Processing /opt/airflow/dags/dag_schedule.py took 0.088 seconds
[2024-07-10T20:15:11.413+0000] {processor.py:161} INFO - Started process (PID=804) to work on /opt/airflow/dags/dag_schedule.py
[2024-07-10T20:15:11.414+0000] {processor.py:830} INFO - Processing file /opt/airflow/dags/dag_schedule.py for tasks to queue
[2024-07-10T20:15:11.415+0000] {logging_mixin.py:188} INFO - [2024-07-10T20:15:11.415+0000] {dagbag.py:540} INFO - Filling up the DagBag from /opt/airflow/dags/dag_schedule.py
[2024-07-10T20:15:11.434+0000] {processor.py:840} INFO - DAG(s) 'dag_schedule' retrieved from /opt/airflow/dags/dag_schedule.py
[2024-07-10T20:15:11.456+0000] {logging_mixin.py:188} INFO - [2024-07-10T20:15:11.455+0000] {dag.py:3096} INFO - Sync 1 DAGs
[2024-07-10T20:15:11.477+0000] {logging_mixin.py:188} INFO - [2024-07-10T20:15:11.476+0000] {dag.py:3954} INFO - Setting next_dagrun for dag_schedule to 2024-06-30 09:30:00+00:00, run_after=2024-07-01 09:30:00+00:00
[2024-07-10T20:15:11.495+0000] {processor.py:183} INFO - Processing /opt/airflow/dags/dag_schedule.py took 0.089 seconds
[2024-07-10T20:15:13.636+0000] {processor.py:161} INFO - Started process (PID=835) to work on /opt/airflow/dags/dag_schedule.py
[2024-07-10T20:15:13.637+0000] {processor.py:830} INFO - Processing file /opt/airflow/dags/dag_schedule.py for tasks to queue
[2024-07-10T20:15:13.639+0000] {logging_mixin.py:188} INFO - [2024-07-10T20:15:13.639+0000] {dagbag.py:540} INFO - Filling up the DagBag from /opt/airflow/dags/dag_schedule.py
[2024-07-10T20:15:13.668+0000] {processor.py:840} INFO - DAG(s) 'dag_schedule' retrieved from /opt/airflow/dags/dag_schedule.py
[2024-07-10T20:15:13.693+0000] {logging_mixin.py:188} INFO - [2024-07-10T20:15:13.693+0000] {dag.py:3096} INFO - Sync 1 DAGs
[2024-07-10T20:15:13.721+0000] {logging_mixin.py:188} INFO - [2024-07-10T20:15:13.721+0000] {dag.py:3954} INFO - Setting next_dagrun for dag_schedule to 2024-06-30 09:30:00+00:00, run_after=2024-07-01 09:30:00+00:00
[2024-07-10T20:15:13.749+0000] {processor.py:183} INFO - Processing /opt/airflow/dags/dag_schedule.py took 0.119 seconds
[2024-07-10T20:15:15.960+0000] {processor.py:161} INFO - Started process (PID=866) to work on /opt/airflow/dags/dag_schedule.py
[2024-07-10T20:15:15.961+0000] {processor.py:830} INFO - Processing file /opt/airflow/dags/dag_schedule.py for tasks to queue
[2024-07-10T20:15:15.964+0000] {logging_mixin.py:188} INFO - [2024-07-10T20:15:15.963+0000] {dagbag.py:540} INFO - Filling up the DagBag from /opt/airflow/dags/dag_schedule.py
[2024-07-10T20:15:15.981+0000] {processor.py:840} INFO - DAG(s) 'dag_schedule' retrieved from /opt/airflow/dags/dag_schedule.py
[2024-07-10T20:15:15.999+0000] {logging_mixin.py:188} INFO - [2024-07-10T20:15:15.998+0000] {dag.py:3096} INFO - Sync 1 DAGs
[2024-07-10T20:15:16.020+0000] {logging_mixin.py:188} INFO - [2024-07-10T20:15:16.019+0000] {dag.py:3954} INFO - Setting next_dagrun for dag_schedule to 2024-06-30 09:30:00+00:00, run_after=2024-07-01 09:30:00+00:00
[2024-07-10T20:15:16.041+0000] {processor.py:183} INFO - Processing /opt/airflow/dags/dag_schedule.py took 0.088 seconds
[2024-07-10T20:15:18.248+0000] {processor.py:161} INFO - Started process (PID=897) to work on /opt/airflow/dags/dag_schedule.py
[2024-07-10T20:15:18.249+0000] {processor.py:830} INFO - Processing file /opt/airflow/dags/dag_schedule.py for tasks to queue
[2024-07-10T20:15:18.251+0000] {logging_mixin.py:188} INFO - [2024-07-10T20:15:18.250+0000] {dagbag.py:540} INFO - Filling up the DagBag from /opt/airflow/dags/dag_schedule.py
[2024-07-10T20:15:18.271+0000] {processor.py:840} INFO - DAG(s) 'dag_schedule' retrieved from /opt/airflow/dags/dag_schedule.py
[2024-07-10T20:15:18.291+0000] {logging_mixin.py:188} INFO - [2024-07-10T20:15:18.291+0000] {dag.py:3096} INFO - Sync 1 DAGs
[2024-07-10T20:15:18.317+0000] {logging_mixin.py:188} INFO - [2024-07-10T20:15:18.317+0000] {dag.py:3954} INFO - Setting next_dagrun for dag_schedule to 2024-06-30 09:30:00+00:00, run_after=2024-07-01 09:30:00+00:00
[2024-07-10T20:15:18.341+0000] {processor.py:183} INFO - Processing /opt/airflow/dags/dag_schedule.py took 0.101 seconds
[2024-07-10T20:15:20.234+0000] {processor.py:161} INFO - Started process (PID=928) to work on /opt/airflow/dags/dag_schedule.py
[2024-07-10T20:15:20.235+0000] {processor.py:830} INFO - Processing file /opt/airflow/dags/dag_schedule.py for tasks to queue
[2024-07-10T20:15:20.237+0000] {logging_mixin.py:188} INFO - [2024-07-10T20:15:20.236+0000] {dagbag.py:540} INFO - Filling up the DagBag from /opt/airflow/dags/dag_schedule.py
[2024-07-10T20:15:20.256+0000] {processor.py:840} INFO - DAG(s) 'dag_schedule' retrieved from /opt/airflow/dags/dag_schedule.py
[2024-07-10T20:15:20.275+0000] {logging_mixin.py:188} INFO - [2024-07-10T20:15:20.275+0000] {dag.py:3096} INFO - Sync 1 DAGs
[2024-07-10T20:15:20.297+0000] {logging_mixin.py:188} INFO - [2024-07-10T20:15:20.297+0000] {dag.py:3954} INFO - Setting next_dagrun for dag_schedule to 2024-06-30 09:30:00+00:00, run_after=2024-07-01 09:30:00+00:00
[2024-07-10T20:15:20.316+0000] {processor.py:183} INFO - Processing /opt/airflow/dags/dag_schedule.py took 0.089 seconds
[2024-07-10T20:15:22.767+0000] {processor.py:161} INFO - Started process (PID=959) to work on /opt/airflow/dags/dag_schedule.py
[2024-07-10T20:15:22.768+0000] {processor.py:830} INFO - Processing file /opt/airflow/dags/dag_schedule.py for tasks to queue
[2024-07-10T20:15:22.770+0000] {logging_mixin.py:188} INFO - [2024-07-10T20:15:22.770+0000] {dagbag.py:540} INFO - Filling up the DagBag from /opt/airflow/dags/dag_schedule.py
[2024-07-10T20:15:22.789+0000] {processor.py:840} INFO - DAG(s) 'dag_schedule' retrieved from /opt/airflow/dags/dag_schedule.py
[2024-07-10T20:15:22.808+0000] {logging_mixin.py:188} INFO - [2024-07-10T20:15:22.808+0000] {dag.py:3096} INFO - Sync 1 DAGs
[2024-07-10T20:15:22.830+0000] {logging_mixin.py:188} INFO - [2024-07-10T20:15:22.830+0000] {dag.py:3954} INFO - Setting next_dagrun for dag_schedule to 2024-06-30 09:30:00+00:00, run_after=2024-07-01 09:30:00+00:00
[2024-07-10T20:15:22.854+0000] {processor.py:183} INFO - Processing /opt/airflow/dags/dag_schedule.py took 0.094 seconds
[2024-07-10T20:15:24.555+0000] {processor.py:161} INFO - Started process (PID=990) to work on /opt/airflow/dags/dag_schedule.py
[2024-07-10T20:15:24.556+0000] {processor.py:830} INFO - Processing file /opt/airflow/dags/dag_schedule.py for tasks to queue
[2024-07-10T20:15:24.558+0000] {logging_mixin.py:188} INFO - [2024-07-10T20:15:24.558+0000] {dagbag.py:540} INFO - Filling up the DagBag from /opt/airflow/dags/dag_schedule.py
[2024-07-10T20:15:24.575+0000] {processor.py:840} INFO - DAG(s) 'dag_schedule' retrieved from /opt/airflow/dags/dag_schedule.py
[2024-07-10T20:15:24.593+0000] {logging_mixin.py:188} INFO - [2024-07-10T20:15:24.593+0000] {dag.py:3096} INFO - Sync 1 DAGs
[2024-07-10T20:15:24.615+0000] {logging_mixin.py:188} INFO - [2024-07-10T20:15:24.615+0000] {dag.py:3954} INFO - Setting next_dagrun for dag_schedule to 2024-06-30 09:30:00+00:00, run_after=2024-07-01 09:30:00+00:00
[2024-07-10T20:15:24.637+0000] {processor.py:183} INFO - Processing /opt/airflow/dags/dag_schedule.py took 0.088 seconds
[2024-07-10T20:15:26.854+0000] {processor.py:161} INFO - Started process (PID=1021) to work on /opt/airflow/dags/dag_schedule.py
[2024-07-10T20:15:26.855+0000] {processor.py:830} INFO - Processing file /opt/airflow/dags/dag_schedule.py for tasks to queue
[2024-07-10T20:15:26.857+0000] {logging_mixin.py:188} INFO - [2024-07-10T20:15:26.857+0000] {dagbag.py:540} INFO - Filling up the DagBag from /opt/airflow/dags/dag_schedule.py
[2024-07-10T20:15:26.879+0000] {processor.py:840} INFO - DAG(s) 'dag_schedule' retrieved from /opt/airflow/dags/dag_schedule.py
[2024-07-10T20:15:26.898+0000] {logging_mixin.py:188} INFO - [2024-07-10T20:15:26.898+0000] {dag.py:3096} INFO - Sync 1 DAGs
[2024-07-10T20:15:26.924+0000] {logging_mixin.py:188} INFO - [2024-07-10T20:15:26.923+0000] {dag.py:3954} INFO - Setting next_dagrun for dag_schedule to 2024-06-30 09:30:00+00:00, run_after=2024-07-01 09:30:00+00:00
[2024-07-10T20:15:26.946+0000] {processor.py:183} INFO - Processing /opt/airflow/dags/dag_schedule.py took 0.100 seconds
[2024-07-10T20:15:29.001+0000] {processor.py:161} INFO - Started process (PID=1052) to work on /opt/airflow/dags/dag_schedule.py
[2024-07-10T20:15:29.002+0000] {processor.py:830} INFO - Processing file /opt/airflow/dags/dag_schedule.py for tasks to queue
[2024-07-10T20:15:29.004+0000] {logging_mixin.py:188} INFO - [2024-07-10T20:15:29.003+0000] {dagbag.py:540} INFO - Filling up the DagBag from /opt/airflow/dags/dag_schedule.py
[2024-07-10T20:15:29.024+0000] {processor.py:840} INFO - DAG(s) 'dag_schedule' retrieved from /opt/airflow/dags/dag_schedule.py
[2024-07-10T20:15:29.045+0000] {logging_mixin.py:188} INFO - [2024-07-10T20:15:29.044+0000] {dag.py:3096} INFO - Sync 1 DAGs
[2024-07-10T20:15:29.066+0000] {logging_mixin.py:188} INFO - [2024-07-10T20:15:29.066+0000] {dag.py:3954} INFO - Setting next_dagrun for dag_schedule to 2024-06-30 09:30:00+00:00, run_after=2024-07-01 09:30:00+00:00
[2024-07-10T20:15:29.087+0000] {processor.py:183} INFO - Processing /opt/airflow/dags/dag_schedule.py took 0.092 seconds
[2024-07-10T20:15:31.311+0000] {processor.py:161} INFO - Started process (PID=1083) to work on /opt/airflow/dags/dag_schedule.py
[2024-07-10T20:15:31.312+0000] {processor.py:830} INFO - Processing file /opt/airflow/dags/dag_schedule.py for tasks to queue
[2024-07-10T20:15:31.315+0000] {logging_mixin.py:188} INFO - [2024-07-10T20:15:31.314+0000] {dagbag.py:540} INFO - Filling up the DagBag from /opt/airflow/dags/dag_schedule.py
[2024-07-10T20:15:31.331+0000] {processor.py:840} INFO - DAG(s) 'dag_schedule' retrieved from /opt/airflow/dags/dag_schedule.py
[2024-07-10T20:15:31.348+0000] {logging_mixin.py:188} INFO - [2024-07-10T20:15:31.348+0000] {dag.py:3096} INFO - Sync 1 DAGs
[2024-07-10T20:15:31.367+0000] {logging_mixin.py:188} INFO - [2024-07-10T20:15:31.367+0000] {dag.py:3954} INFO - Setting next_dagrun for dag_schedule to 2024-06-30 09:30:00+00:00, run_after=2024-07-01 09:30:00+00:00
[2024-07-10T20:15:31.384+0000] {processor.py:183} INFO - Processing /opt/airflow/dags/dag_schedule.py took 0.079 seconds
[2024-07-10T20:15:33.430+0000] {processor.py:161} INFO - Started process (PID=1115) to work on /opt/airflow/dags/dag_schedule.py
[2024-07-10T20:15:33.431+0000] {processor.py:830} INFO - Processing file /opt/airflow/dags/dag_schedule.py for tasks to queue
[2024-07-10T20:15:33.433+0000] {logging_mixin.py:188} INFO - [2024-07-10T20:15:33.432+0000] {dagbag.py:540} INFO - Filling up the DagBag from /opt/airflow/dags/dag_schedule.py
[2024-07-10T20:15:33.449+0000] {processor.py:840} INFO - DAG(s) 'dag_schedule' retrieved from /opt/airflow/dags/dag_schedule.py
[2024-07-10T20:15:33.467+0000] {logging_mixin.py:188} INFO - [2024-07-10T20:15:33.466+0000] {dag.py:3096} INFO - Sync 1 DAGs
[2024-07-10T20:15:33.487+0000] {logging_mixin.py:188} INFO - [2024-07-10T20:15:33.487+0000] {dag.py:3954} INFO - Setting next_dagrun for dag_schedule to 2024-06-30 09:30:00+00:00, run_after=2024-07-01 09:30:00+00:00
[2024-07-10T20:15:33.508+0000] {processor.py:183} INFO - Processing /opt/airflow/dags/dag_schedule.py took 0.084 seconds
[2024-07-10T20:15:35.482+0000] {processor.py:161} INFO - Started process (PID=1146) to work on /opt/airflow/dags/dag_schedule.py
[2024-07-10T20:15:35.483+0000] {processor.py:830} INFO - Processing file /opt/airflow/dags/dag_schedule.py for tasks to queue
[2024-07-10T20:15:35.485+0000] {logging_mixin.py:188} INFO - [2024-07-10T20:15:35.485+0000] {dagbag.py:540} INFO - Filling up the DagBag from /opt/airflow/dags/dag_schedule.py
[2024-07-10T20:15:35.500+0000] {processor.py:840} INFO - DAG(s) 'dag_schedule' retrieved from /opt/airflow/dags/dag_schedule.py
[2024-07-10T20:15:35.517+0000] {logging_mixin.py:188} INFO - [2024-07-10T20:15:35.517+0000] {dag.py:3096} INFO - Sync 1 DAGs
[2024-07-10T20:15:35.537+0000] {logging_mixin.py:188} INFO - [2024-07-10T20:15:35.537+0000] {dag.py:3954} INFO - Setting next_dagrun for dag_schedule to 2024-06-30 09:30:00+00:00, run_after=2024-07-01 09:30:00+00:00
[2024-07-10T20:15:35.557+0000] {processor.py:183} INFO - Processing /opt/airflow/dags/dag_schedule.py took 0.080 seconds
[2024-07-10T20:15:37.845+0000] {processor.py:161} INFO - Started process (PID=1183) to work on /opt/airflow/dags/dag_schedule.py
[2024-07-10T20:15:37.847+0000] {processor.py:830} INFO - Processing file /opt/airflow/dags/dag_schedule.py for tasks to queue
[2024-07-10T20:15:37.848+0000] {logging_mixin.py:188} INFO - [2024-07-10T20:15:37.848+0000] {dagbag.py:540} INFO - Filling up the DagBag from /opt/airflow/dags/dag_schedule.py
[2024-07-10T20:15:37.870+0000] {processor.py:840} INFO - DAG(s) 'dag_schedule' retrieved from /opt/airflow/dags/dag_schedule.py
[2024-07-10T20:15:37.894+0000] {logging_mixin.py:188} INFO - [2024-07-10T20:15:37.893+0000] {dag.py:3096} INFO - Sync 1 DAGs
[2024-07-10T20:15:37.922+0000] {logging_mixin.py:188} INFO - [2024-07-10T20:15:37.922+0000] {dag.py:3954} INFO - Setting next_dagrun for dag_schedule to 2024-06-30 09:30:00+00:00, run_after=2024-07-01 09:30:00+00:00
[2024-07-10T20:15:37.947+0000] {processor.py:183} INFO - Processing /opt/airflow/dags/dag_schedule.py took 0.109 seconds
[2024-07-10T20:15:40.240+0000] {processor.py:161} INFO - Started process (PID=1215) to work on /opt/airflow/dags/dag_schedule.py
[2024-07-10T20:15:40.242+0000] {processor.py:830} INFO - Processing file /opt/airflow/dags/dag_schedule.py for tasks to queue
[2024-07-10T20:15:40.244+0000] {logging_mixin.py:188} INFO - [2024-07-10T20:15:40.244+0000] {dagbag.py:540} INFO - Filling up the DagBag from /opt/airflow/dags/dag_schedule.py
[2024-07-10T20:15:40.271+0000] {processor.py:840} INFO - DAG(s) 'dag_schedule' retrieved from /opt/airflow/dags/dag_schedule.py
[2024-07-10T20:15:40.310+0000] {logging_mixin.py:188} INFO - [2024-07-10T20:15:40.310+0000] {dag.py:3096} INFO - Sync 1 DAGs
[2024-07-10T20:15:40.344+0000] {logging_mixin.py:188} INFO - [2024-07-10T20:15:40.344+0000] {dag.py:3954} INFO - Setting next_dagrun for dag_schedule to 2024-06-30 09:30:00+00:00, run_after=2024-07-01 09:30:00+00:00
[2024-07-10T20:15:40.375+0000] {processor.py:183} INFO - Processing /opt/airflow/dags/dag_schedule.py took 0.141 seconds
