[2024-07-10T20:14:51.919+0000] {processor.py:161} INFO - Started process (PID=513) to work on /opt/airflow/dags/dag_with_variable.py
[2024-07-10T20:14:51.921+0000] {processor.py:830} INFO - Processing file /opt/airflow/dags/dag_with_variable.py for tasks to queue
[2024-07-10T20:14:51.923+0000] {logging_mixin.py:188} INFO - [2024-07-10T20:14:51.923+0000] {dagbag.py:540} INFO - Filling up the DagBag from /opt/airflow/dags/dag_with_variable.py
[2024-07-10T20:14:51.939+0000] {processor.py:840} INFO - DAG(s) 'dag_with_variable' retrieved from /opt/airflow/dags/dag_with_variable.py
[2024-07-10T20:14:51.957+0000] {logging_mixin.py:188} INFO - [2024-07-10T20:14:51.957+0000] {dag.py:3096} INFO - Sync 1 DAGs
[2024-07-10T20:14:51.975+0000] {logging_mixin.py:188} INFO - [2024-07-10T20:14:51.975+0000] {dag.py:3954} INFO - Setting next_dagrun for dag_with_variable to None, run_after=None
[2024-07-10T20:14:51.992+0000] {processor.py:183} INFO - Processing /opt/airflow/dags/dag_with_variable.py took 0.079 seconds
[2024-07-10T20:14:54.403+0000] {processor.py:161} INFO - Started process (PID=545) to work on /opt/airflow/dags/dag_with_variable.py
[2024-07-10T20:14:54.404+0000] {processor.py:830} INFO - Processing file /opt/airflow/dags/dag_with_variable.py for tasks to queue
[2024-07-10T20:14:54.407+0000] {logging_mixin.py:188} INFO - [2024-07-10T20:14:54.407+0000] {dagbag.py:540} INFO - Filling up the DagBag from /opt/airflow/dags/dag_with_variable.py
[2024-07-10T20:14:54.430+0000] {processor.py:840} INFO - DAG(s) 'dag_with_variable' retrieved from /opt/airflow/dags/dag_with_variable.py
[2024-07-10T20:14:54.451+0000] {logging_mixin.py:188} INFO - [2024-07-10T20:14:54.450+0000] {dag.py:3096} INFO - Sync 1 DAGs
[2024-07-10T20:14:54.471+0000] {logging_mixin.py:188} INFO - [2024-07-10T20:14:54.471+0000] {dag.py:3954} INFO - Setting next_dagrun for dag_with_variable to None, run_after=None
[2024-07-10T20:14:54.487+0000] {processor.py:183} INFO - Processing /opt/airflow/dags/dag_with_variable.py took 0.092 seconds
[2024-07-10T20:14:56.368+0000] {processor.py:161} INFO - Started process (PID=577) to work on /opt/airflow/dags/dag_with_variable.py
[2024-07-10T20:14:56.369+0000] {processor.py:830} INFO - Processing file /opt/airflow/dags/dag_with_variable.py for tasks to queue
[2024-07-10T20:14:56.371+0000] {logging_mixin.py:188} INFO - [2024-07-10T20:14:56.371+0000] {dagbag.py:540} INFO - Filling up the DagBag from /opt/airflow/dags/dag_with_variable.py
[2024-07-10T20:14:56.385+0000] {processor.py:840} INFO - DAG(s) 'dag_with_variable' retrieved from /opt/airflow/dags/dag_with_variable.py
[2024-07-10T20:14:56.404+0000] {logging_mixin.py:188} INFO - [2024-07-10T20:14:56.404+0000] {dag.py:3096} INFO - Sync 1 DAGs
[2024-07-10T20:14:56.424+0000] {logging_mixin.py:188} INFO - [2024-07-10T20:14:56.424+0000] {dag.py:3954} INFO - Setting next_dagrun for dag_with_variable to None, run_after=None
[2024-07-10T20:14:56.442+0000] {processor.py:183} INFO - Processing /opt/airflow/dags/dag_with_variable.py took 0.080 seconds
[2024-07-10T20:15:00.390+0000] {processor.py:161} INFO - Started process (PID=639) to work on /opt/airflow/dags/dag_with_variable.py
[2024-07-10T20:15:00.392+0000] {processor.py:830} INFO - Processing file /opt/airflow/dags/dag_with_variable.py for tasks to queue
[2024-07-10T20:15:00.394+0000] {logging_mixin.py:188} INFO - [2024-07-10T20:15:00.394+0000] {dagbag.py:540} INFO - Filling up the DagBag from /opt/airflow/dags/dag_with_variable.py
[2024-07-10T20:15:00.412+0000] {processor.py:840} INFO - DAG(s) 'dag_with_variable' retrieved from /opt/airflow/dags/dag_with_variable.py
[2024-07-10T20:15:00.432+0000] {logging_mixin.py:188} INFO - [2024-07-10T20:15:00.432+0000] {dag.py:3096} INFO - Sync 1 DAGs
[2024-07-10T20:15:00.454+0000] {logging_mixin.py:188} INFO - [2024-07-10T20:15:00.453+0000] {dag.py:3954} INFO - Setting next_dagrun for dag_with_variable to None, run_after=None
[2024-07-10T20:15:00.476+0000] {processor.py:183} INFO - Processing /opt/airflow/dags/dag_with_variable.py took 0.094 seconds
[2024-07-10T20:15:04.464+0000] {processor.py:161} INFO - Started process (PID=701) to work on /opt/airflow/dags/dag_with_variable.py
[2024-07-10T20:15:04.465+0000] {processor.py:830} INFO - Processing file /opt/airflow/dags/dag_with_variable.py for tasks to queue
[2024-07-10T20:15:04.468+0000] {logging_mixin.py:188} INFO - [2024-07-10T20:15:04.467+0000] {dagbag.py:540} INFO - Filling up the DagBag from /opt/airflow/dags/dag_with_variable.py
[2024-07-10T20:15:04.489+0000] {processor.py:840} INFO - DAG(s) 'dag_with_variable' retrieved from /opt/airflow/dags/dag_with_variable.py
[2024-07-10T20:15:04.511+0000] {logging_mixin.py:188} INFO - [2024-07-10T20:15:04.511+0000] {dag.py:3096} INFO - Sync 1 DAGs
[2024-07-10T20:15:04.534+0000] {logging_mixin.py:188} INFO - [2024-07-10T20:15:04.534+0000] {dag.py:3954} INFO - Setting next_dagrun for dag_with_variable to None, run_after=None
[2024-07-10T20:15:04.562+0000] {processor.py:183} INFO - Processing /opt/airflow/dags/dag_with_variable.py took 0.107 seconds
[2024-07-10T20:15:09.120+0000] {processor.py:161} INFO - Started process (PID=769) to work on /opt/airflow/dags/dag_with_variable.py
[2024-07-10T20:15:09.121+0000] {processor.py:830} INFO - Processing file /opt/airflow/dags/dag_with_variable.py for tasks to queue
[2024-07-10T20:15:09.123+0000] {logging_mixin.py:188} INFO - [2024-07-10T20:15:09.123+0000] {dagbag.py:540} INFO - Filling up the DagBag from /opt/airflow/dags/dag_with_variable.py
[2024-07-10T20:15:09.138+0000] {processor.py:840} INFO - DAG(s) 'dag_with_variable' retrieved from /opt/airflow/dags/dag_with_variable.py
[2024-07-10T20:15:09.165+0000] {logging_mixin.py:188} INFO - [2024-07-10T20:15:09.165+0000] {dag.py:3096} INFO - Sync 1 DAGs
[2024-07-10T20:15:09.191+0000] {logging_mixin.py:188} INFO - [2024-07-10T20:15:09.191+0000] {dag.py:3954} INFO - Setting next_dagrun for dag_with_variable to None, run_after=None
[2024-07-10T20:15:09.210+0000] {processor.py:183} INFO - Processing /opt/airflow/dags/dag_with_variable.py took 0.097 seconds
[2024-07-10T20:15:13.372+0000] {processor.py:161} INFO - Started process (PID=831) to work on /opt/airflow/dags/dag_with_variable.py
[2024-07-10T20:15:13.373+0000] {processor.py:830} INFO - Processing file /opt/airflow/dags/dag_with_variable.py for tasks to queue
[2024-07-10T20:15:13.375+0000] {logging_mixin.py:188} INFO - [2024-07-10T20:15:13.375+0000] {dagbag.py:540} INFO - Filling up the DagBag from /opt/airflow/dags/dag_with_variable.py
[2024-07-10T20:15:13.391+0000] {processor.py:840} INFO - DAG(s) 'dag_with_variable' retrieved from /opt/airflow/dags/dag_with_variable.py
[2024-07-10T20:15:13.411+0000] {logging_mixin.py:188} INFO - [2024-07-10T20:15:13.411+0000] {dag.py:3096} INFO - Sync 1 DAGs
[2024-07-10T20:15:13.431+0000] {logging_mixin.py:188} INFO - [2024-07-10T20:15:13.431+0000] {dag.py:3954} INFO - Setting next_dagrun for dag_with_variable to None, run_after=None
[2024-07-10T20:15:13.451+0000] {processor.py:183} INFO - Processing /opt/airflow/dags/dag_with_variable.py took 0.085 seconds
[2024-07-10T20:15:17.602+0000] {processor.py:161} INFO - Started process (PID=893) to work on /opt/airflow/dags/dag_with_variable.py
[2024-07-10T20:15:17.603+0000] {processor.py:830} INFO - Processing file /opt/airflow/dags/dag_with_variable.py for tasks to queue
[2024-07-10T20:15:17.605+0000] {logging_mixin.py:188} INFO - [2024-07-10T20:15:17.605+0000] {dagbag.py:540} INFO - Filling up the DagBag from /opt/airflow/dags/dag_with_variable.py
[2024-07-10T20:15:17.620+0000] {processor.py:840} INFO - DAG(s) 'dag_with_variable' retrieved from /opt/airflow/dags/dag_with_variable.py
[2024-07-10T20:15:17.639+0000] {logging_mixin.py:188} INFO - [2024-07-10T20:15:17.639+0000] {dag.py:3096} INFO - Sync 1 DAGs
[2024-07-10T20:15:17.662+0000] {logging_mixin.py:188} INFO - [2024-07-10T20:15:17.662+0000] {dag.py:3954} INFO - Setting next_dagrun for dag_with_variable to None, run_after=None
[2024-07-10T20:15:17.684+0000] {processor.py:183} INFO - Processing /opt/airflow/dags/dag_with_variable.py took 0.089 seconds
[2024-07-10T20:15:22.266+0000] {processor.py:161} INFO - Started process (PID=955) to work on /opt/airflow/dags/dag_with_variable.py
[2024-07-10T20:15:22.268+0000] {processor.py:830} INFO - Processing file /opt/airflow/dags/dag_with_variable.py for tasks to queue
[2024-07-10T20:15:22.270+0000] {logging_mixin.py:188} INFO - [2024-07-10T20:15:22.270+0000] {dagbag.py:540} INFO - Filling up the DagBag from /opt/airflow/dags/dag_with_variable.py
[2024-07-10T20:15:22.285+0000] {processor.py:840} INFO - DAG(s) 'dag_with_variable' retrieved from /opt/airflow/dags/dag_with_variable.py
[2024-07-10T20:15:22.303+0000] {logging_mixin.py:188} INFO - [2024-07-10T20:15:22.303+0000] {dag.py:3096} INFO - Sync 1 DAGs
[2024-07-10T20:15:22.321+0000] {logging_mixin.py:188} INFO - [2024-07-10T20:15:22.321+0000] {dag.py:3954} INFO - Setting next_dagrun for dag_with_variable to None, run_after=None
[2024-07-10T20:15:22.340+0000] {processor.py:183} INFO - Processing /opt/airflow/dags/dag_with_variable.py took 0.079 seconds
[2024-07-10T20:15:26.595+0000] {processor.py:161} INFO - Started process (PID=1017) to work on /opt/airflow/dags/dag_with_variable.py
[2024-07-10T20:15:26.597+0000] {processor.py:830} INFO - Processing file /opt/airflow/dags/dag_with_variable.py for tasks to queue
[2024-07-10T20:15:26.599+0000] {logging_mixin.py:188} INFO - [2024-07-10T20:15:26.598+0000] {dagbag.py:540} INFO - Filling up the DagBag from /opt/airflow/dags/dag_with_variable.py
[2024-07-10T20:15:26.618+0000] {processor.py:840} INFO - DAG(s) 'dag_with_variable' retrieved from /opt/airflow/dags/dag_with_variable.py
[2024-07-10T20:15:26.643+0000] {logging_mixin.py:188} INFO - [2024-07-10T20:15:26.642+0000] {dag.py:3096} INFO - Sync 1 DAGs
[2024-07-10T20:15:26.669+0000] {logging_mixin.py:188} INFO - [2024-07-10T20:15:26.669+0000] {dag.py:3954} INFO - Setting next_dagrun for dag_with_variable to None, run_after=None
[2024-07-10T20:15:26.693+0000] {processor.py:183} INFO - Processing /opt/airflow/dags/dag_with_variable.py took 0.106 seconds
[2024-07-10T20:15:31.061+0000] {processor.py:161} INFO - Started process (PID=1079) to work on /opt/airflow/dags/dag_with_variable.py
[2024-07-10T20:15:31.063+0000] {processor.py:830} INFO - Processing file /opt/airflow/dags/dag_with_variable.py for tasks to queue
[2024-07-10T20:15:31.065+0000] {logging_mixin.py:188} INFO - [2024-07-10T20:15:31.064+0000] {dagbag.py:540} INFO - Filling up the DagBag from /opt/airflow/dags/dag_with_variable.py
[2024-07-10T20:15:31.079+0000] {processor.py:840} INFO - DAG(s) 'dag_with_variable' retrieved from /opt/airflow/dags/dag_with_variable.py
[2024-07-10T20:15:31.097+0000] {logging_mixin.py:188} INFO - [2024-07-10T20:15:31.097+0000] {dag.py:3096} INFO - Sync 1 DAGs
[2024-07-10T20:15:31.117+0000] {logging_mixin.py:188} INFO - [2024-07-10T20:15:31.116+0000] {dag.py:3954} INFO - Setting next_dagrun for dag_with_variable to None, run_after=None
[2024-07-10T20:15:31.136+0000] {processor.py:183} INFO - Processing /opt/airflow/dags/dag_with_variable.py took 0.081 seconds
[2024-07-10T20:15:33.231+0000] {processor.py:161} INFO - Started process (PID=1111) to work on /opt/airflow/dags/dag_with_variable.py
[2024-07-10T20:15:33.232+0000] {processor.py:830} INFO - Processing file /opt/airflow/dags/dag_with_variable.py for tasks to queue
[2024-07-10T20:15:33.233+0000] {logging_mixin.py:188} INFO - [2024-07-10T20:15:33.233+0000] {dagbag.py:540} INFO - Filling up the DagBag from /opt/airflow/dags/dag_with_variable.py
[2024-07-10T20:15:33.248+0000] {processor.py:840} INFO - DAG(s) 'dag_with_variable' retrieved from /opt/airflow/dags/dag_with_variable.py
[2024-07-10T20:15:33.264+0000] {logging_mixin.py:188} INFO - [2024-07-10T20:15:33.264+0000] {dag.py:3096} INFO - Sync 1 DAGs
[2024-07-10T20:15:33.283+0000] {logging_mixin.py:188} INFO - [2024-07-10T20:15:33.282+0000] {dag.py:3954} INFO - Setting next_dagrun for dag_with_variable to None, run_after=None
[2024-07-10T20:15:33.300+0000] {processor.py:183} INFO - Processing /opt/airflow/dags/dag_with_variable.py took 0.075 seconds
[2024-07-10T20:15:37.591+0000] {processor.py:161} INFO - Started process (PID=1179) to work on /opt/airflow/dags/dag_with_variable.py
[2024-07-10T20:15:37.592+0000] {processor.py:830} INFO - Processing file /opt/airflow/dags/dag_with_variable.py for tasks to queue
[2024-07-10T20:15:37.595+0000] {logging_mixin.py:188} INFO - [2024-07-10T20:15:37.594+0000] {dagbag.py:540} INFO - Filling up the DagBag from /opt/airflow/dags/dag_with_variable.py
[2024-07-10T20:15:37.612+0000] {processor.py:840} INFO - DAG(s) 'dag_with_variable' retrieved from /opt/airflow/dags/dag_with_variable.py
[2024-07-10T20:15:37.631+0000] {logging_mixin.py:188} INFO - [2024-07-10T20:15:37.631+0000] {dag.py:3096} INFO - Sync 1 DAGs
[2024-07-10T20:15:37.649+0000] {logging_mixin.py:188} INFO - [2024-07-10T20:15:37.649+0000] {dag.py:3954} INFO - Setting next_dagrun for dag_with_variable to None, run_after=None
[2024-07-10T20:15:37.669+0000] {processor.py:183} INFO - Processing /opt/airflow/dags/dag_with_variable.py took 0.083 seconds
[2024-07-10T20:15:39.927+0000] {processor.py:161} INFO - Started process (PID=1211) to work on /opt/airflow/dags/dag_with_variable.py
[2024-07-10T20:15:39.929+0000] {processor.py:830} INFO - Processing file /opt/airflow/dags/dag_with_variable.py for tasks to queue
[2024-07-10T20:15:39.931+0000] {logging_mixin.py:188} INFO - [2024-07-10T20:15:39.931+0000] {dagbag.py:540} INFO - Filling up the DagBag from /opt/airflow/dags/dag_with_variable.py
[2024-07-10T20:15:39.952+0000] {processor.py:840} INFO - DAG(s) 'dag_with_variable' retrieved from /opt/airflow/dags/dag_with_variable.py
[2024-07-10T20:15:39.977+0000] {logging_mixin.py:188} INFO - [2024-07-10T20:15:39.977+0000] {dag.py:3096} INFO - Sync 1 DAGs
[2024-07-10T20:15:40.010+0000] {logging_mixin.py:188} INFO - [2024-07-10T20:15:40.009+0000] {dag.py:3954} INFO - Setting next_dagrun for dag_with_variable to None, run_after=None
[2024-07-10T20:15:40.044+0000] {processor.py:183} INFO - Processing /opt/airflow/dags/dag_with_variable.py took 0.125 seconds
