[2024-07-10T20:14:51.803+0000] {processor.py:161} INFO - Started process (PID=511) to work on /opt/airflow/dags/dag_with_decorator.py
[2024-07-10T20:14:51.805+0000] {processor.py:830} INFO - Processing file /opt/airflow/dags/dag_with_decorator.py for tasks to queue
[2024-07-10T20:14:51.807+0000] {logging_mixin.py:188} INFO - [2024-07-10T20:14:51.807+0000] {dagbag.py:540} INFO - Filling up the DagBag from /opt/airflow/dags/dag_with_decorator.py
[2024-07-10T20:14:51.823+0000] {processor.py:840} INFO - DAG(s) 'dag_with_decorator' retrieved from /opt/airflow/dags/dag_with_decorator.py
[2024-07-10T20:14:51.840+0000] {logging_mixin.py:188} INFO - [2024-07-10T20:14:51.840+0000] {dag.py:3096} INFO - Sync 1 DAGs
[2024-07-10T20:14:51.859+0000] {logging_mixin.py:188} INFO - [2024-07-10T20:14:51.859+0000] {dag.py:3954} INFO - Setting next_dagrun for dag_with_decorator to None, run_after=None
[2024-07-10T20:14:51.880+0000] {processor.py:183} INFO - Processing /opt/airflow/dags/dag_with_decorator.py took 0.083 seconds
[2024-07-10T20:14:54.286+0000] {processor.py:161} INFO - Started process (PID=543) to work on /opt/airflow/dags/dag_with_decorator.py
[2024-07-10T20:14:54.287+0000] {processor.py:830} INFO - Processing file /opt/airflow/dags/dag_with_decorator.py for tasks to queue
[2024-07-10T20:14:54.290+0000] {logging_mixin.py:188} INFO - [2024-07-10T20:14:54.289+0000] {dagbag.py:540} INFO - Filling up the DagBag from /opt/airflow/dags/dag_with_decorator.py
[2024-07-10T20:14:54.307+0000] {processor.py:840} INFO - DAG(s) 'dag_with_decorator' retrieved from /opt/airflow/dags/dag_with_decorator.py
[2024-07-10T20:14:54.324+0000] {logging_mixin.py:188} INFO - [2024-07-10T20:14:54.324+0000] {dag.py:3096} INFO - Sync 1 DAGs
[2024-07-10T20:14:54.343+0000] {logging_mixin.py:188} INFO - [2024-07-10T20:14:54.343+0000] {dag.py:3954} INFO - Setting next_dagrun for dag_with_decorator to None, run_after=None
[2024-07-10T20:14:54.362+0000] {processor.py:183} INFO - Processing /opt/airflow/dags/dag_with_decorator.py took 0.084 seconds
[2024-07-10T20:14:56.257+0000] {processor.py:161} INFO - Started process (PID=575) to work on /opt/airflow/dags/dag_with_decorator.py
[2024-07-10T20:14:56.258+0000] {processor.py:830} INFO - Processing file /opt/airflow/dags/dag_with_decorator.py for tasks to queue
[2024-07-10T20:14:56.260+0000] {logging_mixin.py:188} INFO - [2024-07-10T20:14:56.260+0000] {dagbag.py:540} INFO - Filling up the DagBag from /opt/airflow/dags/dag_with_decorator.py
[2024-07-10T20:14:56.277+0000] {processor.py:840} INFO - DAG(s) 'dag_with_decorator' retrieved from /opt/airflow/dags/dag_with_decorator.py
[2024-07-10T20:14:56.296+0000] {logging_mixin.py:188} INFO - [2024-07-10T20:14:56.296+0000] {dag.py:3096} INFO - Sync 1 DAGs
[2024-07-10T20:14:56.316+0000] {logging_mixin.py:188} INFO - [2024-07-10T20:14:56.316+0000] {dag.py:3954} INFO - Setting next_dagrun for dag_with_decorator to None, run_after=None
[2024-07-10T20:14:56.334+0000] {processor.py:183} INFO - Processing /opt/airflow/dags/dag_with_decorator.py took 0.084 seconds
[2024-07-10T20:14:58.285+0000] {processor.py:161} INFO - Started process (PID=607) to work on /opt/airflow/dags/dag_with_decorator.py
[2024-07-10T20:14:58.286+0000] {processor.py:830} INFO - Processing file /opt/airflow/dags/dag_with_decorator.py for tasks to queue
[2024-07-10T20:14:58.288+0000] {logging_mixin.py:188} INFO - [2024-07-10T20:14:58.288+0000] {dagbag.py:540} INFO - Filling up the DagBag from /opt/airflow/dags/dag_with_decorator.py
[2024-07-10T20:14:58.304+0000] {processor.py:840} INFO - DAG(s) 'dag_with_decorator' retrieved from /opt/airflow/dags/dag_with_decorator.py
[2024-07-10T20:14:58.322+0000] {logging_mixin.py:188} INFO - [2024-07-10T20:14:58.322+0000] {dag.py:3096} INFO - Sync 1 DAGs
[2024-07-10T20:14:58.343+0000] {logging_mixin.py:188} INFO - [2024-07-10T20:14:58.342+0000] {dag.py:3954} INFO - Setting next_dagrun for dag_with_decorator to None, run_after=None
[2024-07-10T20:14:58.360+0000] {processor.py:183} INFO - Processing /opt/airflow/dags/dag_with_decorator.py took 0.081 seconds
[2024-07-10T20:15:00.344+0000] {processor.py:161} INFO - Started process (PID=638) to work on /opt/airflow/dags/dag_with_decorator.py
[2024-07-10T20:15:00.346+0000] {processor.py:830} INFO - Processing file /opt/airflow/dags/dag_with_decorator.py for tasks to queue
[2024-07-10T20:15:00.348+0000] {logging_mixin.py:188} INFO - [2024-07-10T20:15:00.347+0000] {dagbag.py:540} INFO - Filling up the DagBag from /opt/airflow/dags/dag_with_decorator.py
[2024-07-10T20:15:00.367+0000] {processor.py:840} INFO - DAG(s) 'dag_with_decorator' retrieved from /opt/airflow/dags/dag_with_decorator.py
[2024-07-10T20:15:00.388+0000] {logging_mixin.py:188} INFO - [2024-07-10T20:15:00.388+0000] {dag.py:3096} INFO - Sync 1 DAGs
[2024-07-10T20:15:00.412+0000] {logging_mixin.py:188} INFO - [2024-07-10T20:15:00.412+0000] {dag.py:3954} INFO - Setting next_dagrun for dag_with_decorator to None, run_after=None
[2024-07-10T20:15:00.433+0000] {processor.py:183} INFO - Processing /opt/airflow/dags/dag_with_decorator.py took 0.096 seconds
[2024-07-10T20:15:02.304+0000] {processor.py:161} INFO - Started process (PID=669) to work on /opt/airflow/dags/dag_with_decorator.py
[2024-07-10T20:15:02.305+0000] {processor.py:830} INFO - Processing file /opt/airflow/dags/dag_with_decorator.py for tasks to queue
[2024-07-10T20:15:02.307+0000] {logging_mixin.py:188} INFO - [2024-07-10T20:15:02.306+0000] {dagbag.py:540} INFO - Filling up the DagBag from /opt/airflow/dags/dag_with_decorator.py
[2024-07-10T20:15:02.323+0000] {processor.py:840} INFO - DAG(s) 'dag_with_decorator' retrieved from /opt/airflow/dags/dag_with_decorator.py
[2024-07-10T20:15:02.340+0000] {logging_mixin.py:188} INFO - [2024-07-10T20:15:02.339+0000] {dag.py:3096} INFO - Sync 1 DAGs
[2024-07-10T20:15:02.359+0000] {logging_mixin.py:188} INFO - [2024-07-10T20:15:02.359+0000] {dag.py:3954} INFO - Setting next_dagrun for dag_with_decorator to None, run_after=None
[2024-07-10T20:15:02.377+0000] {processor.py:183} INFO - Processing /opt/airflow/dags/dag_with_decorator.py took 0.080 seconds
[2024-07-10T20:15:04.386+0000] {processor.py:161} INFO - Started process (PID=700) to work on /opt/airflow/dags/dag_with_decorator.py
[2024-07-10T20:15:04.387+0000] {processor.py:830} INFO - Processing file /opt/airflow/dags/dag_with_decorator.py for tasks to queue
[2024-07-10T20:15:04.389+0000] {logging_mixin.py:188} INFO - [2024-07-10T20:15:04.389+0000] {dagbag.py:540} INFO - Filling up the DagBag from /opt/airflow/dags/dag_with_decorator.py
[2024-07-10T20:15:04.404+0000] {processor.py:840} INFO - DAG(s) 'dag_with_decorator' retrieved from /opt/airflow/dags/dag_with_decorator.py
[2024-07-10T20:15:04.422+0000] {logging_mixin.py:188} INFO - [2024-07-10T20:15:04.422+0000] {dag.py:3096} INFO - Sync 1 DAGs
[2024-07-10T20:15:04.446+0000] {logging_mixin.py:188} INFO - [2024-07-10T20:15:04.446+0000] {dag.py:3954} INFO - Setting next_dagrun for dag_with_decorator to None, run_after=None
[2024-07-10T20:15:04.466+0000] {processor.py:183} INFO - Processing /opt/airflow/dags/dag_with_decorator.py took 0.086 seconds
[2024-07-10T20:15:06.770+0000] {processor.py:161} INFO - Started process (PID=737) to work on /opt/airflow/dags/dag_with_decorator.py
[2024-07-10T20:15:06.771+0000] {processor.py:830} INFO - Processing file /opt/airflow/dags/dag_with_decorator.py for tasks to queue
[2024-07-10T20:15:06.775+0000] {logging_mixin.py:188} INFO - [2024-07-10T20:15:06.774+0000] {dagbag.py:540} INFO - Filling up the DagBag from /opt/airflow/dags/dag_with_decorator.py
[2024-07-10T20:15:06.794+0000] {processor.py:840} INFO - DAG(s) 'dag_with_decorator' retrieved from /opt/airflow/dags/dag_with_decorator.py
[2024-07-10T20:15:06.815+0000] {logging_mixin.py:188} INFO - [2024-07-10T20:15:06.814+0000] {dag.py:3096} INFO - Sync 1 DAGs
[2024-07-10T20:15:06.839+0000] {logging_mixin.py:188} INFO - [2024-07-10T20:15:06.839+0000] {dag.py:3954} INFO - Setting next_dagrun for dag_with_decorator to None, run_after=None
[2024-07-10T20:15:06.857+0000] {processor.py:183} INFO - Processing /opt/airflow/dags/dag_with_decorator.py took 0.095 seconds
[2024-07-10T20:15:09.054+0000] {processor.py:161} INFO - Started process (PID=768) to work on /opt/airflow/dags/dag_with_decorator.py
[2024-07-10T20:15:09.055+0000] {processor.py:830} INFO - Processing file /opt/airflow/dags/dag_with_decorator.py for tasks to queue
[2024-07-10T20:15:09.056+0000] {logging_mixin.py:188} INFO - [2024-07-10T20:15:09.056+0000] {dagbag.py:540} INFO - Filling up the DagBag from /opt/airflow/dags/dag_with_decorator.py
[2024-07-10T20:15:09.071+0000] {processor.py:840} INFO - DAG(s) 'dag_with_decorator' retrieved from /opt/airflow/dags/dag_with_decorator.py
[2024-07-10T20:15:09.089+0000] {logging_mixin.py:188} INFO - [2024-07-10T20:15:09.088+0000] {dag.py:3096} INFO - Sync 1 DAGs
[2024-07-10T20:15:09.109+0000] {logging_mixin.py:188} INFO - [2024-07-10T20:15:09.109+0000] {dag.py:3954} INFO - Setting next_dagrun for dag_with_decorator to None, run_after=None
[2024-07-10T20:15:09.128+0000] {processor.py:183} INFO - Processing /opt/airflow/dags/dag_with_decorator.py took 0.081 seconds
[2024-07-10T20:15:11.101+0000] {processor.py:161} INFO - Started process (PID=799) to work on /opt/airflow/dags/dag_with_decorator.py
[2024-07-10T20:15:11.102+0000] {processor.py:830} INFO - Processing file /opt/airflow/dags/dag_with_decorator.py for tasks to queue
[2024-07-10T20:15:11.104+0000] {logging_mixin.py:188} INFO - [2024-07-10T20:15:11.103+0000] {dagbag.py:540} INFO - Filling up the DagBag from /opt/airflow/dags/dag_with_decorator.py
[2024-07-10T20:15:11.119+0000] {processor.py:840} INFO - DAG(s) 'dag_with_decorator' retrieved from /opt/airflow/dags/dag_with_decorator.py
[2024-07-10T20:15:11.140+0000] {logging_mixin.py:188} INFO - [2024-07-10T20:15:11.139+0000] {dag.py:3096} INFO - Sync 1 DAGs
[2024-07-10T20:15:11.163+0000] {logging_mixin.py:188} INFO - [2024-07-10T20:15:11.163+0000] {dag.py:3954} INFO - Setting next_dagrun for dag_with_decorator to None, run_after=None
[2024-07-10T20:15:11.182+0000] {processor.py:183} INFO - Processing /opt/airflow/dags/dag_with_decorator.py took 0.088 seconds
[2024-07-10T20:15:13.317+0000] {processor.py:161} INFO - Started process (PID=830) to work on /opt/airflow/dags/dag_with_decorator.py
[2024-07-10T20:15:13.318+0000] {processor.py:830} INFO - Processing file /opt/airflow/dags/dag_with_decorator.py for tasks to queue
[2024-07-10T20:15:13.320+0000] {logging_mixin.py:188} INFO - [2024-07-10T20:15:13.320+0000] {dagbag.py:540} INFO - Filling up the DagBag from /opt/airflow/dags/dag_with_decorator.py
[2024-07-10T20:15:13.336+0000] {processor.py:840} INFO - DAG(s) 'dag_with_decorator' retrieved from /opt/airflow/dags/dag_with_decorator.py
[2024-07-10T20:15:13.355+0000] {logging_mixin.py:188} INFO - [2024-07-10T20:15:13.354+0000] {dag.py:3096} INFO - Sync 1 DAGs
[2024-07-10T20:15:13.373+0000] {logging_mixin.py:188} INFO - [2024-07-10T20:15:13.373+0000] {dag.py:3954} INFO - Setting next_dagrun for dag_with_decorator to None, run_after=None
[2024-07-10T20:15:13.393+0000] {processor.py:183} INFO - Processing /opt/airflow/dags/dag_with_decorator.py took 0.081 seconds
[2024-07-10T20:15:15.475+0000] {processor.py:161} INFO - Started process (PID=861) to work on /opt/airflow/dags/dag_with_decorator.py
[2024-07-10T20:15:15.476+0000] {processor.py:830} INFO - Processing file /opt/airflow/dags/dag_with_decorator.py for tasks to queue
[2024-07-10T20:15:15.478+0000] {logging_mixin.py:188} INFO - [2024-07-10T20:15:15.477+0000] {dagbag.py:540} INFO - Filling up the DagBag from /opt/airflow/dags/dag_with_decorator.py
[2024-07-10T20:15:15.494+0000] {processor.py:840} INFO - DAG(s) 'dag_with_decorator' retrieved from /opt/airflow/dags/dag_with_decorator.py
[2024-07-10T20:15:15.511+0000] {logging_mixin.py:188} INFO - [2024-07-10T20:15:15.511+0000] {dag.py:3096} INFO - Sync 1 DAGs
[2024-07-10T20:15:15.529+0000] {logging_mixin.py:188} INFO - [2024-07-10T20:15:15.529+0000] {dag.py:3954} INFO - Setting next_dagrun for dag_with_decorator to None, run_after=None
[2024-07-10T20:15:15.549+0000] {processor.py:183} INFO - Processing /opt/airflow/dags/dag_with_decorator.py took 0.080 seconds
[2024-07-10T20:15:17.592+0000] {processor.py:161} INFO - Started process (PID=892) to work on /opt/airflow/dags/dag_with_decorator.py
[2024-07-10T20:15:17.594+0000] {processor.py:830} INFO - Processing file /opt/airflow/dags/dag_with_decorator.py for tasks to queue
[2024-07-10T20:15:17.595+0000] {logging_mixin.py:188} INFO - [2024-07-10T20:15:17.595+0000] {dagbag.py:540} INFO - Filling up the DagBag from /opt/airflow/dags/dag_with_decorator.py
[2024-07-10T20:15:17.612+0000] {processor.py:840} INFO - DAG(s) 'dag_with_decorator' retrieved from /opt/airflow/dags/dag_with_decorator.py
[2024-07-10T20:15:17.631+0000] {logging_mixin.py:188} INFO - [2024-07-10T20:15:17.630+0000] {dag.py:3096} INFO - Sync 1 DAGs
[2024-07-10T20:15:17.654+0000] {logging_mixin.py:188} INFO - [2024-07-10T20:15:17.654+0000] {dag.py:3954} INFO - Setting next_dagrun for dag_with_decorator to None, run_after=None
[2024-07-10T20:15:17.679+0000] {processor.py:183} INFO - Processing /opt/airflow/dags/dag_with_decorator.py took 0.093 seconds
[2024-07-10T20:15:19.918+0000] {processor.py:161} INFO - Started process (PID=923) to work on /opt/airflow/dags/dag_with_decorator.py
[2024-07-10T20:15:19.920+0000] {processor.py:830} INFO - Processing file /opt/airflow/dags/dag_with_decorator.py for tasks to queue
[2024-07-10T20:15:19.921+0000] {logging_mixin.py:188} INFO - [2024-07-10T20:15:19.921+0000] {dagbag.py:540} INFO - Filling up the DagBag from /opt/airflow/dags/dag_with_decorator.py
[2024-07-10T20:15:19.936+0000] {processor.py:840} INFO - DAG(s) 'dag_with_decorator' retrieved from /opt/airflow/dags/dag_with_decorator.py
[2024-07-10T20:15:19.957+0000] {logging_mixin.py:188} INFO - [2024-07-10T20:15:19.957+0000] {dag.py:3096} INFO - Sync 1 DAGs
[2024-07-10T20:15:19.982+0000] {logging_mixin.py:188} INFO - [2024-07-10T20:15:19.982+0000] {dag.py:3954} INFO - Setting next_dagrun for dag_with_decorator to None, run_after=None
[2024-07-10T20:15:20.003+0000] {processor.py:183} INFO - Processing /opt/airflow/dags/dag_with_decorator.py took 0.091 seconds
[2024-07-10T20:15:22.258+0000] {processor.py:161} INFO - Started process (PID=954) to work on /opt/airflow/dags/dag_with_decorator.py
[2024-07-10T20:15:22.259+0000] {processor.py:830} INFO - Processing file /opt/airflow/dags/dag_with_decorator.py for tasks to queue
[2024-07-10T20:15:22.262+0000] {logging_mixin.py:188} INFO - [2024-07-10T20:15:22.261+0000] {dagbag.py:540} INFO - Filling up the DagBag from /opt/airflow/dags/dag_with_decorator.py
[2024-07-10T20:15:22.279+0000] {processor.py:840} INFO - DAG(s) 'dag_with_decorator' retrieved from /opt/airflow/dags/dag_with_decorator.py
[2024-07-10T20:15:22.297+0000] {logging_mixin.py:188} INFO - [2024-07-10T20:15:22.297+0000] {dag.py:3096} INFO - Sync 1 DAGs
[2024-07-10T20:15:22.315+0000] {logging_mixin.py:188} INFO - [2024-07-10T20:15:22.315+0000] {dag.py:3954} INFO - Setting next_dagrun for dag_with_decorator to None, run_after=None
[2024-07-10T20:15:22.336+0000] {processor.py:183} INFO - Processing /opt/airflow/dags/dag_with_decorator.py took 0.084 seconds
[2024-07-10T20:15:24.295+0000] {processor.py:161} INFO - Started process (PID=985) to work on /opt/airflow/dags/dag_with_decorator.py
[2024-07-10T20:15:24.296+0000] {processor.py:830} INFO - Processing file /opt/airflow/dags/dag_with_decorator.py for tasks to queue
[2024-07-10T20:15:24.298+0000] {logging_mixin.py:188} INFO - [2024-07-10T20:15:24.298+0000] {dagbag.py:540} INFO - Filling up the DagBag from /opt/airflow/dags/dag_with_decorator.py
[2024-07-10T20:15:24.316+0000] {processor.py:840} INFO - DAG(s) 'dag_with_decorator' retrieved from /opt/airflow/dags/dag_with_decorator.py
[2024-07-10T20:15:24.335+0000] {logging_mixin.py:188} INFO - [2024-07-10T20:15:24.335+0000] {dag.py:3096} INFO - Sync 1 DAGs
[2024-07-10T20:15:24.358+0000] {logging_mixin.py:188} INFO - [2024-07-10T20:15:24.358+0000] {dag.py:3954} INFO - Setting next_dagrun for dag_with_decorator to None, run_after=None
[2024-07-10T20:15:24.377+0000] {processor.py:183} INFO - Processing /opt/airflow/dags/dag_with_decorator.py took 0.089 seconds
[2024-07-10T20:15:26.512+0000] {processor.py:161} INFO - Started process (PID=1016) to work on /opt/airflow/dags/dag_with_decorator.py
[2024-07-10T20:15:26.513+0000] {processor.py:830} INFO - Processing file /opt/airflow/dags/dag_with_decorator.py for tasks to queue
[2024-07-10T20:15:26.516+0000] {logging_mixin.py:188} INFO - [2024-07-10T20:15:26.516+0000] {dagbag.py:540} INFO - Filling up the DagBag from /opt/airflow/dags/dag_with_decorator.py
[2024-07-10T20:15:26.534+0000] {processor.py:840} INFO - DAG(s) 'dag_with_decorator' retrieved from /opt/airflow/dags/dag_with_decorator.py
[2024-07-10T20:15:26.556+0000] {logging_mixin.py:188} INFO - [2024-07-10T20:15:26.556+0000] {dag.py:3096} INFO - Sync 1 DAGs
[2024-07-10T20:15:26.581+0000] {logging_mixin.py:188} INFO - [2024-07-10T20:15:26.581+0000] {dag.py:3954} INFO - Setting next_dagrun for dag_with_decorator to None, run_after=None
[2024-07-10T20:15:26.605+0000] {processor.py:183} INFO - Processing /opt/airflow/dags/dag_with_decorator.py took 0.100 seconds
[2024-07-10T20:15:28.487+0000] {processor.py:161} INFO - Started process (PID=1047) to work on /opt/airflow/dags/dag_with_decorator.py
[2024-07-10T20:15:28.488+0000] {processor.py:830} INFO - Processing file /opt/airflow/dags/dag_with_decorator.py for tasks to queue
[2024-07-10T20:15:28.490+0000] {logging_mixin.py:188} INFO - [2024-07-10T20:15:28.489+0000] {dagbag.py:540} INFO - Filling up the DagBag from /opt/airflow/dags/dag_with_decorator.py
[2024-07-10T20:15:28.508+0000] {processor.py:840} INFO - DAG(s) 'dag_with_decorator' retrieved from /opt/airflow/dags/dag_with_decorator.py
[2024-07-10T20:15:28.526+0000] {logging_mixin.py:188} INFO - [2024-07-10T20:15:28.526+0000] {dag.py:3096} INFO - Sync 1 DAGs
[2024-07-10T20:15:28.547+0000] {logging_mixin.py:188} INFO - [2024-07-10T20:15:28.547+0000] {dag.py:3954} INFO - Setting next_dagrun for dag_with_decorator to None, run_after=None
[2024-07-10T20:15:28.569+0000] {processor.py:183} INFO - Processing /opt/airflow/dags/dag_with_decorator.py took 0.091 seconds
[2024-07-10T20:15:30.937+0000] {processor.py:161} INFO - Started process (PID=1078) to work on /opt/airflow/dags/dag_with_decorator.py
[2024-07-10T20:15:30.938+0000] {processor.py:830} INFO - Processing file /opt/airflow/dags/dag_with_decorator.py for tasks to queue
[2024-07-10T20:15:30.940+0000] {logging_mixin.py:188} INFO - [2024-07-10T20:15:30.940+0000] {dagbag.py:540} INFO - Filling up the DagBag from /opt/airflow/dags/dag_with_decorator.py
[2024-07-10T20:15:30.958+0000] {processor.py:840} INFO - DAG(s) 'dag_with_decorator' retrieved from /opt/airflow/dags/dag_with_decorator.py
[2024-07-10T20:15:30.979+0000] {logging_mixin.py:188} INFO - [2024-07-10T20:15:30.978+0000] {dag.py:3096} INFO - Sync 1 DAGs
[2024-07-10T20:15:31.001+0000] {logging_mixin.py:188} INFO - [2024-07-10T20:15:31.001+0000] {dag.py:3954} INFO - Setting next_dagrun for dag_with_decorator to None, run_after=None
[2024-07-10T20:15:31.022+0000] {processor.py:183} INFO - Processing /opt/airflow/dags/dag_with_decorator.py took 0.092 seconds
[2024-07-10T20:15:33.118+0000] {processor.py:161} INFO - Started process (PID=1109) to work on /opt/airflow/dags/dag_with_decorator.py
[2024-07-10T20:15:33.119+0000] {processor.py:830} INFO - Processing file /opt/airflow/dags/dag_with_decorator.py for tasks to queue
[2024-07-10T20:15:33.121+0000] {logging_mixin.py:188} INFO - [2024-07-10T20:15:33.121+0000] {dagbag.py:540} INFO - Filling up the DagBag from /opt/airflow/dags/dag_with_decorator.py
[2024-07-10T20:15:33.136+0000] {processor.py:840} INFO - DAG(s) 'dag_with_decorator' retrieved from /opt/airflow/dags/dag_with_decorator.py
[2024-07-10T20:15:33.157+0000] {logging_mixin.py:188} INFO - [2024-07-10T20:15:33.156+0000] {dag.py:3096} INFO - Sync 1 DAGs
[2024-07-10T20:15:33.179+0000] {logging_mixin.py:188} INFO - [2024-07-10T20:15:33.179+0000] {dag.py:3954} INFO - Setting next_dagrun for dag_with_decorator to None, run_after=None
[2024-07-10T20:15:33.197+0000] {processor.py:183} INFO - Processing /opt/airflow/dags/dag_with_decorator.py took 0.084 seconds
[2024-07-10T20:15:35.189+0000] {processor.py:161} INFO - Started process (PID=1141) to work on /opt/airflow/dags/dag_with_decorator.py
[2024-07-10T20:15:35.190+0000] {processor.py:830} INFO - Processing file /opt/airflow/dags/dag_with_decorator.py for tasks to queue
[2024-07-10T20:15:35.192+0000] {logging_mixin.py:188} INFO - [2024-07-10T20:15:35.191+0000] {dagbag.py:540} INFO - Filling up the DagBag from /opt/airflow/dags/dag_with_decorator.py
[2024-07-10T20:15:35.205+0000] {processor.py:840} INFO - DAG(s) 'dag_with_decorator' retrieved from /opt/airflow/dags/dag_with_decorator.py
[2024-07-10T20:15:35.223+0000] {logging_mixin.py:188} INFO - [2024-07-10T20:15:35.223+0000] {dag.py:3096} INFO - Sync 1 DAGs
[2024-07-10T20:15:35.241+0000] {logging_mixin.py:188} INFO - [2024-07-10T20:15:35.241+0000] {dag.py:3954} INFO - Setting next_dagrun for dag_with_decorator to None, run_after=None
[2024-07-10T20:15:35.260+0000] {processor.py:183} INFO - Processing /opt/airflow/dags/dag_with_decorator.py took 0.082 seconds
[2024-07-10T20:15:37.485+0000] {processor.py:161} INFO - Started process (PID=1178) to work on /opt/airflow/dags/dag_with_decorator.py
[2024-07-10T20:15:37.486+0000] {processor.py:830} INFO - Processing file /opt/airflow/dags/dag_with_decorator.py for tasks to queue
[2024-07-10T20:15:37.489+0000] {logging_mixin.py:188} INFO - [2024-07-10T20:15:37.488+0000] {dagbag.py:540} INFO - Filling up the DagBag from /opt/airflow/dags/dag_with_decorator.py
[2024-07-10T20:15:37.504+0000] {processor.py:840} INFO - DAG(s) 'dag_with_decorator' retrieved from /opt/airflow/dags/dag_with_decorator.py
[2024-07-10T20:15:37.521+0000] {logging_mixin.py:188} INFO - [2024-07-10T20:15:37.521+0000] {dag.py:3096} INFO - Sync 1 DAGs
[2024-07-10T20:15:37.538+0000] {logging_mixin.py:188} INFO - [2024-07-10T20:15:37.538+0000] {dag.py:3954} INFO - Setting next_dagrun for dag_with_decorator to None, run_after=None
[2024-07-10T20:15:37.556+0000] {processor.py:183} INFO - Processing /opt/airflow/dags/dag_with_decorator.py took 0.077 seconds
[2024-07-10T20:15:39.756+0000] {processor.py:161} INFO - Started process (PID=1209) to work on /opt/airflow/dags/dag_with_decorator.py
[2024-07-10T20:15:39.758+0000] {processor.py:830} INFO - Processing file /opt/airflow/dags/dag_with_decorator.py for tasks to queue
[2024-07-10T20:15:39.760+0000] {logging_mixin.py:188} INFO - [2024-07-10T20:15:39.760+0000] {dagbag.py:540} INFO - Filling up the DagBag from /opt/airflow/dags/dag_with_decorator.py
[2024-07-10T20:15:39.785+0000] {processor.py:840} INFO - DAG(s) 'dag_with_decorator' retrieved from /opt/airflow/dags/dag_with_decorator.py
[2024-07-10T20:15:39.811+0000] {logging_mixin.py:188} INFO - [2024-07-10T20:15:39.810+0000] {dag.py:3096} INFO - Sync 1 DAGs
[2024-07-10T20:15:39.855+0000] {logging_mixin.py:188} INFO - [2024-07-10T20:15:39.855+0000] {dag.py:3954} INFO - Setting next_dagrun for dag_with_decorator to None, run_after=None
[2024-07-10T20:15:39.880+0000] {processor.py:183} INFO - Processing /opt/airflow/dags/dag_with_decorator.py took 0.135 seconds
