[2024-07-10T20:14:51.686+0000] {processor.py:161} INFO - Started process (PID=510) to work on /opt/airflow/dags/dag_full_config.py
[2024-07-10T20:14:51.688+0000] {processor.py:830} INFO - Processing file /opt/airflow/dags/dag_full_config.py for tasks to queue
[2024-07-10T20:14:51.691+0000] {logging_mixin.py:188} INFO - [2024-07-10T20:14:51.691+0000] {dagbag.py:540} INFO - Filling up the DagBag from /opt/airflow/dags/dag_full_config.py
[2024-07-10T20:14:51.710+0000] {processor.py:840} INFO - DAG(s) 'dag_full_config' retrieved from /opt/airflow/dags/dag_full_config.py
[2024-07-10T20:14:51.729+0000] {logging_mixin.py:188} INFO - [2024-07-10T20:14:51.729+0000] {dag.py:3096} INFO - Sync 1 DAGs
[2024-07-10T20:14:51.741+0000] {logging_mixin.py:188} INFO - [2024-07-10T20:14:51.740+0000] {dag.py:3954} INFO - Setting next_dagrun for dag_full_config to None, run_after=None
[2024-07-10T20:14:51.762+0000] {processor.py:183} INFO - Processing /opt/airflow/dags/dag_full_config.py took 0.083 seconds
[2024-07-10T20:14:54.173+0000] {processor.py:161} INFO - Started process (PID=542) to work on /opt/airflow/dags/dag_full_config.py
[2024-07-10T20:14:54.174+0000] {processor.py:830} INFO - Processing file /opt/airflow/dags/dag_full_config.py for tasks to queue
[2024-07-10T20:14:54.176+0000] {logging_mixin.py:188} INFO - [2024-07-10T20:14:54.176+0000] {dagbag.py:540} INFO - Filling up the DagBag from /opt/airflow/dags/dag_full_config.py
[2024-07-10T20:14:54.192+0000] {processor.py:840} INFO - DAG(s) 'dag_full_config' retrieved from /opt/airflow/dags/dag_full_config.py
[2024-07-10T20:14:54.209+0000] {logging_mixin.py:188} INFO - [2024-07-10T20:14:54.209+0000] {dag.py:3096} INFO - Sync 1 DAGs
[2024-07-10T20:14:54.222+0000] {logging_mixin.py:188} INFO - [2024-07-10T20:14:54.222+0000] {dag.py:3954} INFO - Setting next_dagrun for dag_full_config to None, run_after=None
[2024-07-10T20:14:54.245+0000] {processor.py:183} INFO - Processing /opt/airflow/dags/dag_full_config.py took 0.078 seconds
[2024-07-10T20:14:56.185+0000] {processor.py:161} INFO - Started process (PID=574) to work on /opt/airflow/dags/dag_full_config.py
[2024-07-10T20:14:56.186+0000] {processor.py:830} INFO - Processing file /opt/airflow/dags/dag_full_config.py for tasks to queue
[2024-07-10T20:14:56.188+0000] {logging_mixin.py:188} INFO - [2024-07-10T20:14:56.187+0000] {dagbag.py:540} INFO - Filling up the DagBag from /opt/airflow/dags/dag_full_config.py
[2024-07-10T20:14:56.206+0000] {processor.py:840} INFO - DAG(s) 'dag_full_config' retrieved from /opt/airflow/dags/dag_full_config.py
[2024-07-10T20:14:56.226+0000] {logging_mixin.py:188} INFO - [2024-07-10T20:14:56.226+0000] {dag.py:3096} INFO - Sync 1 DAGs
[2024-07-10T20:14:56.241+0000] {logging_mixin.py:188} INFO - [2024-07-10T20:14:56.240+0000] {dag.py:3954} INFO - Setting next_dagrun for dag_full_config to None, run_after=None
[2024-07-10T20:14:56.261+0000] {processor.py:183} INFO - Processing /opt/airflow/dags/dag_full_config.py took 0.084 seconds
[2024-07-10T20:14:58.253+0000] {processor.py:161} INFO - Started process (PID=606) to work on /opt/airflow/dags/dag_full_config.py
[2024-07-10T20:14:58.254+0000] {processor.py:830} INFO - Processing file /opt/airflow/dags/dag_full_config.py for tasks to queue
[2024-07-10T20:14:58.256+0000] {logging_mixin.py:188} INFO - [2024-07-10T20:14:58.256+0000] {dagbag.py:540} INFO - Filling up the DagBag from /opt/airflow/dags/dag_full_config.py
[2024-07-10T20:14:58.274+0000] {processor.py:840} INFO - DAG(s) 'dag_full_config' retrieved from /opt/airflow/dags/dag_full_config.py
[2024-07-10T20:14:58.293+0000] {logging_mixin.py:188} INFO - [2024-07-10T20:14:58.292+0000] {dag.py:3096} INFO - Sync 1 DAGs
[2024-07-10T20:14:58.306+0000] {logging_mixin.py:188} INFO - [2024-07-10T20:14:58.305+0000] {dag.py:3954} INFO - Setting next_dagrun for dag_full_config to None, run_after=None
[2024-07-10T20:14:58.327+0000] {processor.py:183} INFO - Processing /opt/airflow/dags/dag_full_config.py took 0.080 seconds
[2024-07-10T20:15:00.268+0000] {processor.py:161} INFO - Started process (PID=637) to work on /opt/airflow/dags/dag_full_config.py
[2024-07-10T20:15:00.269+0000] {processor.py:830} INFO - Processing file /opt/airflow/dags/dag_full_config.py for tasks to queue
[2024-07-10T20:15:00.271+0000] {logging_mixin.py:188} INFO - [2024-07-10T20:15:00.271+0000] {dagbag.py:540} INFO - Filling up the DagBag from /opt/airflow/dags/dag_full_config.py
[2024-07-10T20:15:00.289+0000] {processor.py:840} INFO - DAG(s) 'dag_full_config' retrieved from /opt/airflow/dags/dag_full_config.py
[2024-07-10T20:15:00.310+0000] {logging_mixin.py:188} INFO - [2024-07-10T20:15:00.310+0000] {dag.py:3096} INFO - Sync 1 DAGs
[2024-07-10T20:15:00.323+0000] {logging_mixin.py:188} INFO - [2024-07-10T20:15:00.323+0000] {dag.py:3954} INFO - Setting next_dagrun for dag_full_config to None, run_after=None
[2024-07-10T20:15:00.348+0000] {processor.py:183} INFO - Processing /opt/airflow/dags/dag_full_config.py took 0.088 seconds
[2024-07-10T20:15:02.216+0000] {processor.py:161} INFO - Started process (PID=668) to work on /opt/airflow/dags/dag_full_config.py
[2024-07-10T20:15:02.218+0000] {processor.py:830} INFO - Processing file /opt/airflow/dags/dag_full_config.py for tasks to queue
[2024-07-10T20:15:02.219+0000] {logging_mixin.py:188} INFO - [2024-07-10T20:15:02.219+0000] {dagbag.py:540} INFO - Filling up the DagBag from /opt/airflow/dags/dag_full_config.py
[2024-07-10T20:15:02.235+0000] {processor.py:840} INFO - DAG(s) 'dag_full_config' retrieved from /opt/airflow/dags/dag_full_config.py
[2024-07-10T20:15:02.253+0000] {logging_mixin.py:188} INFO - [2024-07-10T20:15:02.253+0000] {dag.py:3096} INFO - Sync 1 DAGs
[2024-07-10T20:15:02.265+0000] {logging_mixin.py:188} INFO - [2024-07-10T20:15:02.264+0000] {dag.py:3954} INFO - Setting next_dagrun for dag_full_config to None, run_after=None
[2024-07-10T20:15:02.287+0000] {processor.py:183} INFO - Processing /opt/airflow/dags/dag_full_config.py took 0.077 seconds
[2024-07-10T20:15:04.345+0000] {processor.py:161} INFO - Started process (PID=699) to work on /opt/airflow/dags/dag_full_config.py
[2024-07-10T20:15:04.346+0000] {processor.py:830} INFO - Processing file /opt/airflow/dags/dag_full_config.py for tasks to queue
[2024-07-10T20:15:04.349+0000] {logging_mixin.py:188} INFO - [2024-07-10T20:15:04.348+0000] {dagbag.py:540} INFO - Filling up the DagBag from /opt/airflow/dags/dag_full_config.py
[2024-07-10T20:15:04.371+0000] {processor.py:840} INFO - DAG(s) 'dag_full_config' retrieved from /opt/airflow/dags/dag_full_config.py
[2024-07-10T20:15:04.390+0000] {logging_mixin.py:188} INFO - [2024-07-10T20:15:04.390+0000] {dag.py:3096} INFO - Sync 1 DAGs
[2024-07-10T20:15:04.402+0000] {logging_mixin.py:188} INFO - [2024-07-10T20:15:04.401+0000] {dag.py:3954} INFO - Setting next_dagrun for dag_full_config to None, run_after=None
[2024-07-10T20:15:04.425+0000] {processor.py:183} INFO - Processing /opt/airflow/dags/dag_full_config.py took 0.087 seconds
[2024-07-10T20:15:06.641+0000] {processor.py:161} INFO - Started process (PID=736) to work on /opt/airflow/dags/dag_full_config.py
[2024-07-10T20:15:06.642+0000] {processor.py:830} INFO - Processing file /opt/airflow/dags/dag_full_config.py for tasks to queue
[2024-07-10T20:15:06.644+0000] {logging_mixin.py:188} INFO - [2024-07-10T20:15:06.644+0000] {dagbag.py:540} INFO - Filling up the DagBag from /opt/airflow/dags/dag_full_config.py
[2024-07-10T20:15:06.664+0000] {processor.py:840} INFO - DAG(s) 'dag_full_config' retrieved from /opt/airflow/dags/dag_full_config.py
[2024-07-10T20:15:06.688+0000] {logging_mixin.py:188} INFO - [2024-07-10T20:15:06.688+0000] {dag.py:3096} INFO - Sync 1 DAGs
[2024-07-10T20:15:06.704+0000] {logging_mixin.py:188} INFO - [2024-07-10T20:15:06.703+0000] {dag.py:3954} INFO - Setting next_dagrun for dag_full_config to None, run_after=None
[2024-07-10T20:15:06.725+0000] {processor.py:183} INFO - Processing /opt/airflow/dags/dag_full_config.py took 0.091 seconds
[2024-07-10T20:15:08.995+0000] {processor.py:161} INFO - Started process (PID=767) to work on /opt/airflow/dags/dag_full_config.py
[2024-07-10T20:15:08.996+0000] {processor.py:830} INFO - Processing file /opt/airflow/dags/dag_full_config.py for tasks to queue
[2024-07-10T20:15:08.999+0000] {logging_mixin.py:188} INFO - [2024-07-10T20:15:08.998+0000] {dagbag.py:540} INFO - Filling up the DagBag from /opt/airflow/dags/dag_full_config.py
[2024-07-10T20:15:09.020+0000] {processor.py:840} INFO - DAG(s) 'dag_full_config' retrieved from /opt/airflow/dags/dag_full_config.py
[2024-07-10T20:15:09.047+0000] {logging_mixin.py:188} INFO - [2024-07-10T20:15:09.046+0000] {dag.py:3096} INFO - Sync 1 DAGs
[2024-07-10T20:15:09.063+0000] {logging_mixin.py:188} INFO - [2024-07-10T20:15:09.062+0000] {dag.py:3954} INFO - Setting next_dagrun for dag_full_config to None, run_after=None
[2024-07-10T20:15:09.087+0000] {processor.py:183} INFO - Processing /opt/airflow/dags/dag_full_config.py took 0.100 seconds
[2024-07-10T20:15:11.023+0000] {processor.py:161} INFO - Started process (PID=798) to work on /opt/airflow/dags/dag_full_config.py
[2024-07-10T20:15:11.025+0000] {processor.py:830} INFO - Processing file /opt/airflow/dags/dag_full_config.py for tasks to queue
[2024-07-10T20:15:11.028+0000] {logging_mixin.py:188} INFO - [2024-07-10T20:15:11.027+0000] {dagbag.py:540} INFO - Filling up the DagBag from /opt/airflow/dags/dag_full_config.py
[2024-07-10T20:15:11.043+0000] {processor.py:840} INFO - DAG(s) 'dag_full_config' retrieved from /opt/airflow/dags/dag_full_config.py
[2024-07-10T20:15:11.080+0000] {logging_mixin.py:188} INFO - [2024-07-10T20:15:11.080+0000] {dag.py:3096} INFO - Sync 1 DAGs
[2024-07-10T20:15:11.094+0000] {logging_mixin.py:188} INFO - [2024-07-10T20:15:11.093+0000] {dag.py:3954} INFO - Setting next_dagrun for dag_full_config to None, run_after=None
[2024-07-10T20:15:11.115+0000] {processor.py:183} INFO - Processing /opt/airflow/dags/dag_full_config.py took 0.099 seconds
[2024-07-10T20:15:13.271+0000] {processor.py:161} INFO - Started process (PID=829) to work on /opt/airflow/dags/dag_full_config.py
[2024-07-10T20:15:13.272+0000] {processor.py:830} INFO - Processing file /opt/airflow/dags/dag_full_config.py for tasks to queue
[2024-07-10T20:15:13.274+0000] {logging_mixin.py:188} INFO - [2024-07-10T20:15:13.274+0000] {dagbag.py:540} INFO - Filling up the DagBag from /opt/airflow/dags/dag_full_config.py
[2024-07-10T20:15:13.289+0000] {processor.py:840} INFO - DAG(s) 'dag_full_config' retrieved from /opt/airflow/dags/dag_full_config.py
[2024-07-10T20:15:13.308+0000] {logging_mixin.py:188} INFO - [2024-07-10T20:15:13.307+0000] {dag.py:3096} INFO - Sync 1 DAGs
[2024-07-10T20:15:13.318+0000] {logging_mixin.py:188} INFO - [2024-07-10T20:15:13.318+0000] {dag.py:3954} INFO - Setting next_dagrun for dag_full_config to None, run_after=None
[2024-07-10T20:15:13.338+0000] {processor.py:183} INFO - Processing /opt/airflow/dags/dag_full_config.py took 0.073 seconds
[2024-07-10T20:15:15.374+0000] {processor.py:161} INFO - Started process (PID=860) to work on /opt/airflow/dags/dag_full_config.py
[2024-07-10T20:15:15.375+0000] {processor.py:830} INFO - Processing file /opt/airflow/dags/dag_full_config.py for tasks to queue
[2024-07-10T20:15:15.377+0000] {logging_mixin.py:188} INFO - [2024-07-10T20:15:15.377+0000] {dagbag.py:540} INFO - Filling up the DagBag from /opt/airflow/dags/dag_full_config.py
[2024-07-10T20:15:15.391+0000] {processor.py:840} INFO - DAG(s) 'dag_full_config' retrieved from /opt/airflow/dags/dag_full_config.py
[2024-07-10T20:15:15.408+0000] {logging_mixin.py:188} INFO - [2024-07-10T20:15:15.408+0000] {dag.py:3096} INFO - Sync 1 DAGs
[2024-07-10T20:15:15.419+0000] {logging_mixin.py:188} INFO - [2024-07-10T20:15:15.419+0000] {dag.py:3954} INFO - Setting next_dagrun for dag_full_config to None, run_after=None
[2024-07-10T20:15:15.440+0000] {processor.py:183} INFO - Processing /opt/airflow/dags/dag_full_config.py took 0.072 seconds
[2024-07-10T20:15:17.481+0000] {processor.py:161} INFO - Started process (PID=891) to work on /opt/airflow/dags/dag_full_config.py
[2024-07-10T20:15:17.482+0000] {processor.py:830} INFO - Processing file /opt/airflow/dags/dag_full_config.py for tasks to queue
[2024-07-10T20:15:17.484+0000] {logging_mixin.py:188} INFO - [2024-07-10T20:15:17.484+0000] {dagbag.py:540} INFO - Filling up the DagBag from /opt/airflow/dags/dag_full_config.py
[2024-07-10T20:15:17.501+0000] {processor.py:840} INFO - DAG(s) 'dag_full_config' retrieved from /opt/airflow/dags/dag_full_config.py
[2024-07-10T20:15:17.520+0000] {logging_mixin.py:188} INFO - [2024-07-10T20:15:17.520+0000] {dag.py:3096} INFO - Sync 1 DAGs
[2024-07-10T20:15:17.532+0000] {logging_mixin.py:188} INFO - [2024-07-10T20:15:17.532+0000] {dag.py:3954} INFO - Setting next_dagrun for dag_full_config to None, run_after=None
[2024-07-10T20:15:17.556+0000] {processor.py:183} INFO - Processing /opt/airflow/dags/dag_full_config.py took 0.081 seconds
[2024-07-10T20:15:19.793+0000] {processor.py:161} INFO - Started process (PID=922) to work on /opt/airflow/dags/dag_full_config.py
[2024-07-10T20:15:19.794+0000] {processor.py:830} INFO - Processing file /opt/airflow/dags/dag_full_config.py for tasks to queue
[2024-07-10T20:15:19.795+0000] {logging_mixin.py:188} INFO - [2024-07-10T20:15:19.795+0000] {dagbag.py:540} INFO - Filling up the DagBag from /opt/airflow/dags/dag_full_config.py
[2024-07-10T20:15:19.810+0000] {processor.py:840} INFO - DAG(s) 'dag_full_config' retrieved from /opt/airflow/dags/dag_full_config.py
[2024-07-10T20:15:19.899+0000] {logging_mixin.py:188} INFO - [2024-07-10T20:15:19.898+0000] {dag.py:3096} INFO - Sync 1 DAGs
[2024-07-10T20:15:19.915+0000] {logging_mixin.py:188} INFO - [2024-07-10T20:15:19.915+0000] {dag.py:3954} INFO - Setting next_dagrun for dag_full_config to None, run_after=None
[2024-07-10T20:15:19.937+0000] {processor.py:183} INFO - Processing /opt/airflow/dags/dag_full_config.py took 0.151 seconds
[2024-07-10T20:15:22.153+0000] {processor.py:161} INFO - Started process (PID=953) to work on /opt/airflow/dags/dag_full_config.py
[2024-07-10T20:15:22.155+0000] {processor.py:830} INFO - Processing file /opt/airflow/dags/dag_full_config.py for tasks to queue
[2024-07-10T20:15:22.157+0000] {logging_mixin.py:188} INFO - [2024-07-10T20:15:22.157+0000] {dagbag.py:540} INFO - Filling up the DagBag from /opt/airflow/dags/dag_full_config.py
[2024-07-10T20:15:22.172+0000] {processor.py:840} INFO - DAG(s) 'dag_full_config' retrieved from /opt/airflow/dags/dag_full_config.py
[2024-07-10T20:15:22.189+0000] {logging_mixin.py:188} INFO - [2024-07-10T20:15:22.189+0000] {dag.py:3096} INFO - Sync 1 DAGs
[2024-07-10T20:15:22.201+0000] {logging_mixin.py:188} INFO - [2024-07-10T20:15:22.201+0000] {dag.py:3954} INFO - Setting next_dagrun for dag_full_config to None, run_after=None
[2024-07-10T20:15:22.223+0000] {processor.py:183} INFO - Processing /opt/airflow/dags/dag_full_config.py took 0.075 seconds
[2024-07-10T20:15:24.214+0000] {processor.py:161} INFO - Started process (PID=984) to work on /opt/airflow/dags/dag_full_config.py
[2024-07-10T20:15:24.216+0000] {processor.py:830} INFO - Processing file /opt/airflow/dags/dag_full_config.py for tasks to queue
[2024-07-10T20:15:24.218+0000] {logging_mixin.py:188} INFO - [2024-07-10T20:15:24.217+0000] {dagbag.py:540} INFO - Filling up the DagBag from /opt/airflow/dags/dag_full_config.py
[2024-07-10T20:15:24.236+0000] {processor.py:840} INFO - DAG(s) 'dag_full_config' retrieved from /opt/airflow/dags/dag_full_config.py
[2024-07-10T20:15:24.254+0000] {logging_mixin.py:188} INFO - [2024-07-10T20:15:24.253+0000] {dag.py:3096} INFO - Sync 1 DAGs
[2024-07-10T20:15:24.266+0000] {logging_mixin.py:188} INFO - [2024-07-10T20:15:24.266+0000] {dag.py:3954} INFO - Setting next_dagrun for dag_full_config to None, run_after=None
[2024-07-10T20:15:24.295+0000] {processor.py:183} INFO - Processing /opt/airflow/dags/dag_full_config.py took 0.089 seconds
[2024-07-10T20:15:26.466+0000] {processor.py:161} INFO - Started process (PID=1015) to work on /opt/airflow/dags/dag_full_config.py
[2024-07-10T20:15:26.468+0000] {processor.py:830} INFO - Processing file /opt/airflow/dags/dag_full_config.py for tasks to queue
[2024-07-10T20:15:26.470+0000] {logging_mixin.py:188} INFO - [2024-07-10T20:15:26.469+0000] {dagbag.py:540} INFO - Filling up the DagBag from /opt/airflow/dags/dag_full_config.py
[2024-07-10T20:15:26.489+0000] {processor.py:840} INFO - DAG(s) 'dag_full_config' retrieved from /opt/airflow/dags/dag_full_config.py
[2024-07-10T20:15:26.511+0000] {logging_mixin.py:188} INFO - [2024-07-10T20:15:26.511+0000] {dag.py:3096} INFO - Sync 1 DAGs
[2024-07-10T20:15:26.527+0000] {logging_mixin.py:188} INFO - [2024-07-10T20:15:26.526+0000] {dag.py:3954} INFO - Setting next_dagrun for dag_full_config to None, run_after=None
[2024-07-10T20:15:26.555+0000] {processor.py:183} INFO - Processing /opt/airflow/dags/dag_full_config.py took 0.095 seconds
[2024-07-10T20:15:28.366+0000] {processor.py:161} INFO - Started process (PID=1046) to work on /opt/airflow/dags/dag_full_config.py
[2024-07-10T20:15:28.368+0000] {processor.py:830} INFO - Processing file /opt/airflow/dags/dag_full_config.py for tasks to queue
[2024-07-10T20:15:28.372+0000] {logging_mixin.py:188} INFO - [2024-07-10T20:15:28.371+0000] {dagbag.py:540} INFO - Filling up the DagBag from /opt/airflow/dags/dag_full_config.py
[2024-07-10T20:15:28.396+0000] {processor.py:840} INFO - DAG(s) 'dag_full_config' retrieved from /opt/airflow/dags/dag_full_config.py
[2024-07-10T20:15:28.427+0000] {logging_mixin.py:188} INFO - [2024-07-10T20:15:28.426+0000] {dag.py:3096} INFO - Sync 1 DAGs
[2024-07-10T20:15:28.446+0000] {logging_mixin.py:188} INFO - [2024-07-10T20:15:28.445+0000] {dag.py:3954} INFO - Setting next_dagrun for dag_full_config to None, run_after=None
[2024-07-10T20:15:28.478+0000] {processor.py:183} INFO - Processing /opt/airflow/dags/dag_full_config.py took 0.121 seconds
[2024-07-10T20:15:30.804+0000] {processor.py:161} INFO - Started process (PID=1077) to work on /opt/airflow/dags/dag_full_config.py
[2024-07-10T20:15:30.806+0000] {processor.py:830} INFO - Processing file /opt/airflow/dags/dag_full_config.py for tasks to queue
[2024-07-10T20:15:30.808+0000] {logging_mixin.py:188} INFO - [2024-07-10T20:15:30.808+0000] {dagbag.py:540} INFO - Filling up the DagBag from /opt/airflow/dags/dag_full_config.py
[2024-07-10T20:15:30.826+0000] {processor.py:840} INFO - DAG(s) 'dag_full_config' retrieved from /opt/airflow/dags/dag_full_config.py
[2024-07-10T20:15:30.852+0000] {logging_mixin.py:188} INFO - [2024-07-10T20:15:30.851+0000] {dag.py:3096} INFO - Sync 1 DAGs
[2024-07-10T20:15:30.867+0000] {logging_mixin.py:188} INFO - [2024-07-10T20:15:30.866+0000] {dag.py:3954} INFO - Setting next_dagrun for dag_full_config to None, run_after=None
[2024-07-10T20:15:30.891+0000] {processor.py:183} INFO - Processing /opt/airflow/dags/dag_full_config.py took 0.093 seconds
[2024-07-10T20:15:33.061+0000] {processor.py:161} INFO - Started process (PID=1108) to work on /opt/airflow/dags/dag_full_config.py
[2024-07-10T20:15:33.062+0000] {processor.py:830} INFO - Processing file /opt/airflow/dags/dag_full_config.py for tasks to queue
[2024-07-10T20:15:33.064+0000] {logging_mixin.py:188} INFO - [2024-07-10T20:15:33.064+0000] {dagbag.py:540} INFO - Filling up the DagBag from /opt/airflow/dags/dag_full_config.py
[2024-07-10T20:15:33.079+0000] {processor.py:840} INFO - DAG(s) 'dag_full_config' retrieved from /opt/airflow/dags/dag_full_config.py
[2024-07-10T20:15:33.098+0000] {logging_mixin.py:188} INFO - [2024-07-10T20:15:33.098+0000] {dag.py:3096} INFO - Sync 1 DAGs
[2024-07-10T20:15:33.110+0000] {logging_mixin.py:188} INFO - [2024-07-10T20:15:33.109+0000] {dag.py:3954} INFO - Setting next_dagrun for dag_full_config to None, run_after=None
[2024-07-10T20:15:33.130+0000] {processor.py:183} INFO - Processing /opt/airflow/dags/dag_full_config.py took 0.076 seconds
[2024-07-10T20:15:35.177+0000] {processor.py:161} INFO - Started process (PID=1140) to work on /opt/airflow/dags/dag_full_config.py
[2024-07-10T20:15:35.178+0000] {processor.py:830} INFO - Processing file /opt/airflow/dags/dag_full_config.py for tasks to queue
[2024-07-10T20:15:35.180+0000] {logging_mixin.py:188} INFO - [2024-07-10T20:15:35.180+0000] {dagbag.py:540} INFO - Filling up the DagBag from /opt/airflow/dags/dag_full_config.py
[2024-07-10T20:15:35.193+0000] {processor.py:840} INFO - DAG(s) 'dag_full_config' retrieved from /opt/airflow/dags/dag_full_config.py
[2024-07-10T20:15:35.211+0000] {logging_mixin.py:188} INFO - [2024-07-10T20:15:35.210+0000] {dag.py:3096} INFO - Sync 1 DAGs
[2024-07-10T20:15:35.221+0000] {logging_mixin.py:188} INFO - [2024-07-10T20:15:35.221+0000] {dag.py:3954} INFO - Setting next_dagrun for dag_full_config to None, run_after=None
[2024-07-10T20:15:35.241+0000] {processor.py:183} INFO - Processing /opt/airflow/dags/dag_full_config.py took 0.070 seconds
[2024-07-10T20:15:37.387+0000] {processor.py:161} INFO - Started process (PID=1177) to work on /opt/airflow/dags/dag_full_config.py
[2024-07-10T20:15:37.388+0000] {processor.py:830} INFO - Processing file /opt/airflow/dags/dag_full_config.py for tasks to queue
[2024-07-10T20:15:37.391+0000] {logging_mixin.py:188} INFO - [2024-07-10T20:15:37.391+0000] {dagbag.py:540} INFO - Filling up the DagBag from /opt/airflow/dags/dag_full_config.py
[2024-07-10T20:15:37.404+0000] {processor.py:840} INFO - DAG(s) 'dag_full_config' retrieved from /opt/airflow/dags/dag_full_config.py
[2024-07-10T20:15:37.420+0000] {logging_mixin.py:188} INFO - [2024-07-10T20:15:37.419+0000] {dag.py:3096} INFO - Sync 1 DAGs
[2024-07-10T20:15:37.430+0000] {logging_mixin.py:188} INFO - [2024-07-10T20:15:37.430+0000] {dag.py:3954} INFO - Setting next_dagrun for dag_full_config to None, run_after=None
[2024-07-10T20:15:37.452+0000] {processor.py:183} INFO - Processing /opt/airflow/dags/dag_full_config.py took 0.069 seconds
[2024-07-10T20:15:39.626+0000] {processor.py:161} INFO - Started process (PID=1208) to work on /opt/airflow/dags/dag_full_config.py
[2024-07-10T20:15:39.628+0000] {processor.py:830} INFO - Processing file /opt/airflow/dags/dag_full_config.py for tasks to queue
[2024-07-10T20:15:39.631+0000] {logging_mixin.py:188} INFO - [2024-07-10T20:15:39.630+0000] {dagbag.py:540} INFO - Filling up the DagBag from /opt/airflow/dags/dag_full_config.py
[2024-07-10T20:15:39.659+0000] {processor.py:840} INFO - DAG(s) 'dag_full_config' retrieved from /opt/airflow/dags/dag_full_config.py
[2024-07-10T20:15:39.691+0000] {logging_mixin.py:188} INFO - [2024-07-10T20:15:39.690+0000] {dag.py:3096} INFO - Sync 1 DAGs
[2024-07-10T20:15:39.713+0000] {logging_mixin.py:188} INFO - [2024-07-10T20:15:39.713+0000] {dag.py:3954} INFO - Setting next_dagrun for dag_full_config to None, run_after=None
[2024-07-10T20:15:39.756+0000] {processor.py:183} INFO - Processing /opt/airflow/dags/dag_full_config.py took 0.139 seconds
