[2024-07-10T20:14:52.301+0000] {processor.py:161} INFO - Started process (PID=518) to work on /opt/airflow/dags/etl_mysql_to_hive_all.py
[2024-07-10T20:14:52.302+0000] {processor.py:830} INFO - Processing file /opt/airflow/dags/etl_mysql_to_hive_all.py for tasks to queue
[2024-07-10T20:14:52.304+0000] {logging_mixin.py:188} INFO - [2024-07-10T20:14:52.304+0000] {dagbag.py:540} INFO - Filling up the DagBag from /opt/airflow/dags/etl_mysql_to_hive_all.py
[2024-07-10T20:14:52.340+0000] {processor.py:840} INFO - DAG(s) 'etl_mysql_to_hive_all' retrieved from /opt/airflow/dags/etl_mysql_to_hive_all.py
[2024-07-10T20:14:52.354+0000] {logging_mixin.py:188} INFO - [2024-07-10T20:14:52.354+0000] {dag.py:3096} INFO - Sync 1 DAGs
[2024-07-10T20:14:52.375+0000] {logging_mixin.py:188} INFO - [2024-07-10T20:14:52.375+0000] {dag.py:3954} INFO - Setting next_dagrun for etl_mysql_to_hive_all to None, run_after=None
[2024-07-10T20:14:52.394+0000] {processor.py:183} INFO - Processing /opt/airflow/dags/etl_mysql_to_hive_all.py took 0.098 seconds
[2024-07-10T20:14:54.792+0000] {processor.py:161} INFO - Started process (PID=550) to work on /opt/airflow/dags/etl_mysql_to_hive_all.py
[2024-07-10T20:14:54.793+0000] {processor.py:830} INFO - Processing file /opt/airflow/dags/etl_mysql_to_hive_all.py for tasks to queue
[2024-07-10T20:14:54.795+0000] {logging_mixin.py:188} INFO - [2024-07-10T20:14:54.794+0000] {dagbag.py:540} INFO - Filling up the DagBag from /opt/airflow/dags/etl_mysql_to_hive_all.py
[2024-07-10T20:14:54.827+0000] {processor.py:840} INFO - DAG(s) 'etl_mysql_to_hive_all' retrieved from /opt/airflow/dags/etl_mysql_to_hive_all.py
[2024-07-10T20:14:54.840+0000] {logging_mixin.py:188} INFO - [2024-07-10T20:14:54.840+0000] {dag.py:3096} INFO - Sync 1 DAGs
[2024-07-10T20:14:54.858+0000] {logging_mixin.py:188} INFO - [2024-07-10T20:14:54.858+0000] {dag.py:3954} INFO - Setting next_dagrun for etl_mysql_to_hive_all to None, run_after=None
[2024-07-10T20:14:54.877+0000] {processor.py:183} INFO - Processing /opt/airflow/dags/etl_mysql_to_hive_all.py took 0.091 seconds
[2024-07-10T20:14:56.697+0000] {processor.py:161} INFO - Started process (PID=582) to work on /opt/airflow/dags/etl_mysql_to_hive_all.py
[2024-07-10T20:14:56.698+0000] {processor.py:830} INFO - Processing file /opt/airflow/dags/etl_mysql_to_hive_all.py for tasks to queue
[2024-07-10T20:14:56.700+0000] {logging_mixin.py:188} INFO - [2024-07-10T20:14:56.700+0000] {dagbag.py:540} INFO - Filling up the DagBag from /opt/airflow/dags/etl_mysql_to_hive_all.py
[2024-07-10T20:14:56.732+0000] {processor.py:840} INFO - DAG(s) 'etl_mysql_to_hive_all' retrieved from /opt/airflow/dags/etl_mysql_to_hive_all.py
[2024-07-10T20:14:56.744+0000] {logging_mixin.py:188} INFO - [2024-07-10T20:14:56.744+0000] {dag.py:3096} INFO - Sync 1 DAGs
[2024-07-10T20:14:56.762+0000] {logging_mixin.py:188} INFO - [2024-07-10T20:14:56.762+0000] {dag.py:3954} INFO - Setting next_dagrun for etl_mysql_to_hive_all to None, run_after=None
[2024-07-10T20:14:56.782+0000] {processor.py:183} INFO - Processing /opt/airflow/dags/etl_mysql_to_hive_all.py took 0.091 seconds
[2024-07-10T20:14:58.705+0000] {processor.py:161} INFO - Started process (PID=613) to work on /opt/airflow/dags/etl_mysql_to_hive_all.py
[2024-07-10T20:14:58.706+0000] {processor.py:830} INFO - Processing file /opt/airflow/dags/etl_mysql_to_hive_all.py for tasks to queue
[2024-07-10T20:14:58.708+0000] {logging_mixin.py:188} INFO - [2024-07-10T20:14:58.708+0000] {dagbag.py:540} INFO - Filling up the DagBag from /opt/airflow/dags/etl_mysql_to_hive_all.py
[2024-07-10T20:14:58.740+0000] {processor.py:840} INFO - DAG(s) 'etl_mysql_to_hive_all' retrieved from /opt/airflow/dags/etl_mysql_to_hive_all.py
[2024-07-10T20:14:58.753+0000] {logging_mixin.py:188} INFO - [2024-07-10T20:14:58.753+0000] {dag.py:3096} INFO - Sync 1 DAGs
[2024-07-10T20:14:58.777+0000] {logging_mixin.py:188} INFO - [2024-07-10T20:14:58.777+0000] {dag.py:3954} INFO - Setting next_dagrun for etl_mysql_to_hive_all to None, run_after=None
[2024-07-10T20:14:58.798+0000] {processor.py:183} INFO - Processing /opt/airflow/dags/etl_mysql_to_hive_all.py took 0.099 seconds
[2024-07-10T20:15:00.779+0000] {processor.py:161} INFO - Started process (PID=644) to work on /opt/airflow/dags/etl_mysql_to_hive_all.py
[2024-07-10T20:15:00.781+0000] {processor.py:830} INFO - Processing file /opt/airflow/dags/etl_mysql_to_hive_all.py for tasks to queue
[2024-07-10T20:15:00.783+0000] {logging_mixin.py:188} INFO - [2024-07-10T20:15:00.783+0000] {dagbag.py:540} INFO - Filling up the DagBag from /opt/airflow/dags/etl_mysql_to_hive_all.py
[2024-07-10T20:15:00.820+0000] {processor.py:840} INFO - DAG(s) 'etl_mysql_to_hive_all' retrieved from /opt/airflow/dags/etl_mysql_to_hive_all.py
[2024-07-10T20:15:00.835+0000] {logging_mixin.py:188} INFO - [2024-07-10T20:15:00.835+0000] {dag.py:3096} INFO - Sync 1 DAGs
[2024-07-10T20:15:00.855+0000] {logging_mixin.py:188} INFO - [2024-07-10T20:15:00.855+0000] {dag.py:3954} INFO - Setting next_dagrun for etl_mysql_to_hive_all to None, run_after=None
[2024-07-10T20:15:00.879+0000] {processor.py:183} INFO - Processing /opt/airflow/dags/etl_mysql_to_hive_all.py took 0.111 seconds
[2024-07-10T20:15:02.878+0000] {processor.py:161} INFO - Started process (PID=675) to work on /opt/airflow/dags/etl_mysql_to_hive_all.py
[2024-07-10T20:15:02.879+0000] {processor.py:830} INFO - Processing file /opt/airflow/dags/etl_mysql_to_hive_all.py for tasks to queue
[2024-07-10T20:15:02.881+0000] {logging_mixin.py:188} INFO - [2024-07-10T20:15:02.880+0000] {dagbag.py:540} INFO - Filling up the DagBag from /opt/airflow/dags/etl_mysql_to_hive_all.py
[2024-07-10T20:15:02.911+0000] {processor.py:840} INFO - DAG(s) 'etl_mysql_to_hive_all' retrieved from /opt/airflow/dags/etl_mysql_to_hive_all.py
[2024-07-10T20:15:02.926+0000] {logging_mixin.py:188} INFO - [2024-07-10T20:15:02.926+0000] {dag.py:3096} INFO - Sync 1 DAGs
[2024-07-10T20:15:02.946+0000] {logging_mixin.py:188} INFO - [2024-07-10T20:15:02.945+0000] {dag.py:3954} INFO - Setting next_dagrun for etl_mysql_to_hive_all to None, run_after=None
[2024-07-10T20:15:02.961+0000] {processor.py:183} INFO - Processing /opt/airflow/dags/etl_mysql_to_hive_all.py took 0.091 seconds
[2024-07-10T20:15:04.967+0000] {processor.py:161} INFO - Started process (PID=706) to work on /opt/airflow/dags/etl_mysql_to_hive_all.py
[2024-07-10T20:15:04.968+0000] {processor.py:830} INFO - Processing file /opt/airflow/dags/etl_mysql_to_hive_all.py for tasks to queue
[2024-07-10T20:15:04.970+0000] {logging_mixin.py:188} INFO - [2024-07-10T20:15:04.970+0000] {dagbag.py:540} INFO - Filling up the DagBag from /opt/airflow/dags/etl_mysql_to_hive_all.py
[2024-07-10T20:15:05.003+0000] {processor.py:840} INFO - DAG(s) 'etl_mysql_to_hive_all' retrieved from /opt/airflow/dags/etl_mysql_to_hive_all.py
[2024-07-10T20:15:05.016+0000] {logging_mixin.py:188} INFO - [2024-07-10T20:15:05.016+0000] {dag.py:3096} INFO - Sync 1 DAGs
[2024-07-10T20:15:05.039+0000] {logging_mixin.py:188} INFO - [2024-07-10T20:15:05.039+0000] {dag.py:3954} INFO - Setting next_dagrun for etl_mysql_to_hive_all to None, run_after=None
[2024-07-10T20:15:05.062+0000] {processor.py:183} INFO - Processing /opt/airflow/dags/etl_mysql_to_hive_all.py took 0.102 seconds
[2024-07-10T20:15:07.390+0000] {processor.py:161} INFO - Started process (PID=743) to work on /opt/airflow/dags/etl_mysql_to_hive_all.py
[2024-07-10T20:15:07.391+0000] {processor.py:830} INFO - Processing file /opt/airflow/dags/etl_mysql_to_hive_all.py for tasks to queue
[2024-07-10T20:15:07.393+0000] {logging_mixin.py:188} INFO - [2024-07-10T20:15:07.393+0000] {dagbag.py:540} INFO - Filling up the DagBag from /opt/airflow/dags/etl_mysql_to_hive_all.py
[2024-07-10T20:15:07.423+0000] {processor.py:840} INFO - DAG(s) 'etl_mysql_to_hive_all' retrieved from /opt/airflow/dags/etl_mysql_to_hive_all.py
[2024-07-10T20:15:07.436+0000] {logging_mixin.py:188} INFO - [2024-07-10T20:15:07.436+0000] {dag.py:3096} INFO - Sync 1 DAGs
[2024-07-10T20:15:07.456+0000] {logging_mixin.py:188} INFO - [2024-07-10T20:15:07.456+0000] {dag.py:3954} INFO - Setting next_dagrun for etl_mysql_to_hive_all to None, run_after=None
[2024-07-10T20:15:07.477+0000] {processor.py:183} INFO - Processing /opt/airflow/dags/etl_mysql_to_hive_all.py took 0.093 seconds
[2024-07-10T20:15:09.464+0000] {processor.py:161} INFO - Started process (PID=774) to work on /opt/airflow/dags/etl_mysql_to_hive_all.py
[2024-07-10T20:15:09.465+0000] {processor.py:830} INFO - Processing file /opt/airflow/dags/etl_mysql_to_hive_all.py for tasks to queue
[2024-07-10T20:15:09.466+0000] {logging_mixin.py:188} INFO - [2024-07-10T20:15:09.466+0000] {dagbag.py:540} INFO - Filling up the DagBag from /opt/airflow/dags/etl_mysql_to_hive_all.py
[2024-07-10T20:15:09.497+0000] {processor.py:840} INFO - DAG(s) 'etl_mysql_to_hive_all' retrieved from /opt/airflow/dags/etl_mysql_to_hive_all.py
[2024-07-10T20:15:09.512+0000] {logging_mixin.py:188} INFO - [2024-07-10T20:15:09.512+0000] {dag.py:3096} INFO - Sync 1 DAGs
[2024-07-10T20:15:09.532+0000] {logging_mixin.py:188} INFO - [2024-07-10T20:15:09.532+0000] {dag.py:3954} INFO - Setting next_dagrun for etl_mysql_to_hive_all to None, run_after=None
[2024-07-10T20:15:09.554+0000] {processor.py:183} INFO - Processing /opt/airflow/dags/etl_mysql_to_hive_all.py took 0.096 seconds
[2024-07-10T20:15:11.538+0000] {processor.py:161} INFO - Started process (PID=805) to work on /opt/airflow/dags/etl_mysql_to_hive_all.py
[2024-07-10T20:15:11.539+0000] {processor.py:830} INFO - Processing file /opt/airflow/dags/etl_mysql_to_hive_all.py for tasks to queue
[2024-07-10T20:15:11.543+0000] {logging_mixin.py:188} INFO - [2024-07-10T20:15:11.543+0000] {dagbag.py:540} INFO - Filling up the DagBag from /opt/airflow/dags/etl_mysql_to_hive_all.py
[2024-07-10T20:15:11.588+0000] {processor.py:840} INFO - DAG(s) 'etl_mysql_to_hive_all' retrieved from /opt/airflow/dags/etl_mysql_to_hive_all.py
[2024-07-10T20:15:11.606+0000] {logging_mixin.py:188} INFO - [2024-07-10T20:15:11.606+0000] {dag.py:3096} INFO - Sync 1 DAGs
[2024-07-10T20:15:11.636+0000] {logging_mixin.py:188} INFO - [2024-07-10T20:15:11.636+0000] {dag.py:3954} INFO - Setting next_dagrun for etl_mysql_to_hive_all to None, run_after=None
[2024-07-10T20:15:11.660+0000] {processor.py:183} INFO - Processing /opt/airflow/dags/etl_mysql_to_hive_all.py took 0.130 seconds
[2024-07-10T20:15:13.786+0000] {processor.py:161} INFO - Started process (PID=836) to work on /opt/airflow/dags/etl_mysql_to_hive_all.py
[2024-07-10T20:15:13.788+0000] {processor.py:830} INFO - Processing file /opt/airflow/dags/etl_mysql_to_hive_all.py for tasks to queue
[2024-07-10T20:15:13.790+0000] {logging_mixin.py:188} INFO - [2024-07-10T20:15:13.789+0000] {dagbag.py:540} INFO - Filling up the DagBag from /opt/airflow/dags/etl_mysql_to_hive_all.py
[2024-07-10T20:15:13.820+0000] {processor.py:840} INFO - DAG(s) 'etl_mysql_to_hive_all' retrieved from /opt/airflow/dags/etl_mysql_to_hive_all.py
[2024-07-10T20:15:13.832+0000] {logging_mixin.py:188} INFO - [2024-07-10T20:15:13.832+0000] {dag.py:3096} INFO - Sync 1 DAGs
[2024-07-10T20:15:13.853+0000] {logging_mixin.py:188} INFO - [2024-07-10T20:15:13.852+0000] {dag.py:3954} INFO - Setting next_dagrun for etl_mysql_to_hive_all to None, run_after=None
[2024-07-10T20:15:13.872+0000] {processor.py:183} INFO - Processing /opt/airflow/dags/etl_mysql_to_hive_all.py took 0.093 seconds
[2024-07-10T20:15:16.055+0000] {processor.py:161} INFO - Started process (PID=867) to work on /opt/airflow/dags/etl_mysql_to_hive_all.py
[2024-07-10T20:15:16.056+0000] {processor.py:830} INFO - Processing file /opt/airflow/dags/etl_mysql_to_hive_all.py for tasks to queue
[2024-07-10T20:15:16.058+0000] {logging_mixin.py:188} INFO - [2024-07-10T20:15:16.057+0000] {dagbag.py:540} INFO - Filling up the DagBag from /opt/airflow/dags/etl_mysql_to_hive_all.py
[2024-07-10T20:15:16.088+0000] {processor.py:840} INFO - DAG(s) 'etl_mysql_to_hive_all' retrieved from /opt/airflow/dags/etl_mysql_to_hive_all.py
[2024-07-10T20:15:16.100+0000] {logging_mixin.py:188} INFO - [2024-07-10T20:15:16.100+0000] {dag.py:3096} INFO - Sync 1 DAGs
[2024-07-10T20:15:16.120+0000] {logging_mixin.py:188} INFO - [2024-07-10T20:15:16.120+0000] {dag.py:3954} INFO - Setting next_dagrun for etl_mysql_to_hive_all to None, run_after=None
[2024-07-10T20:15:16.141+0000] {processor.py:183} INFO - Processing /opt/airflow/dags/etl_mysql_to_hive_all.py took 0.092 seconds
[2024-07-10T20:15:18.357+0000] {processor.py:161} INFO - Started process (PID=898) to work on /opt/airflow/dags/etl_mysql_to_hive_all.py
[2024-07-10T20:15:18.358+0000] {processor.py:830} INFO - Processing file /opt/airflow/dags/etl_mysql_to_hive_all.py for tasks to queue
[2024-07-10T20:15:18.360+0000] {logging_mixin.py:188} INFO - [2024-07-10T20:15:18.360+0000] {dagbag.py:540} INFO - Filling up the DagBag from /opt/airflow/dags/etl_mysql_to_hive_all.py
[2024-07-10T20:15:18.399+0000] {processor.py:840} INFO - DAG(s) 'etl_mysql_to_hive_all' retrieved from /opt/airflow/dags/etl_mysql_to_hive_all.py
[2024-07-10T20:15:18.415+0000] {logging_mixin.py:188} INFO - [2024-07-10T20:15:18.414+0000] {dag.py:3096} INFO - Sync 1 DAGs
[2024-07-10T20:15:18.436+0000] {logging_mixin.py:188} INFO - [2024-07-10T20:15:18.436+0000] {dag.py:3954} INFO - Setting next_dagrun for etl_mysql_to_hive_all to None, run_after=None
[2024-07-10T20:15:18.461+0000] {processor.py:183} INFO - Processing /opt/airflow/dags/etl_mysql_to_hive_all.py took 0.111 seconds
[2024-07-10T20:15:20.350+0000] {processor.py:161} INFO - Started process (PID=929) to work on /opt/airflow/dags/etl_mysql_to_hive_all.py
[2024-07-10T20:15:20.351+0000] {processor.py:830} INFO - Processing file /opt/airflow/dags/etl_mysql_to_hive_all.py for tasks to queue
[2024-07-10T20:15:20.353+0000] {logging_mixin.py:188} INFO - [2024-07-10T20:15:20.352+0000] {dagbag.py:540} INFO - Filling up the DagBag from /opt/airflow/dags/etl_mysql_to_hive_all.py
[2024-07-10T20:15:20.382+0000] {processor.py:840} INFO - DAG(s) 'etl_mysql_to_hive_all' retrieved from /opt/airflow/dags/etl_mysql_to_hive_all.py
[2024-07-10T20:15:20.395+0000] {logging_mixin.py:188} INFO - [2024-07-10T20:15:20.395+0000] {dag.py:3096} INFO - Sync 1 DAGs
[2024-07-10T20:15:20.413+0000] {logging_mixin.py:188} INFO - [2024-07-10T20:15:20.413+0000] {dag.py:3954} INFO - Setting next_dagrun for etl_mysql_to_hive_all to None, run_after=None
[2024-07-10T20:15:20.431+0000] {processor.py:183} INFO - Processing /opt/airflow/dags/etl_mysql_to_hive_all.py took 0.087 seconds
[2024-07-10T20:15:22.866+0000] {processor.py:161} INFO - Started process (PID=960) to work on /opt/airflow/dags/etl_mysql_to_hive_all.py
[2024-07-10T20:15:22.867+0000] {processor.py:830} INFO - Processing file /opt/airflow/dags/etl_mysql_to_hive_all.py for tasks to queue
[2024-07-10T20:15:22.869+0000] {logging_mixin.py:188} INFO - [2024-07-10T20:15:22.869+0000] {dagbag.py:540} INFO - Filling up the DagBag from /opt/airflow/dags/etl_mysql_to_hive_all.py
[2024-07-10T20:15:22.901+0000] {processor.py:840} INFO - DAG(s) 'etl_mysql_to_hive_all' retrieved from /opt/airflow/dags/etl_mysql_to_hive_all.py
[2024-07-10T20:15:22.915+0000] {logging_mixin.py:188} INFO - [2024-07-10T20:15:22.915+0000] {dag.py:3096} INFO - Sync 1 DAGs
[2024-07-10T20:15:22.935+0000] {logging_mixin.py:188} INFO - [2024-07-10T20:15:22.935+0000] {dag.py:3954} INFO - Setting next_dagrun for etl_mysql_to_hive_all to None, run_after=None
[2024-07-10T20:15:22.955+0000] {processor.py:183} INFO - Processing /opt/airflow/dags/etl_mysql_to_hive_all.py took 0.095 seconds
[2024-07-10T20:15:24.672+0000] {processor.py:161} INFO - Started process (PID=991) to work on /opt/airflow/dags/etl_mysql_to_hive_all.py
[2024-07-10T20:15:24.674+0000] {processor.py:830} INFO - Processing file /opt/airflow/dags/etl_mysql_to_hive_all.py for tasks to queue
[2024-07-10T20:15:24.676+0000] {logging_mixin.py:188} INFO - [2024-07-10T20:15:24.676+0000] {dagbag.py:540} INFO - Filling up the DagBag from /opt/airflow/dags/etl_mysql_to_hive_all.py
[2024-07-10T20:15:24.707+0000] {processor.py:840} INFO - DAG(s) 'etl_mysql_to_hive_all' retrieved from /opt/airflow/dags/etl_mysql_to_hive_all.py
[2024-07-10T20:15:24.720+0000] {logging_mixin.py:188} INFO - [2024-07-10T20:15:24.720+0000] {dag.py:3096} INFO - Sync 1 DAGs
[2024-07-10T20:15:24.738+0000] {logging_mixin.py:188} INFO - [2024-07-10T20:15:24.738+0000] {dag.py:3954} INFO - Setting next_dagrun for etl_mysql_to_hive_all to None, run_after=None
[2024-07-10T20:15:24.760+0000] {processor.py:183} INFO - Processing /opt/airflow/dags/etl_mysql_to_hive_all.py took 0.095 seconds
[2024-07-10T20:15:26.983+0000] {processor.py:161} INFO - Started process (PID=1022) to work on /opt/airflow/dags/etl_mysql_to_hive_all.py
[2024-07-10T20:15:26.985+0000] {processor.py:830} INFO - Processing file /opt/airflow/dags/etl_mysql_to_hive_all.py for tasks to queue
[2024-07-10T20:15:26.987+0000] {logging_mixin.py:188} INFO - [2024-07-10T20:15:26.986+0000] {dagbag.py:540} INFO - Filling up the DagBag from /opt/airflow/dags/etl_mysql_to_hive_all.py
[2024-07-10T20:15:27.020+0000] {processor.py:840} INFO - DAG(s) 'etl_mysql_to_hive_all' retrieved from /opt/airflow/dags/etl_mysql_to_hive_all.py
[2024-07-10T20:15:27.033+0000] {logging_mixin.py:188} INFO - [2024-07-10T20:15:27.032+0000] {dag.py:3096} INFO - Sync 1 DAGs
[2024-07-10T20:15:27.051+0000] {logging_mixin.py:188} INFO - [2024-07-10T20:15:27.051+0000] {dag.py:3954} INFO - Setting next_dagrun for etl_mysql_to_hive_all to None, run_after=None
[2024-07-10T20:15:27.068+0000] {processor.py:183} INFO - Processing /opt/airflow/dags/etl_mysql_to_hive_all.py took 0.092 seconds
[2024-07-10T20:15:29.108+0000] {processor.py:161} INFO - Started process (PID=1053) to work on /opt/airflow/dags/etl_mysql_to_hive_all.py
[2024-07-10T20:15:29.109+0000] {processor.py:830} INFO - Processing file /opt/airflow/dags/etl_mysql_to_hive_all.py for tasks to queue
[2024-07-10T20:15:29.111+0000] {logging_mixin.py:188} INFO - [2024-07-10T20:15:29.110+0000] {dagbag.py:540} INFO - Filling up the DagBag from /opt/airflow/dags/etl_mysql_to_hive_all.py
[2024-07-10T20:15:29.139+0000] {processor.py:840} INFO - DAG(s) 'etl_mysql_to_hive_all' retrieved from /opt/airflow/dags/etl_mysql_to_hive_all.py
[2024-07-10T20:15:29.152+0000] {logging_mixin.py:188} INFO - [2024-07-10T20:15:29.152+0000] {dag.py:3096} INFO - Sync 1 DAGs
[2024-07-10T20:15:29.171+0000] {logging_mixin.py:188} INFO - [2024-07-10T20:15:29.170+0000] {dag.py:3954} INFO - Setting next_dagrun for etl_mysql_to_hive_all to None, run_after=None
[2024-07-10T20:15:29.187+0000] {processor.py:183} INFO - Processing /opt/airflow/dags/etl_mysql_to_hive_all.py took 0.085 seconds
[2024-07-10T20:15:31.414+0000] {processor.py:161} INFO - Started process (PID=1084) to work on /opt/airflow/dags/etl_mysql_to_hive_all.py
[2024-07-10T20:15:31.415+0000] {processor.py:830} INFO - Processing file /opt/airflow/dags/etl_mysql_to_hive_all.py for tasks to queue
[2024-07-10T20:15:31.417+0000] {logging_mixin.py:188} INFO - [2024-07-10T20:15:31.416+0000] {dagbag.py:540} INFO - Filling up the DagBag from /opt/airflow/dags/etl_mysql_to_hive_all.py
[2024-07-10T20:15:31.445+0000] {processor.py:840} INFO - DAG(s) 'etl_mysql_to_hive_all' retrieved from /opt/airflow/dags/etl_mysql_to_hive_all.py
[2024-07-10T20:15:31.458+0000] {logging_mixin.py:188} INFO - [2024-07-10T20:15:31.457+0000] {dag.py:3096} INFO - Sync 1 DAGs
[2024-07-10T20:15:31.477+0000] {logging_mixin.py:188} INFO - [2024-07-10T20:15:31.476+0000] {dag.py:3954} INFO - Setting next_dagrun for etl_mysql_to_hive_all to None, run_after=None
[2024-07-10T20:15:31.496+0000] {processor.py:183} INFO - Processing /opt/airflow/dags/etl_mysql_to_hive_all.py took 0.088 seconds
[2024-07-10T20:15:33.545+0000] {processor.py:161} INFO - Started process (PID=1116) to work on /opt/airflow/dags/etl_mysql_to_hive_all.py
[2024-07-10T20:15:33.546+0000] {processor.py:830} INFO - Processing file /opt/airflow/dags/etl_mysql_to_hive_all.py for tasks to queue
[2024-07-10T20:15:33.549+0000] {logging_mixin.py:188} INFO - [2024-07-10T20:15:33.548+0000] {dagbag.py:540} INFO - Filling up the DagBag from /opt/airflow/dags/etl_mysql_to_hive_all.py
[2024-07-10T20:15:33.580+0000] {processor.py:840} INFO - DAG(s) 'etl_mysql_to_hive_all' retrieved from /opt/airflow/dags/etl_mysql_to_hive_all.py
[2024-07-10T20:15:33.593+0000] {logging_mixin.py:188} INFO - [2024-07-10T20:15:33.593+0000] {dag.py:3096} INFO - Sync 1 DAGs
[2024-07-10T20:15:33.613+0000] {logging_mixin.py:188} INFO - [2024-07-10T20:15:33.613+0000] {dag.py:3954} INFO - Setting next_dagrun for etl_mysql_to_hive_all to None, run_after=None
[2024-07-10T20:15:33.635+0000] {processor.py:183} INFO - Processing /opt/airflow/dags/etl_mysql_to_hive_all.py took 0.097 seconds
[2024-07-10T20:15:35.588+0000] {processor.py:161} INFO - Started process (PID=1147) to work on /opt/airflow/dags/etl_mysql_to_hive_all.py
[2024-07-10T20:15:35.589+0000] {processor.py:830} INFO - Processing file /opt/airflow/dags/etl_mysql_to_hive_all.py for tasks to queue
[2024-07-10T20:15:35.591+0000] {logging_mixin.py:188} INFO - [2024-07-10T20:15:35.590+0000] {dagbag.py:540} INFO - Filling up the DagBag from /opt/airflow/dags/etl_mysql_to_hive_all.py
[2024-07-10T20:15:35.620+0000] {processor.py:840} INFO - DAG(s) 'etl_mysql_to_hive_all' retrieved from /opt/airflow/dags/etl_mysql_to_hive_all.py
[2024-07-10T20:15:35.633+0000] {logging_mixin.py:188} INFO - [2024-07-10T20:15:35.633+0000] {dag.py:3096} INFO - Sync 1 DAGs
[2024-07-10T20:15:35.654+0000] {logging_mixin.py:188} INFO - [2024-07-10T20:15:35.653+0000] {dag.py:3954} INFO - Setting next_dagrun for etl_mysql_to_hive_all to None, run_after=None
[2024-07-10T20:15:35.679+0000] {processor.py:183} INFO - Processing /opt/airflow/dags/etl_mysql_to_hive_all.py took 0.097 seconds
[2024-07-10T20:15:37.996+0000] {processor.py:161} INFO - Started process (PID=1184) to work on /opt/airflow/dags/etl_mysql_to_hive_all.py
[2024-07-10T20:15:37.998+0000] {processor.py:830} INFO - Processing file /opt/airflow/dags/etl_mysql_to_hive_all.py for tasks to queue
[2024-07-10T20:15:38.002+0000] {logging_mixin.py:188} INFO - [2024-07-10T20:15:38.001+0000] {dagbag.py:540} INFO - Filling up the DagBag from /opt/airflow/dags/etl_mysql_to_hive_all.py
[2024-07-10T20:15:38.054+0000] {processor.py:840} INFO - DAG(s) 'etl_mysql_to_hive_all' retrieved from /opt/airflow/dags/etl_mysql_to_hive_all.py
[2024-07-10T20:15:38.074+0000] {logging_mixin.py:188} INFO - [2024-07-10T20:15:38.073+0000] {dag.py:3096} INFO - Sync 1 DAGs
[2024-07-10T20:15:38.103+0000] {logging_mixin.py:188} INFO - [2024-07-10T20:15:38.103+0000] {dag.py:3954} INFO - Setting next_dagrun for etl_mysql_to_hive_all to None, run_after=None
[2024-07-10T20:15:38.128+0000] {processor.py:183} INFO - Processing /opt/airflow/dags/etl_mysql_to_hive_all.py took 0.142 seconds
[2024-07-10T20:15:40.417+0000] {processor.py:161} INFO - Started process (PID=1216) to work on /opt/airflow/dags/etl_mysql_to_hive_all.py
[2024-07-10T20:15:40.419+0000] {processor.py:830} INFO - Processing file /opt/airflow/dags/etl_mysql_to_hive_all.py for tasks to queue
[2024-07-10T20:15:40.421+0000] {logging_mixin.py:188} INFO - [2024-07-10T20:15:40.420+0000] {dagbag.py:540} INFO - Filling up the DagBag from /opt/airflow/dags/etl_mysql_to_hive_all.py
[2024-07-10T20:15:40.467+0000] {processor.py:840} INFO - DAG(s) 'etl_mysql_to_hive_all' retrieved from /opt/airflow/dags/etl_mysql_to_hive_all.py
[2024-07-10T20:15:40.486+0000] {logging_mixin.py:188} INFO - [2024-07-10T20:15:40.485+0000] {dag.py:3096} INFO - Sync 1 DAGs
[2024-07-10T20:15:40.518+0000] {logging_mixin.py:188} INFO - [2024-07-10T20:15:40.518+0000] {dag.py:3954} INFO - Setting next_dagrun for etl_mysql_to_hive_all to None, run_after=None
[2024-07-10T20:15:40.543+0000] {processor.py:183} INFO - Processing /opt/airflow/dags/etl_mysql_to_hive_all.py took 0.133 seconds
