[2024-07-10T20:14:52.573+0000] {processor.py:161} INFO - Started process (PID=521) to work on /opt/airflow/dags/hive_insert.py
[2024-07-10T20:14:52.574+0000] {processor.py:830} INFO - Processing file /opt/airflow/dags/hive_insert.py for tasks to queue
[2024-07-10T20:14:52.576+0000] {logging_mixin.py:188} INFO - [2024-07-10T20:14:52.576+0000] {dagbag.py:540} INFO - Filling up the DagBag from /opt/airflow/dags/hive_insert.py
[2024-07-10T20:14:52.592+0000] {processor.py:840} INFO - DAG(s) 'hive_insert' retrieved from /opt/airflow/dags/hive_insert.py
[2024-07-10T20:14:52.610+0000] {logging_mixin.py:188} INFO - [2024-07-10T20:14:52.610+0000] {dag.py:3096} INFO - Sync 1 DAGs
[2024-07-10T20:14:52.629+0000] {logging_mixin.py:188} INFO - [2024-07-10T20:14:52.629+0000] {dag.py:3954} INFO - Setting next_dagrun for hive_insert to None, run_after=None
[2024-07-10T20:14:52.649+0000] {processor.py:183} INFO - Processing /opt/airflow/dags/hive_insert.py took 0.082 seconds
[2024-07-10T20:14:55.019+0000] {processor.py:161} INFO - Started process (PID=553) to work on /opt/airflow/dags/hive_insert.py
[2024-07-10T20:14:55.020+0000] {processor.py:830} INFO - Processing file /opt/airflow/dags/hive_insert.py for tasks to queue
[2024-07-10T20:14:55.022+0000] {logging_mixin.py:188} INFO - [2024-07-10T20:14:55.022+0000] {dagbag.py:540} INFO - Filling up the DagBag from /opt/airflow/dags/hive_insert.py
[2024-07-10T20:14:55.040+0000] {processor.py:840} INFO - DAG(s) 'hive_insert' retrieved from /opt/airflow/dags/hive_insert.py
[2024-07-10T20:14:55.060+0000] {logging_mixin.py:188} INFO - [2024-07-10T20:14:55.060+0000] {dag.py:3096} INFO - Sync 1 DAGs
[2024-07-10T20:14:55.079+0000] {logging_mixin.py:188} INFO - [2024-07-10T20:14:55.079+0000] {dag.py:3954} INFO - Setting next_dagrun for hive_insert to None, run_after=None
[2024-07-10T20:14:55.099+0000] {processor.py:183} INFO - Processing /opt/airflow/dags/hive_insert.py took 0.086 seconds
[2024-07-10T20:14:56.914+0000] {processor.py:161} INFO - Started process (PID=585) to work on /opt/airflow/dags/hive_insert.py
[2024-07-10T20:14:56.915+0000] {processor.py:830} INFO - Processing file /opt/airflow/dags/hive_insert.py for tasks to queue
[2024-07-10T20:14:56.917+0000] {logging_mixin.py:188} INFO - [2024-07-10T20:14:56.916+0000] {dagbag.py:540} INFO - Filling up the DagBag from /opt/airflow/dags/hive_insert.py
[2024-07-10T20:14:56.934+0000] {processor.py:840} INFO - DAG(s) 'hive_insert' retrieved from /opt/airflow/dags/hive_insert.py
[2024-07-10T20:14:56.951+0000] {logging_mixin.py:188} INFO - [2024-07-10T20:14:56.951+0000] {dag.py:3096} INFO - Sync 1 DAGs
[2024-07-10T20:14:56.969+0000] {logging_mixin.py:188} INFO - [2024-07-10T20:14:56.969+0000] {dag.py:3954} INFO - Setting next_dagrun for hive_insert to None, run_after=None
[2024-07-10T20:14:56.986+0000] {processor.py:183} INFO - Processing /opt/airflow/dags/hive_insert.py took 0.078 seconds
[2024-07-10T20:14:58.895+0000] {processor.py:161} INFO - Started process (PID=616) to work on /opt/airflow/dags/hive_insert.py
[2024-07-10T20:14:58.897+0000] {processor.py:830} INFO - Processing file /opt/airflow/dags/hive_insert.py for tasks to queue
[2024-07-10T20:14:58.899+0000] {logging_mixin.py:188} INFO - [2024-07-10T20:14:58.899+0000] {dagbag.py:540} INFO - Filling up the DagBag from /opt/airflow/dags/hive_insert.py
[2024-07-10T20:14:58.917+0000] {processor.py:840} INFO - DAG(s) 'hive_insert' retrieved from /opt/airflow/dags/hive_insert.py
[2024-07-10T20:14:58.937+0000] {logging_mixin.py:188} INFO - [2024-07-10T20:14:58.937+0000] {dag.py:3096} INFO - Sync 1 DAGs
[2024-07-10T20:14:58.957+0000] {logging_mixin.py:188} INFO - [2024-07-10T20:14:58.957+0000] {dag.py:3954} INFO - Setting next_dagrun for hive_insert to None, run_after=None
[2024-07-10T20:14:58.980+0000] {processor.py:183} INFO - Processing /opt/airflow/dags/hive_insert.py took 0.091 seconds
[2024-07-10T20:15:01.037+0000] {processor.py:161} INFO - Started process (PID=647) to work on /opt/airflow/dags/hive_insert.py
[2024-07-10T20:15:01.038+0000] {processor.py:830} INFO - Processing file /opt/airflow/dags/hive_insert.py for tasks to queue
[2024-07-10T20:15:01.040+0000] {logging_mixin.py:188} INFO - [2024-07-10T20:15:01.040+0000] {dagbag.py:540} INFO - Filling up the DagBag from /opt/airflow/dags/hive_insert.py
[2024-07-10T20:15:01.056+0000] {processor.py:840} INFO - DAG(s) 'hive_insert' retrieved from /opt/airflow/dags/hive_insert.py
[2024-07-10T20:15:01.073+0000] {logging_mixin.py:188} INFO - [2024-07-10T20:15:01.073+0000] {dag.py:3096} INFO - Sync 1 DAGs
[2024-07-10T20:15:01.092+0000] {logging_mixin.py:188} INFO - [2024-07-10T20:15:01.091+0000] {dag.py:3954} INFO - Setting next_dagrun for hive_insert to None, run_after=None
[2024-07-10T20:15:01.109+0000] {processor.py:183} INFO - Processing /opt/airflow/dags/hive_insert.py took 0.078 seconds
[2024-07-10T20:15:03.023+0000] {processor.py:161} INFO - Started process (PID=678) to work on /opt/airflow/dags/hive_insert.py
[2024-07-10T20:15:03.024+0000] {processor.py:830} INFO - Processing file /opt/airflow/dags/hive_insert.py for tasks to queue
[2024-07-10T20:15:03.026+0000] {logging_mixin.py:188} INFO - [2024-07-10T20:15:03.026+0000] {dagbag.py:540} INFO - Filling up the DagBag from /opt/airflow/dags/hive_insert.py
[2024-07-10T20:15:03.041+0000] {processor.py:840} INFO - DAG(s) 'hive_insert' retrieved from /opt/airflow/dags/hive_insert.py
[2024-07-10T20:15:03.058+0000] {logging_mixin.py:188} INFO - [2024-07-10T20:15:03.058+0000] {dag.py:3096} INFO - Sync 1 DAGs
[2024-07-10T20:15:03.075+0000] {logging_mixin.py:188} INFO - [2024-07-10T20:15:03.075+0000] {dag.py:3954} INFO - Setting next_dagrun for hive_insert to None, run_after=None
[2024-07-10T20:15:03.098+0000] {processor.py:183} INFO - Processing /opt/airflow/dags/hive_insert.py took 0.080 seconds
[2024-07-10T20:15:05.261+0000] {processor.py:161} INFO - Started process (PID=709) to work on /opt/airflow/dags/hive_insert.py
[2024-07-10T20:15:05.262+0000] {processor.py:830} INFO - Processing file /opt/airflow/dags/hive_insert.py for tasks to queue
[2024-07-10T20:15:05.264+0000] {logging_mixin.py:188} INFO - [2024-07-10T20:15:05.264+0000] {dagbag.py:540} INFO - Filling up the DagBag from /opt/airflow/dags/hive_insert.py
[2024-07-10T20:15:05.281+0000] {processor.py:840} INFO - DAG(s) 'hive_insert' retrieved from /opt/airflow/dags/hive_insert.py
[2024-07-10T20:15:05.299+0000] {logging_mixin.py:188} INFO - [2024-07-10T20:15:05.299+0000] {dag.py:3096} INFO - Sync 1 DAGs
[2024-07-10T20:15:05.321+0000] {logging_mixin.py:188} INFO - [2024-07-10T20:15:05.321+0000] {dag.py:3954} INFO - Setting next_dagrun for hive_insert to None, run_after=None
[2024-07-10T20:15:05.344+0000] {processor.py:183} INFO - Processing /opt/airflow/dags/hive_insert.py took 0.088 seconds
[2024-07-10T20:15:07.548+0000] {processor.py:161} INFO - Started process (PID=746) to work on /opt/airflow/dags/hive_insert.py
[2024-07-10T20:15:07.550+0000] {processor.py:830} INFO - Processing file /opt/airflow/dags/hive_insert.py for tasks to queue
[2024-07-10T20:15:07.552+0000] {logging_mixin.py:188} INFO - [2024-07-10T20:15:07.552+0000] {dagbag.py:540} INFO - Filling up the DagBag from /opt/airflow/dags/hive_insert.py
[2024-07-10T20:15:07.570+0000] {processor.py:840} INFO - DAG(s) 'hive_insert' retrieved from /opt/airflow/dags/hive_insert.py
[2024-07-10T20:15:07.590+0000] {logging_mixin.py:188} INFO - [2024-07-10T20:15:07.590+0000] {dag.py:3096} INFO - Sync 1 DAGs
[2024-07-10T20:15:07.612+0000] {logging_mixin.py:188} INFO - [2024-07-10T20:15:07.611+0000] {dag.py:3954} INFO - Setting next_dagrun for hive_insert to None, run_after=None
[2024-07-10T20:15:07.632+0000] {processor.py:183} INFO - Processing /opt/airflow/dags/hive_insert.py took 0.091 seconds
[2024-07-10T20:15:09.650+0000] {processor.py:161} INFO - Started process (PID=777) to work on /opt/airflow/dags/hive_insert.py
[2024-07-10T20:15:09.652+0000] {processor.py:830} INFO - Processing file /opt/airflow/dags/hive_insert.py for tasks to queue
[2024-07-10T20:15:09.653+0000] {logging_mixin.py:188} INFO - [2024-07-10T20:15:09.653+0000] {dagbag.py:540} INFO - Filling up the DagBag from /opt/airflow/dags/hive_insert.py
[2024-07-10T20:15:09.672+0000] {processor.py:840} INFO - DAG(s) 'hive_insert' retrieved from /opt/airflow/dags/hive_insert.py
[2024-07-10T20:15:09.692+0000] {logging_mixin.py:188} INFO - [2024-07-10T20:15:09.691+0000] {dag.py:3096} INFO - Sync 1 DAGs
[2024-07-10T20:15:09.712+0000] {logging_mixin.py:188} INFO - [2024-07-10T20:15:09.712+0000] {dag.py:3954} INFO - Setting next_dagrun for hive_insert to None, run_after=None
[2024-07-10T20:15:09.731+0000] {processor.py:183} INFO - Processing /opt/airflow/dags/hive_insert.py took 0.086 seconds
[2024-07-10T20:15:11.845+0000] {processor.py:161} INFO - Started process (PID=808) to work on /opt/airflow/dags/hive_insert.py
[2024-07-10T20:15:11.846+0000] {processor.py:830} INFO - Processing file /opt/airflow/dags/hive_insert.py for tasks to queue
[2024-07-10T20:15:11.848+0000] {logging_mixin.py:188} INFO - [2024-07-10T20:15:11.848+0000] {dagbag.py:540} INFO - Filling up the DagBag from /opt/airflow/dags/hive_insert.py
[2024-07-10T20:15:11.869+0000] {processor.py:840} INFO - DAG(s) 'hive_insert' retrieved from /opt/airflow/dags/hive_insert.py
[2024-07-10T20:15:11.890+0000] {logging_mixin.py:188} INFO - [2024-07-10T20:15:11.889+0000] {dag.py:3096} INFO - Sync 1 DAGs
[2024-07-10T20:15:11.911+0000] {logging_mixin.py:188} INFO - [2024-07-10T20:15:11.910+0000] {dag.py:3954} INFO - Setting next_dagrun for hive_insert to None, run_after=None
[2024-07-10T20:15:11.931+0000] {processor.py:183} INFO - Processing /opt/airflow/dags/hive_insert.py took 0.093 seconds
[2024-07-10T20:15:13.996+0000] {processor.py:161} INFO - Started process (PID=839) to work on /opt/airflow/dags/hive_insert.py
[2024-07-10T20:15:13.998+0000] {processor.py:830} INFO - Processing file /opt/airflow/dags/hive_insert.py for tasks to queue
[2024-07-10T20:15:14.000+0000] {logging_mixin.py:188} INFO - [2024-07-10T20:15:13.999+0000] {dagbag.py:540} INFO - Filling up the DagBag from /opt/airflow/dags/hive_insert.py
[2024-07-10T20:15:14.020+0000] {processor.py:840} INFO - DAG(s) 'hive_insert' retrieved from /opt/airflow/dags/hive_insert.py
[2024-07-10T20:15:14.039+0000] {logging_mixin.py:188} INFO - [2024-07-10T20:15:14.039+0000] {dag.py:3096} INFO - Sync 1 DAGs
[2024-07-10T20:15:14.059+0000] {logging_mixin.py:188} INFO - [2024-07-10T20:15:14.059+0000] {dag.py:3954} INFO - Setting next_dagrun for hive_insert to None, run_after=None
[2024-07-10T20:15:14.083+0000] {processor.py:183} INFO - Processing /opt/airflow/dags/hive_insert.py took 0.094 seconds
[2024-07-10T20:15:16.207+0000] {processor.py:161} INFO - Started process (PID=870) to work on /opt/airflow/dags/hive_insert.py
[2024-07-10T20:15:16.208+0000] {processor.py:830} INFO - Processing file /opt/airflow/dags/hive_insert.py for tasks to queue
[2024-07-10T20:15:16.210+0000] {logging_mixin.py:188} INFO - [2024-07-10T20:15:16.210+0000] {dagbag.py:540} INFO - Filling up the DagBag from /opt/airflow/dags/hive_insert.py
[2024-07-10T20:15:16.231+0000] {processor.py:840} INFO - DAG(s) 'hive_insert' retrieved from /opt/airflow/dags/hive_insert.py
[2024-07-10T20:15:16.252+0000] {logging_mixin.py:188} INFO - [2024-07-10T20:15:16.252+0000] {dag.py:3096} INFO - Sync 1 DAGs
[2024-07-10T20:15:16.276+0000] {logging_mixin.py:188} INFO - [2024-07-10T20:15:16.275+0000] {dag.py:3954} INFO - Setting next_dagrun for hive_insert to None, run_after=None
[2024-07-10T20:15:16.301+0000] {processor.py:183} INFO - Processing /opt/airflow/dags/hive_insert.py took 0.101 seconds
[2024-07-10T20:15:18.542+0000] {processor.py:161} INFO - Started process (PID=901) to work on /opt/airflow/dags/hive_insert.py
[2024-07-10T20:15:18.543+0000] {processor.py:830} INFO - Processing file /opt/airflow/dags/hive_insert.py for tasks to queue
[2024-07-10T20:15:18.545+0000] {logging_mixin.py:188} INFO - [2024-07-10T20:15:18.545+0000] {dagbag.py:540} INFO - Filling up the DagBag from /opt/airflow/dags/hive_insert.py
[2024-07-10T20:15:18.562+0000] {processor.py:840} INFO - DAG(s) 'hive_insert' retrieved from /opt/airflow/dags/hive_insert.py
[2024-07-10T20:15:18.579+0000] {logging_mixin.py:188} INFO - [2024-07-10T20:15:18.579+0000] {dag.py:3096} INFO - Sync 1 DAGs
[2024-07-10T20:15:18.603+0000] {logging_mixin.py:188} INFO - [2024-07-10T20:15:18.603+0000] {dag.py:3954} INFO - Setting next_dagrun for hive_insert to None, run_after=None
[2024-07-10T20:15:18.624+0000] {processor.py:183} INFO - Processing /opt/airflow/dags/hive_insert.py took 0.089 seconds
[2024-07-10T20:15:20.597+0000] {processor.py:161} INFO - Started process (PID=932) to work on /opt/airflow/dags/hive_insert.py
[2024-07-10T20:15:20.598+0000] {processor.py:830} INFO - Processing file /opt/airflow/dags/hive_insert.py for tasks to queue
[2024-07-10T20:15:20.600+0000] {logging_mixin.py:188} INFO - [2024-07-10T20:15:20.600+0000] {dagbag.py:540} INFO - Filling up the DagBag from /opt/airflow/dags/hive_insert.py
[2024-07-10T20:15:20.616+0000] {processor.py:840} INFO - DAG(s) 'hive_insert' retrieved from /opt/airflow/dags/hive_insert.py
[2024-07-10T20:15:20.637+0000] {logging_mixin.py:188} INFO - [2024-07-10T20:15:20.636+0000] {dag.py:3096} INFO - Sync 1 DAGs
[2024-07-10T20:15:20.657+0000] {logging_mixin.py:188} INFO - [2024-07-10T20:15:20.656+0000] {dag.py:3954} INFO - Setting next_dagrun for hive_insert to None, run_after=None
[2024-07-10T20:15:20.677+0000] {processor.py:183} INFO - Processing /opt/airflow/dags/hive_insert.py took 0.088 seconds
[2024-07-10T20:15:23.021+0000] {processor.py:161} INFO - Started process (PID=963) to work on /opt/airflow/dags/hive_insert.py
[2024-07-10T20:15:23.023+0000] {processor.py:830} INFO - Processing file /opt/airflow/dags/hive_insert.py for tasks to queue
[2024-07-10T20:15:23.025+0000] {logging_mixin.py:188} INFO - [2024-07-10T20:15:23.024+0000] {dagbag.py:540} INFO - Filling up the DagBag from /opt/airflow/dags/hive_insert.py
[2024-07-10T20:15:23.041+0000] {processor.py:840} INFO - DAG(s) 'hive_insert' retrieved from /opt/airflow/dags/hive_insert.py
[2024-07-10T20:15:23.058+0000] {logging_mixin.py:188} INFO - [2024-07-10T20:15:23.058+0000] {dag.py:3096} INFO - Sync 1 DAGs
[2024-07-10T20:15:23.076+0000] {logging_mixin.py:188} INFO - [2024-07-10T20:15:23.076+0000] {dag.py:3954} INFO - Setting next_dagrun for hive_insert to None, run_after=None
[2024-07-10T20:15:23.094+0000] {processor.py:183} INFO - Processing /opt/airflow/dags/hive_insert.py took 0.079 seconds
[2024-07-10T20:15:24.964+0000] {processor.py:161} INFO - Started process (PID=994) to work on /opt/airflow/dags/hive_insert.py
[2024-07-10T20:15:24.965+0000] {processor.py:830} INFO - Processing file /opt/airflow/dags/hive_insert.py for tasks to queue
[2024-07-10T20:15:24.967+0000] {logging_mixin.py:188} INFO - [2024-07-10T20:15:24.967+0000] {dagbag.py:540} INFO - Filling up the DagBag from /opt/airflow/dags/hive_insert.py
[2024-07-10T20:15:24.986+0000] {processor.py:840} INFO - DAG(s) 'hive_insert' retrieved from /opt/airflow/dags/hive_insert.py
[2024-07-10T20:15:25.003+0000] {logging_mixin.py:188} INFO - [2024-07-10T20:15:25.003+0000] {dag.py:3096} INFO - Sync 1 DAGs
[2024-07-10T20:15:25.022+0000] {logging_mixin.py:188} INFO - [2024-07-10T20:15:25.021+0000] {dag.py:3954} INFO - Setting next_dagrun for hive_insert to None, run_after=None
[2024-07-10T20:15:25.042+0000] {processor.py:183} INFO - Processing /opt/airflow/dags/hive_insert.py took 0.083 seconds
[2024-07-10T20:15:27.176+0000] {processor.py:161} INFO - Started process (PID=1025) to work on /opt/airflow/dags/hive_insert.py
[2024-07-10T20:15:27.177+0000] {processor.py:830} INFO - Processing file /opt/airflow/dags/hive_insert.py for tasks to queue
[2024-07-10T20:15:27.179+0000] {logging_mixin.py:188} INFO - [2024-07-10T20:15:27.179+0000] {dagbag.py:540} INFO - Filling up the DagBag from /opt/airflow/dags/hive_insert.py
[2024-07-10T20:15:27.194+0000] {processor.py:840} INFO - DAG(s) 'hive_insert' retrieved from /opt/airflow/dags/hive_insert.py
[2024-07-10T20:15:27.210+0000] {logging_mixin.py:188} INFO - [2024-07-10T20:15:27.210+0000] {dag.py:3096} INFO - Sync 1 DAGs
[2024-07-10T20:15:27.227+0000] {logging_mixin.py:188} INFO - [2024-07-10T20:15:27.227+0000] {dag.py:3954} INFO - Setting next_dagrun for hive_insert to None, run_after=None
[2024-07-10T20:15:27.245+0000] {processor.py:183} INFO - Processing /opt/airflow/dags/hive_insert.py took 0.074 seconds
[2024-07-10T20:15:29.333+0000] {processor.py:161} INFO - Started process (PID=1056) to work on /opt/airflow/dags/hive_insert.py
[2024-07-10T20:15:29.333+0000] {processor.py:830} INFO - Processing file /opt/airflow/dags/hive_insert.py for tasks to queue
[2024-07-10T20:15:29.335+0000] {logging_mixin.py:188} INFO - [2024-07-10T20:15:29.335+0000] {dagbag.py:540} INFO - Filling up the DagBag from /opt/airflow/dags/hive_insert.py
[2024-07-10T20:15:29.350+0000] {processor.py:840} INFO - DAG(s) 'hive_insert' retrieved from /opt/airflow/dags/hive_insert.py
[2024-07-10T20:15:29.367+0000] {logging_mixin.py:188} INFO - [2024-07-10T20:15:29.367+0000] {dag.py:3096} INFO - Sync 1 DAGs
[2024-07-10T20:15:29.386+0000] {logging_mixin.py:188} INFO - [2024-07-10T20:15:29.386+0000] {dag.py:3954} INFO - Setting next_dagrun for hive_insert to None, run_after=None
[2024-07-10T20:15:29.406+0000] {processor.py:183} INFO - Processing /opt/airflow/dags/hive_insert.py took 0.079 seconds
[2024-07-10T20:15:31.752+0000] {processor.py:161} INFO - Started process (PID=1087) to work on /opt/airflow/dags/hive_insert.py
[2024-07-10T20:15:31.753+0000] {processor.py:830} INFO - Processing file /opt/airflow/dags/hive_insert.py for tasks to queue
[2024-07-10T20:15:31.755+0000] {logging_mixin.py:188} INFO - [2024-07-10T20:15:31.755+0000] {dagbag.py:540} INFO - Filling up the DagBag from /opt/airflow/dags/hive_insert.py
[2024-07-10T20:15:31.773+0000] {processor.py:840} INFO - DAG(s) 'hive_insert' retrieved from /opt/airflow/dags/hive_insert.py
[2024-07-10T20:15:31.792+0000] {logging_mixin.py:188} INFO - [2024-07-10T20:15:31.792+0000] {dag.py:3096} INFO - Sync 1 DAGs
[2024-07-10T20:15:31.813+0000] {logging_mixin.py:188} INFO - [2024-07-10T20:15:31.813+0000] {dag.py:3954} INFO - Setting next_dagrun for hive_insert to None, run_after=None
[2024-07-10T20:15:31.833+0000] {processor.py:183} INFO - Processing /opt/airflow/dags/hive_insert.py took 0.088 seconds
[2024-07-10T20:15:33.767+0000] {processor.py:161} INFO - Started process (PID=1119) to work on /opt/airflow/dags/hive_insert.py
[2024-07-10T20:15:33.768+0000] {processor.py:830} INFO - Processing file /opt/airflow/dags/hive_insert.py for tasks to queue
[2024-07-10T20:15:33.769+0000] {logging_mixin.py:188} INFO - [2024-07-10T20:15:33.769+0000] {dagbag.py:540} INFO - Filling up the DagBag from /opt/airflow/dags/hive_insert.py
[2024-07-10T20:15:33.787+0000] {processor.py:840} INFO - DAG(s) 'hive_insert' retrieved from /opt/airflow/dags/hive_insert.py
[2024-07-10T20:15:33.808+0000] {logging_mixin.py:188} INFO - [2024-07-10T20:15:33.808+0000] {dag.py:3096} INFO - Sync 1 DAGs
[2024-07-10T20:15:33.828+0000] {logging_mixin.py:188} INFO - [2024-07-10T20:15:33.827+0000] {dag.py:3954} INFO - Setting next_dagrun for hive_insert to None, run_after=None
[2024-07-10T20:15:33.848+0000] {processor.py:183} INFO - Processing /opt/airflow/dags/hive_insert.py took 0.088 seconds
[2024-07-10T20:15:35.857+0000] {processor.py:161} INFO - Started process (PID=1150) to work on /opt/airflow/dags/hive_insert.py
[2024-07-10T20:15:35.859+0000] {processor.py:830} INFO - Processing file /opt/airflow/dags/hive_insert.py for tasks to queue
[2024-07-10T20:15:35.860+0000] {logging_mixin.py:188} INFO - [2024-07-10T20:15:35.860+0000] {dagbag.py:540} INFO - Filling up the DagBag from /opt/airflow/dags/hive_insert.py
[2024-07-10T20:15:35.877+0000] {processor.py:840} INFO - DAG(s) 'hive_insert' retrieved from /opt/airflow/dags/hive_insert.py
[2024-07-10T20:15:35.897+0000] {logging_mixin.py:188} INFO - [2024-07-10T20:15:35.897+0000] {dag.py:3096} INFO - Sync 1 DAGs
[2024-07-10T20:15:35.917+0000] {logging_mixin.py:188} INFO - [2024-07-10T20:15:35.916+0000] {dag.py:3954} INFO - Setting next_dagrun for hive_insert to None, run_after=None
[2024-07-10T20:15:35.935+0000] {processor.py:183} INFO - Processing /opt/airflow/dags/hive_insert.py took 0.085 seconds
[2024-07-10T20:15:38.315+0000] {processor.py:161} INFO - Started process (PID=1187) to work on /opt/airflow/dags/hive_insert.py
[2024-07-10T20:15:38.317+0000] {processor.py:830} INFO - Processing file /opt/airflow/dags/hive_insert.py for tasks to queue
[2024-07-10T20:15:38.319+0000] {logging_mixin.py:188} INFO - [2024-07-10T20:15:38.318+0000] {dagbag.py:540} INFO - Filling up the DagBag from /opt/airflow/dags/hive_insert.py
[2024-07-10T20:15:38.337+0000] {processor.py:840} INFO - DAG(s) 'hive_insert' retrieved from /opt/airflow/dags/hive_insert.py
[2024-07-10T20:15:38.356+0000] {logging_mixin.py:188} INFO - [2024-07-10T20:15:38.355+0000] {dag.py:3096} INFO - Sync 1 DAGs
[2024-07-10T20:15:38.376+0000] {logging_mixin.py:188} INFO - [2024-07-10T20:15:38.376+0000] {dag.py:3954} INFO - Setting next_dagrun for hive_insert to None, run_after=None
[2024-07-10T20:15:38.400+0000] {processor.py:183} INFO - Processing /opt/airflow/dags/hive_insert.py took 0.091 seconds
[2024-07-10T20:15:40.737+0000] {processor.py:161} INFO - Started process (PID=1219) to work on /opt/airflow/dags/hive_insert.py
[2024-07-10T20:15:40.739+0000] {processor.py:830} INFO - Processing file /opt/airflow/dags/hive_insert.py for tasks to queue
[2024-07-10T20:15:40.740+0000] {logging_mixin.py:188} INFO - [2024-07-10T20:15:40.740+0000] {dagbag.py:540} INFO - Filling up the DagBag from /opt/airflow/dags/hive_insert.py
[2024-07-10T20:15:40.760+0000] {processor.py:840} INFO - DAG(s) 'hive_insert' retrieved from /opt/airflow/dags/hive_insert.py
[2024-07-10T20:15:40.791+0000] {logging_mixin.py:188} INFO - [2024-07-10T20:15:40.791+0000] {dag.py:3096} INFO - Sync 1 DAGs
[2024-07-10T20:15:40.820+0000] {logging_mixin.py:188} INFO - [2024-07-10T20:15:40.820+0000] {dag.py:3954} INFO - Setting next_dagrun for hive_insert to None, run_after=None
[2024-07-10T20:15:40.856+0000] {processor.py:183} INFO - Processing /opt/airflow/dags/hive_insert.py took 0.125 seconds
