[2024-07-10T20:14:53.025+0000] {processor.py:161} INFO - Started process (PID=526) to work on /opt/airflow/dags/mysql_query.py
[2024-07-10T20:14:53.026+0000] {processor.py:830} INFO - Processing file /opt/airflow/dags/mysql_query.py for tasks to queue
[2024-07-10T20:14:53.028+0000] {logging_mixin.py:188} INFO - [2024-07-10T20:14:53.027+0000] {dagbag.py:540} INFO - Filling up the DagBag from /opt/airflow/dags/mysql_query.py
[2024-07-10T20:14:53.042+0000] {processor.py:840} INFO - DAG(s) 'mysql_query' retrieved from /opt/airflow/dags/mysql_query.py
[2024-07-10T20:14:53.061+0000] {logging_mixin.py:188} INFO - [2024-07-10T20:14:53.061+0000] {dag.py:3096} INFO - Sync 1 DAGs
[2024-07-10T20:14:53.079+0000] {logging_mixin.py:188} INFO - [2024-07-10T20:14:53.079+0000] {dag.py:3954} INFO - Setting next_dagrun for mysql_query to None, run_after=None
[2024-07-10T20:14:53.096+0000] {processor.py:183} INFO - Processing /opt/airflow/dags/mysql_query.py took 0.076 seconds
[2024-07-10T20:14:55.275+0000] {processor.py:161} INFO - Started process (PID=558) to work on /opt/airflow/dags/mysql_query.py
[2024-07-10T20:14:55.276+0000] {processor.py:830} INFO - Processing file /opt/airflow/dags/mysql_query.py for tasks to queue
[2024-07-10T20:14:55.278+0000] {logging_mixin.py:188} INFO - [2024-07-10T20:14:55.277+0000] {dagbag.py:540} INFO - Filling up the DagBag from /opt/airflow/dags/mysql_query.py
[2024-07-10T20:14:55.292+0000] {processor.py:840} INFO - DAG(s) 'mysql_query' retrieved from /opt/airflow/dags/mysql_query.py
[2024-07-10T20:14:55.310+0000] {logging_mixin.py:188} INFO - [2024-07-10T20:14:55.310+0000] {dag.py:3096} INFO - Sync 1 DAGs
[2024-07-10T20:14:55.327+0000] {logging_mixin.py:188} INFO - [2024-07-10T20:14:55.327+0000] {dag.py:3954} INFO - Setting next_dagrun for mysql_query to None, run_after=None
[2024-07-10T20:14:55.346+0000] {processor.py:183} INFO - Processing /opt/airflow/dags/mysql_query.py took 0.076 seconds
[2024-07-10T20:14:57.247+0000] {processor.py:161} INFO - Started process (PID=590) to work on /opt/airflow/dags/mysql_query.py
[2024-07-10T20:14:57.248+0000] {processor.py:830} INFO - Processing file /opt/airflow/dags/mysql_query.py for tasks to queue
[2024-07-10T20:14:57.250+0000] {logging_mixin.py:188} INFO - [2024-07-10T20:14:57.249+0000] {dagbag.py:540} INFO - Filling up the DagBag from /opt/airflow/dags/mysql_query.py
[2024-07-10T20:14:57.265+0000] {processor.py:840} INFO - DAG(s) 'mysql_query' retrieved from /opt/airflow/dags/mysql_query.py
[2024-07-10T20:14:57.282+0000] {logging_mixin.py:188} INFO - [2024-07-10T20:14:57.282+0000] {dag.py:3096} INFO - Sync 1 DAGs
[2024-07-10T20:14:57.300+0000] {logging_mixin.py:188} INFO - [2024-07-10T20:14:57.300+0000] {dag.py:3954} INFO - Setting next_dagrun for mysql_query to None, run_after=None
[2024-07-10T20:14:57.317+0000] {processor.py:183} INFO - Processing /opt/airflow/dags/mysql_query.py took 0.077 seconds
[2024-07-10T20:14:59.214+0000] {processor.py:161} INFO - Started process (PID=621) to work on /opt/airflow/dags/mysql_query.py
[2024-07-10T20:14:59.215+0000] {processor.py:830} INFO - Processing file /opt/airflow/dags/mysql_query.py for tasks to queue
[2024-07-10T20:14:59.217+0000] {logging_mixin.py:188} INFO - [2024-07-10T20:14:59.216+0000] {dagbag.py:540} INFO - Filling up the DagBag from /opt/airflow/dags/mysql_query.py
[2024-07-10T20:14:59.235+0000] {processor.py:840} INFO - DAG(s) 'mysql_query' retrieved from /opt/airflow/dags/mysql_query.py
[2024-07-10T20:14:59.255+0000] {logging_mixin.py:188} INFO - [2024-07-10T20:14:59.254+0000] {dag.py:3096} INFO - Sync 1 DAGs
[2024-07-10T20:14:59.275+0000] {logging_mixin.py:188} INFO - [2024-07-10T20:14:59.275+0000] {dag.py:3954} INFO - Setting next_dagrun for mysql_query to None, run_after=None
[2024-07-10T20:14:59.296+0000] {processor.py:183} INFO - Processing /opt/airflow/dags/mysql_query.py took 0.088 seconds
[2024-07-10T20:15:01.304+0000] {processor.py:161} INFO - Started process (PID=652) to work on /opt/airflow/dags/mysql_query.py
[2024-07-10T20:15:01.305+0000] {processor.py:830} INFO - Processing file /opt/airflow/dags/mysql_query.py for tasks to queue
[2024-07-10T20:15:01.307+0000] {logging_mixin.py:188} INFO - [2024-07-10T20:15:01.307+0000] {dagbag.py:540} INFO - Filling up the DagBag from /opt/airflow/dags/mysql_query.py
[2024-07-10T20:15:01.325+0000] {processor.py:840} INFO - DAG(s) 'mysql_query' retrieved from /opt/airflow/dags/mysql_query.py
[2024-07-10T20:15:01.344+0000] {logging_mixin.py:188} INFO - [2024-07-10T20:15:01.343+0000] {dag.py:3096} INFO - Sync 1 DAGs
[2024-07-10T20:15:01.362+0000] {logging_mixin.py:188} INFO - [2024-07-10T20:15:01.362+0000] {dag.py:3954} INFO - Setting next_dagrun for mysql_query to None, run_after=None
[2024-07-10T20:15:01.377+0000] {processor.py:183} INFO - Processing /opt/airflow/dags/mysql_query.py took 0.079 seconds
[2024-07-10T20:15:03.340+0000] {processor.py:161} INFO - Started process (PID=683) to work on /opt/airflow/dags/mysql_query.py
[2024-07-10T20:15:03.342+0000] {processor.py:830} INFO - Processing file /opt/airflow/dags/mysql_query.py for tasks to queue
[2024-07-10T20:15:03.344+0000] {logging_mixin.py:188} INFO - [2024-07-10T20:15:03.343+0000] {dagbag.py:540} INFO - Filling up the DagBag from /opt/airflow/dags/mysql_query.py
[2024-07-10T20:15:03.363+0000] {processor.py:840} INFO - DAG(s) 'mysql_query' retrieved from /opt/airflow/dags/mysql_query.py
[2024-07-10T20:15:03.382+0000] {logging_mixin.py:188} INFO - [2024-07-10T20:15:03.382+0000] {dag.py:3096} INFO - Sync 1 DAGs
[2024-07-10T20:15:03.402+0000] {logging_mixin.py:188} INFO - [2024-07-10T20:15:03.402+0000] {dag.py:3954} INFO - Setting next_dagrun for mysql_query to None, run_after=None
[2024-07-10T20:15:03.424+0000] {processor.py:183} INFO - Processing /opt/airflow/dags/mysql_query.py took 0.090 seconds
[2024-07-10T20:15:05.589+0000] {processor.py:161} INFO - Started process (PID=714) to work on /opt/airflow/dags/mysql_query.py
[2024-07-10T20:15:05.591+0000] {processor.py:830} INFO - Processing file /opt/airflow/dags/mysql_query.py for tasks to queue
[2024-07-10T20:15:05.593+0000] {logging_mixin.py:188} INFO - [2024-07-10T20:15:05.593+0000] {dagbag.py:540} INFO - Filling up the DagBag from /opt/airflow/dags/mysql_query.py
[2024-07-10T20:15:05.612+0000] {processor.py:840} INFO - DAG(s) 'mysql_query' retrieved from /opt/airflow/dags/mysql_query.py
[2024-07-10T20:15:05.632+0000] {logging_mixin.py:188} INFO - [2024-07-10T20:15:05.632+0000] {dag.py:3096} INFO - Sync 1 DAGs
[2024-07-10T20:15:05.660+0000] {logging_mixin.py:188} INFO - [2024-07-10T20:15:05.659+0000] {dag.py:3954} INFO - Setting next_dagrun for mysql_query to None, run_after=None
[2024-07-10T20:15:05.688+0000] {processor.py:183} INFO - Processing /opt/airflow/dags/mysql_query.py took 0.106 seconds
[2024-07-10T20:15:07.904+0000] {processor.py:161} INFO - Started process (PID=751) to work on /opt/airflow/dags/mysql_query.py
[2024-07-10T20:15:07.905+0000] {processor.py:830} INFO - Processing file /opt/airflow/dags/mysql_query.py for tasks to queue
[2024-07-10T20:15:07.907+0000] {logging_mixin.py:188} INFO - [2024-07-10T20:15:07.907+0000] {dagbag.py:540} INFO - Filling up the DagBag from /opt/airflow/dags/mysql_query.py
[2024-07-10T20:15:07.930+0000] {processor.py:840} INFO - DAG(s) 'mysql_query' retrieved from /opt/airflow/dags/mysql_query.py
[2024-07-10T20:15:07.950+0000] {logging_mixin.py:188} INFO - [2024-07-10T20:15:07.950+0000] {dag.py:3096} INFO - Sync 1 DAGs
[2024-07-10T20:15:07.970+0000] {logging_mixin.py:188} INFO - [2024-07-10T20:15:07.970+0000] {dag.py:3954} INFO - Setting next_dagrun for mysql_query to None, run_after=None
[2024-07-10T20:15:07.989+0000] {processor.py:183} INFO - Processing /opt/airflow/dags/mysql_query.py took 0.092 seconds
[2024-07-10T20:15:09.957+0000] {processor.py:161} INFO - Started process (PID=782) to work on /opt/airflow/dags/mysql_query.py
[2024-07-10T20:15:09.958+0000] {processor.py:830} INFO - Processing file /opt/airflow/dags/mysql_query.py for tasks to queue
[2024-07-10T20:15:09.960+0000] {logging_mixin.py:188} INFO - [2024-07-10T20:15:09.959+0000] {dagbag.py:540} INFO - Filling up the DagBag from /opt/airflow/dags/mysql_query.py
[2024-07-10T20:15:09.979+0000] {processor.py:840} INFO - DAG(s) 'mysql_query' retrieved from /opt/airflow/dags/mysql_query.py
[2024-07-10T20:15:10.002+0000] {logging_mixin.py:188} INFO - [2024-07-10T20:15:10.002+0000] {dag.py:3096} INFO - Sync 1 DAGs
[2024-07-10T20:15:10.023+0000] {logging_mixin.py:188} INFO - [2024-07-10T20:15:10.023+0000] {dag.py:3954} INFO - Setting next_dagrun for mysql_query to None, run_after=None
[2024-07-10T20:15:10.045+0000] {processor.py:183} INFO - Processing /opt/airflow/dags/mysql_query.py took 0.094 seconds
[2024-07-10T20:15:12.322+0000] {processor.py:161} INFO - Started process (PID=813) to work on /opt/airflow/dags/mysql_query.py
[2024-07-10T20:15:12.323+0000] {processor.py:830} INFO - Processing file /opt/airflow/dags/mysql_query.py for tasks to queue
[2024-07-10T20:15:12.325+0000] {logging_mixin.py:188} INFO - [2024-07-10T20:15:12.324+0000] {dagbag.py:540} INFO - Filling up the DagBag from /opt/airflow/dags/mysql_query.py
[2024-07-10T20:15:12.341+0000] {processor.py:840} INFO - DAG(s) 'mysql_query' retrieved from /opt/airflow/dags/mysql_query.py
[2024-07-10T20:15:12.361+0000] {logging_mixin.py:188} INFO - [2024-07-10T20:15:12.361+0000] {dag.py:3096} INFO - Sync 1 DAGs
[2024-07-10T20:15:12.384+0000] {logging_mixin.py:188} INFO - [2024-07-10T20:15:12.384+0000] {dag.py:3954} INFO - Setting next_dagrun for mysql_query to None, run_after=None
[2024-07-10T20:15:12.408+0000] {processor.py:183} INFO - Processing /opt/airflow/dags/mysql_query.py took 0.093 seconds
[2024-07-10T20:15:14.298+0000] {processor.py:161} INFO - Started process (PID=844) to work on /opt/airflow/dags/mysql_query.py
[2024-07-10T20:15:14.299+0000] {processor.py:830} INFO - Processing file /opt/airflow/dags/mysql_query.py for tasks to queue
[2024-07-10T20:15:14.301+0000] {logging_mixin.py:188} INFO - [2024-07-10T20:15:14.300+0000] {dagbag.py:540} INFO - Filling up the DagBag from /opt/airflow/dags/mysql_query.py
[2024-07-10T20:15:14.320+0000] {processor.py:840} INFO - DAG(s) 'mysql_query' retrieved from /opt/airflow/dags/mysql_query.py
[2024-07-10T20:15:14.339+0000] {logging_mixin.py:188} INFO - [2024-07-10T20:15:14.339+0000] {dag.py:3096} INFO - Sync 1 DAGs
[2024-07-10T20:15:14.361+0000] {logging_mixin.py:188} INFO - [2024-07-10T20:15:14.361+0000] {dag.py:3954} INFO - Setting next_dagrun for mysql_query to None, run_after=None
[2024-07-10T20:15:14.381+0000] {processor.py:183} INFO - Processing /opt/airflow/dags/mysql_query.py took 0.089 seconds
[2024-07-10T20:15:16.556+0000] {processor.py:161} INFO - Started process (PID=875) to work on /opt/airflow/dags/mysql_query.py
[2024-07-10T20:15:16.557+0000] {processor.py:830} INFO - Processing file /opt/airflow/dags/mysql_query.py for tasks to queue
[2024-07-10T20:15:16.559+0000] {logging_mixin.py:188} INFO - [2024-07-10T20:15:16.559+0000] {dagbag.py:540} INFO - Filling up the DagBag from /opt/airflow/dags/mysql_query.py
[2024-07-10T20:15:16.577+0000] {processor.py:840} INFO - DAG(s) 'mysql_query' retrieved from /opt/airflow/dags/mysql_query.py
[2024-07-10T20:15:16.596+0000] {logging_mixin.py:188} INFO - [2024-07-10T20:15:16.595+0000] {dag.py:3096} INFO - Sync 1 DAGs
[2024-07-10T20:15:16.614+0000] {logging_mixin.py:188} INFO - [2024-07-10T20:15:16.614+0000] {dag.py:3954} INFO - Setting next_dagrun for mysql_query to None, run_after=None
[2024-07-10T20:15:16.637+0000] {processor.py:183} INFO - Processing /opt/airflow/dags/mysql_query.py took 0.086 seconds
[2024-07-10T20:15:18.867+0000] {processor.py:161} INFO - Started process (PID=906) to work on /opt/airflow/dags/mysql_query.py
[2024-07-10T20:15:18.869+0000] {processor.py:830} INFO - Processing file /opt/airflow/dags/mysql_query.py for tasks to queue
[2024-07-10T20:15:18.871+0000] {logging_mixin.py:188} INFO - [2024-07-10T20:15:18.870+0000] {dagbag.py:540} INFO - Filling up the DagBag from /opt/airflow/dags/mysql_query.py
[2024-07-10T20:15:18.887+0000] {processor.py:840} INFO - DAG(s) 'mysql_query' retrieved from /opt/airflow/dags/mysql_query.py
[2024-07-10T20:15:18.910+0000] {logging_mixin.py:188} INFO - [2024-07-10T20:15:18.909+0000] {dag.py:3096} INFO - Sync 1 DAGs
[2024-07-10T20:15:18.936+0000] {logging_mixin.py:188} INFO - [2024-07-10T20:15:18.936+0000] {dag.py:3954} INFO - Setting next_dagrun for mysql_query to None, run_after=None
[2024-07-10T20:15:18.956+0000] {processor.py:183} INFO - Processing /opt/airflow/dags/mysql_query.py took 0.094 seconds
[2024-07-10T20:15:21.053+0000] {processor.py:161} INFO - Started process (PID=937) to work on /opt/airflow/dags/mysql_query.py
[2024-07-10T20:15:21.054+0000] {processor.py:830} INFO - Processing file /opt/airflow/dags/mysql_query.py for tasks to queue
[2024-07-10T20:15:21.055+0000] {logging_mixin.py:188} INFO - [2024-07-10T20:15:21.055+0000] {dagbag.py:540} INFO - Filling up the DagBag from /opt/airflow/dags/mysql_query.py
[2024-07-10T20:15:21.070+0000] {processor.py:840} INFO - DAG(s) 'mysql_query' retrieved from /opt/airflow/dags/mysql_query.py
[2024-07-10T20:15:21.087+0000] {logging_mixin.py:188} INFO - [2024-07-10T20:15:21.086+0000] {dag.py:3096} INFO - Sync 1 DAGs
[2024-07-10T20:15:21.104+0000] {logging_mixin.py:188} INFO - [2024-07-10T20:15:21.104+0000] {dag.py:3954} INFO - Setting next_dagrun for mysql_query to None, run_after=None
[2024-07-10T20:15:21.123+0000] {processor.py:183} INFO - Processing /opt/airflow/dags/mysql_query.py took 0.076 seconds
[2024-07-10T20:15:23.311+0000] {processor.py:161} INFO - Started process (PID=968) to work on /opt/airflow/dags/mysql_query.py
[2024-07-10T20:15:23.312+0000] {processor.py:830} INFO - Processing file /opt/airflow/dags/mysql_query.py for tasks to queue
[2024-07-10T20:15:23.314+0000] {logging_mixin.py:188} INFO - [2024-07-10T20:15:23.314+0000] {dagbag.py:540} INFO - Filling up the DagBag from /opt/airflow/dags/mysql_query.py
[2024-07-10T20:15:23.331+0000] {processor.py:840} INFO - DAG(s) 'mysql_query' retrieved from /opt/airflow/dags/mysql_query.py
[2024-07-10T20:15:23.348+0000] {logging_mixin.py:188} INFO - [2024-07-10T20:15:23.347+0000] {dag.py:3096} INFO - Sync 1 DAGs
[2024-07-10T20:15:23.366+0000] {logging_mixin.py:188} INFO - [2024-07-10T20:15:23.366+0000] {dag.py:3954} INFO - Setting next_dagrun for mysql_query to None, run_after=None
[2024-07-10T20:15:23.384+0000] {processor.py:183} INFO - Processing /opt/airflow/dags/mysql_query.py took 0.079 seconds
[2024-07-10T20:15:25.397+0000] {processor.py:161} INFO - Started process (PID=999) to work on /opt/airflow/dags/mysql_query.py
[2024-07-10T20:15:25.398+0000] {processor.py:830} INFO - Processing file /opt/airflow/dags/mysql_query.py for tasks to queue
[2024-07-10T20:15:25.399+0000] {logging_mixin.py:188} INFO - [2024-07-10T20:15:25.399+0000] {dagbag.py:540} INFO - Filling up the DagBag from /opt/airflow/dags/mysql_query.py
[2024-07-10T20:15:25.415+0000] {processor.py:840} INFO - DAG(s) 'mysql_query' retrieved from /opt/airflow/dags/mysql_query.py
[2024-07-10T20:15:25.432+0000] {logging_mixin.py:188} INFO - [2024-07-10T20:15:25.432+0000] {dag.py:3096} INFO - Sync 1 DAGs
[2024-07-10T20:15:25.451+0000] {logging_mixin.py:188} INFO - [2024-07-10T20:15:25.450+0000] {dag.py:3954} INFO - Setting next_dagrun for mysql_query to None, run_after=None
[2024-07-10T20:15:25.469+0000] {processor.py:183} INFO - Processing /opt/airflow/dags/mysql_query.py took 0.078 seconds
[2024-07-10T20:15:27.423+0000] {processor.py:161} INFO - Started process (PID=1030) to work on /opt/airflow/dags/mysql_query.py
[2024-07-10T20:15:27.424+0000] {processor.py:830} INFO - Processing file /opt/airflow/dags/mysql_query.py for tasks to queue
[2024-07-10T20:15:27.426+0000] {logging_mixin.py:188} INFO - [2024-07-10T20:15:27.426+0000] {dagbag.py:540} INFO - Filling up the DagBag from /opt/airflow/dags/mysql_query.py
[2024-07-10T20:15:27.442+0000] {processor.py:840} INFO - DAG(s) 'mysql_query' retrieved from /opt/airflow/dags/mysql_query.py
[2024-07-10T20:15:27.461+0000] {logging_mixin.py:188} INFO - [2024-07-10T20:15:27.461+0000] {dag.py:3096} INFO - Sync 1 DAGs
[2024-07-10T20:15:27.484+0000] {logging_mixin.py:188} INFO - [2024-07-10T20:15:27.484+0000] {dag.py:3954} INFO - Setting next_dagrun for mysql_query to None, run_after=None
[2024-07-10T20:15:27.503+0000] {processor.py:183} INFO - Processing /opt/airflow/dags/mysql_query.py took 0.085 seconds
[2024-07-10T20:15:29.680+0000] {processor.py:161} INFO - Started process (PID=1061) to work on /opt/airflow/dags/mysql_query.py
[2024-07-10T20:15:29.681+0000] {processor.py:830} INFO - Processing file /opt/airflow/dags/mysql_query.py for tasks to queue
[2024-07-10T20:15:29.683+0000] {logging_mixin.py:188} INFO - [2024-07-10T20:15:29.683+0000] {dagbag.py:540} INFO - Filling up the DagBag from /opt/airflow/dags/mysql_query.py
[2024-07-10T20:15:29.701+0000] {processor.py:840} INFO - DAG(s) 'mysql_query' retrieved from /opt/airflow/dags/mysql_query.py
[2024-07-10T20:15:29.718+0000] {logging_mixin.py:188} INFO - [2024-07-10T20:15:29.718+0000] {dag.py:3096} INFO - Sync 1 DAGs
[2024-07-10T20:15:29.736+0000] {logging_mixin.py:188} INFO - [2024-07-10T20:15:29.736+0000] {dag.py:3954} INFO - Setting next_dagrun for mysql_query to None, run_after=None
[2024-07-10T20:15:29.755+0000] {processor.py:183} INFO - Processing /opt/airflow/dags/mysql_query.py took 0.080 seconds
[2024-07-10T20:15:32.068+0000] {processor.py:161} INFO - Started process (PID=1092) to work on /opt/airflow/dags/mysql_query.py
[2024-07-10T20:15:32.069+0000] {processor.py:830} INFO - Processing file /opt/airflow/dags/mysql_query.py for tasks to queue
[2024-07-10T20:15:32.070+0000] {logging_mixin.py:188} INFO - [2024-07-10T20:15:32.070+0000] {dagbag.py:540} INFO - Filling up the DagBag from /opt/airflow/dags/mysql_query.py
[2024-07-10T20:15:32.090+0000] {processor.py:840} INFO - DAG(s) 'mysql_query' retrieved from /opt/airflow/dags/mysql_query.py
[2024-07-10T20:15:32.120+0000] {logging_mixin.py:188} INFO - [2024-07-10T20:15:32.119+0000] {dag.py:3096} INFO - Sync 1 DAGs
[2024-07-10T20:15:32.142+0000] {logging_mixin.py:188} INFO - [2024-07-10T20:15:32.142+0000] {dag.py:3954} INFO - Setting next_dagrun for mysql_query to None, run_after=None
[2024-07-10T20:15:32.161+0000] {processor.py:183} INFO - Processing /opt/airflow/dags/mysql_query.py took 0.099 seconds
[2024-07-10T20:15:34.045+0000] {processor.py:161} INFO - Started process (PID=1124) to work on /opt/airflow/dags/mysql_query.py
[2024-07-10T20:15:34.046+0000] {processor.py:830} INFO - Processing file /opt/airflow/dags/mysql_query.py for tasks to queue
[2024-07-10T20:15:34.048+0000] {logging_mixin.py:188} INFO - [2024-07-10T20:15:34.047+0000] {dagbag.py:540} INFO - Filling up the DagBag from /opt/airflow/dags/mysql_query.py
[2024-07-10T20:15:34.064+0000] {processor.py:840} INFO - DAG(s) 'mysql_query' retrieved from /opt/airflow/dags/mysql_query.py
[2024-07-10T20:15:34.085+0000] {logging_mixin.py:188} INFO - [2024-07-10T20:15:34.084+0000] {dag.py:3096} INFO - Sync 1 DAGs
[2024-07-10T20:15:34.108+0000] {logging_mixin.py:188} INFO - [2024-07-10T20:15:34.108+0000] {dag.py:3954} INFO - Setting next_dagrun for mysql_query to None, run_after=None
[2024-07-10T20:15:34.130+0000] {processor.py:183} INFO - Processing /opt/airflow/dags/mysql_query.py took 0.091 seconds
[2024-07-10T20:15:36.280+0000] {processor.py:161} INFO - Started process (PID=1161) to work on /opt/airflow/dags/mysql_query.py
[2024-07-10T20:15:36.281+0000] {processor.py:830} INFO - Processing file /opt/airflow/dags/mysql_query.py for tasks to queue
[2024-07-10T20:15:36.284+0000] {logging_mixin.py:188} INFO - [2024-07-10T20:15:36.283+0000] {dagbag.py:540} INFO - Filling up the DagBag from /opt/airflow/dags/mysql_query.py
[2024-07-10T20:15:36.304+0000] {processor.py:840} INFO - DAG(s) 'mysql_query' retrieved from /opt/airflow/dags/mysql_query.py
[2024-07-10T20:15:36.327+0000] {logging_mixin.py:188} INFO - [2024-07-10T20:15:36.326+0000] {dag.py:3096} INFO - Sync 1 DAGs
[2024-07-10T20:15:36.351+0000] {logging_mixin.py:188} INFO - [2024-07-10T20:15:36.351+0000] {dag.py:3954} INFO - Setting next_dagrun for mysql_query to None, run_after=None
[2024-07-10T20:15:36.374+0000] {processor.py:183} INFO - Processing /opt/airflow/dags/mysql_query.py took 0.101 seconds
[2024-07-10T20:15:38.618+0000] {processor.py:161} INFO - Started process (PID=1192) to work on /opt/airflow/dags/mysql_query.py
[2024-07-10T20:15:38.619+0000] {processor.py:830} INFO - Processing file /opt/airflow/dags/mysql_query.py for tasks to queue
[2024-07-10T20:15:38.621+0000] {logging_mixin.py:188} INFO - [2024-07-10T20:15:38.621+0000] {dagbag.py:540} INFO - Filling up the DagBag from /opt/airflow/dags/mysql_query.py
[2024-07-10T20:15:38.637+0000] {processor.py:840} INFO - DAG(s) 'mysql_query' retrieved from /opt/airflow/dags/mysql_query.py
[2024-07-10T20:15:38.657+0000] {logging_mixin.py:188} INFO - [2024-07-10T20:15:38.657+0000] {dag.py:3096} INFO - Sync 1 DAGs
[2024-07-10T20:15:38.682+0000] {logging_mixin.py:188} INFO - [2024-07-10T20:15:38.682+0000] {dag.py:3954} INFO - Setting next_dagrun for mysql_query to None, run_after=None
[2024-07-10T20:15:38.706+0000] {processor.py:183} INFO - Processing /opt/airflow/dags/mysql_query.py took 0.095 seconds
