[2024-07-10T20:14:51.202+0000] {processor.py:161} INFO - Started process (PID=504) to work on /opt/airflow/dags/operator_python.py
[2024-07-10T20:14:51.203+0000] {processor.py:830} INFO - Processing file /opt/airflow/dags/operator_python.py for tasks to queue
[2024-07-10T20:14:51.205+0000] {logging_mixin.py:188} INFO - [2024-07-10T20:14:51.205+0000] {dagbag.py:540} INFO - Filling up the DagBag from /opt/airflow/dags/operator_python.py
[2024-07-10T20:14:51.222+0000] {processor.py:840} INFO - DAG(s) 'operator_python' retrieved from /opt/airflow/dags/operator_python.py
[2024-07-10T20:14:51.241+0000] {logging_mixin.py:188} INFO - [2024-07-10T20:14:51.241+0000] {dag.py:3096} INFO - Sync 1 DAGs
[2024-07-10T20:14:51.259+0000] {logging_mixin.py:188} INFO - [2024-07-10T20:14:51.259+0000] {dag.py:3954} INFO - Setting next_dagrun for operator_python to None, run_after=None
[2024-07-10T20:14:51.276+0000] {processor.py:183} INFO - Processing /opt/airflow/dags/operator_python.py took 0.081 seconds
[2024-07-10T20:14:53.698+0000] {processor.py:161} INFO - Started process (PID=536) to work on /opt/airflow/dags/operator_python.py
[2024-07-10T20:14:53.699+0000] {processor.py:830} INFO - Processing file /opt/airflow/dags/operator_python.py for tasks to queue
[2024-07-10T20:14:53.701+0000] {logging_mixin.py:188} INFO - [2024-07-10T20:14:53.701+0000] {dagbag.py:540} INFO - Filling up the DagBag from /opt/airflow/dags/operator_python.py
[2024-07-10T20:14:53.717+0000] {processor.py:840} INFO - DAG(s) 'operator_python' retrieved from /opt/airflow/dags/operator_python.py
[2024-07-10T20:14:53.735+0000] {logging_mixin.py:188} INFO - [2024-07-10T20:14:53.734+0000] {dag.py:3096} INFO - Sync 1 DAGs
[2024-07-10T20:14:53.755+0000] {logging_mixin.py:188} INFO - [2024-07-10T20:14:53.754+0000] {dag.py:3954} INFO - Setting next_dagrun for operator_python to None, run_after=None
[2024-07-10T20:14:53.774+0000] {processor.py:183} INFO - Processing /opt/airflow/dags/operator_python.py took 0.082 seconds
[2024-07-10T20:14:55.837+0000] {processor.py:161} INFO - Started process (PID=568) to work on /opt/airflow/dags/operator_python.py
[2024-07-10T20:14:55.838+0000] {processor.py:830} INFO - Processing file /opt/airflow/dags/operator_python.py for tasks to queue
[2024-07-10T20:14:55.840+0000] {logging_mixin.py:188} INFO - [2024-07-10T20:14:55.839+0000] {dagbag.py:540} INFO - Filling up the DagBag from /opt/airflow/dags/operator_python.py
[2024-07-10T20:14:55.857+0000] {processor.py:840} INFO - DAG(s) 'operator_python' retrieved from /opt/airflow/dags/operator_python.py
[2024-07-10T20:14:55.874+0000] {logging_mixin.py:188} INFO - [2024-07-10T20:14:55.874+0000] {dag.py:3096} INFO - Sync 1 DAGs
[2024-07-10T20:14:55.894+0000] {logging_mixin.py:188} INFO - [2024-07-10T20:14:55.894+0000] {dag.py:3954} INFO - Setting next_dagrun for operator_python to None, run_after=None
[2024-07-10T20:14:55.911+0000] {processor.py:183} INFO - Processing /opt/airflow/dags/operator_python.py took 0.080 seconds
[2024-07-10T20:14:57.917+0000] {processor.py:161} INFO - Started process (PID=600) to work on /opt/airflow/dags/operator_python.py
[2024-07-10T20:14:57.918+0000] {processor.py:830} INFO - Processing file /opt/airflow/dags/operator_python.py for tasks to queue
[2024-07-10T20:14:57.920+0000] {logging_mixin.py:188} INFO - [2024-07-10T20:14:57.920+0000] {dagbag.py:540} INFO - Filling up the DagBag from /opt/airflow/dags/operator_python.py
[2024-07-10T20:14:57.934+0000] {processor.py:840} INFO - DAG(s) 'operator_python' retrieved from /opt/airflow/dags/operator_python.py
[2024-07-10T20:14:57.951+0000] {logging_mixin.py:188} INFO - [2024-07-10T20:14:57.951+0000] {dag.py:3096} INFO - Sync 1 DAGs
[2024-07-10T20:14:57.969+0000] {logging_mixin.py:188} INFO - [2024-07-10T20:14:57.969+0000] {dag.py:3954} INFO - Setting next_dagrun for operator_python to None, run_after=None
[2024-07-10T20:14:57.987+0000] {processor.py:183} INFO - Processing /opt/airflow/dags/operator_python.py took 0.076 seconds
[2024-07-10T20:14:59.837+0000] {processor.py:161} INFO - Started process (PID=631) to work on /opt/airflow/dags/operator_python.py
[2024-07-10T20:14:59.838+0000] {processor.py:830} INFO - Processing file /opt/airflow/dags/operator_python.py for tasks to queue
[2024-07-10T20:14:59.841+0000] {logging_mixin.py:188} INFO - [2024-07-10T20:14:59.841+0000] {dagbag.py:540} INFO - Filling up the DagBag from /opt/airflow/dags/operator_python.py
[2024-07-10T20:14:59.859+0000] {processor.py:840} INFO - DAG(s) 'operator_python' retrieved from /opt/airflow/dags/operator_python.py
[2024-07-10T20:14:59.881+0000] {logging_mixin.py:188} INFO - [2024-07-10T20:14:59.881+0000] {dag.py:3096} INFO - Sync 1 DAGs
[2024-07-10T20:14:59.902+0000] {logging_mixin.py:188} INFO - [2024-07-10T20:14:59.902+0000] {dag.py:3954} INFO - Setting next_dagrun for operator_python to None, run_after=None
[2024-07-10T20:14:59.928+0000] {processor.py:183} INFO - Processing /opt/airflow/dags/operator_python.py took 0.097 seconds
[2024-07-10T20:15:01.860+0000] {processor.py:161} INFO - Started process (PID=662) to work on /opt/airflow/dags/operator_python.py
[2024-07-10T20:15:01.861+0000] {processor.py:830} INFO - Processing file /opt/airflow/dags/operator_python.py for tasks to queue
[2024-07-10T20:15:01.863+0000] {logging_mixin.py:188} INFO - [2024-07-10T20:15:01.863+0000] {dagbag.py:540} INFO - Filling up the DagBag from /opt/airflow/dags/operator_python.py
[2024-07-10T20:15:01.879+0000] {processor.py:840} INFO - DAG(s) 'operator_python' retrieved from /opt/airflow/dags/operator_python.py
[2024-07-10T20:15:01.896+0000] {logging_mixin.py:188} INFO - [2024-07-10T20:15:01.896+0000] {dag.py:3096} INFO - Sync 1 DAGs
[2024-07-10T20:15:01.916+0000] {logging_mixin.py:188} INFO - [2024-07-10T20:15:01.915+0000] {dag.py:3954} INFO - Setting next_dagrun for operator_python to None, run_after=None
[2024-07-10T20:15:01.937+0000] {processor.py:183} INFO - Processing /opt/airflow/dags/operator_python.py took 0.083 seconds
[2024-07-10T20:15:03.968+0000] {processor.py:161} INFO - Started process (PID=693) to work on /opt/airflow/dags/operator_python.py
[2024-07-10T20:15:03.969+0000] {processor.py:830} INFO - Processing file /opt/airflow/dags/operator_python.py for tasks to queue
[2024-07-10T20:15:03.972+0000] {logging_mixin.py:188} INFO - [2024-07-10T20:15:03.972+0000] {dagbag.py:540} INFO - Filling up the DagBag from /opt/airflow/dags/operator_python.py
[2024-07-10T20:15:03.990+0000] {processor.py:840} INFO - DAG(s) 'operator_python' retrieved from /opt/airflow/dags/operator_python.py
[2024-07-10T20:15:04.008+0000] {logging_mixin.py:188} INFO - [2024-07-10T20:15:04.007+0000] {dag.py:3096} INFO - Sync 1 DAGs
[2024-07-10T20:15:04.028+0000] {logging_mixin.py:188} INFO - [2024-07-10T20:15:04.027+0000] {dag.py:3954} INFO - Setting next_dagrun for operator_python to None, run_after=None
[2024-07-10T20:15:04.046+0000] {processor.py:183} INFO - Processing /opt/airflow/dags/operator_python.py took 0.085 seconds
[2024-07-10T20:15:06.258+0000] {processor.py:161} INFO - Started process (PID=730) to work on /opt/airflow/dags/operator_python.py
[2024-07-10T20:15:06.259+0000] {processor.py:830} INFO - Processing file /opt/airflow/dags/operator_python.py for tasks to queue
[2024-07-10T20:15:06.262+0000] {logging_mixin.py:188} INFO - [2024-07-10T20:15:06.262+0000] {dagbag.py:540} INFO - Filling up the DagBag from /opt/airflow/dags/operator_python.py
[2024-07-10T20:15:06.280+0000] {processor.py:840} INFO - DAG(s) 'operator_python' retrieved from /opt/airflow/dags/operator_python.py
[2024-07-10T20:15:06.298+0000] {logging_mixin.py:188} INFO - [2024-07-10T20:15:06.298+0000] {dag.py:3096} INFO - Sync 1 DAGs
[2024-07-10T20:15:06.320+0000] {logging_mixin.py:188} INFO - [2024-07-10T20:15:06.320+0000] {dag.py:3954} INFO - Setting next_dagrun for operator_python to None, run_after=None
[2024-07-10T20:15:06.342+0000] {processor.py:183} INFO - Processing /opt/airflow/dags/operator_python.py took 0.090 seconds
[2024-07-10T20:15:08.528+0000] {processor.py:161} INFO - Started process (PID=761) to work on /opt/airflow/dags/operator_python.py
[2024-07-10T20:15:08.529+0000] {processor.py:830} INFO - Processing file /opt/airflow/dags/operator_python.py for tasks to queue
[2024-07-10T20:15:08.533+0000] {logging_mixin.py:188} INFO - [2024-07-10T20:15:08.532+0000] {dagbag.py:540} INFO - Filling up the DagBag from /opt/airflow/dags/operator_python.py
[2024-07-10T20:15:08.555+0000] {processor.py:840} INFO - DAG(s) 'operator_python' retrieved from /opt/airflow/dags/operator_python.py
[2024-07-10T20:15:08.585+0000] {logging_mixin.py:188} INFO - [2024-07-10T20:15:08.584+0000] {dag.py:3096} INFO - Sync 1 DAGs
[2024-07-10T20:15:08.615+0000] {logging_mixin.py:188} INFO - [2024-07-10T20:15:08.615+0000] {dag.py:3954} INFO - Setting next_dagrun for operator_python to None, run_after=None
[2024-07-10T20:15:08.636+0000] {processor.py:183} INFO - Processing /opt/airflow/dags/operator_python.py took 0.116 seconds
[2024-07-10T20:15:10.556+0000] {processor.py:161} INFO - Started process (PID=792) to work on /opt/airflow/dags/operator_python.py
[2024-07-10T20:15:10.557+0000] {processor.py:830} INFO - Processing file /opt/airflow/dags/operator_python.py for tasks to queue
[2024-07-10T20:15:10.561+0000] {logging_mixin.py:188} INFO - [2024-07-10T20:15:10.560+0000] {dagbag.py:540} INFO - Filling up the DagBag from /opt/airflow/dags/operator_python.py
[2024-07-10T20:15:10.578+0000] {processor.py:840} INFO - DAG(s) 'operator_python' retrieved from /opt/airflow/dags/operator_python.py
[2024-07-10T20:15:10.596+0000] {logging_mixin.py:188} INFO - [2024-07-10T20:15:10.596+0000] {dag.py:3096} INFO - Sync 1 DAGs
[2024-07-10T20:15:10.614+0000] {logging_mixin.py:188} INFO - [2024-07-10T20:15:10.614+0000] {dag.py:3954} INFO - Setting next_dagrun for operator_python to None, run_after=None
[2024-07-10T20:15:10.631+0000] {processor.py:183} INFO - Processing /opt/airflow/dags/operator_python.py took 0.080 seconds
[2024-07-10T20:15:12.935+0000] {processor.py:161} INFO - Started process (PID=823) to work on /opt/airflow/dags/operator_python.py
[2024-07-10T20:15:12.936+0000] {processor.py:830} INFO - Processing file /opt/airflow/dags/operator_python.py for tasks to queue
[2024-07-10T20:15:12.938+0000] {logging_mixin.py:188} INFO - [2024-07-10T20:15:12.938+0000] {dagbag.py:540} INFO - Filling up the DagBag from /opt/airflow/dags/operator_python.py
[2024-07-10T20:15:12.954+0000] {processor.py:840} INFO - DAG(s) 'operator_python' retrieved from /opt/airflow/dags/operator_python.py
[2024-07-10T20:15:12.972+0000] {logging_mixin.py:188} INFO - [2024-07-10T20:15:12.972+0000] {dag.py:3096} INFO - Sync 1 DAGs
[2024-07-10T20:15:12.993+0000] {logging_mixin.py:188} INFO - [2024-07-10T20:15:12.993+0000] {dag.py:3954} INFO - Setting next_dagrun for operator_python to None, run_after=None
[2024-07-10T20:15:13.010+0000] {processor.py:183} INFO - Processing /opt/airflow/dags/operator_python.py took 0.081 seconds
[2024-07-10T20:15:14.935+0000] {processor.py:161} INFO - Started process (PID=854) to work on /opt/airflow/dags/operator_python.py
[2024-07-10T20:15:14.936+0000] {processor.py:830} INFO - Processing file /opt/airflow/dags/operator_python.py for tasks to queue
[2024-07-10T20:15:14.939+0000] {logging_mixin.py:188} INFO - [2024-07-10T20:15:14.938+0000] {dagbag.py:540} INFO - Filling up the DagBag from /opt/airflow/dags/operator_python.py
[2024-07-10T20:15:14.954+0000] {processor.py:840} INFO - DAG(s) 'operator_python' retrieved from /opt/airflow/dags/operator_python.py
[2024-07-10T20:15:14.972+0000] {logging_mixin.py:188} INFO - [2024-07-10T20:15:14.972+0000] {dag.py:3096} INFO - Sync 1 DAGs
[2024-07-10T20:15:14.991+0000] {logging_mixin.py:188} INFO - [2024-07-10T20:15:14.991+0000] {dag.py:3954} INFO - Setting next_dagrun for operator_python to None, run_after=None
[2024-07-10T20:15:15.012+0000] {processor.py:183} INFO - Processing /opt/airflow/dags/operator_python.py took 0.082 seconds
[2024-07-10T20:15:17.119+0000] {processor.py:161} INFO - Started process (PID=885) to work on /opt/airflow/dags/operator_python.py
[2024-07-10T20:15:17.120+0000] {processor.py:830} INFO - Processing file /opt/airflow/dags/operator_python.py for tasks to queue
[2024-07-10T20:15:17.123+0000] {logging_mixin.py:188} INFO - [2024-07-10T20:15:17.123+0000] {dagbag.py:540} INFO - Filling up the DagBag from /opt/airflow/dags/operator_python.py
[2024-07-10T20:15:17.139+0000] {processor.py:840} INFO - DAG(s) 'operator_python' retrieved from /opt/airflow/dags/operator_python.py
[2024-07-10T20:15:17.156+0000] {logging_mixin.py:188} INFO - [2024-07-10T20:15:17.155+0000] {dag.py:3096} INFO - Sync 1 DAGs
[2024-07-10T20:15:17.173+0000] {logging_mixin.py:188} INFO - [2024-07-10T20:15:17.173+0000] {dag.py:3954} INFO - Setting next_dagrun for operator_python to None, run_after=None
[2024-07-10T20:15:17.195+0000] {processor.py:183} INFO - Processing /opt/airflow/dags/operator_python.py took 0.081 seconds
[2024-07-10T20:15:19.439+0000] {processor.py:161} INFO - Started process (PID=916) to work on /opt/airflow/dags/operator_python.py
[2024-07-10T20:15:19.440+0000] {processor.py:830} INFO - Processing file /opt/airflow/dags/operator_python.py for tasks to queue
[2024-07-10T20:15:19.443+0000] {logging_mixin.py:188} INFO - [2024-07-10T20:15:19.443+0000] {dagbag.py:540} INFO - Filling up the DagBag from /opt/airflow/dags/operator_python.py
[2024-07-10T20:15:19.460+0000] {processor.py:840} INFO - DAG(s) 'operator_python' retrieved from /opt/airflow/dags/operator_python.py
[2024-07-10T20:15:19.481+0000] {logging_mixin.py:188} INFO - [2024-07-10T20:15:19.481+0000] {dag.py:3096} INFO - Sync 1 DAGs
[2024-07-10T20:15:19.503+0000] {logging_mixin.py:188} INFO - [2024-07-10T20:15:19.503+0000] {dag.py:3954} INFO - Setting next_dagrun for operator_python to None, run_after=None
[2024-07-10T20:15:19.525+0000] {processor.py:183} INFO - Processing /opt/airflow/dags/operator_python.py took 0.091 seconds
[2024-07-10T20:15:21.712+0000] {processor.py:161} INFO - Started process (PID=947) to work on /opt/airflow/dags/operator_python.py
[2024-07-10T20:15:21.713+0000] {processor.py:830} INFO - Processing file /opt/airflow/dags/operator_python.py for tasks to queue
[2024-07-10T20:15:21.715+0000] {logging_mixin.py:188} INFO - [2024-07-10T20:15:21.715+0000] {dagbag.py:540} INFO - Filling up the DagBag from /opt/airflow/dags/operator_python.py
[2024-07-10T20:15:21.731+0000] {processor.py:840} INFO - DAG(s) 'operator_python' retrieved from /opt/airflow/dags/operator_python.py
[2024-07-10T20:15:21.751+0000] {logging_mixin.py:188} INFO - [2024-07-10T20:15:21.751+0000] {dag.py:3096} INFO - Sync 1 DAGs
[2024-07-10T20:15:21.770+0000] {logging_mixin.py:188} INFO - [2024-07-10T20:15:21.770+0000] {dag.py:3954} INFO - Setting next_dagrun for operator_python to None, run_after=None
[2024-07-10T20:15:21.786+0000] {processor.py:183} INFO - Processing /opt/airflow/dags/operator_python.py took 0.080 seconds
[2024-07-10T20:15:23.861+0000] {processor.py:161} INFO - Started process (PID=978) to work on /opt/airflow/dags/operator_python.py
[2024-07-10T20:15:23.862+0000] {processor.py:830} INFO - Processing file /opt/airflow/dags/operator_python.py for tasks to queue
[2024-07-10T20:15:23.865+0000] {logging_mixin.py:188} INFO - [2024-07-10T20:15:23.865+0000] {dagbag.py:540} INFO - Filling up the DagBag from /opt/airflow/dags/operator_python.py
[2024-07-10T20:15:23.880+0000] {processor.py:840} INFO - DAG(s) 'operator_python' retrieved from /opt/airflow/dags/operator_python.py
[2024-07-10T20:15:23.897+0000] {logging_mixin.py:188} INFO - [2024-07-10T20:15:23.897+0000] {dag.py:3096} INFO - Sync 1 DAGs
[2024-07-10T20:15:23.919+0000] {logging_mixin.py:188} INFO - [2024-07-10T20:15:23.919+0000] {dag.py:3954} INFO - Setting next_dagrun for operator_python to None, run_after=None
[2024-07-10T20:15:23.939+0000] {processor.py:183} INFO - Processing /opt/airflow/dags/operator_python.py took 0.084 seconds
[2024-07-10T20:15:26.093+0000] {processor.py:161} INFO - Started process (PID=1009) to work on /opt/airflow/dags/operator_python.py
[2024-07-10T20:15:26.094+0000] {processor.py:830} INFO - Processing file /opt/airflow/dags/operator_python.py for tasks to queue
[2024-07-10T20:15:26.096+0000] {logging_mixin.py:188} INFO - [2024-07-10T20:15:26.096+0000] {dagbag.py:540} INFO - Filling up the DagBag from /opt/airflow/dags/operator_python.py
[2024-07-10T20:15:26.112+0000] {processor.py:840} INFO - DAG(s) 'operator_python' retrieved from /opt/airflow/dags/operator_python.py
[2024-07-10T20:15:26.130+0000] {logging_mixin.py:188} INFO - [2024-07-10T20:15:26.130+0000] {dag.py:3096} INFO - Sync 1 DAGs
[2024-07-10T20:15:26.149+0000] {logging_mixin.py:188} INFO - [2024-07-10T20:15:26.149+0000] {dag.py:3954} INFO - Setting next_dagrun for operator_python to None, run_after=None
[2024-07-10T20:15:26.171+0000] {processor.py:183} INFO - Processing /opt/airflow/dags/operator_python.py took 0.084 seconds
[2024-07-10T20:15:28.012+0000] {processor.py:161} INFO - Started process (PID=1040) to work on /opt/airflow/dags/operator_python.py
[2024-07-10T20:15:28.013+0000] {processor.py:830} INFO - Processing file /opt/airflow/dags/operator_python.py for tasks to queue
[2024-07-10T20:15:28.015+0000] {logging_mixin.py:188} INFO - [2024-07-10T20:15:28.015+0000] {dagbag.py:540} INFO - Filling up the DagBag from /opt/airflow/dags/operator_python.py
[2024-07-10T20:15:28.033+0000] {processor.py:840} INFO - DAG(s) 'operator_python' retrieved from /opt/airflow/dags/operator_python.py
[2024-07-10T20:15:28.052+0000] {logging_mixin.py:188} INFO - [2024-07-10T20:15:28.052+0000] {dag.py:3096} INFO - Sync 1 DAGs
[2024-07-10T20:15:28.073+0000] {logging_mixin.py:188} INFO - [2024-07-10T20:15:28.073+0000] {dag.py:3954} INFO - Setting next_dagrun for operator_python to None, run_after=None
[2024-07-10T20:15:28.091+0000] {processor.py:183} INFO - Processing /opt/airflow/dags/operator_python.py took 0.085 seconds
[2024-07-10T20:15:30.383+0000] {processor.py:161} INFO - Started process (PID=1071) to work on /opt/airflow/dags/operator_python.py
[2024-07-10T20:15:30.384+0000] {processor.py:830} INFO - Processing file /opt/airflow/dags/operator_python.py for tasks to queue
[2024-07-10T20:15:30.387+0000] {logging_mixin.py:188} INFO - [2024-07-10T20:15:30.387+0000] {dagbag.py:540} INFO - Filling up the DagBag from /opt/airflow/dags/operator_python.py
[2024-07-10T20:15:30.403+0000] {processor.py:840} INFO - DAG(s) 'operator_python' retrieved from /opt/airflow/dags/operator_python.py
[2024-07-10T20:15:30.424+0000] {logging_mixin.py:188} INFO - [2024-07-10T20:15:30.424+0000] {dag.py:3096} INFO - Sync 1 DAGs
[2024-07-10T20:15:30.443+0000] {logging_mixin.py:188} INFO - [2024-07-10T20:15:30.442+0000] {dag.py:3954} INFO - Setting next_dagrun for operator_python to None, run_after=None
[2024-07-10T20:15:30.460+0000] {processor.py:183} INFO - Processing /opt/airflow/dags/operator_python.py took 0.086 seconds
[2024-07-10T20:15:32.699+0000] {processor.py:161} INFO - Started process (PID=1102) to work on /opt/airflow/dags/operator_python.py
[2024-07-10T20:15:32.700+0000] {processor.py:830} INFO - Processing file /opt/airflow/dags/operator_python.py for tasks to queue
[2024-07-10T20:15:32.703+0000] {logging_mixin.py:188} INFO - [2024-07-10T20:15:32.703+0000] {dagbag.py:540} INFO - Filling up the DagBag from /opt/airflow/dags/operator_python.py
[2024-07-10T20:15:32.724+0000] {processor.py:840} INFO - DAG(s) 'operator_python' retrieved from /opt/airflow/dags/operator_python.py
[2024-07-10T20:15:32.743+0000] {logging_mixin.py:188} INFO - [2024-07-10T20:15:32.743+0000] {dag.py:3096} INFO - Sync 1 DAGs
[2024-07-10T20:15:32.765+0000] {logging_mixin.py:188} INFO - [2024-07-10T20:15:32.764+0000] {dag.py:3954} INFO - Setting next_dagrun for operator_python to None, run_after=None
[2024-07-10T20:15:32.784+0000] {processor.py:183} INFO - Processing /opt/airflow/dags/operator_python.py took 0.093 seconds
[2024-07-10T20:15:34.619+0000] {processor.py:161} INFO - Started process (PID=1134) to work on /opt/airflow/dags/operator_python.py
[2024-07-10T20:15:34.620+0000] {processor.py:830} INFO - Processing file /opt/airflow/dags/operator_python.py for tasks to queue
[2024-07-10T20:15:34.623+0000] {logging_mixin.py:188} INFO - [2024-07-10T20:15:34.623+0000] {dagbag.py:540} INFO - Filling up the DagBag from /opt/airflow/dags/operator_python.py
[2024-07-10T20:15:34.643+0000] {processor.py:840} INFO - DAG(s) 'operator_python' retrieved from /opt/airflow/dags/operator_python.py
[2024-07-10T20:15:34.663+0000] {logging_mixin.py:188} INFO - [2024-07-10T20:15:34.663+0000] {dag.py:3096} INFO - Sync 1 DAGs
[2024-07-10T20:15:34.686+0000] {logging_mixin.py:188} INFO - [2024-07-10T20:15:34.685+0000] {dag.py:3954} INFO - Setting next_dagrun for operator_python to None, run_after=None
[2024-07-10T20:15:34.707+0000] {processor.py:183} INFO - Processing /opt/airflow/dags/operator_python.py took 0.094 seconds
[2024-07-10T20:15:37.058+0000] {processor.py:161} INFO - Started process (PID=1171) to work on /opt/airflow/dags/operator_python.py
[2024-07-10T20:15:37.059+0000] {processor.py:830} INFO - Processing file /opt/airflow/dags/operator_python.py for tasks to queue
[2024-07-10T20:15:37.061+0000] {logging_mixin.py:188} INFO - [2024-07-10T20:15:37.061+0000] {dagbag.py:540} INFO - Filling up the DagBag from /opt/airflow/dags/operator_python.py
[2024-07-10T20:15:37.076+0000] {processor.py:840} INFO - DAG(s) 'operator_python' retrieved from /opt/airflow/dags/operator_python.py
[2024-07-10T20:15:37.092+0000] {logging_mixin.py:188} INFO - [2024-07-10T20:15:37.091+0000] {dag.py:3096} INFO - Sync 1 DAGs
[2024-07-10T20:15:37.108+0000] {logging_mixin.py:188} INFO - [2024-07-10T20:15:37.108+0000] {dag.py:3954} INFO - Setting next_dagrun for operator_python to None, run_after=None
[2024-07-10T20:15:37.125+0000] {processor.py:183} INFO - Processing /opt/airflow/dags/operator_python.py took 0.073 seconds
[2024-07-10T20:15:39.280+0000] {processor.py:161} INFO - Started process (PID=1202) to work on /opt/airflow/dags/operator_python.py
[2024-07-10T20:15:39.282+0000] {processor.py:830} INFO - Processing file /opt/airflow/dags/operator_python.py for tasks to queue
[2024-07-10T20:15:39.284+0000] {logging_mixin.py:188} INFO - [2024-07-10T20:15:39.284+0000] {dagbag.py:540} INFO - Filling up the DagBag from /opt/airflow/dags/operator_python.py
[2024-07-10T20:15:39.301+0000] {processor.py:840} INFO - DAG(s) 'operator_python' retrieved from /opt/airflow/dags/operator_python.py
[2024-07-10T20:15:39.319+0000] {logging_mixin.py:188} INFO - [2024-07-10T20:15:39.319+0000] {dag.py:3096} INFO - Sync 1 DAGs
[2024-07-10T20:15:39.340+0000] {logging_mixin.py:188} INFO - [2024-07-10T20:15:39.339+0000] {dag.py:3954} INFO - Setting next_dagrun for operator_python to None, run_after=None
[2024-07-10T20:15:39.357+0000] {processor.py:183} INFO - Processing /opt/airflow/dags/operator_python.py took 0.083 seconds
