[2024-07-10T20:14:51.089+0000] {processor.py:161} INFO - Started process (PID=502) to work on /opt/airflow/dags/operator_python_decorator.py
[2024-07-10T20:14:51.090+0000] {processor.py:830} INFO - Processing file /opt/airflow/dags/operator_python_decorator.py for tasks to queue
[2024-07-10T20:14:51.092+0000] {logging_mixin.py:188} INFO - [2024-07-10T20:14:51.091+0000] {dagbag.py:540} INFO - Filling up the DagBag from /opt/airflow/dags/operator_python_decorator.py
[2024-07-10T20:14:51.108+0000] {processor.py:840} INFO - DAG(s) 'operator_python_decorator' retrieved from /opt/airflow/dags/operator_python_decorator.py
[2024-07-10T20:14:51.125+0000] {logging_mixin.py:188} INFO - [2024-07-10T20:14:51.125+0000] {dag.py:3096} INFO - Sync 1 DAGs
[2024-07-10T20:14:51.143+0000] {logging_mixin.py:188} INFO - [2024-07-10T20:14:51.142+0000] {dag.py:3954} INFO - Setting next_dagrun for operator_python_decorator to None, run_after=None
[2024-07-10T20:14:51.161+0000] {processor.py:183} INFO - Processing /opt/airflow/dags/operator_python_decorator.py took 0.078 seconds
[2024-07-10T20:14:53.578+0000] {processor.py:161} INFO - Started process (PID=534) to work on /opt/airflow/dags/operator_python_decorator.py
[2024-07-10T20:14:53.579+0000] {processor.py:830} INFO - Processing file /opt/airflow/dags/operator_python_decorator.py for tasks to queue
[2024-07-10T20:14:53.581+0000] {logging_mixin.py:188} INFO - [2024-07-10T20:14:53.581+0000] {dagbag.py:540} INFO - Filling up the DagBag from /opt/airflow/dags/operator_python_decorator.py
[2024-07-10T20:14:53.597+0000] {processor.py:840} INFO - DAG(s) 'operator_python_decorator' retrieved from /opt/airflow/dags/operator_python_decorator.py
[2024-07-10T20:14:53.615+0000] {logging_mixin.py:188} INFO - [2024-07-10T20:14:53.615+0000] {dag.py:3096} INFO - Sync 1 DAGs
[2024-07-10T20:14:53.635+0000] {logging_mixin.py:188} INFO - [2024-07-10T20:14:53.634+0000] {dag.py:3954} INFO - Setting next_dagrun for operator_python_decorator to None, run_after=None
[2024-07-10T20:14:53.653+0000] {processor.py:183} INFO - Processing /opt/airflow/dags/operator_python_decorator.py took 0.080 seconds
[2024-07-10T20:14:55.724+0000] {processor.py:161} INFO - Started process (PID=566) to work on /opt/airflow/dags/operator_python_decorator.py
[2024-07-10T20:14:55.725+0000] {processor.py:830} INFO - Processing file /opt/airflow/dags/operator_python_decorator.py for tasks to queue
[2024-07-10T20:14:55.727+0000] {logging_mixin.py:188} INFO - [2024-07-10T20:14:55.727+0000] {dagbag.py:540} INFO - Filling up the DagBag from /opt/airflow/dags/operator_python_decorator.py
[2024-07-10T20:14:55.744+0000] {processor.py:840} INFO - DAG(s) 'operator_python_decorator' retrieved from /opt/airflow/dags/operator_python_decorator.py
[2024-07-10T20:14:55.762+0000] {logging_mixin.py:188} INFO - [2024-07-10T20:14:55.761+0000] {dag.py:3096} INFO - Sync 1 DAGs
[2024-07-10T20:14:55.784+0000] {logging_mixin.py:188} INFO - [2024-07-10T20:14:55.783+0000] {dag.py:3954} INFO - Setting next_dagrun for operator_python_decorator to None, run_after=None
[2024-07-10T20:14:55.802+0000] {processor.py:183} INFO - Processing /opt/airflow/dags/operator_python_decorator.py took 0.084 seconds
[2024-07-10T20:14:57.798+0000] {processor.py:161} INFO - Started process (PID=598) to work on /opt/airflow/dags/operator_python_decorator.py
[2024-07-10T20:14:57.799+0000] {processor.py:830} INFO - Processing file /opt/airflow/dags/operator_python_decorator.py for tasks to queue
[2024-07-10T20:14:57.801+0000] {logging_mixin.py:188} INFO - [2024-07-10T20:14:57.801+0000] {dagbag.py:540} INFO - Filling up the DagBag from /opt/airflow/dags/operator_python_decorator.py
[2024-07-10T20:14:57.821+0000] {processor.py:840} INFO - DAG(s) 'operator_python_decorator' retrieved from /opt/airflow/dags/operator_python_decorator.py
[2024-07-10T20:14:57.843+0000] {logging_mixin.py:188} INFO - [2024-07-10T20:14:57.843+0000] {dag.py:3096} INFO - Sync 1 DAGs
[2024-07-10T20:14:57.862+0000] {logging_mixin.py:188} INFO - [2024-07-10T20:14:57.862+0000] {dag.py:3954} INFO - Setting next_dagrun for operator_python_decorator to None, run_after=None
[2024-07-10T20:14:57.882+0000] {processor.py:183} INFO - Processing /opt/airflow/dags/operator_python_decorator.py took 0.090 seconds
[2024-07-10T20:14:59.703+0000] {processor.py:161} INFO - Started process (PID=629) to work on /opt/airflow/dags/operator_python_decorator.py
[2024-07-10T20:14:59.705+0000] {processor.py:830} INFO - Processing file /opt/airflow/dags/operator_python_decorator.py for tasks to queue
[2024-07-10T20:14:59.708+0000] {logging_mixin.py:188} INFO - [2024-07-10T20:14:59.707+0000] {dagbag.py:540} INFO - Filling up the DagBag from /opt/airflow/dags/operator_python_decorator.py
[2024-07-10T20:14:59.724+0000] {processor.py:840} INFO - DAG(s) 'operator_python_decorator' retrieved from /opt/airflow/dags/operator_python_decorator.py
[2024-07-10T20:14:59.747+0000] {logging_mixin.py:188} INFO - [2024-07-10T20:14:59.747+0000] {dag.py:3096} INFO - Sync 1 DAGs
[2024-07-10T20:14:59.774+0000] {logging_mixin.py:188} INFO - [2024-07-10T20:14:59.774+0000] {dag.py:3954} INFO - Setting next_dagrun for operator_python_decorator to None, run_after=None
[2024-07-10T20:14:59.799+0000] {processor.py:183} INFO - Processing /opt/airflow/dags/operator_python_decorator.py took 0.103 seconds
[2024-07-10T20:15:01.746+0000] {processor.py:161} INFO - Started process (PID=660) to work on /opt/airflow/dags/operator_python_decorator.py
[2024-07-10T20:15:01.747+0000] {processor.py:830} INFO - Processing file /opt/airflow/dags/operator_python_decorator.py for tasks to queue
[2024-07-10T20:15:01.749+0000] {logging_mixin.py:188} INFO - [2024-07-10T20:15:01.749+0000] {dagbag.py:540} INFO - Filling up the DagBag from /opt/airflow/dags/operator_python_decorator.py
[2024-07-10T20:15:01.764+0000] {processor.py:840} INFO - DAG(s) 'operator_python_decorator' retrieved from /opt/airflow/dags/operator_python_decorator.py
[2024-07-10T20:15:01.782+0000] {logging_mixin.py:188} INFO - [2024-07-10T20:15:01.782+0000] {dag.py:3096} INFO - Sync 1 DAGs
[2024-07-10T20:15:01.802+0000] {logging_mixin.py:188} INFO - [2024-07-10T20:15:01.802+0000] {dag.py:3954} INFO - Setting next_dagrun for operator_python_decorator to None, run_after=None
[2024-07-10T20:15:01.824+0000] {processor.py:183} INFO - Processing /opt/airflow/dags/operator_python_decorator.py took 0.085 seconds
[2024-07-10T20:15:03.846+0000] {processor.py:161} INFO - Started process (PID=691) to work on /opt/airflow/dags/operator_python_decorator.py
[2024-07-10T20:15:03.847+0000] {processor.py:830} INFO - Processing file /opt/airflow/dags/operator_python_decorator.py for tasks to queue
[2024-07-10T20:15:03.851+0000] {logging_mixin.py:188} INFO - [2024-07-10T20:15:03.850+0000] {dagbag.py:540} INFO - Filling up the DagBag from /opt/airflow/dags/operator_python_decorator.py
[2024-07-10T20:15:03.871+0000] {processor.py:840} INFO - DAG(s) 'operator_python_decorator' retrieved from /opt/airflow/dags/operator_python_decorator.py
[2024-07-10T20:15:03.891+0000] {logging_mixin.py:188} INFO - [2024-07-10T20:15:03.891+0000] {dag.py:3096} INFO - Sync 1 DAGs
[2024-07-10T20:15:03.912+0000] {logging_mixin.py:188} INFO - [2024-07-10T20:15:03.912+0000] {dag.py:3954} INFO - Setting next_dagrun for operator_python_decorator to None, run_after=None
[2024-07-10T20:15:03.933+0000] {processor.py:183} INFO - Processing /opt/airflow/dags/operator_python_decorator.py took 0.095 seconds
[2024-07-10T20:15:06.132+0000] {processor.py:161} INFO - Started process (PID=728) to work on /opt/airflow/dags/operator_python_decorator.py
[2024-07-10T20:15:06.133+0000] {processor.py:830} INFO - Processing file /opt/airflow/dags/operator_python_decorator.py for tasks to queue
[2024-07-10T20:15:06.136+0000] {logging_mixin.py:188} INFO - [2024-07-10T20:15:06.136+0000] {dagbag.py:540} INFO - Filling up the DagBag from /opt/airflow/dags/operator_python_decorator.py
[2024-07-10T20:15:06.156+0000] {processor.py:840} INFO - DAG(s) 'operator_python_decorator' retrieved from /opt/airflow/dags/operator_python_decorator.py
[2024-07-10T20:15:06.176+0000] {logging_mixin.py:188} INFO - [2024-07-10T20:15:06.176+0000] {dag.py:3096} INFO - Sync 1 DAGs
[2024-07-10T20:15:06.200+0000] {logging_mixin.py:188} INFO - [2024-07-10T20:15:06.200+0000] {dag.py:3954} INFO - Setting next_dagrun for operator_python_decorator to None, run_after=None
[2024-07-10T20:15:06.220+0000] {processor.py:183} INFO - Processing /opt/airflow/dags/operator_python_decorator.py took 0.095 seconds
[2024-07-10T20:15:08.396+0000] {processor.py:161} INFO - Started process (PID=759) to work on /opt/airflow/dags/operator_python_decorator.py
[2024-07-10T20:15:08.397+0000] {processor.py:830} INFO - Processing file /opt/airflow/dags/operator_python_decorator.py for tasks to queue
[2024-07-10T20:15:08.400+0000] {logging_mixin.py:188} INFO - [2024-07-10T20:15:08.400+0000] {dagbag.py:540} INFO - Filling up the DagBag from /opt/airflow/dags/operator_python_decorator.py
[2024-07-10T20:15:08.420+0000] {processor.py:840} INFO - DAG(s) 'operator_python_decorator' retrieved from /opt/airflow/dags/operator_python_decorator.py
[2024-07-10T20:15:08.442+0000] {logging_mixin.py:188} INFO - [2024-07-10T20:15:08.442+0000] {dag.py:3096} INFO - Sync 1 DAGs
[2024-07-10T20:15:08.465+0000] {logging_mixin.py:188} INFO - [2024-07-10T20:15:08.465+0000] {dag.py:3954} INFO - Setting next_dagrun for operator_python_decorator to None, run_after=None
[2024-07-10T20:15:08.486+0000] {processor.py:183} INFO - Processing /opt/airflow/dags/operator_python_decorator.py took 0.096 seconds
[2024-07-10T20:15:10.449+0000] {processor.py:161} INFO - Started process (PID=790) to work on /opt/airflow/dags/operator_python_decorator.py
[2024-07-10T20:15:10.450+0000] {processor.py:830} INFO - Processing file /opt/airflow/dags/operator_python_decorator.py for tasks to queue
[2024-07-10T20:15:10.452+0000] {logging_mixin.py:188} INFO - [2024-07-10T20:15:10.452+0000] {dagbag.py:540} INFO - Filling up the DagBag from /opt/airflow/dags/operator_python_decorator.py
[2024-07-10T20:15:10.469+0000] {processor.py:840} INFO - DAG(s) 'operator_python_decorator' retrieved from /opt/airflow/dags/operator_python_decorator.py
[2024-07-10T20:15:10.487+0000] {logging_mixin.py:188} INFO - [2024-07-10T20:15:10.487+0000] {dag.py:3096} INFO - Sync 1 DAGs
[2024-07-10T20:15:10.505+0000] {logging_mixin.py:188} INFO - [2024-07-10T20:15:10.505+0000] {dag.py:3954} INFO - Setting next_dagrun for operator_python_decorator to None, run_after=None
[2024-07-10T20:15:10.522+0000] {processor.py:183} INFO - Processing /opt/airflow/dags/operator_python_decorator.py took 0.079 seconds
[2024-07-10T20:15:12.816+0000] {processor.py:161} INFO - Started process (PID=821) to work on /opt/airflow/dags/operator_python_decorator.py
[2024-07-10T20:15:12.817+0000] {processor.py:830} INFO - Processing file /opt/airflow/dags/operator_python_decorator.py for tasks to queue
[2024-07-10T20:15:12.820+0000] {logging_mixin.py:188} INFO - [2024-07-10T20:15:12.819+0000] {dagbag.py:540} INFO - Filling up the DagBag from /opt/airflow/dags/operator_python_decorator.py
[2024-07-10T20:15:12.841+0000] {processor.py:840} INFO - DAG(s) 'operator_python_decorator' retrieved from /opt/airflow/dags/operator_python_decorator.py
[2024-07-10T20:15:12.860+0000] {logging_mixin.py:188} INFO - [2024-07-10T20:15:12.860+0000] {dag.py:3096} INFO - Sync 1 DAGs
[2024-07-10T20:15:12.880+0000] {logging_mixin.py:188} INFO - [2024-07-10T20:15:12.880+0000] {dag.py:3954} INFO - Setting next_dagrun for operator_python_decorator to None, run_after=None
[2024-07-10T20:15:12.900+0000] {processor.py:183} INFO - Processing /opt/airflow/dags/operator_python_decorator.py took 0.091 seconds
[2024-07-10T20:15:14.817+0000] {processor.py:161} INFO - Started process (PID=852) to work on /opt/airflow/dags/operator_python_decorator.py
[2024-07-10T20:15:14.818+0000] {processor.py:830} INFO - Processing file /opt/airflow/dags/operator_python_decorator.py for tasks to queue
[2024-07-10T20:15:14.821+0000] {logging_mixin.py:188} INFO - [2024-07-10T20:15:14.820+0000] {dagbag.py:540} INFO - Filling up the DagBag from /opt/airflow/dags/operator_python_decorator.py
[2024-07-10T20:15:14.838+0000] {processor.py:840} INFO - DAG(s) 'operator_python_decorator' retrieved from /opt/airflow/dags/operator_python_decorator.py
[2024-07-10T20:15:14.858+0000] {logging_mixin.py:188} INFO - [2024-07-10T20:15:14.857+0000] {dag.py:3096} INFO - Sync 1 DAGs
[2024-07-10T20:15:14.877+0000] {logging_mixin.py:188} INFO - [2024-07-10T20:15:14.877+0000] {dag.py:3954} INFO - Setting next_dagrun for operator_python_decorator to None, run_after=None
[2024-07-10T20:15:14.898+0000] {processor.py:183} INFO - Processing /opt/airflow/dags/operator_python_decorator.py took 0.086 seconds
[2024-07-10T20:15:17.017+0000] {processor.py:161} INFO - Started process (PID=883) to work on /opt/airflow/dags/operator_python_decorator.py
[2024-07-10T20:15:17.018+0000] {processor.py:830} INFO - Processing file /opt/airflow/dags/operator_python_decorator.py for tasks to queue
[2024-07-10T20:15:17.020+0000] {logging_mixin.py:188} INFO - [2024-07-10T20:15:17.020+0000] {dagbag.py:540} INFO - Filling up the DagBag from /opt/airflow/dags/operator_python_decorator.py
[2024-07-10T20:15:17.037+0000] {processor.py:840} INFO - DAG(s) 'operator_python_decorator' retrieved from /opt/airflow/dags/operator_python_decorator.py
[2024-07-10T20:15:17.054+0000] {logging_mixin.py:188} INFO - [2024-07-10T20:15:17.053+0000] {dag.py:3096} INFO - Sync 1 DAGs
[2024-07-10T20:15:17.071+0000] {logging_mixin.py:188} INFO - [2024-07-10T20:15:17.071+0000] {dag.py:3954} INFO - Setting next_dagrun for operator_python_decorator to None, run_after=None
[2024-07-10T20:15:17.088+0000] {processor.py:183} INFO - Processing /opt/airflow/dags/operator_python_decorator.py took 0.077 seconds
[2024-07-10T20:15:19.333+0000] {processor.py:161} INFO - Started process (PID=914) to work on /opt/airflow/dags/operator_python_decorator.py
[2024-07-10T20:15:19.334+0000] {processor.py:830} INFO - Processing file /opt/airflow/dags/operator_python_decorator.py for tasks to queue
[2024-07-10T20:15:19.336+0000] {logging_mixin.py:188} INFO - [2024-07-10T20:15:19.336+0000] {dagbag.py:540} INFO - Filling up the DagBag from /opt/airflow/dags/operator_python_decorator.py
[2024-07-10T20:15:19.353+0000] {processor.py:840} INFO - DAG(s) 'operator_python_decorator' retrieved from /opt/airflow/dags/operator_python_decorator.py
[2024-07-10T20:15:19.370+0000] {logging_mixin.py:188} INFO - [2024-07-10T20:15:19.370+0000] {dag.py:3096} INFO - Sync 1 DAGs
[2024-07-10T20:15:19.390+0000] {logging_mixin.py:188} INFO - [2024-07-10T20:15:19.389+0000] {dag.py:3954} INFO - Setting next_dagrun for operator_python_decorator to None, run_after=None
[2024-07-10T20:15:19.407+0000] {processor.py:183} INFO - Processing /opt/airflow/dags/operator_python_decorator.py took 0.080 seconds
[2024-07-10T20:15:21.600+0000] {processor.py:161} INFO - Started process (PID=945) to work on /opt/airflow/dags/operator_python_decorator.py
[2024-07-10T20:15:21.601+0000] {processor.py:830} INFO - Processing file /opt/airflow/dags/operator_python_decorator.py for tasks to queue
[2024-07-10T20:15:21.603+0000] {logging_mixin.py:188} INFO - [2024-07-10T20:15:21.603+0000] {dagbag.py:540} INFO - Filling up the DagBag from /opt/airflow/dags/operator_python_decorator.py
[2024-07-10T20:15:21.618+0000] {processor.py:840} INFO - DAG(s) 'operator_python_decorator' retrieved from /opt/airflow/dags/operator_python_decorator.py
[2024-07-10T20:15:21.637+0000] {logging_mixin.py:188} INFO - [2024-07-10T20:15:21.636+0000] {dag.py:3096} INFO - Sync 1 DAGs
[2024-07-10T20:15:21.656+0000] {logging_mixin.py:188} INFO - [2024-07-10T20:15:21.656+0000] {dag.py:3954} INFO - Setting next_dagrun for operator_python_decorator to None, run_after=None
[2024-07-10T20:15:21.675+0000] {processor.py:183} INFO - Processing /opt/airflow/dags/operator_python_decorator.py took 0.081 seconds
[2024-07-10T20:15:23.751+0000] {processor.py:161} INFO - Started process (PID=976) to work on /opt/airflow/dags/operator_python_decorator.py
[2024-07-10T20:15:23.753+0000] {processor.py:830} INFO - Processing file /opt/airflow/dags/operator_python_decorator.py for tasks to queue
[2024-07-10T20:15:23.755+0000] {logging_mixin.py:188} INFO - [2024-07-10T20:15:23.755+0000] {dagbag.py:540} INFO - Filling up the DagBag from /opt/airflow/dags/operator_python_decorator.py
[2024-07-10T20:15:23.771+0000] {processor.py:840} INFO - DAG(s) 'operator_python_decorator' retrieved from /opt/airflow/dags/operator_python_decorator.py
[2024-07-10T20:15:23.789+0000] {logging_mixin.py:188} INFO - [2024-07-10T20:15:23.789+0000] {dag.py:3096} INFO - Sync 1 DAGs
[2024-07-10T20:15:23.809+0000] {logging_mixin.py:188} INFO - [2024-07-10T20:15:23.809+0000] {dag.py:3954} INFO - Setting next_dagrun for operator_python_decorator to None, run_after=None
[2024-07-10T20:15:23.829+0000] {processor.py:183} INFO - Processing /opt/airflow/dags/operator_python_decorator.py took 0.083 seconds
[2024-07-10T20:15:25.982+0000] {processor.py:161} INFO - Started process (PID=1007) to work on /opt/airflow/dags/operator_python_decorator.py
[2024-07-10T20:15:25.983+0000] {processor.py:830} INFO - Processing file /opt/airflow/dags/operator_python_decorator.py for tasks to queue
[2024-07-10T20:15:25.985+0000] {logging_mixin.py:188} INFO - [2024-07-10T20:15:25.985+0000] {dagbag.py:540} INFO - Filling up the DagBag from /opt/airflow/dags/operator_python_decorator.py
[2024-07-10T20:15:26.003+0000] {processor.py:840} INFO - DAG(s) 'operator_python_decorator' retrieved from /opt/airflow/dags/operator_python_decorator.py
[2024-07-10T20:15:26.020+0000] {logging_mixin.py:188} INFO - [2024-07-10T20:15:26.019+0000] {dag.py:3096} INFO - Sync 1 DAGs
[2024-07-10T20:15:26.039+0000] {logging_mixin.py:188} INFO - [2024-07-10T20:15:26.038+0000] {dag.py:3954} INFO - Setting next_dagrun for operator_python_decorator to None, run_after=None
[2024-07-10T20:15:26.057+0000] {processor.py:183} INFO - Processing /opt/airflow/dags/operator_python_decorator.py took 0.081 seconds
[2024-07-10T20:15:27.888+0000] {processor.py:161} INFO - Started process (PID=1038) to work on /opt/airflow/dags/operator_python_decorator.py
[2024-07-10T20:15:27.889+0000] {processor.py:830} INFO - Processing file /opt/airflow/dags/operator_python_decorator.py for tasks to queue
[2024-07-10T20:15:27.892+0000] {logging_mixin.py:188} INFO - [2024-07-10T20:15:27.891+0000] {dagbag.py:540} INFO - Filling up the DagBag from /opt/airflow/dags/operator_python_decorator.py
[2024-07-10T20:15:27.909+0000] {processor.py:840} INFO - DAG(s) 'operator_python_decorator' retrieved from /opt/airflow/dags/operator_python_decorator.py
[2024-07-10T20:15:27.927+0000] {logging_mixin.py:188} INFO - [2024-07-10T20:15:27.927+0000] {dag.py:3096} INFO - Sync 1 DAGs
[2024-07-10T20:15:27.950+0000] {logging_mixin.py:188} INFO - [2024-07-10T20:15:27.950+0000] {dag.py:3954} INFO - Setting next_dagrun for operator_python_decorator to None, run_after=None
[2024-07-10T20:15:27.970+0000] {processor.py:183} INFO - Processing /opt/airflow/dags/operator_python_decorator.py took 0.089 seconds
[2024-07-10T20:15:30.259+0000] {processor.py:161} INFO - Started process (PID=1069) to work on /opt/airflow/dags/operator_python_decorator.py
[2024-07-10T20:15:30.260+0000] {processor.py:830} INFO - Processing file /opt/airflow/dags/operator_python_decorator.py for tasks to queue
[2024-07-10T20:15:30.263+0000] {logging_mixin.py:188} INFO - [2024-07-10T20:15:30.262+0000] {dagbag.py:540} INFO - Filling up the DagBag from /opt/airflow/dags/operator_python_decorator.py
[2024-07-10T20:15:30.285+0000] {processor.py:840} INFO - DAG(s) 'operator_python_decorator' retrieved from /opt/airflow/dags/operator_python_decorator.py
[2024-07-10T20:15:30.306+0000] {logging_mixin.py:188} INFO - [2024-07-10T20:15:30.306+0000] {dag.py:3096} INFO - Sync 1 DAGs
[2024-07-10T20:15:30.325+0000] {logging_mixin.py:188} INFO - [2024-07-10T20:15:30.325+0000] {dag.py:3954} INFO - Setting next_dagrun for operator_python_decorator to None, run_after=None
[2024-07-10T20:15:30.346+0000] {processor.py:183} INFO - Processing /opt/airflow/dags/operator_python_decorator.py took 0.093 seconds
[2024-07-10T20:15:32.567+0000] {processor.py:161} INFO - Started process (PID=1100) to work on /opt/airflow/dags/operator_python_decorator.py
[2024-07-10T20:15:32.568+0000] {processor.py:830} INFO - Processing file /opt/airflow/dags/operator_python_decorator.py for tasks to queue
[2024-07-10T20:15:32.571+0000] {logging_mixin.py:188} INFO - [2024-07-10T20:15:32.570+0000] {dagbag.py:540} INFO - Filling up the DagBag from /opt/airflow/dags/operator_python_decorator.py
[2024-07-10T20:15:32.590+0000] {processor.py:840} INFO - DAG(s) 'operator_python_decorator' retrieved from /opt/airflow/dags/operator_python_decorator.py
[2024-07-10T20:15:32.609+0000] {logging_mixin.py:188} INFO - [2024-07-10T20:15:32.608+0000] {dag.py:3096} INFO - Sync 1 DAGs
[2024-07-10T20:15:32.630+0000] {logging_mixin.py:188} INFO - [2024-07-10T20:15:32.630+0000] {dag.py:3954} INFO - Setting next_dagrun for operator_python_decorator to None, run_after=None
[2024-07-10T20:15:32.655+0000] {processor.py:183} INFO - Processing /opt/airflow/dags/operator_python_decorator.py took 0.094 seconds
[2024-07-10T20:15:34.505+0000] {processor.py:161} INFO - Started process (PID=1132) to work on /opt/airflow/dags/operator_python_decorator.py
[2024-07-10T20:15:34.506+0000] {processor.py:830} INFO - Processing file /opt/airflow/dags/operator_python_decorator.py for tasks to queue
[2024-07-10T20:15:34.509+0000] {logging_mixin.py:188} INFO - [2024-07-10T20:15:34.509+0000] {dagbag.py:540} INFO - Filling up the DagBag from /opt/airflow/dags/operator_python_decorator.py
[2024-07-10T20:15:34.525+0000] {processor.py:840} INFO - DAG(s) 'operator_python_decorator' retrieved from /opt/airflow/dags/operator_python_decorator.py
[2024-07-10T20:15:34.542+0000] {logging_mixin.py:188} INFO - [2024-07-10T20:15:34.542+0000] {dag.py:3096} INFO - Sync 1 DAGs
[2024-07-10T20:15:34.560+0000] {logging_mixin.py:188} INFO - [2024-07-10T20:15:34.560+0000] {dag.py:3954} INFO - Setting next_dagrun for operator_python_decorator to None, run_after=None
[2024-07-10T20:15:34.580+0000] {processor.py:183} INFO - Processing /opt/airflow/dags/operator_python_decorator.py took 0.080 seconds
[2024-07-10T20:15:36.939+0000] {processor.py:161} INFO - Started process (PID=1169) to work on /opt/airflow/dags/operator_python_decorator.py
[2024-07-10T20:15:36.940+0000] {processor.py:830} INFO - Processing file /opt/airflow/dags/operator_python_decorator.py for tasks to queue
[2024-07-10T20:15:36.942+0000] {logging_mixin.py:188} INFO - [2024-07-10T20:15:36.942+0000] {dagbag.py:540} INFO - Filling up the DagBag from /opt/airflow/dags/operator_python_decorator.py
[2024-07-10T20:15:36.961+0000] {processor.py:840} INFO - DAG(s) 'operator_python_decorator' retrieved from /opt/airflow/dags/operator_python_decorator.py
[2024-07-10T20:15:36.980+0000] {logging_mixin.py:188} INFO - [2024-07-10T20:15:36.979+0000] {dag.py:3096} INFO - Sync 1 DAGs
[2024-07-10T20:15:37.002+0000] {logging_mixin.py:188} INFO - [2024-07-10T20:15:37.001+0000] {dag.py:3954} INFO - Setting next_dagrun for operator_python_decorator to None, run_after=None
[2024-07-10T20:15:37.022+0000] {processor.py:183} INFO - Processing /opt/airflow/dags/operator_python_decorator.py took 0.093 seconds
[2024-07-10T20:15:39.157+0000] {processor.py:161} INFO - Started process (PID=1200) to work on /opt/airflow/dags/operator_python_decorator.py
[2024-07-10T20:15:39.158+0000] {processor.py:830} INFO - Processing file /opt/airflow/dags/operator_python_decorator.py for tasks to queue
[2024-07-10T20:15:39.160+0000] {logging_mixin.py:188} INFO - [2024-07-10T20:15:39.160+0000] {dagbag.py:540} INFO - Filling up the DagBag from /opt/airflow/dags/operator_python_decorator.py
[2024-07-10T20:15:39.177+0000] {processor.py:840} INFO - DAG(s) 'operator_python_decorator' retrieved from /opt/airflow/dags/operator_python_decorator.py
[2024-07-10T20:15:39.198+0000] {logging_mixin.py:188} INFO - [2024-07-10T20:15:39.198+0000] {dag.py:3096} INFO - Sync 1 DAGs
[2024-07-10T20:15:39.223+0000] {logging_mixin.py:188} INFO - [2024-07-10T20:15:39.222+0000] {dag.py:3954} INFO - Setting next_dagrun for operator_python_decorator to None, run_after=None
[2024-07-10T20:15:39.243+0000] {processor.py:183} INFO - Processing /opt/airflow/dags/operator_python_decorator.py took 0.093 seconds
