[2024-07-10T20:14:51.311+0000] {processor.py:161} INFO - Started process (PID=505) to work on /opt/airflow/dags/passing_data_with_return.py
[2024-07-10T20:14:51.312+0000] {processor.py:830} INFO - Processing file /opt/airflow/dags/passing_data_with_return.py for tasks to queue
[2024-07-10T20:14:51.314+0000] {logging_mixin.py:188} INFO - [2024-07-10T20:14:51.314+0000] {dagbag.py:540} INFO - Filling up the DagBag from /opt/airflow/dags/passing_data_with_return.py
[2024-07-10T20:14:51.331+0000] {processor.py:840} INFO - DAG(s) 'passing_data_with_return' retrieved from /opt/airflow/dags/passing_data_with_return.py
[2024-07-10T20:14:51.351+0000] {logging_mixin.py:188} INFO - [2024-07-10T20:14:51.350+0000] {dag.py:3096} INFO - Sync 1 DAGs
[2024-07-10T20:14:51.371+0000] {logging_mixin.py:188} INFO - [2024-07-10T20:14:51.370+0000] {dag.py:3954} INFO - Setting next_dagrun for passing_data_with_return to None, run_after=None
[2024-07-10T20:14:51.391+0000] {processor.py:183} INFO - Processing /opt/airflow/dags/passing_data_with_return.py took 0.085 seconds
[2024-07-10T20:14:53.802+0000] {processor.py:161} INFO - Started process (PID=537) to work on /opt/airflow/dags/passing_data_with_return.py
[2024-07-10T20:14:53.803+0000] {processor.py:830} INFO - Processing file /opt/airflow/dags/passing_data_with_return.py for tasks to queue
[2024-07-10T20:14:53.805+0000] {logging_mixin.py:188} INFO - [2024-07-10T20:14:53.805+0000] {dagbag.py:540} INFO - Filling up the DagBag from /opt/airflow/dags/passing_data_with_return.py
[2024-07-10T20:14:53.823+0000] {processor.py:840} INFO - DAG(s) 'passing_data_with_return' retrieved from /opt/airflow/dags/passing_data_with_return.py
[2024-07-10T20:14:53.844+0000] {logging_mixin.py:188} INFO - [2024-07-10T20:14:53.843+0000] {dag.py:3096} INFO - Sync 1 DAGs
[2024-07-10T20:14:53.864+0000] {logging_mixin.py:188} INFO - [2024-07-10T20:14:53.864+0000] {dag.py:3954} INFO - Setting next_dagrun for passing_data_with_return to None, run_after=None
[2024-07-10T20:14:53.885+0000] {processor.py:183} INFO - Processing /opt/airflow/dags/passing_data_with_return.py took 0.088 seconds
[2024-07-10T20:14:55.909+0000] {processor.py:161} INFO - Started process (PID=569) to work on /opt/airflow/dags/passing_data_with_return.py
[2024-07-10T20:14:55.911+0000] {processor.py:830} INFO - Processing file /opt/airflow/dags/passing_data_with_return.py for tasks to queue
[2024-07-10T20:14:55.913+0000] {logging_mixin.py:188} INFO - [2024-07-10T20:14:55.913+0000] {dagbag.py:540} INFO - Filling up the DagBag from /opt/airflow/dags/passing_data_with_return.py
[2024-07-10T20:14:55.931+0000] {processor.py:840} INFO - DAG(s) 'passing_data_with_return' retrieved from /opt/airflow/dags/passing_data_with_return.py
[2024-07-10T20:14:55.950+0000] {logging_mixin.py:188} INFO - [2024-07-10T20:14:55.950+0000] {dag.py:3096} INFO - Sync 1 DAGs
[2024-07-10T20:14:55.970+0000] {logging_mixin.py:188} INFO - [2024-07-10T20:14:55.970+0000] {dag.py:3954} INFO - Setting next_dagrun for passing_data_with_return to None, run_after=None
[2024-07-10T20:14:55.989+0000] {processor.py:183} INFO - Processing /opt/airflow/dags/passing_data_with_return.py took 0.085 seconds
[2024-07-10T20:14:57.942+0000] {processor.py:161} INFO - Started process (PID=601) to work on /opt/airflow/dags/passing_data_with_return.py
[2024-07-10T20:14:57.943+0000] {processor.py:830} INFO - Processing file /opt/airflow/dags/passing_data_with_return.py for tasks to queue
[2024-07-10T20:14:57.946+0000] {logging_mixin.py:188} INFO - [2024-07-10T20:14:57.946+0000] {dagbag.py:540} INFO - Filling up the DagBag from /opt/airflow/dags/passing_data_with_return.py
[2024-07-10T20:14:57.965+0000] {processor.py:840} INFO - DAG(s) 'passing_data_with_return' retrieved from /opt/airflow/dags/passing_data_with_return.py
[2024-07-10T20:14:57.984+0000] {logging_mixin.py:188} INFO - [2024-07-10T20:14:57.984+0000] {dag.py:3096} INFO - Sync 1 DAGs
[2024-07-10T20:14:58.003+0000] {logging_mixin.py:188} INFO - [2024-07-10T20:14:58.002+0000] {dag.py:3954} INFO - Setting next_dagrun for passing_data_with_return to None, run_after=None
[2024-07-10T20:14:58.020+0000] {processor.py:183} INFO - Processing /opt/airflow/dags/passing_data_with_return.py took 0.083 seconds
[2024-07-10T20:14:59.932+0000] {processor.py:161} INFO - Started process (PID=632) to work on /opt/airflow/dags/passing_data_with_return.py
[2024-07-10T20:14:59.933+0000] {processor.py:830} INFO - Processing file /opt/airflow/dags/passing_data_with_return.py for tasks to queue
[2024-07-10T20:14:59.936+0000] {logging_mixin.py:188} INFO - [2024-07-10T20:14:59.936+0000] {dagbag.py:540} INFO - Filling up the DagBag from /opt/airflow/dags/passing_data_with_return.py
[2024-07-10T20:14:59.960+0000] {processor.py:840} INFO - DAG(s) 'passing_data_with_return' retrieved from /opt/airflow/dags/passing_data_with_return.py
[2024-07-10T20:14:59.978+0000] {logging_mixin.py:188} INFO - [2024-07-10T20:14:59.977+0000] {dag.py:3096} INFO - Sync 1 DAGs
[2024-07-10T20:14:59.998+0000] {logging_mixin.py:188} INFO - [2024-07-10T20:14:59.998+0000] {dag.py:3954} INFO - Setting next_dagrun for passing_data_with_return to None, run_after=None
[2024-07-10T20:15:00.021+0000] {processor.py:183} INFO - Processing /opt/airflow/dags/passing_data_with_return.py took 0.095 seconds
[2024-07-10T20:15:01.955+0000] {processor.py:161} INFO - Started process (PID=663) to work on /opt/airflow/dags/passing_data_with_return.py
[2024-07-10T20:15:01.956+0000] {processor.py:830} INFO - Processing file /opt/airflow/dags/passing_data_with_return.py for tasks to queue
[2024-07-10T20:15:01.958+0000] {logging_mixin.py:188} INFO - [2024-07-10T20:15:01.958+0000] {dagbag.py:540} INFO - Filling up the DagBag from /opt/airflow/dags/passing_data_with_return.py
[2024-07-10T20:15:01.976+0000] {processor.py:840} INFO - DAG(s) 'passing_data_with_return' retrieved from /opt/airflow/dags/passing_data_with_return.py
[2024-07-10T20:15:01.997+0000] {logging_mixin.py:188} INFO - [2024-07-10T20:15:01.997+0000] {dag.py:3096} INFO - Sync 1 DAGs
[2024-07-10T20:15:02.016+0000] {logging_mixin.py:188} INFO - [2024-07-10T20:15:02.015+0000] {dag.py:3954} INFO - Setting next_dagrun for passing_data_with_return to None, run_after=None
[2024-07-10T20:15:02.036+0000] {processor.py:183} INFO - Processing /opt/airflow/dags/passing_data_with_return.py took 0.089 seconds
[2024-07-10T20:15:04.012+0000] {processor.py:161} INFO - Started process (PID=694) to work on /opt/airflow/dags/passing_data_with_return.py
[2024-07-10T20:15:04.013+0000] {processor.py:830} INFO - Processing file /opt/airflow/dags/passing_data_with_return.py for tasks to queue
[2024-07-10T20:15:04.016+0000] {logging_mixin.py:188} INFO - [2024-07-10T20:15:04.016+0000] {dagbag.py:540} INFO - Filling up the DagBag from /opt/airflow/dags/passing_data_with_return.py
[2024-07-10T20:15:04.034+0000] {processor.py:840} INFO - DAG(s) 'passing_data_with_return' retrieved from /opt/airflow/dags/passing_data_with_return.py
[2024-07-10T20:15:04.053+0000] {logging_mixin.py:188} INFO - [2024-07-10T20:15:04.052+0000] {dag.py:3096} INFO - Sync 1 DAGs
[2024-07-10T20:15:04.075+0000] {logging_mixin.py:188} INFO - [2024-07-10T20:15:04.075+0000] {dag.py:3954} INFO - Setting next_dagrun for passing_data_with_return to None, run_after=None
[2024-07-10T20:15:04.096+0000] {processor.py:183} INFO - Processing /opt/airflow/dags/passing_data_with_return.py took 0.090 seconds
[2024-07-10T20:15:06.343+0000] {processor.py:161} INFO - Started process (PID=731) to work on /opt/airflow/dags/passing_data_with_return.py
[2024-07-10T20:15:06.345+0000] {processor.py:830} INFO - Processing file /opt/airflow/dags/passing_data_with_return.py for tasks to queue
[2024-07-10T20:15:06.347+0000] {logging_mixin.py:188} INFO - [2024-07-10T20:15:06.347+0000] {dagbag.py:540} INFO - Filling up the DagBag from /opt/airflow/dags/passing_data_with_return.py
[2024-07-10T20:15:06.367+0000] {processor.py:840} INFO - DAG(s) 'passing_data_with_return' retrieved from /opt/airflow/dags/passing_data_with_return.py
[2024-07-10T20:15:06.388+0000] {logging_mixin.py:188} INFO - [2024-07-10T20:15:06.388+0000] {dag.py:3096} INFO - Sync 1 DAGs
[2024-07-10T20:15:06.411+0000] {logging_mixin.py:188} INFO - [2024-07-10T20:15:06.411+0000] {dag.py:3954} INFO - Setting next_dagrun for passing_data_with_return to None, run_after=None
[2024-07-10T20:15:06.429+0000] {processor.py:183} INFO - Processing /opt/airflow/dags/passing_data_with_return.py took 0.093 seconds
[2024-07-10T20:15:08.599+0000] {processor.py:161} INFO - Started process (PID=762) to work on /opt/airflow/dags/passing_data_with_return.py
[2024-07-10T20:15:08.600+0000] {processor.py:830} INFO - Processing file /opt/airflow/dags/passing_data_with_return.py for tasks to queue
[2024-07-10T20:15:08.603+0000] {logging_mixin.py:188} INFO - [2024-07-10T20:15:08.603+0000] {dagbag.py:540} INFO - Filling up the DagBag from /opt/airflow/dags/passing_data_with_return.py
[2024-07-10T20:15:08.621+0000] {processor.py:840} INFO - DAG(s) 'passing_data_with_return' retrieved from /opt/airflow/dags/passing_data_with_return.py
[2024-07-10T20:15:08.641+0000] {logging_mixin.py:188} INFO - [2024-07-10T20:15:08.640+0000] {dag.py:3096} INFO - Sync 1 DAGs
[2024-07-10T20:15:08.669+0000] {logging_mixin.py:188} INFO - [2024-07-10T20:15:08.668+0000] {dag.py:3954} INFO - Setting next_dagrun for passing_data_with_return to None, run_after=None
[2024-07-10T20:15:08.696+0000] {processor.py:183} INFO - Processing /opt/airflow/dags/passing_data_with_return.py took 0.105 seconds
[2024-07-10T20:15:10.586+0000] {processor.py:161} INFO - Started process (PID=793) to work on /opt/airflow/dags/passing_data_with_return.py
[2024-07-10T20:15:10.587+0000] {processor.py:830} INFO - Processing file /opt/airflow/dags/passing_data_with_return.py for tasks to queue
[2024-07-10T20:15:10.589+0000] {logging_mixin.py:188} INFO - [2024-07-10T20:15:10.588+0000] {dagbag.py:540} INFO - Filling up the DagBag from /opt/airflow/dags/passing_data_with_return.py
[2024-07-10T20:15:10.606+0000] {processor.py:840} INFO - DAG(s) 'passing_data_with_return' retrieved from /opt/airflow/dags/passing_data_with_return.py
[2024-07-10T20:15:10.625+0000] {logging_mixin.py:188} INFO - [2024-07-10T20:15:10.625+0000] {dag.py:3096} INFO - Sync 1 DAGs
[2024-07-10T20:15:10.648+0000] {logging_mixin.py:188} INFO - [2024-07-10T20:15:10.647+0000] {dag.py:3954} INFO - Setting next_dagrun for passing_data_with_return to None, run_after=None
[2024-07-10T20:15:10.675+0000] {processor.py:183} INFO - Processing /opt/airflow/dags/passing_data_with_return.py took 0.096 seconds
[2024-07-10T20:15:12.977+0000] {processor.py:161} INFO - Started process (PID=824) to work on /opt/airflow/dags/passing_data_with_return.py
[2024-07-10T20:15:12.978+0000] {processor.py:830} INFO - Processing file /opt/airflow/dags/passing_data_with_return.py for tasks to queue
[2024-07-10T20:15:12.980+0000] {logging_mixin.py:188} INFO - [2024-07-10T20:15:12.980+0000] {dagbag.py:540} INFO - Filling up the DagBag from /opt/airflow/dags/passing_data_with_return.py
[2024-07-10T20:15:12.996+0000] {processor.py:840} INFO - DAG(s) 'passing_data_with_return' retrieved from /opt/airflow/dags/passing_data_with_return.py
[2024-07-10T20:15:13.017+0000] {logging_mixin.py:188} INFO - [2024-07-10T20:15:13.016+0000] {dag.py:3096} INFO - Sync 1 DAGs
[2024-07-10T20:15:13.041+0000] {logging_mixin.py:188} INFO - [2024-07-10T20:15:13.041+0000] {dag.py:3954} INFO - Setting next_dagrun for passing_data_with_return to None, run_after=None
[2024-07-10T20:15:13.061+0000] {processor.py:183} INFO - Processing /opt/airflow/dags/passing_data_with_return.py took 0.090 seconds
[2024-07-10T20:15:15.032+0000] {processor.py:161} INFO - Started process (PID=855) to work on /opt/airflow/dags/passing_data_with_return.py
[2024-07-10T20:15:15.033+0000] {processor.py:830} INFO - Processing file /opt/airflow/dags/passing_data_with_return.py for tasks to queue
[2024-07-10T20:15:15.036+0000] {logging_mixin.py:188} INFO - [2024-07-10T20:15:15.036+0000] {dagbag.py:540} INFO - Filling up the DagBag from /opt/airflow/dags/passing_data_with_return.py
[2024-07-10T20:15:15.054+0000] {processor.py:840} INFO - DAG(s) 'passing_data_with_return' retrieved from /opt/airflow/dags/passing_data_with_return.py
[2024-07-10T20:15:15.076+0000] {logging_mixin.py:188} INFO - [2024-07-10T20:15:15.076+0000] {dag.py:3096} INFO - Sync 1 DAGs
[2024-07-10T20:15:15.097+0000] {logging_mixin.py:188} INFO - [2024-07-10T20:15:15.097+0000] {dag.py:3954} INFO - Setting next_dagrun for passing_data_with_return to None, run_after=None
[2024-07-10T20:15:15.122+0000] {processor.py:183} INFO - Processing /opt/airflow/dags/passing_data_with_return.py took 0.099 seconds
[2024-07-10T20:15:17.148+0000] {processor.py:161} INFO - Started process (PID=886) to work on /opt/airflow/dags/passing_data_with_return.py
[2024-07-10T20:15:17.149+0000] {processor.py:830} INFO - Processing file /opt/airflow/dags/passing_data_with_return.py for tasks to queue
[2024-07-10T20:15:17.151+0000] {logging_mixin.py:188} INFO - [2024-07-10T20:15:17.151+0000] {dagbag.py:540} INFO - Filling up the DagBag from /opt/airflow/dags/passing_data_with_return.py
[2024-07-10T20:15:17.166+0000] {processor.py:840} INFO - DAG(s) 'passing_data_with_return' retrieved from /opt/airflow/dags/passing_data_with_return.py
[2024-07-10T20:15:17.186+0000] {logging_mixin.py:188} INFO - [2024-07-10T20:15:17.186+0000] {dag.py:3096} INFO - Sync 1 DAGs
[2024-07-10T20:15:17.206+0000] {logging_mixin.py:188} INFO - [2024-07-10T20:15:17.206+0000] {dag.py:3954} INFO - Setting next_dagrun for passing_data_with_return to None, run_after=None
[2024-07-10T20:15:17.222+0000] {processor.py:183} INFO - Processing /opt/airflow/dags/passing_data_with_return.py took 0.080 seconds
[2024-07-10T20:15:19.485+0000] {processor.py:161} INFO - Started process (PID=917) to work on /opt/airflow/dags/passing_data_with_return.py
[2024-07-10T20:15:19.487+0000] {processor.py:830} INFO - Processing file /opt/airflow/dags/passing_data_with_return.py for tasks to queue
[2024-07-10T20:15:19.489+0000] {logging_mixin.py:188} INFO - [2024-07-10T20:15:19.489+0000] {dagbag.py:540} INFO - Filling up the DagBag from /opt/airflow/dags/passing_data_with_return.py
[2024-07-10T20:15:19.507+0000] {processor.py:840} INFO - DAG(s) 'passing_data_with_return' retrieved from /opt/airflow/dags/passing_data_with_return.py
[2024-07-10T20:15:19.526+0000] {logging_mixin.py:188} INFO - [2024-07-10T20:15:19.526+0000] {dag.py:3096} INFO - Sync 1 DAGs
[2024-07-10T20:15:19.550+0000] {logging_mixin.py:188} INFO - [2024-07-10T20:15:19.550+0000] {dag.py:3954} INFO - Setting next_dagrun for passing_data_with_return to None, run_after=None
[2024-07-10T20:15:19.570+0000] {processor.py:183} INFO - Processing /opt/airflow/dags/passing_data_with_return.py took 0.092 seconds
[2024-07-10T20:15:21.822+0000] {processor.py:161} INFO - Started process (PID=948) to work on /opt/airflow/dags/passing_data_with_return.py
[2024-07-10T20:15:21.824+0000] {processor.py:830} INFO - Processing file /opt/airflow/dags/passing_data_with_return.py for tasks to queue
[2024-07-10T20:15:21.826+0000] {logging_mixin.py:188} INFO - [2024-07-10T20:15:21.826+0000] {dagbag.py:540} INFO - Filling up the DagBag from /opt/airflow/dags/passing_data_with_return.py
[2024-07-10T20:15:21.846+0000] {processor.py:840} INFO - DAG(s) 'passing_data_with_return' retrieved from /opt/airflow/dags/passing_data_with_return.py
[2024-07-10T20:15:21.865+0000] {logging_mixin.py:188} INFO - [2024-07-10T20:15:21.864+0000] {dag.py:3096} INFO - Sync 1 DAGs
[2024-07-10T20:15:21.883+0000] {logging_mixin.py:188} INFO - [2024-07-10T20:15:21.882+0000] {dag.py:3954} INFO - Setting next_dagrun for passing_data_with_return to None, run_after=None
[2024-07-10T20:15:21.902+0000] {processor.py:183} INFO - Processing /opt/airflow/dags/passing_data_with_return.py took 0.086 seconds
[2024-07-10T20:15:23.924+0000] {processor.py:161} INFO - Started process (PID=979) to work on /opt/airflow/dags/passing_data_with_return.py
[2024-07-10T20:15:23.925+0000] {processor.py:830} INFO - Processing file /opt/airflow/dags/passing_data_with_return.py for tasks to queue
[2024-07-10T20:15:23.927+0000] {logging_mixin.py:188} INFO - [2024-07-10T20:15:23.927+0000] {dagbag.py:540} INFO - Filling up the DagBag from /opt/airflow/dags/passing_data_with_return.py
[2024-07-10T20:15:23.948+0000] {processor.py:840} INFO - DAG(s) 'passing_data_with_return' retrieved from /opt/airflow/dags/passing_data_with_return.py
[2024-07-10T20:15:23.970+0000] {logging_mixin.py:188} INFO - [2024-07-10T20:15:23.970+0000] {dag.py:3096} INFO - Sync 1 DAGs
[2024-07-10T20:15:23.993+0000] {logging_mixin.py:188} INFO - [2024-07-10T20:15:23.992+0000] {dag.py:3954} INFO - Setting next_dagrun for passing_data_with_return to None, run_after=None
[2024-07-10T20:15:24.010+0000] {processor.py:183} INFO - Processing /opt/airflow/dags/passing_data_with_return.py took 0.092 seconds
[2024-07-10T20:15:26.115+0000] {processor.py:161} INFO - Started process (PID=1010) to work on /opt/airflow/dags/passing_data_with_return.py
[2024-07-10T20:15:26.116+0000] {processor.py:830} INFO - Processing file /opt/airflow/dags/passing_data_with_return.py for tasks to queue
[2024-07-10T20:15:26.119+0000] {logging_mixin.py:188} INFO - [2024-07-10T20:15:26.118+0000] {dagbag.py:540} INFO - Filling up the DagBag from /opt/airflow/dags/passing_data_with_return.py
[2024-07-10T20:15:26.136+0000] {processor.py:840} INFO - DAG(s) 'passing_data_with_return' retrieved from /opt/airflow/dags/passing_data_with_return.py
[2024-07-10T20:15:26.155+0000] {logging_mixin.py:188} INFO - [2024-07-10T20:15:26.155+0000] {dag.py:3096} INFO - Sync 1 DAGs
[2024-07-10T20:15:26.176+0000] {logging_mixin.py:188} INFO - [2024-07-10T20:15:26.176+0000] {dag.py:3954} INFO - Setting next_dagrun for passing_data_with_return to None, run_after=None
[2024-07-10T20:15:26.200+0000] {processor.py:183} INFO - Processing /opt/airflow/dags/passing_data_with_return.py took 0.091 seconds
[2024-07-10T20:15:28.090+0000] {processor.py:161} INFO - Started process (PID=1041) to work on /opt/airflow/dags/passing_data_with_return.py
[2024-07-10T20:15:28.091+0000] {processor.py:830} INFO - Processing file /opt/airflow/dags/passing_data_with_return.py for tasks to queue
[2024-07-10T20:15:28.093+0000] {logging_mixin.py:188} INFO - [2024-07-10T20:15:28.092+0000] {dagbag.py:540} INFO - Filling up the DagBag from /opt/airflow/dags/passing_data_with_return.py
[2024-07-10T20:15:28.113+0000] {processor.py:840} INFO - DAG(s) 'passing_data_with_return' retrieved from /opt/airflow/dags/passing_data_with_return.py
[2024-07-10T20:15:28.131+0000] {logging_mixin.py:188} INFO - [2024-07-10T20:15:28.131+0000] {dag.py:3096} INFO - Sync 1 DAGs
[2024-07-10T20:15:28.150+0000] {logging_mixin.py:188} INFO - [2024-07-10T20:15:28.149+0000] {dag.py:3954} INFO - Setting next_dagrun for passing_data_with_return to None, run_after=None
[2024-07-10T20:15:28.168+0000] {processor.py:183} INFO - Processing /opt/airflow/dags/passing_data_with_return.py took 0.084 seconds
[2024-07-10T20:15:30.401+0000] {processor.py:161} INFO - Started process (PID=1072) to work on /opt/airflow/dags/passing_data_with_return.py
[2024-07-10T20:15:30.402+0000] {processor.py:830} INFO - Processing file /opt/airflow/dags/passing_data_with_return.py for tasks to queue
[2024-07-10T20:15:30.404+0000] {logging_mixin.py:188} INFO - [2024-07-10T20:15:30.404+0000] {dagbag.py:540} INFO - Filling up the DagBag from /opt/airflow/dags/passing_data_with_return.py
[2024-07-10T20:15:30.420+0000] {processor.py:840} INFO - DAG(s) 'passing_data_with_return' retrieved from /opt/airflow/dags/passing_data_with_return.py
[2024-07-10T20:15:30.441+0000] {logging_mixin.py:188} INFO - [2024-07-10T20:15:30.441+0000] {dag.py:3096} INFO - Sync 1 DAGs
[2024-07-10T20:15:30.460+0000] {logging_mixin.py:188} INFO - [2024-07-10T20:15:30.460+0000] {dag.py:3954} INFO - Setting next_dagrun for passing_data_with_return to None, run_after=None
[2024-07-10T20:15:30.481+0000] {processor.py:183} INFO - Processing /opt/airflow/dags/passing_data_with_return.py took 0.086 seconds
[2024-07-10T20:15:32.740+0000] {processor.py:161} INFO - Started process (PID=1103) to work on /opt/airflow/dags/passing_data_with_return.py
[2024-07-10T20:15:32.741+0000] {processor.py:830} INFO - Processing file /opt/airflow/dags/passing_data_with_return.py for tasks to queue
[2024-07-10T20:15:32.743+0000] {logging_mixin.py:188} INFO - [2024-07-10T20:15:32.743+0000] {dagbag.py:540} INFO - Filling up the DagBag from /opt/airflow/dags/passing_data_with_return.py
[2024-07-10T20:15:32.762+0000] {processor.py:840} INFO - DAG(s) 'passing_data_with_return' retrieved from /opt/airflow/dags/passing_data_with_return.py
[2024-07-10T20:15:32.782+0000] {logging_mixin.py:188} INFO - [2024-07-10T20:15:32.782+0000] {dag.py:3096} INFO - Sync 1 DAGs
[2024-07-10T20:15:32.806+0000] {logging_mixin.py:188} INFO - [2024-07-10T20:15:32.805+0000] {dag.py:3954} INFO - Setting next_dagrun for passing_data_with_return to None, run_after=None
[2024-07-10T20:15:32.832+0000] {processor.py:183} INFO - Processing /opt/airflow/dags/passing_data_with_return.py took 0.098 seconds
[2024-07-10T20:15:34.723+0000] {processor.py:161} INFO - Started process (PID=1135) to work on /opt/airflow/dags/passing_data_with_return.py
[2024-07-10T20:15:34.724+0000] {processor.py:830} INFO - Processing file /opt/airflow/dags/passing_data_with_return.py for tasks to queue
[2024-07-10T20:15:34.726+0000] {logging_mixin.py:188} INFO - [2024-07-10T20:15:34.726+0000] {dagbag.py:540} INFO - Filling up the DagBag from /opt/airflow/dags/passing_data_with_return.py
[2024-07-10T20:15:34.745+0000] {processor.py:840} INFO - DAG(s) 'passing_data_with_return' retrieved from /opt/airflow/dags/passing_data_with_return.py
[2024-07-10T20:15:34.770+0000] {logging_mixin.py:188} INFO - [2024-07-10T20:15:34.769+0000] {dag.py:3096} INFO - Sync 1 DAGs
[2024-07-10T20:15:34.791+0000] {logging_mixin.py:188} INFO - [2024-07-10T20:15:34.791+0000] {dag.py:3954} INFO - Setting next_dagrun for passing_data_with_return to None, run_after=None
[2024-07-10T20:15:34.812+0000] {processor.py:183} INFO - Processing /opt/airflow/dags/passing_data_with_return.py took 0.095 seconds
[2024-07-10T20:15:37.159+0000] {processor.py:161} INFO - Started process (PID=1172) to work on /opt/airflow/dags/passing_data_with_return.py
[2024-07-10T20:15:37.160+0000] {processor.py:830} INFO - Processing file /opt/airflow/dags/passing_data_with_return.py for tasks to queue
[2024-07-10T20:15:37.163+0000] {logging_mixin.py:188} INFO - [2024-07-10T20:15:37.162+0000] {dagbag.py:540} INFO - Filling up the DagBag from /opt/airflow/dags/passing_data_with_return.py
[2024-07-10T20:15:37.183+0000] {processor.py:840} INFO - DAG(s) 'passing_data_with_return' retrieved from /opt/airflow/dags/passing_data_with_return.py
[2024-07-10T20:15:37.202+0000] {logging_mixin.py:188} INFO - [2024-07-10T20:15:37.201+0000] {dag.py:3096} INFO - Sync 1 DAGs
[2024-07-10T20:15:37.219+0000] {logging_mixin.py:188} INFO - [2024-07-10T20:15:37.219+0000] {dag.py:3954} INFO - Setting next_dagrun for passing_data_with_return to None, run_after=None
[2024-07-10T20:15:37.238+0000] {processor.py:183} INFO - Processing /opt/airflow/dags/passing_data_with_return.py took 0.084 seconds
[2024-07-10T20:15:39.351+0000] {processor.py:161} INFO - Started process (PID=1203) to work on /opt/airflow/dags/passing_data_with_return.py
[2024-07-10T20:15:39.352+0000] {processor.py:830} INFO - Processing file /opt/airflow/dags/passing_data_with_return.py for tasks to queue
[2024-07-10T20:15:39.355+0000] {logging_mixin.py:188} INFO - [2024-07-10T20:15:39.354+0000] {dagbag.py:540} INFO - Filling up the DagBag from /opt/airflow/dags/passing_data_with_return.py
[2024-07-10T20:15:39.372+0000] {processor.py:840} INFO - DAG(s) 'passing_data_with_return' retrieved from /opt/airflow/dags/passing_data_with_return.py
[2024-07-10T20:15:39.390+0000] {logging_mixin.py:188} INFO - [2024-07-10T20:15:39.390+0000] {dag.py:3096} INFO - Sync 1 DAGs
[2024-07-10T20:15:39.409+0000] {logging_mixin.py:188} INFO - [2024-07-10T20:15:39.409+0000] {dag.py:3954} INFO - Setting next_dagrun for passing_data_with_return to None, run_after=None
[2024-07-10T20:15:39.427+0000] {processor.py:183} INFO - Processing /opt/airflow/dags/passing_data_with_return.py took 0.082 seconds
