[2024-07-10T20:14:53.471+0000] {processor.py:161} INFO - Started process (PID=533) to work on /opt/airflow/dags/passing_data_with_variable.py
[2024-07-10T20:14:53.472+0000] {processor.py:830} INFO - Processing file /opt/airflow/dags/passing_data_with_variable.py for tasks to queue
[2024-07-10T20:14:53.474+0000] {logging_mixin.py:188} INFO - [2024-07-10T20:14:53.474+0000] {dagbag.py:540} INFO - Filling up the DagBag from /opt/airflow/dags/passing_data_with_variable.py
[2024-07-10T20:14:53.493+0000] {processor.py:840} INFO - DAG(s) 'passing_data_with_variable' retrieved from /opt/airflow/dags/passing_data_with_variable.py
[2024-07-10T20:14:53.512+0000] {logging_mixin.py:188} INFO - [2024-07-10T20:14:53.512+0000] {dag.py:3096} INFO - Sync 1 DAGs
[2024-07-10T20:14:53.532+0000] {logging_mixin.py:188} INFO - [2024-07-10T20:14:53.532+0000] {dag.py:3954} INFO - Setting next_dagrun for passing_data_with_variable to None, run_after=None
[2024-07-10T20:14:53.551+0000] {processor.py:183} INFO - Processing /opt/airflow/dags/passing_data_with_variable.py took 0.086 seconds
[2024-07-10T20:14:55.684+0000] {processor.py:161} INFO - Started process (PID=565) to work on /opt/airflow/dags/passing_data_with_variable.py
[2024-07-10T20:14:55.685+0000] {processor.py:830} INFO - Processing file /opt/airflow/dags/passing_data_with_variable.py for tasks to queue
[2024-07-10T20:14:55.688+0000] {logging_mixin.py:188} INFO - [2024-07-10T20:14:55.688+0000] {dagbag.py:540} INFO - Filling up the DagBag from /opt/airflow/dags/passing_data_with_variable.py
[2024-07-10T20:14:55.708+0000] {processor.py:840} INFO - DAG(s) 'passing_data_with_variable' retrieved from /opt/airflow/dags/passing_data_with_variable.py
[2024-07-10T20:14:55.727+0000] {logging_mixin.py:188} INFO - [2024-07-10T20:14:55.727+0000] {dag.py:3096} INFO - Sync 1 DAGs
[2024-07-10T20:14:55.747+0000] {logging_mixin.py:188} INFO - [2024-07-10T20:14:55.747+0000] {dag.py:3954} INFO - Setting next_dagrun for passing_data_with_variable to None, run_after=None
[2024-07-10T20:14:55.766+0000] {processor.py:183} INFO - Processing /opt/airflow/dags/passing_data_with_variable.py took 0.088 seconds
[2024-07-10T20:14:57.714+0000] {processor.py:161} INFO - Started process (PID=597) to work on /opt/airflow/dags/passing_data_with_variable.py
[2024-07-10T20:14:57.715+0000] {processor.py:830} INFO - Processing file /opt/airflow/dags/passing_data_with_variable.py for tasks to queue
[2024-07-10T20:14:57.717+0000] {logging_mixin.py:188} INFO - [2024-07-10T20:14:57.716+0000] {dagbag.py:540} INFO - Filling up the DagBag from /opt/airflow/dags/passing_data_with_variable.py
[2024-07-10T20:14:57.736+0000] {processor.py:840} INFO - DAG(s) 'passing_data_with_variable' retrieved from /opt/airflow/dags/passing_data_with_variable.py
[2024-07-10T20:14:57.756+0000] {logging_mixin.py:188} INFO - [2024-07-10T20:14:57.756+0000] {dag.py:3096} INFO - Sync 1 DAGs
[2024-07-10T20:14:57.776+0000] {logging_mixin.py:188} INFO - [2024-07-10T20:14:57.776+0000] {dag.py:3954} INFO - Setting next_dagrun for passing_data_with_variable to None, run_after=None
[2024-07-10T20:14:57.795+0000] {processor.py:183} INFO - Processing /opt/airflow/dags/passing_data_with_variable.py took 0.087 seconds
[2024-07-10T20:14:59.667+0000] {processor.py:161} INFO - Started process (PID=628) to work on /opt/airflow/dags/passing_data_with_variable.py
[2024-07-10T20:14:59.668+0000] {processor.py:830} INFO - Processing file /opt/airflow/dags/passing_data_with_variable.py for tasks to queue
[2024-07-10T20:14:59.671+0000] {logging_mixin.py:188} INFO - [2024-07-10T20:14:59.671+0000] {dagbag.py:540} INFO - Filling up the DagBag from /opt/airflow/dags/passing_data_with_variable.py
[2024-07-10T20:14:59.692+0000] {processor.py:840} INFO - DAG(s) 'passing_data_with_variable' retrieved from /opt/airflow/dags/passing_data_with_variable.py
[2024-07-10T20:14:59.713+0000] {logging_mixin.py:188} INFO - [2024-07-10T20:14:59.713+0000] {dag.py:3096} INFO - Sync 1 DAGs
[2024-07-10T20:14:59.734+0000] {logging_mixin.py:188} INFO - [2024-07-10T20:14:59.733+0000] {dag.py:3954} INFO - Setting next_dagrun for passing_data_with_variable to None, run_after=None
[2024-07-10T20:14:59.759+0000] {processor.py:183} INFO - Processing /opt/airflow/dags/passing_data_with_variable.py took 0.098 seconds
[2024-07-10T20:15:01.716+0000] {processor.py:161} INFO - Started process (PID=659) to work on /opt/airflow/dags/passing_data_with_variable.py
[2024-07-10T20:15:01.718+0000] {processor.py:830} INFO - Processing file /opt/airflow/dags/passing_data_with_variable.py for tasks to queue
[2024-07-10T20:15:01.720+0000] {logging_mixin.py:188} INFO - [2024-07-10T20:15:01.720+0000] {dagbag.py:540} INFO - Filling up the DagBag from /opt/airflow/dags/passing_data_with_variable.py
[2024-07-10T20:15:01.740+0000] {processor.py:840} INFO - DAG(s) 'passing_data_with_variable' retrieved from /opt/airflow/dags/passing_data_with_variable.py
[2024-07-10T20:15:01.763+0000] {logging_mixin.py:188} INFO - [2024-07-10T20:15:01.763+0000] {dag.py:3096} INFO - Sync 1 DAGs
[2024-07-10T20:15:01.783+0000] {logging_mixin.py:188} INFO - [2024-07-10T20:15:01.782+0000] {dag.py:3954} INFO - Setting next_dagrun for passing_data_with_variable to None, run_after=None
[2024-07-10T20:15:01.801+0000] {processor.py:183} INFO - Processing /opt/airflow/dags/passing_data_with_variable.py took 0.090 seconds
[2024-07-10T20:15:03.753+0000] {processor.py:161} INFO - Started process (PID=690) to work on /opt/airflow/dags/passing_data_with_variable.py
[2024-07-10T20:15:03.755+0000] {processor.py:830} INFO - Processing file /opt/airflow/dags/passing_data_with_variable.py for tasks to queue
[2024-07-10T20:15:03.757+0000] {logging_mixin.py:188} INFO - [2024-07-10T20:15:03.757+0000] {dagbag.py:540} INFO - Filling up the DagBag from /opt/airflow/dags/passing_data_with_variable.py
[2024-07-10T20:15:03.776+0000] {processor.py:840} INFO - DAG(s) 'passing_data_with_variable' retrieved from /opt/airflow/dags/passing_data_with_variable.py
[2024-07-10T20:15:03.796+0000] {logging_mixin.py:188} INFO - [2024-07-10T20:15:03.796+0000] {dag.py:3096} INFO - Sync 1 DAGs
[2024-07-10T20:15:03.817+0000] {logging_mixin.py:188} INFO - [2024-07-10T20:15:03.817+0000] {dag.py:3954} INFO - Setting next_dagrun for passing_data_with_variable to None, run_after=None
[2024-07-10T20:15:03.842+0000] {processor.py:183} INFO - Processing /opt/airflow/dags/passing_data_with_variable.py took 0.095 seconds
[2024-07-10T20:15:06.103+0000] {processor.py:161} INFO - Started process (PID=727) to work on /opt/airflow/dags/passing_data_with_variable.py
[2024-07-10T20:15:06.104+0000] {processor.py:830} INFO - Processing file /opt/airflow/dags/passing_data_with_variable.py for tasks to queue
[2024-07-10T20:15:06.106+0000] {logging_mixin.py:188} INFO - [2024-07-10T20:15:06.106+0000] {dagbag.py:540} INFO - Filling up the DagBag from /opt/airflow/dags/passing_data_with_variable.py
[2024-07-10T20:15:06.124+0000] {processor.py:840} INFO - DAG(s) 'passing_data_with_variable' retrieved from /opt/airflow/dags/passing_data_with_variable.py
[2024-07-10T20:15:06.146+0000] {logging_mixin.py:188} INFO - [2024-07-10T20:15:06.146+0000] {dag.py:3096} INFO - Sync 1 DAGs
[2024-07-10T20:15:06.168+0000] {logging_mixin.py:188} INFO - [2024-07-10T20:15:06.168+0000] {dag.py:3954} INFO - Setting next_dagrun for passing_data_with_variable to None, run_after=None
[2024-07-10T20:15:06.190+0000] {processor.py:183} INFO - Processing /opt/airflow/dags/passing_data_with_variable.py took 0.094 seconds
[2024-07-10T20:15:08.319+0000] {processor.py:161} INFO - Started process (PID=758) to work on /opt/airflow/dags/passing_data_with_variable.py
[2024-07-10T20:15:08.321+0000] {processor.py:830} INFO - Processing file /opt/airflow/dags/passing_data_with_variable.py for tasks to queue
[2024-07-10T20:15:08.323+0000] {logging_mixin.py:188} INFO - [2024-07-10T20:15:08.323+0000] {dagbag.py:540} INFO - Filling up the DagBag from /opt/airflow/dags/passing_data_with_variable.py
[2024-07-10T20:15:08.345+0000] {processor.py:840} INFO - DAG(s) 'passing_data_with_variable' retrieved from /opt/airflow/dags/passing_data_with_variable.py
[2024-07-10T20:15:08.367+0000] {logging_mixin.py:188} INFO - [2024-07-10T20:15:08.367+0000] {dag.py:3096} INFO - Sync 1 DAGs
[2024-07-10T20:15:08.390+0000] {logging_mixin.py:188} INFO - [2024-07-10T20:15:08.390+0000] {dag.py:3954} INFO - Setting next_dagrun for passing_data_with_variable to None, run_after=None
[2024-07-10T20:15:08.415+0000] {processor.py:183} INFO - Processing /opt/airflow/dags/passing_data_with_variable.py took 0.102 seconds
[2024-07-10T20:15:10.362+0000] {processor.py:161} INFO - Started process (PID=789) to work on /opt/airflow/dags/passing_data_with_variable.py
[2024-07-10T20:15:10.363+0000] {processor.py:830} INFO - Processing file /opt/airflow/dags/passing_data_with_variable.py for tasks to queue
[2024-07-10T20:15:10.365+0000] {logging_mixin.py:188} INFO - [2024-07-10T20:15:10.365+0000] {dagbag.py:540} INFO - Filling up the DagBag from /opt/airflow/dags/passing_data_with_variable.py
[2024-07-10T20:15:10.382+0000] {processor.py:840} INFO - DAG(s) 'passing_data_with_variable' retrieved from /opt/airflow/dags/passing_data_with_variable.py
[2024-07-10T20:15:10.401+0000] {logging_mixin.py:188} INFO - [2024-07-10T20:15:10.401+0000] {dag.py:3096} INFO - Sync 1 DAGs
[2024-07-10T20:15:10.420+0000] {logging_mixin.py:188} INFO - [2024-07-10T20:15:10.420+0000] {dag.py:3954} INFO - Setting next_dagrun for passing_data_with_variable to None, run_after=None
[2024-07-10T20:15:10.440+0000] {processor.py:183} INFO - Processing /opt/airflow/dags/passing_data_with_variable.py took 0.084 seconds
[2024-07-10T20:15:12.735+0000] {processor.py:161} INFO - Started process (PID=820) to work on /opt/airflow/dags/passing_data_with_variable.py
[2024-07-10T20:15:12.736+0000] {processor.py:830} INFO - Processing file /opt/airflow/dags/passing_data_with_variable.py for tasks to queue
[2024-07-10T20:15:12.739+0000] {logging_mixin.py:188} INFO - [2024-07-10T20:15:12.738+0000] {dagbag.py:540} INFO - Filling up the DagBag from /opt/airflow/dags/passing_data_with_variable.py
[2024-07-10T20:15:12.759+0000] {processor.py:840} INFO - DAG(s) 'passing_data_with_variable' retrieved from /opt/airflow/dags/passing_data_with_variable.py
[2024-07-10T20:15:12.781+0000] {logging_mixin.py:188} INFO - [2024-07-10T20:15:12.780+0000] {dag.py:3096} INFO - Sync 1 DAGs
[2024-07-10T20:15:12.806+0000] {logging_mixin.py:188} INFO - [2024-07-10T20:15:12.805+0000] {dag.py:3954} INFO - Setting next_dagrun for passing_data_with_variable to None, run_after=None
[2024-07-10T20:15:12.828+0000] {processor.py:183} INFO - Processing /opt/airflow/dags/passing_data_with_variable.py took 0.100 seconds
[2024-07-10T20:15:14.788+0000] {processor.py:161} INFO - Started process (PID=851) to work on /opt/airflow/dags/passing_data_with_variable.py
[2024-07-10T20:15:14.790+0000] {processor.py:830} INFO - Processing file /opt/airflow/dags/passing_data_with_variable.py for tasks to queue
[2024-07-10T20:15:14.793+0000] {logging_mixin.py:188} INFO - [2024-07-10T20:15:14.793+0000] {dagbag.py:540} INFO - Filling up the DagBag from /opt/airflow/dags/passing_data_with_variable.py
[2024-07-10T20:15:14.817+0000] {processor.py:840} INFO - DAG(s) 'passing_data_with_variable' retrieved from /opt/airflow/dags/passing_data_with_variable.py
[2024-07-10T20:15:14.842+0000] {logging_mixin.py:188} INFO - [2024-07-10T20:15:14.842+0000] {dag.py:3096} INFO - Sync 1 DAGs
[2024-07-10T20:15:14.862+0000] {logging_mixin.py:188} INFO - [2024-07-10T20:15:14.862+0000] {dag.py:3954} INFO - Setting next_dagrun for passing_data_with_variable to None, run_after=None
[2024-07-10T20:15:14.881+0000] {processor.py:183} INFO - Processing /opt/airflow/dags/passing_data_with_variable.py took 0.099 seconds
[2024-07-10T20:15:16.930+0000] {processor.py:161} INFO - Started process (PID=882) to work on /opt/airflow/dags/passing_data_with_variable.py
[2024-07-10T20:15:16.931+0000] {processor.py:830} INFO - Processing file /opt/airflow/dags/passing_data_with_variable.py for tasks to queue
[2024-07-10T20:15:16.933+0000] {logging_mixin.py:188} INFO - [2024-07-10T20:15:16.933+0000] {dagbag.py:540} INFO - Filling up the DagBag from /opt/airflow/dags/passing_data_with_variable.py
[2024-07-10T20:15:16.951+0000] {processor.py:840} INFO - DAG(s) 'passing_data_with_variable' retrieved from /opt/airflow/dags/passing_data_with_variable.py
[2024-07-10T20:15:16.970+0000] {logging_mixin.py:188} INFO - [2024-07-10T20:15:16.970+0000] {dag.py:3096} INFO - Sync 1 DAGs
[2024-07-10T20:15:16.989+0000] {logging_mixin.py:188} INFO - [2024-07-10T20:15:16.989+0000] {dag.py:3954} INFO - Setting next_dagrun for passing_data_with_variable to None, run_after=None
[2024-07-10T20:15:17.010+0000] {processor.py:183} INFO - Processing /opt/airflow/dags/passing_data_with_variable.py took 0.086 seconds
[2024-07-10T20:15:19.258+0000] {processor.py:161} INFO - Started process (PID=913) to work on /opt/airflow/dags/passing_data_with_variable.py
[2024-07-10T20:15:19.259+0000] {processor.py:830} INFO - Processing file /opt/airflow/dags/passing_data_with_variable.py for tasks to queue
[2024-07-10T20:15:19.261+0000] {logging_mixin.py:188} INFO - [2024-07-10T20:15:19.261+0000] {dagbag.py:540} INFO - Filling up the DagBag from /opt/airflow/dags/passing_data_with_variable.py
[2024-07-10T20:15:19.278+0000] {processor.py:840} INFO - DAG(s) 'passing_data_with_variable' retrieved from /opt/airflow/dags/passing_data_with_variable.py
[2024-07-10T20:15:19.298+0000] {logging_mixin.py:188} INFO - [2024-07-10T20:15:19.297+0000] {dag.py:3096} INFO - Sync 1 DAGs
[2024-07-10T20:15:19.317+0000] {logging_mixin.py:188} INFO - [2024-07-10T20:15:19.317+0000] {dag.py:3954} INFO - Setting next_dagrun for passing_data_with_variable to None, run_after=None
[2024-07-10T20:15:19.336+0000] {processor.py:183} INFO - Processing /opt/airflow/dags/passing_data_with_variable.py took 0.083 seconds
[2024-07-10T20:15:21.488+0000] {processor.py:161} INFO - Started process (PID=944) to work on /opt/airflow/dags/passing_data_with_variable.py
[2024-07-10T20:15:21.489+0000] {processor.py:830} INFO - Processing file /opt/airflow/dags/passing_data_with_variable.py for tasks to queue
[2024-07-10T20:15:21.491+0000] {logging_mixin.py:188} INFO - [2024-07-10T20:15:21.490+0000] {dagbag.py:540} INFO - Filling up the DagBag from /opt/airflow/dags/passing_data_with_variable.py
[2024-07-10T20:15:21.508+0000] {processor.py:840} INFO - DAG(s) 'passing_data_with_variable' retrieved from /opt/airflow/dags/passing_data_with_variable.py
[2024-07-10T20:15:21.527+0000] {logging_mixin.py:188} INFO - [2024-07-10T20:15:21.527+0000] {dag.py:3096} INFO - Sync 1 DAGs
[2024-07-10T20:15:21.546+0000] {logging_mixin.py:188} INFO - [2024-07-10T20:15:21.545+0000] {dag.py:3954} INFO - Setting next_dagrun for passing_data_with_variable to None, run_after=None
[2024-07-10T20:15:21.565+0000] {processor.py:183} INFO - Processing /opt/airflow/dags/passing_data_with_variable.py took 0.083 seconds
[2024-07-10T20:15:23.696+0000] {processor.py:161} INFO - Started process (PID=975) to work on /opt/airflow/dags/passing_data_with_variable.py
[2024-07-10T20:15:23.697+0000] {processor.py:830} INFO - Processing file /opt/airflow/dags/passing_data_with_variable.py for tasks to queue
[2024-07-10T20:15:23.700+0000] {logging_mixin.py:188} INFO - [2024-07-10T20:15:23.699+0000] {dagbag.py:540} INFO - Filling up the DagBag from /opt/airflow/dags/passing_data_with_variable.py
[2024-07-10T20:15:23.720+0000] {processor.py:840} INFO - DAG(s) 'passing_data_with_variable' retrieved from /opt/airflow/dags/passing_data_with_variable.py
[2024-07-10T20:15:23.739+0000] {logging_mixin.py:188} INFO - [2024-07-10T20:15:23.739+0000] {dag.py:3096} INFO - Sync 1 DAGs
[2024-07-10T20:15:23.761+0000] {logging_mixin.py:188} INFO - [2024-07-10T20:15:23.761+0000] {dag.py:3954} INFO - Setting next_dagrun for passing_data_with_variable to None, run_after=None
[2024-07-10T20:15:23.779+0000] {processor.py:183} INFO - Processing /opt/airflow/dags/passing_data_with_variable.py took 0.089 seconds
[2024-07-10T20:15:25.874+0000] {processor.py:161} INFO - Started process (PID=1006) to work on /opt/airflow/dags/passing_data_with_variable.py
[2024-07-10T20:15:25.875+0000] {processor.py:830} INFO - Processing file /opt/airflow/dags/passing_data_with_variable.py for tasks to queue
[2024-07-10T20:15:25.877+0000] {logging_mixin.py:188} INFO - [2024-07-10T20:15:25.876+0000] {dagbag.py:540} INFO - Filling up the DagBag from /opt/airflow/dags/passing_data_with_variable.py
[2024-07-10T20:15:25.896+0000] {processor.py:840} INFO - DAG(s) 'passing_data_with_variable' retrieved from /opt/airflow/dags/passing_data_with_variable.py
[2024-07-10T20:15:25.918+0000] {logging_mixin.py:188} INFO - [2024-07-10T20:15:25.918+0000] {dag.py:3096} INFO - Sync 1 DAGs
[2024-07-10T20:15:25.939+0000] {logging_mixin.py:188} INFO - [2024-07-10T20:15:25.939+0000] {dag.py:3954} INFO - Setting next_dagrun for passing_data_with_variable to None, run_after=None
[2024-07-10T20:15:25.961+0000] {processor.py:183} INFO - Processing /opt/airflow/dags/passing_data_with_variable.py took 0.093 seconds
[2024-07-10T20:15:27.846+0000] {processor.py:161} INFO - Started process (PID=1037) to work on /opt/airflow/dags/passing_data_with_variable.py
[2024-07-10T20:15:27.847+0000] {processor.py:830} INFO - Processing file /opt/airflow/dags/passing_data_with_variable.py for tasks to queue
[2024-07-10T20:15:27.849+0000] {logging_mixin.py:188} INFO - [2024-07-10T20:15:27.849+0000] {dagbag.py:540} INFO - Filling up the DagBag from /opt/airflow/dags/passing_data_with_variable.py
[2024-07-10T20:15:27.870+0000] {processor.py:840} INFO - DAG(s) 'passing_data_with_variable' retrieved from /opt/airflow/dags/passing_data_with_variable.py
[2024-07-10T20:15:27.892+0000] {logging_mixin.py:188} INFO - [2024-07-10T20:15:27.892+0000] {dag.py:3096} INFO - Sync 1 DAGs
[2024-07-10T20:15:27.913+0000] {logging_mixin.py:188} INFO - [2024-07-10T20:15:27.913+0000] {dag.py:3954} INFO - Setting next_dagrun for passing_data_with_variable to None, run_after=None
[2024-07-10T20:15:27.932+0000] {processor.py:183} INFO - Processing /opt/airflow/dags/passing_data_with_variable.py took 0.093 seconds
[2024-07-10T20:15:30.167+0000] {processor.py:161} INFO - Started process (PID=1068) to work on /opt/airflow/dags/passing_data_with_variable.py
[2024-07-10T20:15:30.168+0000] {processor.py:830} INFO - Processing file /opt/airflow/dags/passing_data_with_variable.py for tasks to queue
[2024-07-10T20:15:30.170+0000] {logging_mixin.py:188} INFO - [2024-07-10T20:15:30.169+0000] {dagbag.py:540} INFO - Filling up the DagBag from /opt/airflow/dags/passing_data_with_variable.py
[2024-07-10T20:15:30.189+0000] {processor.py:840} INFO - DAG(s) 'passing_data_with_variable' retrieved from /opt/airflow/dags/passing_data_with_variable.py
[2024-07-10T20:15:30.209+0000] {logging_mixin.py:188} INFO - [2024-07-10T20:15:30.209+0000] {dag.py:3096} INFO - Sync 1 DAGs
[2024-07-10T20:15:30.229+0000] {logging_mixin.py:188} INFO - [2024-07-10T20:15:30.228+0000] {dag.py:3954} INFO - Setting next_dagrun for passing_data_with_variable to None, run_after=None
[2024-07-10T20:15:30.251+0000] {processor.py:183} INFO - Processing /opt/airflow/dags/passing_data_with_variable.py took 0.090 seconds
[2024-07-10T20:15:32.478+0000] {processor.py:161} INFO - Started process (PID=1099) to work on /opt/airflow/dags/passing_data_with_variable.py
[2024-07-10T20:15:32.480+0000] {processor.py:830} INFO - Processing file /opt/airflow/dags/passing_data_with_variable.py for tasks to queue
[2024-07-10T20:15:32.482+0000] {logging_mixin.py:188} INFO - [2024-07-10T20:15:32.482+0000] {dagbag.py:540} INFO - Filling up the DagBag from /opt/airflow/dags/passing_data_with_variable.py
[2024-07-10T20:15:32.501+0000] {processor.py:840} INFO - DAG(s) 'passing_data_with_variable' retrieved from /opt/airflow/dags/passing_data_with_variable.py
[2024-07-10T20:15:32.524+0000] {logging_mixin.py:188} INFO - [2024-07-10T20:15:32.524+0000] {dag.py:3096} INFO - Sync 1 DAGs
[2024-07-10T20:15:32.547+0000] {logging_mixin.py:188} INFO - [2024-07-10T20:15:32.546+0000] {dag.py:3954} INFO - Setting next_dagrun for passing_data_with_variable to None, run_after=None
[2024-07-10T20:15:32.569+0000] {processor.py:183} INFO - Processing /opt/airflow/dags/passing_data_with_variable.py took 0.097 seconds
[2024-07-10T20:15:34.482+0000] {processor.py:161} INFO - Started process (PID=1131) to work on /opt/airflow/dags/passing_data_with_variable.py
[2024-07-10T20:15:34.483+0000] {processor.py:830} INFO - Processing file /opt/airflow/dags/passing_data_with_variable.py for tasks to queue
[2024-07-10T20:15:34.485+0000] {logging_mixin.py:188} INFO - [2024-07-10T20:15:34.485+0000] {dagbag.py:540} INFO - Filling up the DagBag from /opt/airflow/dags/passing_data_with_variable.py
[2024-07-10T20:15:34.504+0000] {processor.py:840} INFO - DAG(s) 'passing_data_with_variable' retrieved from /opt/airflow/dags/passing_data_with_variable.py
[2024-07-10T20:15:34.523+0000] {logging_mixin.py:188} INFO - [2024-07-10T20:15:34.523+0000] {dag.py:3096} INFO - Sync 1 DAGs
[2024-07-10T20:15:34.542+0000] {logging_mixin.py:188} INFO - [2024-07-10T20:15:34.542+0000] {dag.py:3954} INFO - Setting next_dagrun for passing_data_with_variable to None, run_after=None
[2024-07-10T20:15:34.560+0000] {processor.py:183} INFO - Processing /opt/airflow/dags/passing_data_with_variable.py took 0.084 seconds
[2024-07-10T20:15:36.764+0000] {processor.py:161} INFO - Started process (PID=1168) to work on /opt/airflow/dags/passing_data_with_variable.py
[2024-07-10T20:15:36.765+0000] {processor.py:830} INFO - Processing file /opt/airflow/dags/passing_data_with_variable.py for tasks to queue
[2024-07-10T20:15:36.767+0000] {logging_mixin.py:188} INFO - [2024-07-10T20:15:36.767+0000] {dagbag.py:540} INFO - Filling up the DagBag from /opt/airflow/dags/passing_data_with_variable.py
[2024-07-10T20:15:36.785+0000] {processor.py:840} INFO - DAG(s) 'passing_data_with_variable' retrieved from /opt/airflow/dags/passing_data_with_variable.py
[2024-07-10T20:15:36.807+0000] {logging_mixin.py:188} INFO - [2024-07-10T20:15:36.807+0000] {dag.py:3096} INFO - Sync 1 DAGs
[2024-07-10T20:15:36.831+0000] {logging_mixin.py:188} INFO - [2024-07-10T20:15:36.830+0000] {dag.py:3954} INFO - Setting next_dagrun for passing_data_with_variable to None, run_after=None
[2024-07-10T20:15:36.850+0000] {processor.py:183} INFO - Processing /opt/airflow/dags/passing_data_with_variable.py took 0.092 seconds
[2024-07-10T20:15:39.100+0000] {processor.py:161} INFO - Started process (PID=1199) to work on /opt/airflow/dags/passing_data_with_variable.py
[2024-07-10T20:15:39.102+0000] {processor.py:830} INFO - Processing file /opt/airflow/dags/passing_data_with_variable.py for tasks to queue
[2024-07-10T20:15:39.105+0000] {logging_mixin.py:188} INFO - [2024-07-10T20:15:39.105+0000] {dagbag.py:540} INFO - Filling up the DagBag from /opt/airflow/dags/passing_data_with_variable.py
[2024-07-10T20:15:39.137+0000] {processor.py:840} INFO - DAG(s) 'passing_data_with_variable' retrieved from /opt/airflow/dags/passing_data_with_variable.py
[2024-07-10T20:15:39.159+0000] {logging_mixin.py:188} INFO - [2024-07-10T20:15:39.159+0000] {dag.py:3096} INFO - Sync 1 DAGs
[2024-07-10T20:15:39.180+0000] {logging_mixin.py:188} INFO - [2024-07-10T20:15:39.179+0000] {dag.py:3954} INFO - Setting next_dagrun for passing_data_with_variable to None, run_after=None
[2024-07-10T20:15:39.199+0000] {processor.py:183} INFO - Processing /opt/airflow/dags/passing_data_with_variable.py took 0.112 seconds
