[2024-07-10T20:14:51.322+0000] {processor.py:161} INFO - Started process (PID=506) to work on /opt/airflow/dags/passing_data_with_xcom.py
[2024-07-10T20:14:51.323+0000] {processor.py:830} INFO - Processing file /opt/airflow/dags/passing_data_with_xcom.py for tasks to queue
[2024-07-10T20:14:51.325+0000] {logging_mixin.py:188} INFO - [2024-07-10T20:14:51.324+0000] {dagbag.py:540} INFO - Filling up the DagBag from /opt/airflow/dags/passing_data_with_xcom.py
[2024-07-10T20:14:51.343+0000] {processor.py:840} INFO - DAG(s) 'passing_data_with_xcom' retrieved from /opt/airflow/dags/passing_data_with_xcom.py
[2024-07-10T20:14:51.364+0000] {logging_mixin.py:188} INFO - [2024-07-10T20:14:51.363+0000] {dag.py:3096} INFO - Sync 1 DAGs
[2024-07-10T20:14:51.383+0000] {logging_mixin.py:188} INFO - [2024-07-10T20:14:51.382+0000] {dag.py:3954} INFO - Setting next_dagrun for passing_data_with_xcom to None, run_after=None
[2024-07-10T20:14:51.402+0000] {processor.py:183} INFO - Processing /opt/airflow/dags/passing_data_with_xcom.py took 0.086 seconds
[2024-07-10T20:14:53.921+0000] {processor.py:161} INFO - Started process (PID=538) to work on /opt/airflow/dags/passing_data_with_xcom.py
[2024-07-10T20:14:53.922+0000] {processor.py:830} INFO - Processing file /opt/airflow/dags/passing_data_with_xcom.py for tasks to queue
[2024-07-10T20:14:53.924+0000] {logging_mixin.py:188} INFO - [2024-07-10T20:14:53.924+0000] {dagbag.py:540} INFO - Filling up the DagBag from /opt/airflow/dags/passing_data_with_xcom.py
[2024-07-10T20:14:53.948+0000] {processor.py:840} INFO - DAG(s) 'passing_data_with_xcom' retrieved from /opt/airflow/dags/passing_data_with_xcom.py
[2024-07-10T20:14:53.970+0000] {logging_mixin.py:188} INFO - [2024-07-10T20:14:53.970+0000] {dag.py:3096} INFO - Sync 1 DAGs
[2024-07-10T20:14:53.996+0000] {logging_mixin.py:188} INFO - [2024-07-10T20:14:53.996+0000] {dag.py:3954} INFO - Setting next_dagrun for passing_data_with_xcom to None, run_after=None
[2024-07-10T20:14:54.016+0000] {processor.py:183} INFO - Processing /opt/airflow/dags/passing_data_with_xcom.py took 0.101 seconds
[2024-07-10T20:14:55.949+0000] {processor.py:161} INFO - Started process (PID=570) to work on /opt/airflow/dags/passing_data_with_xcom.py
[2024-07-10T20:14:55.951+0000] {processor.py:830} INFO - Processing file /opt/airflow/dags/passing_data_with_xcom.py for tasks to queue
[2024-07-10T20:14:55.953+0000] {logging_mixin.py:188} INFO - [2024-07-10T20:14:55.952+0000] {dagbag.py:540} INFO - Filling up the DagBag from /opt/airflow/dags/passing_data_with_xcom.py
[2024-07-10T20:14:55.971+0000] {processor.py:840} INFO - DAG(s) 'passing_data_with_xcom' retrieved from /opt/airflow/dags/passing_data_with_xcom.py
[2024-07-10T20:14:55.990+0000] {logging_mixin.py:188} INFO - [2024-07-10T20:14:55.990+0000] {dag.py:3096} INFO - Sync 1 DAGs
[2024-07-10T20:14:56.009+0000] {logging_mixin.py:188} INFO - [2024-07-10T20:14:56.009+0000] {dag.py:3954} INFO - Setting next_dagrun for passing_data_with_xcom to None, run_after=None
[2024-07-10T20:14:56.029+0000] {processor.py:183} INFO - Processing /opt/airflow/dags/passing_data_with_xcom.py took 0.086 seconds
[2024-07-10T20:14:58.019+0000] {processor.py:161} INFO - Started process (PID=602) to work on /opt/airflow/dags/passing_data_with_xcom.py
[2024-07-10T20:14:58.020+0000] {processor.py:830} INFO - Processing file /opt/airflow/dags/passing_data_with_xcom.py for tasks to queue
[2024-07-10T20:14:58.024+0000] {logging_mixin.py:188} INFO - [2024-07-10T20:14:58.023+0000] {dagbag.py:540} INFO - Filling up the DagBag from /opt/airflow/dags/passing_data_with_xcom.py
[2024-07-10T20:14:58.040+0000] {processor.py:840} INFO - DAG(s) 'passing_data_with_xcom' retrieved from /opt/airflow/dags/passing_data_with_xcom.py
[2024-07-10T20:14:58.058+0000] {logging_mixin.py:188} INFO - [2024-07-10T20:14:58.058+0000] {dag.py:3096} INFO - Sync 1 DAGs
[2024-07-10T20:14:58.078+0000] {logging_mixin.py:188} INFO - [2024-07-10T20:14:58.078+0000] {dag.py:3954} INFO - Setting next_dagrun for passing_data_with_xcom to None, run_after=None
[2024-07-10T20:14:58.095+0000] {processor.py:183} INFO - Processing /opt/airflow/dags/passing_data_with_xcom.py took 0.082 seconds
[2024-07-10T20:14:59.969+0000] {processor.py:161} INFO - Started process (PID=633) to work on /opt/airflow/dags/passing_data_with_xcom.py
[2024-07-10T20:14:59.970+0000] {processor.py:830} INFO - Processing file /opt/airflow/dags/passing_data_with_xcom.py for tasks to queue
[2024-07-10T20:14:59.972+0000] {logging_mixin.py:188} INFO - [2024-07-10T20:14:59.972+0000] {dagbag.py:540} INFO - Filling up the DagBag from /opt/airflow/dags/passing_data_with_xcom.py
[2024-07-10T20:14:59.989+0000] {processor.py:840} INFO - DAG(s) 'passing_data_with_xcom' retrieved from /opt/airflow/dags/passing_data_with_xcom.py
[2024-07-10T20:15:00.010+0000] {logging_mixin.py:188} INFO - [2024-07-10T20:15:00.010+0000] {dag.py:3096} INFO - Sync 1 DAGs
[2024-07-10T20:15:00.040+0000] {logging_mixin.py:188} INFO - [2024-07-10T20:15:00.039+0000] {dag.py:3954} INFO - Setting next_dagrun for passing_data_with_xcom to None, run_after=None
[2024-07-10T20:15:00.069+0000] {processor.py:183} INFO - Processing /opt/airflow/dags/passing_data_with_xcom.py took 0.106 seconds
[2024-07-10T20:15:01.974+0000] {processor.py:161} INFO - Started process (PID=664) to work on /opt/airflow/dags/passing_data_with_xcom.py
[2024-07-10T20:15:01.975+0000] {processor.py:830} INFO - Processing file /opt/airflow/dags/passing_data_with_xcom.py for tasks to queue
[2024-07-10T20:15:01.977+0000] {logging_mixin.py:188} INFO - [2024-07-10T20:15:01.977+0000] {dagbag.py:540} INFO - Filling up the DagBag from /opt/airflow/dags/passing_data_with_xcom.py
[2024-07-10T20:15:01.993+0000] {processor.py:840} INFO - DAG(s) 'passing_data_with_xcom' retrieved from /opt/airflow/dags/passing_data_with_xcom.py
[2024-07-10T20:15:02.013+0000] {logging_mixin.py:188} INFO - [2024-07-10T20:15:02.013+0000] {dag.py:3096} INFO - Sync 1 DAGs
[2024-07-10T20:15:02.035+0000] {logging_mixin.py:188} INFO - [2024-07-10T20:15:02.035+0000] {dag.py:3954} INFO - Setting next_dagrun for passing_data_with_xcom to None, run_after=None
[2024-07-10T20:15:02.056+0000] {processor.py:183} INFO - Processing /opt/airflow/dags/passing_data_with_xcom.py took 0.089 seconds
[2024-07-10T20:15:04.082+0000] {processor.py:161} INFO - Started process (PID=695) to work on /opt/airflow/dags/passing_data_with_xcom.py
[2024-07-10T20:15:04.083+0000] {processor.py:830} INFO - Processing file /opt/airflow/dags/passing_data_with_xcom.py for tasks to queue
[2024-07-10T20:15:04.085+0000] {logging_mixin.py:188} INFO - [2024-07-10T20:15:04.085+0000] {dagbag.py:540} INFO - Filling up the DagBag from /opt/airflow/dags/passing_data_with_xcom.py
[2024-07-10T20:15:04.105+0000] {processor.py:840} INFO - DAG(s) 'passing_data_with_xcom' retrieved from /opt/airflow/dags/passing_data_with_xcom.py
[2024-07-10T20:15:04.128+0000] {logging_mixin.py:188} INFO - [2024-07-10T20:15:04.127+0000] {dag.py:3096} INFO - Sync 1 DAGs
[2024-07-10T20:15:04.150+0000] {logging_mixin.py:188} INFO - [2024-07-10T20:15:04.149+0000] {dag.py:3954} INFO - Setting next_dagrun for passing_data_with_xcom to None, run_after=None
[2024-07-10T20:15:04.170+0000] {processor.py:183} INFO - Processing /opt/airflow/dags/passing_data_with_xcom.py took 0.094 seconds
[2024-07-10T20:15:06.383+0000] {processor.py:161} INFO - Started process (PID=732) to work on /opt/airflow/dags/passing_data_with_xcom.py
[2024-07-10T20:15:06.384+0000] {processor.py:830} INFO - Processing file /opt/airflow/dags/passing_data_with_xcom.py for tasks to queue
[2024-07-10T20:15:06.386+0000] {logging_mixin.py:188} INFO - [2024-07-10T20:15:06.386+0000] {dagbag.py:540} INFO - Filling up the DagBag from /opt/airflow/dags/passing_data_with_xcom.py
[2024-07-10T20:15:06.404+0000] {processor.py:840} INFO - DAG(s) 'passing_data_with_xcom' retrieved from /opt/airflow/dags/passing_data_with_xcom.py
[2024-07-10T20:15:06.424+0000] {logging_mixin.py:188} INFO - [2024-07-10T20:15:06.424+0000] {dag.py:3096} INFO - Sync 1 DAGs
[2024-07-10T20:15:06.449+0000] {logging_mixin.py:188} INFO - [2024-07-10T20:15:06.448+0000] {dag.py:3954} INFO - Setting next_dagrun for passing_data_with_xcom to None, run_after=None
[2024-07-10T20:15:06.471+0000] {processor.py:183} INFO - Processing /opt/airflow/dags/passing_data_with_xcom.py took 0.094 seconds
[2024-07-10T20:15:08.680+0000] {processor.py:161} INFO - Started process (PID=763) to work on /opt/airflow/dags/passing_data_with_xcom.py
[2024-07-10T20:15:08.682+0000] {processor.py:830} INFO - Processing file /opt/airflow/dags/passing_data_with_xcom.py for tasks to queue
[2024-07-10T20:15:08.684+0000] {logging_mixin.py:188} INFO - [2024-07-10T20:15:08.684+0000] {dagbag.py:540} INFO - Filling up the DagBag from /opt/airflow/dags/passing_data_with_xcom.py
[2024-07-10T20:15:08.710+0000] {processor.py:840} INFO - DAG(s) 'passing_data_with_xcom' retrieved from /opt/airflow/dags/passing_data_with_xcom.py
[2024-07-10T20:15:08.735+0000] {logging_mixin.py:188} INFO - [2024-07-10T20:15:08.734+0000] {dag.py:3096} INFO - Sync 1 DAGs
[2024-07-10T20:15:08.759+0000] {logging_mixin.py:188} INFO - [2024-07-10T20:15:08.758+0000] {dag.py:3954} INFO - Setting next_dagrun for passing_data_with_xcom to None, run_after=None
[2024-07-10T20:15:08.790+0000] {processor.py:183} INFO - Processing /opt/airflow/dags/passing_data_with_xcom.py took 0.119 seconds
[2024-07-10T20:15:10.667+0000] {processor.py:161} INFO - Started process (PID=794) to work on /opt/airflow/dags/passing_data_with_xcom.py
[2024-07-10T20:15:10.668+0000] {processor.py:830} INFO - Processing file /opt/airflow/dags/passing_data_with_xcom.py for tasks to queue
[2024-07-10T20:15:10.671+0000] {logging_mixin.py:188} INFO - [2024-07-10T20:15:10.670+0000] {dagbag.py:540} INFO - Filling up the DagBag from /opt/airflow/dags/passing_data_with_xcom.py
[2024-07-10T20:15:10.696+0000] {processor.py:840} INFO - DAG(s) 'passing_data_with_xcom' retrieved from /opt/airflow/dags/passing_data_with_xcom.py
[2024-07-10T20:15:10.752+0000] {logging_mixin.py:188} INFO - [2024-07-10T20:15:10.752+0000] {dag.py:3096} INFO - Sync 1 DAGs
[2024-07-10T20:15:10.774+0000] {logging_mixin.py:188} INFO - [2024-07-10T20:15:10.774+0000] {dag.py:3954} INFO - Setting next_dagrun for passing_data_with_xcom to None, run_after=None
[2024-07-10T20:15:10.796+0000] {processor.py:183} INFO - Processing /opt/airflow/dags/passing_data_with_xcom.py took 0.137 seconds
[2024-07-10T20:15:13.044+0000] {processor.py:161} INFO - Started process (PID=825) to work on /opt/airflow/dags/passing_data_with_xcom.py
[2024-07-10T20:15:13.045+0000] {processor.py:830} INFO - Processing file /opt/airflow/dags/passing_data_with_xcom.py for tasks to queue
[2024-07-10T20:15:13.047+0000] {logging_mixin.py:188} INFO - [2024-07-10T20:15:13.047+0000] {dagbag.py:540} INFO - Filling up the DagBag from /opt/airflow/dags/passing_data_with_xcom.py
[2024-07-10T20:15:13.063+0000] {processor.py:840} INFO - DAG(s) 'passing_data_with_xcom' retrieved from /opt/airflow/dags/passing_data_with_xcom.py
[2024-07-10T20:15:13.085+0000] {logging_mixin.py:188} INFO - [2024-07-10T20:15:13.085+0000] {dag.py:3096} INFO - Sync 1 DAGs
[2024-07-10T20:15:13.105+0000] {logging_mixin.py:188} INFO - [2024-07-10T20:15:13.104+0000] {dag.py:3954} INFO - Setting next_dagrun for passing_data_with_xcom to None, run_after=None
[2024-07-10T20:15:13.125+0000] {processor.py:183} INFO - Processing /opt/airflow/dags/passing_data_with_xcom.py took 0.087 seconds
[2024-07-10T20:15:15.049+0000] {processor.py:161} INFO - Started process (PID=856) to work on /opt/airflow/dags/passing_data_with_xcom.py
[2024-07-10T20:15:15.050+0000] {processor.py:830} INFO - Processing file /opt/airflow/dags/passing_data_with_xcom.py for tasks to queue
[2024-07-10T20:15:15.052+0000] {logging_mixin.py:188} INFO - [2024-07-10T20:15:15.052+0000] {dagbag.py:540} INFO - Filling up the DagBag from /opt/airflow/dags/passing_data_with_xcom.py
[2024-07-10T20:15:15.070+0000] {processor.py:840} INFO - DAG(s) 'passing_data_with_xcom' retrieved from /opt/airflow/dags/passing_data_with_xcom.py
[2024-07-10T20:15:15.090+0000] {logging_mixin.py:188} INFO - [2024-07-10T20:15:15.090+0000] {dag.py:3096} INFO - Sync 1 DAGs
[2024-07-10T20:15:15.115+0000] {logging_mixin.py:188} INFO - [2024-07-10T20:15:15.114+0000] {dag.py:3954} INFO - Setting next_dagrun for passing_data_with_xcom to None, run_after=None
[2024-07-10T20:15:15.137+0000] {processor.py:183} INFO - Processing /opt/airflow/dags/passing_data_with_xcom.py took 0.095 seconds
[2024-07-10T20:15:17.247+0000] {processor.py:161} INFO - Started process (PID=887) to work on /opt/airflow/dags/passing_data_with_xcom.py
[2024-07-10T20:15:17.248+0000] {processor.py:830} INFO - Processing file /opt/airflow/dags/passing_data_with_xcom.py for tasks to queue
[2024-07-10T20:15:17.250+0000] {logging_mixin.py:188} INFO - [2024-07-10T20:15:17.250+0000] {dagbag.py:540} INFO - Filling up the DagBag from /opt/airflow/dags/passing_data_with_xcom.py
[2024-07-10T20:15:17.268+0000] {processor.py:840} INFO - DAG(s) 'passing_data_with_xcom' retrieved from /opt/airflow/dags/passing_data_with_xcom.py
[2024-07-10T20:15:17.288+0000] {logging_mixin.py:188} INFO - [2024-07-10T20:15:17.288+0000] {dag.py:3096} INFO - Sync 1 DAGs
[2024-07-10T20:15:17.306+0000] {logging_mixin.py:188} INFO - [2024-07-10T20:15:17.306+0000] {dag.py:3954} INFO - Setting next_dagrun for passing_data_with_xcom to None, run_after=None
[2024-07-10T20:15:17.324+0000] {processor.py:183} INFO - Processing /opt/airflow/dags/passing_data_with_xcom.py took 0.083 seconds
[2024-07-10T20:15:19.565+0000] {processor.py:161} INFO - Started process (PID=918) to work on /opt/airflow/dags/passing_data_with_xcom.py
[2024-07-10T20:15:19.567+0000] {processor.py:830} INFO - Processing file /opt/airflow/dags/passing_data_with_xcom.py for tasks to queue
[2024-07-10T20:15:19.569+0000] {logging_mixin.py:188} INFO - [2024-07-10T20:15:19.569+0000] {dagbag.py:540} INFO - Filling up the DagBag from /opt/airflow/dags/passing_data_with_xcom.py
[2024-07-10T20:15:19.587+0000] {processor.py:840} INFO - DAG(s) 'passing_data_with_xcom' retrieved from /opt/airflow/dags/passing_data_with_xcom.py
[2024-07-10T20:15:19.605+0000] {logging_mixin.py:188} INFO - [2024-07-10T20:15:19.605+0000] {dag.py:3096} INFO - Sync 1 DAGs
[2024-07-10T20:15:19.624+0000] {logging_mixin.py:188} INFO - [2024-07-10T20:15:19.624+0000] {dag.py:3954} INFO - Setting next_dagrun for passing_data_with_xcom to None, run_after=None
[2024-07-10T20:15:19.646+0000] {processor.py:183} INFO - Processing /opt/airflow/dags/passing_data_with_xcom.py took 0.088 seconds
[2024-07-10T20:15:21.830+0000] {processor.py:161} INFO - Started process (PID=949) to work on /opt/airflow/dags/passing_data_with_xcom.py
[2024-07-10T20:15:21.831+0000] {processor.py:830} INFO - Processing file /opt/airflow/dags/passing_data_with_xcom.py for tasks to queue
[2024-07-10T20:15:21.833+0000] {logging_mixin.py:188} INFO - [2024-07-10T20:15:21.833+0000] {dagbag.py:540} INFO - Filling up the DagBag from /opt/airflow/dags/passing_data_with_xcom.py
[2024-07-10T20:15:21.849+0000] {processor.py:840} INFO - DAG(s) 'passing_data_with_xcom' retrieved from /opt/airflow/dags/passing_data_with_xcom.py
[2024-07-10T20:15:21.867+0000] {logging_mixin.py:188} INFO - [2024-07-10T20:15:21.866+0000] {dag.py:3096} INFO - Sync 1 DAGs
[2024-07-10T20:15:21.883+0000] {logging_mixin.py:188} INFO - [2024-07-10T20:15:21.883+0000] {dag.py:3954} INFO - Setting next_dagrun for passing_data_with_xcom to None, run_after=None
[2024-07-10T20:15:21.903+0000] {processor.py:183} INFO - Processing /opt/airflow/dags/passing_data_with_xcom.py took 0.078 seconds
[2024-07-10T20:15:23.974+0000] {processor.py:161} INFO - Started process (PID=980) to work on /opt/airflow/dags/passing_data_with_xcom.py
[2024-07-10T20:15:23.975+0000] {processor.py:830} INFO - Processing file /opt/airflow/dags/passing_data_with_xcom.py for tasks to queue
[2024-07-10T20:15:23.977+0000] {logging_mixin.py:188} INFO - [2024-07-10T20:15:23.977+0000] {dagbag.py:540} INFO - Filling up the DagBag from /opt/airflow/dags/passing_data_with_xcom.py
[2024-07-10T20:15:23.994+0000] {processor.py:840} INFO - DAG(s) 'passing_data_with_xcom' retrieved from /opt/airflow/dags/passing_data_with_xcom.py
[2024-07-10T20:15:24.013+0000] {logging_mixin.py:188} INFO - [2024-07-10T20:15:24.012+0000] {dag.py:3096} INFO - Sync 1 DAGs
[2024-07-10T20:15:24.035+0000] {logging_mixin.py:188} INFO - [2024-07-10T20:15:24.035+0000] {dag.py:3954} INFO - Setting next_dagrun for passing_data_with_xcom to None, run_after=None
[2024-07-10T20:15:24.054+0000] {processor.py:183} INFO - Processing /opt/airflow/dags/passing_data_with_xcom.py took 0.086 seconds
[2024-07-10T20:15:26.214+0000] {processor.py:161} INFO - Started process (PID=1011) to work on /opt/airflow/dags/passing_data_with_xcom.py
[2024-07-10T20:15:26.216+0000] {processor.py:830} INFO - Processing file /opt/airflow/dags/passing_data_with_xcom.py for tasks to queue
[2024-07-10T20:15:26.220+0000] {logging_mixin.py:188} INFO - [2024-07-10T20:15:26.219+0000] {dagbag.py:540} INFO - Filling up the DagBag from /opt/airflow/dags/passing_data_with_xcom.py
[2024-07-10T20:15:26.241+0000] {processor.py:840} INFO - DAG(s) 'passing_data_with_xcom' retrieved from /opt/airflow/dags/passing_data_with_xcom.py
[2024-07-10T20:15:26.265+0000] {logging_mixin.py:188} INFO - [2024-07-10T20:15:26.265+0000] {dag.py:3096} INFO - Sync 1 DAGs
[2024-07-10T20:15:26.287+0000] {logging_mixin.py:188} INFO - [2024-07-10T20:15:26.286+0000] {dag.py:3954} INFO - Setting next_dagrun for passing_data_with_xcom to None, run_after=None
[2024-07-10T20:15:26.312+0000] {processor.py:183} INFO - Processing /opt/airflow/dags/passing_data_with_xcom.py took 0.108 seconds
[2024-07-10T20:15:28.127+0000] {processor.py:161} INFO - Started process (PID=1042) to work on /opt/airflow/dags/passing_data_with_xcom.py
[2024-07-10T20:15:28.129+0000] {processor.py:830} INFO - Processing file /opt/airflow/dags/passing_data_with_xcom.py for tasks to queue
[2024-07-10T20:15:28.130+0000] {logging_mixin.py:188} INFO - [2024-07-10T20:15:28.130+0000] {dagbag.py:540} INFO - Filling up the DagBag from /opt/airflow/dags/passing_data_with_xcom.py
[2024-07-10T20:15:28.146+0000] {processor.py:840} INFO - DAG(s) 'passing_data_with_xcom' retrieved from /opt/airflow/dags/passing_data_with_xcom.py
[2024-07-10T20:15:28.164+0000] {logging_mixin.py:188} INFO - [2024-07-10T20:15:28.164+0000] {dag.py:3096} INFO - Sync 1 DAGs
[2024-07-10T20:15:28.186+0000] {logging_mixin.py:188} INFO - [2024-07-10T20:15:28.186+0000] {dag.py:3954} INFO - Setting next_dagrun for passing_data_with_xcom to None, run_after=None
[2024-07-10T20:15:28.205+0000] {processor.py:183} INFO - Processing /opt/airflow/dags/passing_data_with_xcom.py took 0.084 seconds
[2024-07-10T20:15:30.504+0000] {processor.py:161} INFO - Started process (PID=1073) to work on /opt/airflow/dags/passing_data_with_xcom.py
[2024-07-10T20:15:30.506+0000] {processor.py:830} INFO - Processing file /opt/airflow/dags/passing_data_with_xcom.py for tasks to queue
[2024-07-10T20:15:30.508+0000] {logging_mixin.py:188} INFO - [2024-07-10T20:15:30.508+0000] {dagbag.py:540} INFO - Filling up the DagBag from /opt/airflow/dags/passing_data_with_xcom.py
[2024-07-10T20:15:30.532+0000] {processor.py:840} INFO - DAG(s) 'passing_data_with_xcom' retrieved from /opt/airflow/dags/passing_data_with_xcom.py
[2024-07-10T20:15:30.554+0000] {logging_mixin.py:188} INFO - [2024-07-10T20:15:30.554+0000] {dag.py:3096} INFO - Sync 1 DAGs
[2024-07-10T20:15:30.573+0000] {logging_mixin.py:188} INFO - [2024-07-10T20:15:30.573+0000] {dag.py:3954} INFO - Setting next_dagrun for passing_data_with_xcom to None, run_after=None
[2024-07-10T20:15:30.607+0000] {processor.py:183} INFO - Processing /opt/airflow/dags/passing_data_with_xcom.py took 0.113 seconds
[2024-07-10T20:15:32.819+0000] {processor.py:161} INFO - Started process (PID=1104) to work on /opt/airflow/dags/passing_data_with_xcom.py
[2024-07-10T20:15:32.820+0000] {processor.py:830} INFO - Processing file /opt/airflow/dags/passing_data_with_xcom.py for tasks to queue
[2024-07-10T20:15:32.821+0000] {logging_mixin.py:188} INFO - [2024-07-10T20:15:32.821+0000] {dagbag.py:540} INFO - Filling up the DagBag from /opt/airflow/dags/passing_data_with_xcom.py
[2024-07-10T20:15:32.838+0000] {processor.py:840} INFO - DAG(s) 'passing_data_with_xcom' retrieved from /opt/airflow/dags/passing_data_with_xcom.py
[2024-07-10T20:15:32.860+0000] {logging_mixin.py:188} INFO - [2024-07-10T20:15:32.860+0000] {dag.py:3096} INFO - Sync 1 DAGs
[2024-07-10T20:15:32.885+0000] {logging_mixin.py:188} INFO - [2024-07-10T20:15:32.885+0000] {dag.py:3954} INFO - Setting next_dagrun for passing_data_with_xcom to None, run_after=None
[2024-07-10T20:15:32.907+0000] {processor.py:183} INFO - Processing /opt/airflow/dags/passing_data_with_xcom.py took 0.095 seconds
[2024-07-10T20:15:34.746+0000] {processor.py:161} INFO - Started process (PID=1136) to work on /opt/airflow/dags/passing_data_with_xcom.py
[2024-07-10T20:15:34.747+0000] {processor.py:830} INFO - Processing file /opt/airflow/dags/passing_data_with_xcom.py for tasks to queue
[2024-07-10T20:15:34.749+0000] {logging_mixin.py:188} INFO - [2024-07-10T20:15:34.748+0000] {dagbag.py:540} INFO - Filling up the DagBag from /opt/airflow/dags/passing_data_with_xcom.py
[2024-07-10T20:15:34.767+0000] {processor.py:840} INFO - DAG(s) 'passing_data_with_xcom' retrieved from /opt/airflow/dags/passing_data_with_xcom.py
[2024-07-10T20:15:34.788+0000] {logging_mixin.py:188} INFO - [2024-07-10T20:15:34.788+0000] {dag.py:3096} INFO - Sync 1 DAGs
[2024-07-10T20:15:34.809+0000] {logging_mixin.py:188} INFO - [2024-07-10T20:15:34.809+0000] {dag.py:3954} INFO - Setting next_dagrun for passing_data_with_xcom to None, run_after=None
[2024-07-10T20:15:34.830+0000] {processor.py:183} INFO - Processing /opt/airflow/dags/passing_data_with_xcom.py took 0.091 seconds
[2024-07-10T20:15:37.167+0000] {processor.py:161} INFO - Started process (PID=1173) to work on /opt/airflow/dags/passing_data_with_xcom.py
[2024-07-10T20:15:37.168+0000] {processor.py:830} INFO - Processing file /opt/airflow/dags/passing_data_with_xcom.py for tasks to queue
[2024-07-10T20:15:37.170+0000] {logging_mixin.py:188} INFO - [2024-07-10T20:15:37.170+0000] {dagbag.py:540} INFO - Filling up the DagBag from /opt/airflow/dags/passing_data_with_xcom.py
[2024-07-10T20:15:37.185+0000] {processor.py:840} INFO - DAG(s) 'passing_data_with_xcom' retrieved from /opt/airflow/dags/passing_data_with_xcom.py
[2024-07-10T20:15:37.202+0000] {logging_mixin.py:188} INFO - [2024-07-10T20:15:37.202+0000] {dag.py:3096} INFO - Sync 1 DAGs
[2024-07-10T20:15:37.219+0000] {logging_mixin.py:188} INFO - [2024-07-10T20:15:37.219+0000] {dag.py:3954} INFO - Setting next_dagrun for passing_data_with_xcom to None, run_after=None
[2024-07-10T20:15:37.238+0000] {processor.py:183} INFO - Processing /opt/airflow/dags/passing_data_with_xcom.py took 0.077 seconds
[2024-07-10T20:15:39.392+0000] {processor.py:161} INFO - Started process (PID=1204) to work on /opt/airflow/dags/passing_data_with_xcom.py
[2024-07-10T20:15:39.393+0000] {processor.py:830} INFO - Processing file /opt/airflow/dags/passing_data_with_xcom.py for tasks to queue
[2024-07-10T20:15:39.395+0000] {logging_mixin.py:188} INFO - [2024-07-10T20:15:39.395+0000] {dagbag.py:540} INFO - Filling up the DagBag from /opt/airflow/dags/passing_data_with_xcom.py
[2024-07-10T20:15:39.412+0000] {processor.py:840} INFO - DAG(s) 'passing_data_with_xcom' retrieved from /opt/airflow/dags/passing_data_with_xcom.py
[2024-07-10T20:15:39.432+0000] {logging_mixin.py:188} INFO - [2024-07-10T20:15:39.432+0000] {dag.py:3096} INFO - Sync 1 DAGs
[2024-07-10T20:15:39.452+0000] {logging_mixin.py:188} INFO - [2024-07-10T20:15:39.452+0000] {dag.py:3954} INFO - Setting next_dagrun for passing_data_with_xcom to None, run_after=None
[2024-07-10T20:15:39.471+0000] {processor.py:183} INFO - Processing /opt/airflow/dags/passing_data_with_xcom.py took 0.084 seconds
