[2024-07-10T20:14:53.035+0000] {processor.py:161} INFO - Started process (PID=527) to work on /opt/airflow/dags/sensor_dag.py
[2024-07-10T20:14:53.036+0000] {processor.py:830} INFO - Processing file /opt/airflow/dags/sensor_dag.py for tasks to queue
[2024-07-10T20:14:53.038+0000] {logging_mixin.py:188} INFO - [2024-07-10T20:14:53.038+0000] {dagbag.py:540} INFO - Filling up the DagBag from /opt/airflow/dags/sensor_dag.py
[2024-07-10T20:14:53.054+0000] {processor.py:840} INFO - DAG(s) 'sensor_dag' retrieved from /opt/airflow/dags/sensor_dag.py
[2024-07-10T20:14:53.071+0000] {logging_mixin.py:188} INFO - [2024-07-10T20:14:53.071+0000] {dag.py:3096} INFO - Sync 1 DAGs
[2024-07-10T20:14:53.089+0000] {logging_mixin.py:188} INFO - [2024-07-10T20:14:53.089+0000] {dag.py:3954} INFO - Setting next_dagrun for sensor_dag to None, run_after=None
[2024-07-10T20:14:53.106+0000] {processor.py:183} INFO - Processing /opt/airflow/dags/sensor_dag.py took 0.077 seconds
[2024-07-10T20:14:55.348+0000] {processor.py:161} INFO - Started process (PID=559) to work on /opt/airflow/dags/sensor_dag.py
[2024-07-10T20:14:55.349+0000] {processor.py:830} INFO - Processing file /opt/airflow/dags/sensor_dag.py for tasks to queue
[2024-07-10T20:14:55.350+0000] {logging_mixin.py:188} INFO - [2024-07-10T20:14:55.350+0000] {dagbag.py:540} INFO - Filling up the DagBag from /opt/airflow/dags/sensor_dag.py
[2024-07-10T20:14:55.367+0000] {processor.py:840} INFO - DAG(s) 'sensor_dag' retrieved from /opt/airflow/dags/sensor_dag.py
[2024-07-10T20:14:55.384+0000] {logging_mixin.py:188} INFO - [2024-07-10T20:14:55.384+0000] {dag.py:3096} INFO - Sync 1 DAGs
[2024-07-10T20:14:55.403+0000] {logging_mixin.py:188} INFO - [2024-07-10T20:14:55.403+0000] {dag.py:3954} INFO - Setting next_dagrun for sensor_dag to None, run_after=None
[2024-07-10T20:14:55.421+0000] {processor.py:183} INFO - Processing /opt/airflow/dags/sensor_dag.py took 0.079 seconds
[2024-07-10T20:14:57.344+0000] {processor.py:161} INFO - Started process (PID=591) to work on /opt/airflow/dags/sensor_dag.py
[2024-07-10T20:14:57.344+0000] {processor.py:830} INFO - Processing file /opt/airflow/dags/sensor_dag.py for tasks to queue
[2024-07-10T20:14:57.346+0000] {logging_mixin.py:188} INFO - [2024-07-10T20:14:57.346+0000] {dagbag.py:540} INFO - Filling up the DagBag from /opt/airflow/dags/sensor_dag.py
[2024-07-10T20:14:57.360+0000] {processor.py:840} INFO - DAG(s) 'sensor_dag' retrieved from /opt/airflow/dags/sensor_dag.py
[2024-07-10T20:14:57.377+0000] {logging_mixin.py:188} INFO - [2024-07-10T20:14:57.377+0000] {dag.py:3096} INFO - Sync 1 DAGs
[2024-07-10T20:14:57.395+0000] {logging_mixin.py:188} INFO - [2024-07-10T20:14:57.394+0000] {dag.py:3954} INFO - Setting next_dagrun for sensor_dag to None, run_after=None
[2024-07-10T20:14:57.412+0000] {processor.py:183} INFO - Processing /opt/airflow/dags/sensor_dag.py took 0.074 seconds
[2024-07-10T20:14:59.272+0000] {processor.py:161} INFO - Started process (PID=622) to work on /opt/airflow/dags/sensor_dag.py
[2024-07-10T20:14:59.273+0000] {processor.py:830} INFO - Processing file /opt/airflow/dags/sensor_dag.py for tasks to queue
[2024-07-10T20:14:59.275+0000] {logging_mixin.py:188} INFO - [2024-07-10T20:14:59.275+0000] {dagbag.py:540} INFO - Filling up the DagBag from /opt/airflow/dags/sensor_dag.py
[2024-07-10T20:14:59.291+0000] {processor.py:840} INFO - DAG(s) 'sensor_dag' retrieved from /opt/airflow/dags/sensor_dag.py
[2024-07-10T20:14:59.313+0000] {logging_mixin.py:188} INFO - [2024-07-10T20:14:59.313+0000] {dag.py:3096} INFO - Sync 1 DAGs
[2024-07-10T20:14:59.343+0000] {logging_mixin.py:188} INFO - [2024-07-10T20:14:59.342+0000] {dag.py:3954} INFO - Setting next_dagrun for sensor_dag to None, run_after=None
[2024-07-10T20:14:59.366+0000] {processor.py:183} INFO - Processing /opt/airflow/dags/sensor_dag.py took 0.101 seconds
[2024-07-10T20:15:01.354+0000] {processor.py:161} INFO - Started process (PID=653) to work on /opt/airflow/dags/sensor_dag.py
[2024-07-10T20:15:01.355+0000] {processor.py:830} INFO - Processing file /opt/airflow/dags/sensor_dag.py for tasks to queue
[2024-07-10T20:15:01.357+0000] {logging_mixin.py:188} INFO - [2024-07-10T20:15:01.357+0000] {dagbag.py:540} INFO - Filling up the DagBag from /opt/airflow/dags/sensor_dag.py
[2024-07-10T20:15:01.374+0000] {processor.py:840} INFO - DAG(s) 'sensor_dag' retrieved from /opt/airflow/dags/sensor_dag.py
[2024-07-10T20:15:01.395+0000] {logging_mixin.py:188} INFO - [2024-07-10T20:15:01.395+0000] {dag.py:3096} INFO - Sync 1 DAGs
[2024-07-10T20:15:01.420+0000] {logging_mixin.py:188} INFO - [2024-07-10T20:15:01.420+0000] {dag.py:3954} INFO - Setting next_dagrun for sensor_dag to None, run_after=None
[2024-07-10T20:15:01.440+0000] {processor.py:183} INFO - Processing /opt/airflow/dags/sensor_dag.py took 0.091 seconds
[2024-07-10T20:15:03.370+0000] {processor.py:161} INFO - Started process (PID=684) to work on /opt/airflow/dags/sensor_dag.py
[2024-07-10T20:15:03.371+0000] {processor.py:830} INFO - Processing file /opt/airflow/dags/sensor_dag.py for tasks to queue
[2024-07-10T20:15:03.373+0000] {logging_mixin.py:188} INFO - [2024-07-10T20:15:03.373+0000] {dagbag.py:540} INFO - Filling up the DagBag from /opt/airflow/dags/sensor_dag.py
[2024-07-10T20:15:03.391+0000] {processor.py:840} INFO - DAG(s) 'sensor_dag' retrieved from /opt/airflow/dags/sensor_dag.py
[2024-07-10T20:15:03.411+0000] {logging_mixin.py:188} INFO - [2024-07-10T20:15:03.411+0000] {dag.py:3096} INFO - Sync 1 DAGs
[2024-07-10T20:15:03.433+0000] {logging_mixin.py:188} INFO - [2024-07-10T20:15:03.432+0000] {dag.py:3954} INFO - Setting next_dagrun for sensor_dag to None, run_after=None
[2024-07-10T20:15:03.455+0000] {processor.py:183} INFO - Processing /opt/airflow/dags/sensor_dag.py took 0.092 seconds
[2024-07-10T20:15:05.648+0000] {processor.py:161} INFO - Started process (PID=715) to work on /opt/airflow/dags/sensor_dag.py
[2024-07-10T20:15:05.649+0000] {processor.py:830} INFO - Processing file /opt/airflow/dags/sensor_dag.py for tasks to queue
[2024-07-10T20:15:05.652+0000] {logging_mixin.py:188} INFO - [2024-07-10T20:15:05.651+0000] {dagbag.py:540} INFO - Filling up the DagBag from /opt/airflow/dags/sensor_dag.py
[2024-07-10T20:15:05.675+0000] {processor.py:840} INFO - DAG(s) 'sensor_dag' retrieved from /opt/airflow/dags/sensor_dag.py
[2024-07-10T20:15:05.702+0000] {logging_mixin.py:188} INFO - [2024-07-10T20:15:05.702+0000] {dag.py:3096} INFO - Sync 1 DAGs
[2024-07-10T20:15:05.733+0000] {logging_mixin.py:188} INFO - [2024-07-10T20:15:05.733+0000] {dag.py:3954} INFO - Setting next_dagrun for sensor_dag to None, run_after=None
[2024-07-10T20:15:05.763+0000] {processor.py:183} INFO - Processing /opt/airflow/dags/sensor_dag.py took 0.123 seconds
[2024-07-10T20:15:07.939+0000] {processor.py:161} INFO - Started process (PID=752) to work on /opt/airflow/dags/sensor_dag.py
[2024-07-10T20:15:07.941+0000] {processor.py:830} INFO - Processing file /opt/airflow/dags/sensor_dag.py for tasks to queue
[2024-07-10T20:15:07.944+0000] {logging_mixin.py:188} INFO - [2024-07-10T20:15:07.943+0000] {dagbag.py:540} INFO - Filling up the DagBag from /opt/airflow/dags/sensor_dag.py
[2024-07-10T20:15:07.963+0000] {processor.py:840} INFO - DAG(s) 'sensor_dag' retrieved from /opt/airflow/dags/sensor_dag.py
[2024-07-10T20:15:07.983+0000] {logging_mixin.py:188} INFO - [2024-07-10T20:15:07.982+0000] {dag.py:3096} INFO - Sync 1 DAGs
[2024-07-10T20:15:08.003+0000] {logging_mixin.py:188} INFO - [2024-07-10T20:15:08.003+0000] {dag.py:3954} INFO - Setting next_dagrun for sensor_dag to None, run_after=None
[2024-07-10T20:15:08.022+0000] {processor.py:183} INFO - Processing /opt/airflow/dags/sensor_dag.py took 0.091 seconds
[2024-07-10T20:15:09.991+0000] {processor.py:161} INFO - Started process (PID=783) to work on /opt/airflow/dags/sensor_dag.py
[2024-07-10T20:15:09.992+0000] {processor.py:830} INFO - Processing file /opt/airflow/dags/sensor_dag.py for tasks to queue
[2024-07-10T20:15:09.994+0000] {logging_mixin.py:188} INFO - [2024-07-10T20:15:09.994+0000] {dagbag.py:540} INFO - Filling up the DagBag from /opt/airflow/dags/sensor_dag.py
[2024-07-10T20:15:10.011+0000] {processor.py:840} INFO - DAG(s) 'sensor_dag' retrieved from /opt/airflow/dags/sensor_dag.py
[2024-07-10T20:15:10.031+0000] {logging_mixin.py:188} INFO - [2024-07-10T20:15:10.031+0000] {dag.py:3096} INFO - Sync 1 DAGs
[2024-07-10T20:15:10.054+0000] {logging_mixin.py:188} INFO - [2024-07-10T20:15:10.053+0000] {dag.py:3954} INFO - Setting next_dagrun for sensor_dag to None, run_after=None
[2024-07-10T20:15:10.079+0000] {processor.py:183} INFO - Processing /opt/airflow/dags/sensor_dag.py took 0.095 seconds
[2024-07-10T20:15:12.336+0000] {processor.py:161} INFO - Started process (PID=814) to work on /opt/airflow/dags/sensor_dag.py
[2024-07-10T20:15:12.337+0000] {processor.py:830} INFO - Processing file /opt/airflow/dags/sensor_dag.py for tasks to queue
[2024-07-10T20:15:12.339+0000] {logging_mixin.py:188} INFO - [2024-07-10T20:15:12.338+0000] {dagbag.py:540} INFO - Filling up the DagBag from /opt/airflow/dags/sensor_dag.py
[2024-07-10T20:15:12.357+0000] {processor.py:840} INFO - DAG(s) 'sensor_dag' retrieved from /opt/airflow/dags/sensor_dag.py
[2024-07-10T20:15:12.379+0000] {logging_mixin.py:188} INFO - [2024-07-10T20:15:12.379+0000] {dag.py:3096} INFO - Sync 1 DAGs
[2024-07-10T20:15:12.404+0000] {logging_mixin.py:188} INFO - [2024-07-10T20:15:12.403+0000] {dag.py:3954} INFO - Setting next_dagrun for sensor_dag to None, run_after=None
[2024-07-10T20:15:12.429+0000] {processor.py:183} INFO - Processing /opt/airflow/dags/sensor_dag.py took 0.105 seconds
[2024-07-10T20:15:14.370+0000] {processor.py:161} INFO - Started process (PID=845) to work on /opt/airflow/dags/sensor_dag.py
[2024-07-10T20:15:14.371+0000] {processor.py:830} INFO - Processing file /opt/airflow/dags/sensor_dag.py for tasks to queue
[2024-07-10T20:15:14.373+0000] {logging_mixin.py:188} INFO - [2024-07-10T20:15:14.372+0000] {dagbag.py:540} INFO - Filling up the DagBag from /opt/airflow/dags/sensor_dag.py
[2024-07-10T20:15:14.393+0000] {processor.py:840} INFO - DAG(s) 'sensor_dag' retrieved from /opt/airflow/dags/sensor_dag.py
[2024-07-10T20:15:14.415+0000] {logging_mixin.py:188} INFO - [2024-07-10T20:15:14.414+0000] {dag.py:3096} INFO - Sync 1 DAGs
[2024-07-10T20:15:14.435+0000] {logging_mixin.py:188} INFO - [2024-07-10T20:15:14.434+0000] {dag.py:3954} INFO - Setting next_dagrun for sensor_dag to None, run_after=None
[2024-07-10T20:15:14.450+0000] {processor.py:183} INFO - Processing /opt/airflow/dags/sensor_dag.py took 0.086 seconds
[2024-07-10T20:15:16.578+0000] {processor.py:161} INFO - Started process (PID=876) to work on /opt/airflow/dags/sensor_dag.py
[2024-07-10T20:15:16.579+0000] {processor.py:830} INFO - Processing file /opt/airflow/dags/sensor_dag.py for tasks to queue
[2024-07-10T20:15:16.581+0000] {logging_mixin.py:188} INFO - [2024-07-10T20:15:16.580+0000] {dagbag.py:540} INFO - Filling up the DagBag from /opt/airflow/dags/sensor_dag.py
[2024-07-10T20:15:16.598+0000] {processor.py:840} INFO - DAG(s) 'sensor_dag' retrieved from /opt/airflow/dags/sensor_dag.py
[2024-07-10T20:15:16.616+0000] {logging_mixin.py:188} INFO - [2024-07-10T20:15:16.616+0000] {dag.py:3096} INFO - Sync 1 DAGs
[2024-07-10T20:15:16.637+0000] {logging_mixin.py:188} INFO - [2024-07-10T20:15:16.637+0000] {dag.py:3954} INFO - Setting next_dagrun for sensor_dag to None, run_after=None
[2024-07-10T20:15:16.659+0000] {processor.py:183} INFO - Processing /opt/airflow/dags/sensor_dag.py took 0.087 seconds
[2024-07-10T20:15:18.917+0000] {processor.py:161} INFO - Started process (PID=907) to work on /opt/airflow/dags/sensor_dag.py
[2024-07-10T20:15:18.918+0000] {processor.py:830} INFO - Processing file /opt/airflow/dags/sensor_dag.py for tasks to queue
[2024-07-10T20:15:18.920+0000] {logging_mixin.py:188} INFO - [2024-07-10T20:15:18.919+0000] {dagbag.py:540} INFO - Filling up the DagBag from /opt/airflow/dags/sensor_dag.py
[2024-07-10T20:15:18.936+0000] {processor.py:840} INFO - DAG(s) 'sensor_dag' retrieved from /opt/airflow/dags/sensor_dag.py
[2024-07-10T20:15:18.956+0000] {logging_mixin.py:188} INFO - [2024-07-10T20:15:18.955+0000] {dag.py:3096} INFO - Sync 1 DAGs
[2024-07-10T20:15:18.978+0000] {logging_mixin.py:188} INFO - [2024-07-10T20:15:18.978+0000] {dag.py:3954} INFO - Setting next_dagrun for sensor_dag to None, run_after=None
[2024-07-10T20:15:18.998+0000] {processor.py:183} INFO - Processing /opt/airflow/dags/sensor_dag.py took 0.088 seconds
[2024-07-10T20:15:21.063+0000] {processor.py:161} INFO - Started process (PID=938) to work on /opt/airflow/dags/sensor_dag.py
[2024-07-10T20:15:21.064+0000] {processor.py:830} INFO - Processing file /opt/airflow/dags/sensor_dag.py for tasks to queue
[2024-07-10T20:15:21.065+0000] {logging_mixin.py:188} INFO - [2024-07-10T20:15:21.065+0000] {dagbag.py:540} INFO - Filling up the DagBag from /opt/airflow/dags/sensor_dag.py
[2024-07-10T20:15:21.080+0000] {processor.py:840} INFO - DAG(s) 'sensor_dag' retrieved from /opt/airflow/dags/sensor_dag.py
[2024-07-10T20:15:21.097+0000] {logging_mixin.py:188} INFO - [2024-07-10T20:15:21.097+0000] {dag.py:3096} INFO - Sync 1 DAGs
[2024-07-10T20:15:21.115+0000] {logging_mixin.py:188} INFO - [2024-07-10T20:15:21.114+0000] {dag.py:3954} INFO - Setting next_dagrun for sensor_dag to None, run_after=None
[2024-07-10T20:15:21.132+0000] {processor.py:183} INFO - Processing /opt/airflow/dags/sensor_dag.py took 0.074 seconds
[2024-07-10T20:15:23.348+0000] {processor.py:161} INFO - Started process (PID=969) to work on /opt/airflow/dags/sensor_dag.py
[2024-07-10T20:15:23.349+0000] {processor.py:830} INFO - Processing file /opt/airflow/dags/sensor_dag.py for tasks to queue
[2024-07-10T20:15:23.351+0000] {logging_mixin.py:188} INFO - [2024-07-10T20:15:23.350+0000] {dagbag.py:540} INFO - Filling up the DagBag from /opt/airflow/dags/sensor_dag.py
[2024-07-10T20:15:23.367+0000] {processor.py:840} INFO - DAG(s) 'sensor_dag' retrieved from /opt/airflow/dags/sensor_dag.py
[2024-07-10T20:15:23.385+0000] {logging_mixin.py:188} INFO - [2024-07-10T20:15:23.384+0000] {dag.py:3096} INFO - Sync 1 DAGs
[2024-07-10T20:15:23.404+0000] {logging_mixin.py:188} INFO - [2024-07-10T20:15:23.404+0000] {dag.py:3954} INFO - Setting next_dagrun for sensor_dag to None, run_after=None
[2024-07-10T20:15:23.420+0000] {processor.py:183} INFO - Processing /opt/airflow/dags/sensor_dag.py took 0.079 seconds
[2024-07-10T20:15:25.405+0000] {processor.py:161} INFO - Started process (PID=1000) to work on /opt/airflow/dags/sensor_dag.py
[2024-07-10T20:15:25.406+0000] {processor.py:830} INFO - Processing file /opt/airflow/dags/sensor_dag.py for tasks to queue
[2024-07-10T20:15:25.407+0000] {logging_mixin.py:188} INFO - [2024-07-10T20:15:25.407+0000] {dagbag.py:540} INFO - Filling up the DagBag from /opt/airflow/dags/sensor_dag.py
[2024-07-10T20:15:25.423+0000] {processor.py:840} INFO - DAG(s) 'sensor_dag' retrieved from /opt/airflow/dags/sensor_dag.py
[2024-07-10T20:15:25.440+0000] {logging_mixin.py:188} INFO - [2024-07-10T20:15:25.439+0000] {dag.py:3096} INFO - Sync 1 DAGs
[2024-07-10T20:15:25.458+0000] {logging_mixin.py:188} INFO - [2024-07-10T20:15:25.458+0000] {dag.py:3954} INFO - Setting next_dagrun for sensor_dag to None, run_after=None
[2024-07-10T20:15:25.478+0000] {processor.py:183} INFO - Processing /opt/airflow/dags/sensor_dag.py took 0.078 seconds
[2024-07-10T20:15:27.496+0000] {processor.py:161} INFO - Started process (PID=1031) to work on /opt/airflow/dags/sensor_dag.py
[2024-07-10T20:15:27.497+0000] {processor.py:830} INFO - Processing file /opt/airflow/dags/sensor_dag.py for tasks to queue
[2024-07-10T20:15:27.499+0000] {logging_mixin.py:188} INFO - [2024-07-10T20:15:27.499+0000] {dagbag.py:540} INFO - Filling up the DagBag from /opt/airflow/dags/sensor_dag.py
[2024-07-10T20:15:27.518+0000] {processor.py:840} INFO - DAG(s) 'sensor_dag' retrieved from /opt/airflow/dags/sensor_dag.py
[2024-07-10T20:15:27.539+0000] {logging_mixin.py:188} INFO - [2024-07-10T20:15:27.538+0000] {dag.py:3096} INFO - Sync 1 DAGs
[2024-07-10T20:15:27.560+0000] {logging_mixin.py:188} INFO - [2024-07-10T20:15:27.559+0000] {dag.py:3954} INFO - Setting next_dagrun for sensor_dag to None, run_after=None
[2024-07-10T20:15:27.579+0000] {processor.py:183} INFO - Processing /opt/airflow/dags/sensor_dag.py took 0.089 seconds
[2024-07-10T20:15:29.784+0000] {processor.py:161} INFO - Started process (PID=1062) to work on /opt/airflow/dags/sensor_dag.py
[2024-07-10T20:15:29.785+0000] {processor.py:830} INFO - Processing file /opt/airflow/dags/sensor_dag.py for tasks to queue
[2024-07-10T20:15:29.787+0000] {logging_mixin.py:188} INFO - [2024-07-10T20:15:29.787+0000] {dagbag.py:540} INFO - Filling up the DagBag from /opt/airflow/dags/sensor_dag.py
[2024-07-10T20:15:29.803+0000] {processor.py:840} INFO - DAG(s) 'sensor_dag' retrieved from /opt/airflow/dags/sensor_dag.py
[2024-07-10T20:15:29.823+0000] {logging_mixin.py:188} INFO - [2024-07-10T20:15:29.823+0000] {dag.py:3096} INFO - Sync 1 DAGs
[2024-07-10T20:15:29.842+0000] {logging_mixin.py:188} INFO - [2024-07-10T20:15:29.842+0000] {dag.py:3954} INFO - Setting next_dagrun for sensor_dag to None, run_after=None
[2024-07-10T20:15:29.862+0000] {processor.py:183} INFO - Processing /opt/airflow/dags/sensor_dag.py took 0.085 seconds
[2024-07-10T20:15:32.105+0000] {processor.py:161} INFO - Started process (PID=1093) to work on /opt/airflow/dags/sensor_dag.py
[2024-07-10T20:15:32.106+0000] {processor.py:830} INFO - Processing file /opt/airflow/dags/sensor_dag.py for tasks to queue
[2024-07-10T20:15:32.109+0000] {logging_mixin.py:188} INFO - [2024-07-10T20:15:32.108+0000] {dagbag.py:540} INFO - Filling up the DagBag from /opt/airflow/dags/sensor_dag.py
[2024-07-10T20:15:32.127+0000] {processor.py:840} INFO - DAG(s) 'sensor_dag' retrieved from /opt/airflow/dags/sensor_dag.py
[2024-07-10T20:15:32.147+0000] {logging_mixin.py:188} INFO - [2024-07-10T20:15:32.146+0000] {dag.py:3096} INFO - Sync 1 DAGs
[2024-07-10T20:15:32.167+0000] {logging_mixin.py:188} INFO - [2024-07-10T20:15:32.167+0000] {dag.py:3954} INFO - Setting next_dagrun for sensor_dag to None, run_after=None
[2024-07-10T20:15:32.187+0000] {processor.py:183} INFO - Processing /opt/airflow/dags/sensor_dag.py took 0.090 seconds
[2024-07-10T20:15:34.127+0000] {processor.py:161} INFO - Started process (PID=1125) to work on /opt/airflow/dags/sensor_dag.py
[2024-07-10T20:15:34.128+0000] {processor.py:830} INFO - Processing file /opt/airflow/dags/sensor_dag.py for tasks to queue
[2024-07-10T20:15:34.130+0000] {logging_mixin.py:188} INFO - [2024-07-10T20:15:34.129+0000] {dagbag.py:540} INFO - Filling up the DagBag from /opt/airflow/dags/sensor_dag.py
[2024-07-10T20:15:34.148+0000] {processor.py:840} INFO - DAG(s) 'sensor_dag' retrieved from /opt/airflow/dags/sensor_dag.py
[2024-07-10T20:15:34.168+0000] {logging_mixin.py:188} INFO - [2024-07-10T20:15:34.168+0000] {dag.py:3096} INFO - Sync 1 DAGs
[2024-07-10T20:15:34.188+0000] {logging_mixin.py:188} INFO - [2024-07-10T20:15:34.188+0000] {dag.py:3954} INFO - Setting next_dagrun for sensor_dag to None, run_after=None
[2024-07-10T20:15:34.208+0000] {processor.py:183} INFO - Processing /opt/airflow/dags/sensor_dag.py took 0.087 seconds
[2024-07-10T20:15:36.397+0000] {processor.py:161} INFO - Started process (PID=1162) to work on /opt/airflow/dags/sensor_dag.py
[2024-07-10T20:15:36.399+0000] {processor.py:830} INFO - Processing file /opt/airflow/dags/sensor_dag.py for tasks to queue
[2024-07-10T20:15:36.400+0000] {logging_mixin.py:188} INFO - [2024-07-10T20:15:36.400+0000] {dagbag.py:540} INFO - Filling up the DagBag from /opt/airflow/dags/sensor_dag.py
[2024-07-10T20:15:36.417+0000] {processor.py:840} INFO - DAG(s) 'sensor_dag' retrieved from /opt/airflow/dags/sensor_dag.py
[2024-07-10T20:15:36.436+0000] {logging_mixin.py:188} INFO - [2024-07-10T20:15:36.436+0000] {dag.py:3096} INFO - Sync 1 DAGs
[2024-07-10T20:15:36.454+0000] {logging_mixin.py:188} INFO - [2024-07-10T20:15:36.454+0000] {dag.py:3954} INFO - Setting next_dagrun for sensor_dag to None, run_after=None
[2024-07-10T20:15:36.473+0000] {processor.py:183} INFO - Processing /opt/airflow/dags/sensor_dag.py took 0.081 seconds
[2024-07-10T20:15:38.680+0000] {processor.py:161} INFO - Started process (PID=1193) to work on /opt/airflow/dags/sensor_dag.py
[2024-07-10T20:15:38.682+0000] {processor.py:830} INFO - Processing file /opt/airflow/dags/sensor_dag.py for tasks to queue
[2024-07-10T20:15:38.684+0000] {logging_mixin.py:188} INFO - [2024-07-10T20:15:38.684+0000] {dagbag.py:540} INFO - Filling up the DagBag from /opt/airflow/dags/sensor_dag.py
[2024-07-10T20:15:38.700+0000] {processor.py:840} INFO - DAG(s) 'sensor_dag' retrieved from /opt/airflow/dags/sensor_dag.py
[2024-07-10T20:15:38.723+0000] {logging_mixin.py:188} INFO - [2024-07-10T20:15:38.723+0000] {dag.py:3096} INFO - Sync 1 DAGs
[2024-07-10T20:15:38.747+0000] {logging_mixin.py:188} INFO - [2024-07-10T20:15:38.747+0000] {dag.py:3954} INFO - Setting next_dagrun for sensor_dag to None, run_after=None
[2024-07-10T20:15:38.770+0000] {processor.py:183} INFO - Processing /opt/airflow/dags/sensor_dag.py took 0.095 seconds
