[2024-07-10T20:14:53.238+0000] {processor.py:161} INFO - Started process (PID=529) to work on /opt/airflow/dags/sensor_sleep.py
[2024-07-10T20:14:53.239+0000] {processor.py:830} INFO - Processing file /opt/airflow/dags/sensor_sleep.py for tasks to queue
[2024-07-10T20:14:53.241+0000] {logging_mixin.py:188} INFO - [2024-07-10T20:14:53.241+0000] {dagbag.py:540} INFO - Filling up the DagBag from /opt/airflow/dags/sensor_sleep.py
[2024-07-10T20:14:53.257+0000] {processor.py:840} INFO - DAG(s) 'sensor_sleep' retrieved from /opt/airflow/dags/sensor_sleep.py
[2024-07-10T20:14:53.276+0000] {logging_mixin.py:188} INFO - [2024-07-10T20:14:53.276+0000] {dag.py:3096} INFO - Sync 1 DAGs
[2024-07-10T20:14:53.295+0000] {logging_mixin.py:188} INFO - [2024-07-10T20:14:53.295+0000] {dag.py:3954} INFO - Setting next_dagrun for sensor_sleep to 2024-07-10 20:13:00+00:00, run_after=2024-07-10 20:14:00+00:00
[2024-07-10T20:14:53.313+0000] {processor.py:183} INFO - Processing /opt/airflow/dags/sensor_sleep.py took 0.080 seconds
[2024-07-10T20:14:55.456+0000] {processor.py:161} INFO - Started process (PID=561) to work on /opt/airflow/dags/sensor_sleep.py
[2024-07-10T20:14:55.457+0000] {processor.py:830} INFO - Processing file /opt/airflow/dags/sensor_sleep.py for tasks to queue
[2024-07-10T20:14:55.459+0000] {logging_mixin.py:188} INFO - [2024-07-10T20:14:55.459+0000] {dagbag.py:540} INFO - Filling up the DagBag from /opt/airflow/dags/sensor_sleep.py
[2024-07-10T20:14:55.479+0000] {processor.py:840} INFO - DAG(s) 'sensor_sleep' retrieved from /opt/airflow/dags/sensor_sleep.py
[2024-07-10T20:14:55.497+0000] {logging_mixin.py:188} INFO - [2024-07-10T20:14:55.497+0000] {dag.py:3096} INFO - Sync 1 DAGs
[2024-07-10T20:14:55.518+0000] {logging_mixin.py:188} INFO - [2024-07-10T20:14:55.518+0000] {dag.py:3954} INFO - Setting next_dagrun for sensor_sleep to 2024-07-10 20:13:00+00:00, run_after=2024-07-10 20:14:00+00:00
[2024-07-10T20:14:55.537+0000] {processor.py:183} INFO - Processing /opt/airflow/dags/sensor_sleep.py took 0.087 seconds
[2024-07-10T20:14:57.460+0000] {processor.py:161} INFO - Started process (PID=593) to work on /opt/airflow/dags/sensor_sleep.py
[2024-07-10T20:14:57.462+0000] {processor.py:830} INFO - Processing file /opt/airflow/dags/sensor_sleep.py for tasks to queue
[2024-07-10T20:14:57.464+0000] {logging_mixin.py:188} INFO - [2024-07-10T20:14:57.463+0000] {dagbag.py:540} INFO - Filling up the DagBag from /opt/airflow/dags/sensor_sleep.py
[2024-07-10T20:14:57.484+0000] {processor.py:840} INFO - DAG(s) 'sensor_sleep' retrieved from /opt/airflow/dags/sensor_sleep.py
[2024-07-10T20:14:57.505+0000] {logging_mixin.py:188} INFO - [2024-07-10T20:14:57.505+0000] {dag.py:3096} INFO - Sync 1 DAGs
[2024-07-10T20:14:57.526+0000] {logging_mixin.py:188} INFO - [2024-07-10T20:14:57.526+0000] {dag.py:3954} INFO - Setting next_dagrun for sensor_sleep to 2024-07-10 20:13:00+00:00, run_after=2024-07-10 20:14:00+00:00
[2024-07-10T20:14:57.548+0000] {processor.py:183} INFO - Processing /opt/airflow/dags/sensor_sleep.py took 0.093 seconds
[2024-07-10T20:14:59.401+0000] {processor.py:161} INFO - Started process (PID=624) to work on /opt/airflow/dags/sensor_sleep.py
[2024-07-10T20:14:59.402+0000] {processor.py:830} INFO - Processing file /opt/airflow/dags/sensor_sleep.py for tasks to queue
[2024-07-10T20:14:59.405+0000] {logging_mixin.py:188} INFO - [2024-07-10T20:14:59.404+0000] {dagbag.py:540} INFO - Filling up the DagBag from /opt/airflow/dags/sensor_sleep.py
[2024-07-10T20:14:59.425+0000] {processor.py:840} INFO - DAG(s) 'sensor_sleep' retrieved from /opt/airflow/dags/sensor_sleep.py
[2024-07-10T20:14:59.444+0000] {logging_mixin.py:188} INFO - [2024-07-10T20:14:59.444+0000] {dag.py:3096} INFO - Sync 1 DAGs
[2024-07-10T20:14:59.468+0000] {logging_mixin.py:188} INFO - [2024-07-10T20:14:59.467+0000] {dag.py:3954} INFO - Setting next_dagrun for sensor_sleep to 2024-07-10 20:13:00+00:00, run_after=2024-07-10 20:14:00+00:00
[2024-07-10T20:14:59.489+0000] {processor.py:183} INFO - Processing /opt/airflow/dags/sensor_sleep.py took 0.093 seconds
[2024-07-10T20:15:01.475+0000] {processor.py:161} INFO - Started process (PID=655) to work on /opt/airflow/dags/sensor_sleep.py
[2024-07-10T20:15:01.476+0000] {processor.py:830} INFO - Processing file /opt/airflow/dags/sensor_sleep.py for tasks to queue
[2024-07-10T20:15:01.478+0000] {logging_mixin.py:188} INFO - [2024-07-10T20:15:01.478+0000] {dagbag.py:540} INFO - Filling up the DagBag from /opt/airflow/dags/sensor_sleep.py
[2024-07-10T20:15:01.497+0000] {processor.py:840} INFO - DAG(s) 'sensor_sleep' retrieved from /opt/airflow/dags/sensor_sleep.py
[2024-07-10T20:15:01.516+0000] {logging_mixin.py:188} INFO - [2024-07-10T20:15:01.516+0000] {dag.py:3096} INFO - Sync 1 DAGs
[2024-07-10T20:15:01.540+0000] {logging_mixin.py:188} INFO - [2024-07-10T20:15:01.539+0000] {dag.py:3954} INFO - Setting next_dagrun for sensor_sleep to 2024-07-10 20:14:00+00:00, run_after=2024-07-10 20:15:00+00:00
[2024-07-10T20:15:01.558+0000] {processor.py:183} INFO - Processing /opt/airflow/dags/sensor_sleep.py took 0.090 seconds
[2024-07-10T20:15:03.494+0000] {processor.py:161} INFO - Started process (PID=686) to work on /opt/airflow/dags/sensor_sleep.py
[2024-07-10T20:15:03.495+0000] {processor.py:830} INFO - Processing file /opt/airflow/dags/sensor_sleep.py for tasks to queue
[2024-07-10T20:15:03.497+0000] {logging_mixin.py:188} INFO - [2024-07-10T20:15:03.497+0000] {dagbag.py:540} INFO - Filling up the DagBag from /opt/airflow/dags/sensor_sleep.py
[2024-07-10T20:15:03.515+0000] {processor.py:840} INFO - DAG(s) 'sensor_sleep' retrieved from /opt/airflow/dags/sensor_sleep.py
[2024-07-10T20:15:03.535+0000] {logging_mixin.py:188} INFO - [2024-07-10T20:15:03.535+0000] {dag.py:3096} INFO - Sync 1 DAGs
[2024-07-10T20:15:03.558+0000] {logging_mixin.py:188} INFO - [2024-07-10T20:15:03.558+0000] {dag.py:3954} INFO - Setting next_dagrun for sensor_sleep to 2024-07-10 20:14:00+00:00, run_after=2024-07-10 20:15:00+00:00
[2024-07-10T20:15:03.582+0000] {processor.py:183} INFO - Processing /opt/airflow/dags/sensor_sleep.py took 0.095 seconds
[2024-07-10T20:15:05.801+0000] {processor.py:161} INFO - Started process (PID=717) to work on /opt/airflow/dags/sensor_sleep.py
[2024-07-10T20:15:05.802+0000] {processor.py:830} INFO - Processing file /opt/airflow/dags/sensor_sleep.py for tasks to queue
[2024-07-10T20:15:05.804+0000] {logging_mixin.py:188} INFO - [2024-07-10T20:15:05.804+0000] {dagbag.py:540} INFO - Filling up the DagBag from /opt/airflow/dags/sensor_sleep.py
[2024-07-10T20:15:05.825+0000] {processor.py:840} INFO - DAG(s) 'sensor_sleep' retrieved from /opt/airflow/dags/sensor_sleep.py
[2024-07-10T20:15:05.849+0000] {logging_mixin.py:188} INFO - [2024-07-10T20:15:05.849+0000] {dag.py:3096} INFO - Sync 1 DAGs
[2024-07-10T20:15:05.875+0000] {logging_mixin.py:188} INFO - [2024-07-10T20:15:05.875+0000] {dag.py:3954} INFO - Setting next_dagrun for sensor_sleep to 2024-07-10 20:14:00+00:00, run_after=2024-07-10 20:15:00+00:00
[2024-07-10T20:15:05.900+0000] {processor.py:183} INFO - Processing /opt/airflow/dags/sensor_sleep.py took 0.105 seconds
[2024-07-10T20:15:08.063+0000] {processor.py:161} INFO - Started process (PID=754) to work on /opt/airflow/dags/sensor_sleep.py
[2024-07-10T20:15:08.064+0000] {processor.py:830} INFO - Processing file /opt/airflow/dags/sensor_sleep.py for tasks to queue
[2024-07-10T20:15:08.066+0000] {logging_mixin.py:188} INFO - [2024-07-10T20:15:08.065+0000] {dagbag.py:540} INFO - Filling up the DagBag from /opt/airflow/dags/sensor_sleep.py
[2024-07-10T20:15:08.082+0000] {processor.py:840} INFO - DAG(s) 'sensor_sleep' retrieved from /opt/airflow/dags/sensor_sleep.py
[2024-07-10T20:15:08.104+0000] {logging_mixin.py:188} INFO - [2024-07-10T20:15:08.103+0000] {dag.py:3096} INFO - Sync 1 DAGs
[2024-07-10T20:15:08.127+0000] {logging_mixin.py:188} INFO - [2024-07-10T20:15:08.126+0000] {dag.py:3954} INFO - Setting next_dagrun for sensor_sleep to 2024-07-10 20:14:00+00:00, run_after=2024-07-10 20:15:00+00:00
[2024-07-10T20:15:08.145+0000] {processor.py:183} INFO - Processing /opt/airflow/dags/sensor_sleep.py took 0.089 seconds
[2024-07-10T20:15:10.124+0000] {processor.py:161} INFO - Started process (PID=785) to work on /opt/airflow/dags/sensor_sleep.py
[2024-07-10T20:15:10.126+0000] {processor.py:830} INFO - Processing file /opt/airflow/dags/sensor_sleep.py for tasks to queue
[2024-07-10T20:15:10.128+0000] {logging_mixin.py:188} INFO - [2024-07-10T20:15:10.128+0000] {dagbag.py:540} INFO - Filling up the DagBag from /opt/airflow/dags/sensor_sleep.py
[2024-07-10T20:15:10.147+0000] {processor.py:840} INFO - DAG(s) 'sensor_sleep' retrieved from /opt/airflow/dags/sensor_sleep.py
[2024-07-10T20:15:10.166+0000] {logging_mixin.py:188} INFO - [2024-07-10T20:15:10.166+0000] {dag.py:3096} INFO - Sync 1 DAGs
[2024-07-10T20:15:10.190+0000] {logging_mixin.py:188} INFO - [2024-07-10T20:15:10.190+0000] {dag.py:3954} INFO - Setting next_dagrun for sensor_sleep to 2024-07-10 20:14:00+00:00, run_after=2024-07-10 20:15:00+00:00
[2024-07-10T20:15:10.210+0000] {processor.py:183} INFO - Processing /opt/airflow/dags/sensor_sleep.py took 0.094 seconds
[2024-07-10T20:15:12.469+0000] {processor.py:161} INFO - Started process (PID=816) to work on /opt/airflow/dags/sensor_sleep.py
[2024-07-10T20:15:12.470+0000] {processor.py:830} INFO - Processing file /opt/airflow/dags/sensor_sleep.py for tasks to queue
[2024-07-10T20:15:12.472+0000] {logging_mixin.py:188} INFO - [2024-07-10T20:15:12.472+0000] {dagbag.py:540} INFO - Filling up the DagBag from /opt/airflow/dags/sensor_sleep.py
[2024-07-10T20:15:12.491+0000] {processor.py:840} INFO - DAG(s) 'sensor_sleep' retrieved from /opt/airflow/dags/sensor_sleep.py
[2024-07-10T20:15:12.511+0000] {logging_mixin.py:188} INFO - [2024-07-10T20:15:12.511+0000] {dag.py:3096} INFO - Sync 1 DAGs
[2024-07-10T20:15:12.534+0000] {logging_mixin.py:188} INFO - [2024-07-10T20:15:12.533+0000] {dag.py:3954} INFO - Setting next_dagrun for sensor_sleep to 2024-07-10 20:14:00+00:00, run_after=2024-07-10 20:15:00+00:00
[2024-07-10T20:15:12.556+0000] {processor.py:183} INFO - Processing /opt/airflow/dags/sensor_sleep.py took 0.092 seconds
[2024-07-10T20:15:14.483+0000] {processor.py:161} INFO - Started process (PID=847) to work on /opt/airflow/dags/sensor_sleep.py
[2024-07-10T20:15:14.484+0000] {processor.py:830} INFO - Processing file /opt/airflow/dags/sensor_sleep.py for tasks to queue
[2024-07-10T20:15:14.486+0000] {logging_mixin.py:188} INFO - [2024-07-10T20:15:14.486+0000] {dagbag.py:540} INFO - Filling up the DagBag from /opt/airflow/dags/sensor_sleep.py
[2024-07-10T20:15:14.504+0000] {processor.py:840} INFO - DAG(s) 'sensor_sleep' retrieved from /opt/airflow/dags/sensor_sleep.py
[2024-07-10T20:15:14.522+0000] {logging_mixin.py:188} INFO - [2024-07-10T20:15:14.522+0000] {dag.py:3096} INFO - Sync 1 DAGs
[2024-07-10T20:15:14.543+0000] {logging_mixin.py:188} INFO - [2024-07-10T20:15:14.543+0000] {dag.py:3954} INFO - Setting next_dagrun for sensor_sleep to 2024-07-10 20:14:00+00:00, run_after=2024-07-10 20:15:00+00:00
[2024-07-10T20:15:14.562+0000] {processor.py:183} INFO - Processing /opt/airflow/dags/sensor_sleep.py took 0.084 seconds
[2024-07-10T20:15:16.700+0000] {processor.py:161} INFO - Started process (PID=878) to work on /opt/airflow/dags/sensor_sleep.py
[2024-07-10T20:15:16.701+0000] {processor.py:830} INFO - Processing file /opt/airflow/dags/sensor_sleep.py for tasks to queue
[2024-07-10T20:15:16.703+0000] {logging_mixin.py:188} INFO - [2024-07-10T20:15:16.703+0000] {dagbag.py:540} INFO - Filling up the DagBag from /opt/airflow/dags/sensor_sleep.py
[2024-07-10T20:15:16.721+0000] {processor.py:840} INFO - DAG(s) 'sensor_sleep' retrieved from /opt/airflow/dags/sensor_sleep.py
[2024-07-10T20:15:16.739+0000] {logging_mixin.py:188} INFO - [2024-07-10T20:15:16.739+0000] {dag.py:3096} INFO - Sync 1 DAGs
[2024-07-10T20:15:16.758+0000] {logging_mixin.py:188} INFO - [2024-07-10T20:15:16.758+0000] {dag.py:3954} INFO - Setting next_dagrun for sensor_sleep to 2024-07-10 20:14:00+00:00, run_after=2024-07-10 20:15:00+00:00
[2024-07-10T20:15:16.779+0000] {processor.py:183} INFO - Processing /opt/airflow/dags/sensor_sleep.py took 0.086 seconds
[2024-07-10T20:15:19.034+0000] {processor.py:161} INFO - Started process (PID=909) to work on /opt/airflow/dags/sensor_sleep.py
[2024-07-10T20:15:19.035+0000] {processor.py:830} INFO - Processing file /opt/airflow/dags/sensor_sleep.py for tasks to queue
[2024-07-10T20:15:19.036+0000] {logging_mixin.py:188} INFO - [2024-07-10T20:15:19.036+0000] {dagbag.py:540} INFO - Filling up the DagBag from /opt/airflow/dags/sensor_sleep.py
[2024-07-10T20:15:19.052+0000] {processor.py:840} INFO - DAG(s) 'sensor_sleep' retrieved from /opt/airflow/dags/sensor_sleep.py
[2024-07-10T20:15:19.068+0000] {logging_mixin.py:188} INFO - [2024-07-10T20:15:19.068+0000] {dag.py:3096} INFO - Sync 1 DAGs
[2024-07-10T20:15:19.090+0000] {logging_mixin.py:188} INFO - [2024-07-10T20:15:19.090+0000] {dag.py:3954} INFO - Setting next_dagrun for sensor_sleep to 2024-07-10 20:14:00+00:00, run_after=2024-07-10 20:15:00+00:00
[2024-07-10T20:15:19.110+0000] {processor.py:183} INFO - Processing /opt/airflow/dags/sensor_sleep.py took 0.082 seconds
[2024-07-10T20:15:21.264+0000] {processor.py:161} INFO - Started process (PID=940) to work on /opt/airflow/dags/sensor_sleep.py
[2024-07-10T20:15:21.265+0000] {processor.py:830} INFO - Processing file /opt/airflow/dags/sensor_sleep.py for tasks to queue
[2024-07-10T20:15:21.266+0000] {logging_mixin.py:188} INFO - [2024-07-10T20:15:21.266+0000] {dagbag.py:540} INFO - Filling up the DagBag from /opt/airflow/dags/sensor_sleep.py
[2024-07-10T20:15:21.283+0000] {processor.py:840} INFO - DAG(s) 'sensor_sleep' retrieved from /opt/airflow/dags/sensor_sleep.py
[2024-07-10T20:15:21.300+0000] {logging_mixin.py:188} INFO - [2024-07-10T20:15:21.300+0000] {dag.py:3096} INFO - Sync 1 DAGs
[2024-07-10T20:15:21.320+0000] {logging_mixin.py:188} INFO - [2024-07-10T20:15:21.319+0000] {dag.py:3954} INFO - Setting next_dagrun for sensor_sleep to 2024-07-10 20:14:00+00:00, run_after=2024-07-10 20:15:00+00:00
[2024-07-10T20:15:21.339+0000] {processor.py:183} INFO - Processing /opt/airflow/dags/sensor_sleep.py took 0.081 seconds
[2024-07-10T20:15:23.455+0000] {processor.py:161} INFO - Started process (PID=971) to work on /opt/airflow/dags/sensor_sleep.py
[2024-07-10T20:15:23.456+0000] {processor.py:830} INFO - Processing file /opt/airflow/dags/sensor_sleep.py for tasks to queue
[2024-07-10T20:15:23.458+0000] {logging_mixin.py:188} INFO - [2024-07-10T20:15:23.458+0000] {dagbag.py:540} INFO - Filling up the DagBag from /opt/airflow/dags/sensor_sleep.py
[2024-07-10T20:15:23.477+0000] {processor.py:840} INFO - DAG(s) 'sensor_sleep' retrieved from /opt/airflow/dags/sensor_sleep.py
[2024-07-10T20:15:23.497+0000] {logging_mixin.py:188} INFO - [2024-07-10T20:15:23.496+0000] {dag.py:3096} INFO - Sync 1 DAGs
[2024-07-10T20:15:23.528+0000] {logging_mixin.py:188} INFO - [2024-07-10T20:15:23.528+0000] {dag.py:3954} INFO - Setting next_dagrun for sensor_sleep to 2024-07-10 20:14:00+00:00, run_after=2024-07-10 20:15:00+00:00
[2024-07-10T20:15:23.552+0000] {processor.py:183} INFO - Processing /opt/airflow/dags/sensor_sleep.py took 0.103 seconds
[2024-07-10T20:15:25.619+0000] {processor.py:161} INFO - Started process (PID=1002) to work on /opt/airflow/dags/sensor_sleep.py
[2024-07-10T20:15:25.620+0000] {processor.py:830} INFO - Processing file /opt/airflow/dags/sensor_sleep.py for tasks to queue
[2024-07-10T20:15:25.622+0000] {logging_mixin.py:188} INFO - [2024-07-10T20:15:25.622+0000] {dagbag.py:540} INFO - Filling up the DagBag from /opt/airflow/dags/sensor_sleep.py
[2024-07-10T20:15:25.644+0000] {processor.py:840} INFO - DAG(s) 'sensor_sleep' retrieved from /opt/airflow/dags/sensor_sleep.py
[2024-07-10T20:15:25.666+0000] {logging_mixin.py:188} INFO - [2024-07-10T20:15:25.665+0000] {dag.py:3096} INFO - Sync 1 DAGs
[2024-07-10T20:15:25.690+0000] {logging_mixin.py:188} INFO - [2024-07-10T20:15:25.689+0000] {dag.py:3954} INFO - Setting next_dagrun for sensor_sleep to 2024-07-10 20:14:00+00:00, run_after=2024-07-10 20:15:00+00:00
[2024-07-10T20:15:25.709+0000] {processor.py:183} INFO - Processing /opt/airflow/dags/sensor_sleep.py took 0.096 seconds
[2024-07-10T20:15:27.613+0000] {processor.py:161} INFO - Started process (PID=1033) to work on /opt/airflow/dags/sensor_sleep.py
[2024-07-10T20:15:27.614+0000] {processor.py:830} INFO - Processing file /opt/airflow/dags/sensor_sleep.py for tasks to queue
[2024-07-10T20:15:27.616+0000] {logging_mixin.py:188} INFO - [2024-07-10T20:15:27.616+0000] {dagbag.py:540} INFO - Filling up the DagBag from /opt/airflow/dags/sensor_sleep.py
[2024-07-10T20:15:27.637+0000] {processor.py:840} INFO - DAG(s) 'sensor_sleep' retrieved from /opt/airflow/dags/sensor_sleep.py
[2024-07-10T20:15:27.656+0000] {logging_mixin.py:188} INFO - [2024-07-10T20:15:27.656+0000] {dag.py:3096} INFO - Sync 1 DAGs
[2024-07-10T20:15:27.678+0000] {logging_mixin.py:188} INFO - [2024-07-10T20:15:27.678+0000] {dag.py:3954} INFO - Setting next_dagrun for sensor_sleep to 2024-07-10 20:14:00+00:00, run_after=2024-07-10 20:15:00+00:00
[2024-07-10T20:15:27.696+0000] {processor.py:183} INFO - Processing /opt/airflow/dags/sensor_sleep.py took 0.089 seconds
[2024-07-10T20:15:29.908+0000] {processor.py:161} INFO - Started process (PID=1064) to work on /opt/airflow/dags/sensor_sleep.py
[2024-07-10T20:15:29.909+0000] {processor.py:830} INFO - Processing file /opt/airflow/dags/sensor_sleep.py for tasks to queue
[2024-07-10T20:15:29.911+0000] {logging_mixin.py:188} INFO - [2024-07-10T20:15:29.911+0000] {dagbag.py:540} INFO - Filling up the DagBag from /opt/airflow/dags/sensor_sleep.py
[2024-07-10T20:15:29.929+0000] {processor.py:840} INFO - DAG(s) 'sensor_sleep' retrieved from /opt/airflow/dags/sensor_sleep.py
[2024-07-10T20:15:29.948+0000] {logging_mixin.py:188} INFO - [2024-07-10T20:15:29.948+0000] {dag.py:3096} INFO - Sync 1 DAGs
[2024-07-10T20:15:29.971+0000] {logging_mixin.py:188} INFO - [2024-07-10T20:15:29.971+0000] {dag.py:3954} INFO - Setting next_dagrun for sensor_sleep to 2024-07-10 20:14:00+00:00, run_after=2024-07-10 20:15:00+00:00
[2024-07-10T20:15:29.992+0000] {processor.py:183} INFO - Processing /opt/airflow/dags/sensor_sleep.py took 0.090 seconds
[2024-07-10T20:15:32.226+0000] {processor.py:161} INFO - Started process (PID=1095) to work on /opt/airflow/dags/sensor_sleep.py
[2024-07-10T20:15:32.227+0000] {processor.py:830} INFO - Processing file /opt/airflow/dags/sensor_sleep.py for tasks to queue
[2024-07-10T20:15:32.230+0000] {logging_mixin.py:188} INFO - [2024-07-10T20:15:32.229+0000] {dagbag.py:540} INFO - Filling up the DagBag from /opt/airflow/dags/sensor_sleep.py
[2024-07-10T20:15:32.253+0000] {processor.py:840} INFO - DAG(s) 'sensor_sleep' retrieved from /opt/airflow/dags/sensor_sleep.py
[2024-07-10T20:15:32.272+0000] {logging_mixin.py:188} INFO - [2024-07-10T20:15:32.272+0000] {dag.py:3096} INFO - Sync 1 DAGs
[2024-07-10T20:15:32.294+0000] {logging_mixin.py:188} INFO - [2024-07-10T20:15:32.294+0000] {dag.py:3954} INFO - Setting next_dagrun for sensor_sleep to 2024-07-10 20:14:00+00:00, run_after=2024-07-10 20:15:00+00:00
[2024-07-10T20:15:32.318+0000] {processor.py:183} INFO - Processing /opt/airflow/dags/sensor_sleep.py took 0.100 seconds
[2024-07-10T20:15:34.245+0000] {processor.py:161} INFO - Started process (PID=1127) to work on /opt/airflow/dags/sensor_sleep.py
[2024-07-10T20:15:34.246+0000] {processor.py:830} INFO - Processing file /opt/airflow/dags/sensor_sleep.py for tasks to queue
[2024-07-10T20:15:34.248+0000] {logging_mixin.py:188} INFO - [2024-07-10T20:15:34.248+0000] {dagbag.py:540} INFO - Filling up the DagBag from /opt/airflow/dags/sensor_sleep.py
[2024-07-10T20:15:34.268+0000] {processor.py:840} INFO - DAG(s) 'sensor_sleep' retrieved from /opt/airflow/dags/sensor_sleep.py
[2024-07-10T20:15:34.287+0000] {logging_mixin.py:188} INFO - [2024-07-10T20:15:34.287+0000] {dag.py:3096} INFO - Sync 1 DAGs
[2024-07-10T20:15:34.307+0000] {logging_mixin.py:188} INFO - [2024-07-10T20:15:34.307+0000] {dag.py:3954} INFO - Setting next_dagrun for sensor_sleep to 2024-07-10 20:14:00+00:00, run_after=2024-07-10 20:15:00+00:00
[2024-07-10T20:15:34.328+0000] {processor.py:183} INFO - Processing /opt/airflow/dags/sensor_sleep.py took 0.088 seconds
[2024-07-10T20:15:36.520+0000] {processor.py:161} INFO - Started process (PID=1164) to work on /opt/airflow/dags/sensor_sleep.py
[2024-07-10T20:15:36.521+0000] {processor.py:830} INFO - Processing file /opt/airflow/dags/sensor_sleep.py for tasks to queue
[2024-07-10T20:15:36.522+0000] {logging_mixin.py:188} INFO - [2024-07-10T20:15:36.522+0000] {dagbag.py:540} INFO - Filling up the DagBag from /opt/airflow/dags/sensor_sleep.py
[2024-07-10T20:15:36.541+0000] {processor.py:840} INFO - DAG(s) 'sensor_sleep' retrieved from /opt/airflow/dags/sensor_sleep.py
[2024-07-10T20:15:36.559+0000] {logging_mixin.py:188} INFO - [2024-07-10T20:15:36.559+0000] {dag.py:3096} INFO - Sync 1 DAGs
[2024-07-10T20:15:36.580+0000] {logging_mixin.py:188} INFO - [2024-07-10T20:15:36.580+0000] {dag.py:3954} INFO - Setting next_dagrun for sensor_sleep to 2024-07-10 20:14:00+00:00, run_after=2024-07-10 20:15:00+00:00
[2024-07-10T20:15:36.601+0000] {processor.py:183} INFO - Processing /opt/airflow/dags/sensor_sleep.py took 0.087 seconds
[2024-07-10T20:15:38.805+0000] {processor.py:161} INFO - Started process (PID=1195) to work on /opt/airflow/dags/sensor_sleep.py
[2024-07-10T20:15:38.806+0000] {processor.py:830} INFO - Processing file /opt/airflow/dags/sensor_sleep.py for tasks to queue
[2024-07-10T20:15:38.808+0000] {logging_mixin.py:188} INFO - [2024-07-10T20:15:38.808+0000] {dagbag.py:540} INFO - Filling up the DagBag from /opt/airflow/dags/sensor_sleep.py
[2024-07-10T20:15:38.829+0000] {processor.py:840} INFO - DAG(s) 'sensor_sleep' retrieved from /opt/airflow/dags/sensor_sleep.py
[2024-07-10T20:15:38.852+0000] {logging_mixin.py:188} INFO - [2024-07-10T20:15:38.852+0000] {dag.py:3096} INFO - Sync 1 DAGs
[2024-07-10T20:15:38.884+0000] {logging_mixin.py:188} INFO - [2024-07-10T20:15:38.883+0000] {dag.py:3954} INFO - Setting next_dagrun for sensor_sleep to 2024-07-10 20:14:00+00:00, run_after=2024-07-10 20:15:00+00:00
[2024-07-10T20:15:38.905+0000] {processor.py:183} INFO - Processing /opt/airflow/dags/sensor_sleep.py took 0.107 seconds
