[2024-07-10T20:14:53.132+0000] {processor.py:161} INFO - Started process (PID=528) to work on /opt/airflow/dags/sensor_file.py
[2024-07-10T20:14:53.133+0000] {processor.py:830} INFO - Processing file /opt/airflow/dags/sensor_file.py for tasks to queue
[2024-07-10T20:14:53.135+0000] {logging_mixin.py:188} INFO - [2024-07-10T20:14:53.134+0000] {dagbag.py:540} INFO - Filling up the DagBag from /opt/airflow/dags/sensor_file.py
[2024-07-10T20:14:53.150+0000] {processor.py:840} INFO - DAG(s) 'sensor_file' retrieved from /opt/airflow/dags/sensor_file.py
[2024-07-10T20:14:53.167+0000] {logging_mixin.py:188} INFO - [2024-07-10T20:14:53.167+0000] {dag.py:3096} INFO - Sync 1 DAGs
[2024-07-10T20:14:53.185+0000] {logging_mixin.py:188} INFO - [2024-07-10T20:14:53.184+0000] {dag.py:3954} INFO - Setting next_dagrun for sensor_file to None, run_after=None
[2024-07-10T20:14:53.202+0000] {processor.py:183} INFO - Processing /opt/airflow/dags/sensor_file.py took 0.076 seconds
[2024-07-10T20:14:55.378+0000] {processor.py:161} INFO - Started process (PID=560) to work on /opt/airflow/dags/sensor_file.py
[2024-07-10T20:14:55.379+0000] {processor.py:830} INFO - Processing file /opt/airflow/dags/sensor_file.py for tasks to queue
[2024-07-10T20:14:55.381+0000] {logging_mixin.py:188} INFO - [2024-07-10T20:14:55.380+0000] {dagbag.py:540} INFO - Filling up the DagBag from /opt/airflow/dags/sensor_file.py
[2024-07-10T20:14:55.396+0000] {processor.py:840} INFO - DAG(s) 'sensor_file' retrieved from /opt/airflow/dags/sensor_file.py
[2024-07-10T20:14:55.416+0000] {logging_mixin.py:188} INFO - [2024-07-10T20:14:55.415+0000] {dag.py:3096} INFO - Sync 1 DAGs
[2024-07-10T20:14:55.438+0000] {logging_mixin.py:188} INFO - [2024-07-10T20:14:55.438+0000] {dag.py:3954} INFO - Setting next_dagrun for sensor_file to None, run_after=None
[2024-07-10T20:14:55.457+0000] {processor.py:183} INFO - Processing /opt/airflow/dags/sensor_file.py took 0.085 seconds
[2024-07-10T20:14:57.452+0000] {processor.py:161} INFO - Started process (PID=592) to work on /opt/airflow/dags/sensor_file.py
[2024-07-10T20:14:57.453+0000] {processor.py:830} INFO - Processing file /opt/airflow/dags/sensor_file.py for tasks to queue
[2024-07-10T20:14:57.455+0000] {logging_mixin.py:188} INFO - [2024-07-10T20:14:57.455+0000] {dagbag.py:540} INFO - Filling up the DagBag from /opt/airflow/dags/sensor_file.py
[2024-07-10T20:14:57.473+0000] {processor.py:840} INFO - DAG(s) 'sensor_file' retrieved from /opt/airflow/dags/sensor_file.py
[2024-07-10T20:14:57.491+0000] {logging_mixin.py:188} INFO - [2024-07-10T20:14:57.491+0000] {dag.py:3096} INFO - Sync 1 DAGs
[2024-07-10T20:14:57.510+0000] {logging_mixin.py:188} INFO - [2024-07-10T20:14:57.510+0000] {dag.py:3954} INFO - Setting next_dagrun for sensor_file to None, run_after=None
[2024-07-10T20:14:57.529+0000] {processor.py:183} INFO - Processing /opt/airflow/dags/sensor_file.py took 0.083 seconds
[2024-07-10T20:14:59.328+0000] {processor.py:161} INFO - Started process (PID=623) to work on /opt/airflow/dags/sensor_file.py
[2024-07-10T20:14:59.329+0000] {processor.py:830} INFO - Processing file /opt/airflow/dags/sensor_file.py for tasks to queue
[2024-07-10T20:14:59.331+0000] {logging_mixin.py:188} INFO - [2024-07-10T20:14:59.331+0000] {dagbag.py:540} INFO - Filling up the DagBag from /opt/airflow/dags/sensor_file.py
[2024-07-10T20:14:59.351+0000] {processor.py:840} INFO - DAG(s) 'sensor_file' retrieved from /opt/airflow/dags/sensor_file.py
[2024-07-10T20:14:59.373+0000] {logging_mixin.py:188} INFO - [2024-07-10T20:14:59.372+0000] {dag.py:3096} INFO - Sync 1 DAGs
[2024-07-10T20:14:59.393+0000] {logging_mixin.py:188} INFO - [2024-07-10T20:14:59.393+0000] {dag.py:3954} INFO - Setting next_dagrun for sensor_file to None, run_after=None
[2024-07-10T20:14:59.413+0000] {processor.py:183} INFO - Processing /opt/airflow/dags/sensor_file.py took 0.091 seconds
[2024-07-10T20:15:01.409+0000] {processor.py:161} INFO - Started process (PID=654) to work on /opt/airflow/dags/sensor_file.py
[2024-07-10T20:15:01.410+0000] {processor.py:830} INFO - Processing file /opt/airflow/dags/sensor_file.py for tasks to queue
[2024-07-10T20:15:01.412+0000] {logging_mixin.py:188} INFO - [2024-07-10T20:15:01.411+0000] {dagbag.py:540} INFO - Filling up the DagBag from /opt/airflow/dags/sensor_file.py
[2024-07-10T20:15:01.427+0000] {processor.py:840} INFO - DAG(s) 'sensor_file' retrieved from /opt/airflow/dags/sensor_file.py
[2024-07-10T20:15:01.446+0000] {logging_mixin.py:188} INFO - [2024-07-10T20:15:01.446+0000] {dag.py:3096} INFO - Sync 1 DAGs
[2024-07-10T20:15:01.467+0000] {logging_mixin.py:188} INFO - [2024-07-10T20:15:01.467+0000] {dag.py:3954} INFO - Setting next_dagrun for sensor_file to None, run_after=None
[2024-07-10T20:15:01.486+0000] {processor.py:183} INFO - Processing /opt/airflow/dags/sensor_file.py took 0.083 seconds
[2024-07-10T20:15:03.463+0000] {processor.py:161} INFO - Started process (PID=685) to work on /opt/airflow/dags/sensor_file.py
[2024-07-10T20:15:03.464+0000] {processor.py:830} INFO - Processing file /opt/airflow/dags/sensor_file.py for tasks to queue
[2024-07-10T20:15:03.467+0000] {logging_mixin.py:188} INFO - [2024-07-10T20:15:03.466+0000] {dagbag.py:540} INFO - Filling up the DagBag from /opt/airflow/dags/sensor_file.py
[2024-07-10T20:15:03.486+0000] {processor.py:840} INFO - DAG(s) 'sensor_file' retrieved from /opt/airflow/dags/sensor_file.py
[2024-07-10T20:15:03.505+0000] {logging_mixin.py:188} INFO - [2024-07-10T20:15:03.505+0000] {dag.py:3096} INFO - Sync 1 DAGs
[2024-07-10T20:15:03.528+0000] {logging_mixin.py:188} INFO - [2024-07-10T20:15:03.528+0000] {dag.py:3954} INFO - Setting next_dagrun for sensor_file to None, run_after=None
[2024-07-10T20:15:03.547+0000] {processor.py:183} INFO - Processing /opt/airflow/dags/sensor_file.py took 0.090 seconds
[2024-07-10T20:15:05.731+0000] {processor.py:161} INFO - Started process (PID=716) to work on /opt/airflow/dags/sensor_file.py
[2024-07-10T20:15:05.732+0000] {processor.py:830} INFO - Processing file /opt/airflow/dags/sensor_file.py for tasks to queue
[2024-07-10T20:15:05.734+0000] {logging_mixin.py:188} INFO - [2024-07-10T20:15:05.734+0000] {dagbag.py:540} INFO - Filling up the DagBag from /opt/airflow/dags/sensor_file.py
[2024-07-10T20:15:05.753+0000] {processor.py:840} INFO - DAG(s) 'sensor_file' retrieved from /opt/airflow/dags/sensor_file.py
[2024-07-10T20:15:05.778+0000] {logging_mixin.py:188} INFO - [2024-07-10T20:15:05.777+0000] {dag.py:3096} INFO - Sync 1 DAGs
[2024-07-10T20:15:05.802+0000] {logging_mixin.py:188} INFO - [2024-07-10T20:15:05.802+0000] {dag.py:3954} INFO - Setting next_dagrun for sensor_file to None, run_after=None
[2024-07-10T20:15:05.822+0000] {processor.py:183} INFO - Processing /opt/airflow/dags/sensor_file.py took 0.099 seconds
[2024-07-10T20:15:08.028+0000] {processor.py:161} INFO - Started process (PID=753) to work on /opt/airflow/dags/sensor_file.py
[2024-07-10T20:15:08.029+0000] {processor.py:830} INFO - Processing file /opt/airflow/dags/sensor_file.py for tasks to queue
[2024-07-10T20:15:08.032+0000] {logging_mixin.py:188} INFO - [2024-07-10T20:15:08.031+0000] {dagbag.py:540} INFO - Filling up the DagBag from /opt/airflow/dags/sensor_file.py
[2024-07-10T20:15:08.052+0000] {processor.py:840} INFO - DAG(s) 'sensor_file' retrieved from /opt/airflow/dags/sensor_file.py
[2024-07-10T20:15:08.071+0000] {logging_mixin.py:188} INFO - [2024-07-10T20:15:08.071+0000] {dag.py:3096} INFO - Sync 1 DAGs
[2024-07-10T20:15:08.091+0000] {logging_mixin.py:188} INFO - [2024-07-10T20:15:08.091+0000] {dag.py:3954} INFO - Setting next_dagrun for sensor_file to None, run_after=None
[2024-07-10T20:15:08.109+0000] {processor.py:183} INFO - Processing /opt/airflow/dags/sensor_file.py took 0.088 seconds
[2024-07-10T20:15:10.086+0000] {processor.py:161} INFO - Started process (PID=784) to work on /opt/airflow/dags/sensor_file.py
[2024-07-10T20:15:10.087+0000] {processor.py:830} INFO - Processing file /opt/airflow/dags/sensor_file.py for tasks to queue
[2024-07-10T20:15:10.090+0000] {logging_mixin.py:188} INFO - [2024-07-10T20:15:10.089+0000] {dagbag.py:540} INFO - Filling up the DagBag from /opt/airflow/dags/sensor_file.py
[2024-07-10T20:15:10.116+0000] {processor.py:840} INFO - DAG(s) 'sensor_file' retrieved from /opt/airflow/dags/sensor_file.py
[2024-07-10T20:15:10.140+0000] {logging_mixin.py:188} INFO - [2024-07-10T20:15:10.140+0000] {dag.py:3096} INFO - Sync 1 DAGs
[2024-07-10T20:15:10.159+0000] {logging_mixin.py:188} INFO - [2024-07-10T20:15:10.158+0000] {dag.py:3954} INFO - Setting next_dagrun for sensor_file to None, run_after=None
[2024-07-10T20:15:10.176+0000] {processor.py:183} INFO - Processing /opt/airflow/dags/sensor_file.py took 0.097 seconds
[2024-07-10T20:15:12.448+0000] {processor.py:161} INFO - Started process (PID=815) to work on /opt/airflow/dags/sensor_file.py
[2024-07-10T20:15:12.449+0000] {processor.py:830} INFO - Processing file /opt/airflow/dags/sensor_file.py for tasks to queue
[2024-07-10T20:15:12.451+0000] {logging_mixin.py:188} INFO - [2024-07-10T20:15:12.450+0000] {dagbag.py:540} INFO - Filling up the DagBag from /opt/airflow/dags/sensor_file.py
[2024-07-10T20:15:12.469+0000] {processor.py:840} INFO - DAG(s) 'sensor_file' retrieved from /opt/airflow/dags/sensor_file.py
[2024-07-10T20:15:12.494+0000] {logging_mixin.py:188} INFO - [2024-07-10T20:15:12.494+0000] {dag.py:3096} INFO - Sync 1 DAGs
[2024-07-10T20:15:12.515+0000] {logging_mixin.py:188} INFO - [2024-07-10T20:15:12.514+0000] {dag.py:3954} INFO - Setting next_dagrun for sensor_file to None, run_after=None
[2024-07-10T20:15:12.535+0000] {processor.py:183} INFO - Processing /opt/airflow/dags/sensor_file.py took 0.094 seconds
[2024-07-10T20:15:14.417+0000] {processor.py:161} INFO - Started process (PID=846) to work on /opt/airflow/dags/sensor_file.py
[2024-07-10T20:15:14.419+0000] {processor.py:830} INFO - Processing file /opt/airflow/dags/sensor_file.py for tasks to queue
[2024-07-10T20:15:14.421+0000] {logging_mixin.py:188} INFO - [2024-07-10T20:15:14.420+0000] {dagbag.py:540} INFO - Filling up the DagBag from /opt/airflow/dags/sensor_file.py
[2024-07-10T20:15:14.438+0000] {processor.py:840} INFO - DAG(s) 'sensor_file' retrieved from /opt/airflow/dags/sensor_file.py
[2024-07-10T20:15:14.455+0000] {logging_mixin.py:188} INFO - [2024-07-10T20:15:14.455+0000] {dag.py:3096} INFO - Sync 1 DAGs
[2024-07-10T20:15:14.475+0000] {logging_mixin.py:188} INFO - [2024-07-10T20:15:14.475+0000] {dag.py:3954} INFO - Setting next_dagrun for sensor_file to None, run_after=None
[2024-07-10T20:15:14.494+0000] {processor.py:183} INFO - Processing /opt/airflow/dags/sensor_file.py took 0.083 seconds
[2024-07-10T20:15:16.676+0000] {processor.py:161} INFO - Started process (PID=877) to work on /opt/airflow/dags/sensor_file.py
[2024-07-10T20:15:16.677+0000] {processor.py:830} INFO - Processing file /opt/airflow/dags/sensor_file.py for tasks to queue
[2024-07-10T20:15:16.679+0000] {logging_mixin.py:188} INFO - [2024-07-10T20:15:16.679+0000] {dagbag.py:540} INFO - Filling up the DagBag from /opt/airflow/dags/sensor_file.py
[2024-07-10T20:15:16.699+0000] {processor.py:840} INFO - DAG(s) 'sensor_file' retrieved from /opt/airflow/dags/sensor_file.py
[2024-07-10T20:15:16.717+0000] {logging_mixin.py:188} INFO - [2024-07-10T20:15:16.717+0000] {dag.py:3096} INFO - Sync 1 DAGs
[2024-07-10T20:15:16.736+0000] {logging_mixin.py:188} INFO - [2024-07-10T20:15:16.735+0000] {dag.py:3954} INFO - Setting next_dagrun for sensor_file to None, run_after=None
[2024-07-10T20:15:16.755+0000] {processor.py:183} INFO - Processing /opt/airflow/dags/sensor_file.py took 0.086 seconds
[2024-07-10T20:15:18.992+0000] {processor.py:161} INFO - Started process (PID=908) to work on /opt/airflow/dags/sensor_file.py
[2024-07-10T20:15:18.993+0000] {processor.py:830} INFO - Processing file /opt/airflow/dags/sensor_file.py for tasks to queue
[2024-07-10T20:15:18.995+0000] {logging_mixin.py:188} INFO - [2024-07-10T20:15:18.995+0000] {dagbag.py:540} INFO - Filling up the DagBag from /opt/airflow/dags/sensor_file.py
[2024-07-10T20:15:19.019+0000] {processor.py:840} INFO - DAG(s) 'sensor_file' retrieved from /opt/airflow/dags/sensor_file.py
[2024-07-10T20:15:19.040+0000] {logging_mixin.py:188} INFO - [2024-07-10T20:15:19.040+0000] {dag.py:3096} INFO - Sync 1 DAGs
[2024-07-10T20:15:19.061+0000] {logging_mixin.py:188} INFO - [2024-07-10T20:15:19.061+0000] {dag.py:3954} INFO - Setting next_dagrun for sensor_file to None, run_after=None
[2024-07-10T20:15:19.077+0000] {processor.py:183} INFO - Processing /opt/airflow/dags/sensor_file.py took 0.092 seconds
[2024-07-10T20:15:21.156+0000] {processor.py:161} INFO - Started process (PID=939) to work on /opt/airflow/dags/sensor_file.py
[2024-07-10T20:15:21.157+0000] {processor.py:830} INFO - Processing file /opt/airflow/dags/sensor_file.py for tasks to queue
[2024-07-10T20:15:21.159+0000] {logging_mixin.py:188} INFO - [2024-07-10T20:15:21.159+0000] {dagbag.py:540} INFO - Filling up the DagBag from /opt/airflow/dags/sensor_file.py
[2024-07-10T20:15:21.175+0000] {processor.py:840} INFO - DAG(s) 'sensor_file' retrieved from /opt/airflow/dags/sensor_file.py
[2024-07-10T20:15:21.193+0000] {logging_mixin.py:188} INFO - [2024-07-10T20:15:21.193+0000] {dag.py:3096} INFO - Sync 1 DAGs
[2024-07-10T20:15:21.211+0000] {logging_mixin.py:188} INFO - [2024-07-10T20:15:21.210+0000] {dag.py:3954} INFO - Setting next_dagrun for sensor_file to None, run_after=None
[2024-07-10T20:15:21.228+0000] {processor.py:183} INFO - Processing /opt/airflow/dags/sensor_file.py took 0.078 seconds
[2024-07-10T20:15:23.415+0000] {processor.py:161} INFO - Started process (PID=970) to work on /opt/airflow/dags/sensor_file.py
[2024-07-10T20:15:23.416+0000] {processor.py:830} INFO - Processing file /opt/airflow/dags/sensor_file.py for tasks to queue
[2024-07-10T20:15:23.418+0000] {logging_mixin.py:188} INFO - [2024-07-10T20:15:23.418+0000] {dagbag.py:540} INFO - Filling up the DagBag from /opt/airflow/dags/sensor_file.py
[2024-07-10T20:15:23.435+0000] {processor.py:840} INFO - DAG(s) 'sensor_file' retrieved from /opt/airflow/dags/sensor_file.py
[2024-07-10T20:15:23.454+0000] {logging_mixin.py:188} INFO - [2024-07-10T20:15:23.454+0000] {dag.py:3096} INFO - Sync 1 DAGs
[2024-07-10T20:15:23.475+0000] {logging_mixin.py:188} INFO - [2024-07-10T20:15:23.475+0000] {dag.py:3954} INFO - Setting next_dagrun for sensor_file to None, run_after=None
[2024-07-10T20:15:23.496+0000] {processor.py:183} INFO - Processing /opt/airflow/dags/sensor_file.py took 0.086 seconds
[2024-07-10T20:15:25.506+0000] {processor.py:161} INFO - Started process (PID=1001) to work on /opt/airflow/dags/sensor_file.py
[2024-07-10T20:15:25.507+0000] {processor.py:830} INFO - Processing file /opt/airflow/dags/sensor_file.py for tasks to queue
[2024-07-10T20:15:25.509+0000] {logging_mixin.py:188} INFO - [2024-07-10T20:15:25.508+0000] {dagbag.py:540} INFO - Filling up the DagBag from /opt/airflow/dags/sensor_file.py
[2024-07-10T20:15:25.524+0000] {processor.py:840} INFO - DAG(s) 'sensor_file' retrieved from /opt/airflow/dags/sensor_file.py
[2024-07-10T20:15:25.542+0000] {logging_mixin.py:188} INFO - [2024-07-10T20:15:25.542+0000] {dag.py:3096} INFO - Sync 1 DAGs
[2024-07-10T20:15:25.560+0000] {logging_mixin.py:188} INFO - [2024-07-10T20:15:25.559+0000] {dag.py:3954} INFO - Setting next_dagrun for sensor_file to None, run_after=None
[2024-07-10T20:15:25.580+0000] {processor.py:183} INFO - Processing /opt/airflow/dags/sensor_file.py took 0.080 seconds
[2024-07-10T20:15:27.539+0000] {processor.py:161} INFO - Started process (PID=1032) to work on /opt/airflow/dags/sensor_file.py
[2024-07-10T20:15:27.540+0000] {processor.py:830} INFO - Processing file /opt/airflow/dags/sensor_file.py for tasks to queue
[2024-07-10T20:15:27.542+0000] {logging_mixin.py:188} INFO - [2024-07-10T20:15:27.542+0000] {dagbag.py:540} INFO - Filling up the DagBag from /opt/airflow/dags/sensor_file.py
[2024-07-10T20:15:27.559+0000] {processor.py:840} INFO - DAG(s) 'sensor_file' retrieved from /opt/airflow/dags/sensor_file.py
[2024-07-10T20:15:27.578+0000] {logging_mixin.py:188} INFO - [2024-07-10T20:15:27.578+0000] {dag.py:3096} INFO - Sync 1 DAGs
[2024-07-10T20:15:27.598+0000] {logging_mixin.py:188} INFO - [2024-07-10T20:15:27.598+0000] {dag.py:3954} INFO - Setting next_dagrun for sensor_file to None, run_after=None
[2024-07-10T20:15:27.619+0000] {processor.py:183} INFO - Processing /opt/airflow/dags/sensor_file.py took 0.086 seconds
[2024-07-10T20:15:29.897+0000] {processor.py:161} INFO - Started process (PID=1063) to work on /opt/airflow/dags/sensor_file.py
[2024-07-10T20:15:29.898+0000] {processor.py:830} INFO - Processing file /opt/airflow/dags/sensor_file.py for tasks to queue
[2024-07-10T20:15:29.900+0000] {logging_mixin.py:188} INFO - [2024-07-10T20:15:29.900+0000] {dagbag.py:540} INFO - Filling up the DagBag from /opt/airflow/dags/sensor_file.py
[2024-07-10T20:15:29.918+0000] {processor.py:840} INFO - DAG(s) 'sensor_file' retrieved from /opt/airflow/dags/sensor_file.py
[2024-07-10T20:15:29.936+0000] {logging_mixin.py:188} INFO - [2024-07-10T20:15:29.936+0000] {dag.py:3096} INFO - Sync 1 DAGs
[2024-07-10T20:15:29.955+0000] {logging_mixin.py:188} INFO - [2024-07-10T20:15:29.955+0000] {dag.py:3954} INFO - Setting next_dagrun for sensor_file to None, run_after=None
[2024-07-10T20:15:29.976+0000] {processor.py:183} INFO - Processing /opt/airflow/dags/sensor_file.py took 0.085 seconds
[2024-07-10T20:15:32.196+0000] {processor.py:161} INFO - Started process (PID=1094) to work on /opt/airflow/dags/sensor_file.py
[2024-07-10T20:15:32.198+0000] {processor.py:830} INFO - Processing file /opt/airflow/dags/sensor_file.py for tasks to queue
[2024-07-10T20:15:32.200+0000] {logging_mixin.py:188} INFO - [2024-07-10T20:15:32.200+0000] {dagbag.py:540} INFO - Filling up the DagBag from /opt/airflow/dags/sensor_file.py
[2024-07-10T20:15:32.222+0000] {processor.py:840} INFO - DAG(s) 'sensor_file' retrieved from /opt/airflow/dags/sensor_file.py
[2024-07-10T20:15:32.246+0000] {logging_mixin.py:188} INFO - [2024-07-10T20:15:32.246+0000] {dag.py:3096} INFO - Sync 1 DAGs
[2024-07-10T20:15:32.269+0000] {logging_mixin.py:188} INFO - [2024-07-10T20:15:32.269+0000] {dag.py:3954} INFO - Setting next_dagrun for sensor_file to None, run_after=None
[2024-07-10T20:15:32.288+0000] {processor.py:183} INFO - Processing /opt/airflow/dags/sensor_file.py took 0.098 seconds
[2024-07-10T20:15:34.169+0000] {processor.py:161} INFO - Started process (PID=1126) to work on /opt/airflow/dags/sensor_file.py
[2024-07-10T20:15:34.170+0000] {processor.py:830} INFO - Processing file /opt/airflow/dags/sensor_file.py for tasks to queue
[2024-07-10T20:15:34.171+0000] {logging_mixin.py:188} INFO - [2024-07-10T20:15:34.171+0000] {dagbag.py:540} INFO - Filling up the DagBag from /opt/airflow/dags/sensor_file.py
[2024-07-10T20:15:34.188+0000] {processor.py:840} INFO - DAG(s) 'sensor_file' retrieved from /opt/airflow/dags/sensor_file.py
[2024-07-10T20:15:34.207+0000] {logging_mixin.py:188} INFO - [2024-07-10T20:15:34.206+0000] {dag.py:3096} INFO - Sync 1 DAGs
[2024-07-10T20:15:34.228+0000] {logging_mixin.py:188} INFO - [2024-07-10T20:15:34.227+0000] {dag.py:3954} INFO - Setting next_dagrun for sensor_file to None, run_after=None
[2024-07-10T20:15:34.247+0000] {processor.py:183} INFO - Processing /opt/airflow/dags/sensor_file.py took 0.085 seconds
[2024-07-10T20:15:36.509+0000] {processor.py:161} INFO - Started process (PID=1163) to work on /opt/airflow/dags/sensor_file.py
[2024-07-10T20:15:36.510+0000] {processor.py:830} INFO - Processing file /opt/airflow/dags/sensor_file.py for tasks to queue
[2024-07-10T20:15:36.512+0000] {logging_mixin.py:188} INFO - [2024-07-10T20:15:36.512+0000] {dagbag.py:540} INFO - Filling up the DagBag from /opt/airflow/dags/sensor_file.py
[2024-07-10T20:15:36.528+0000] {processor.py:840} INFO - DAG(s) 'sensor_file' retrieved from /opt/airflow/dags/sensor_file.py
[2024-07-10T20:15:36.547+0000] {logging_mixin.py:188} INFO - [2024-07-10T20:15:36.547+0000] {dag.py:3096} INFO - Sync 1 DAGs
[2024-07-10T20:15:36.567+0000] {logging_mixin.py:188} INFO - [2024-07-10T20:15:36.566+0000] {dag.py:3954} INFO - Setting next_dagrun for sensor_file to None, run_after=None
[2024-07-10T20:15:36.584+0000] {processor.py:183} INFO - Processing /opt/airflow/dags/sensor_file.py took 0.081 seconds
[2024-07-10T20:15:38.747+0000] {processor.py:161} INFO - Started process (PID=1194) to work on /opt/airflow/dags/sensor_file.py
[2024-07-10T20:15:38.749+0000] {processor.py:830} INFO - Processing file /opt/airflow/dags/sensor_file.py for tasks to queue
[2024-07-10T20:15:38.751+0000] {logging_mixin.py:188} INFO - [2024-07-10T20:15:38.751+0000] {dagbag.py:540} INFO - Filling up the DagBag from /opt/airflow/dags/sensor_file.py
[2024-07-10T20:15:38.771+0000] {processor.py:840} INFO - DAG(s) 'sensor_file' retrieved from /opt/airflow/dags/sensor_file.py
[2024-07-10T20:15:38.792+0000] {logging_mixin.py:188} INFO - [2024-07-10T20:15:38.791+0000] {dag.py:3096} INFO - Sync 1 DAGs
[2024-07-10T20:15:38.813+0000] {logging_mixin.py:188} INFO - [2024-07-10T20:15:38.812+0000] {dag.py:3954} INFO - Setting next_dagrun for sensor_file to None, run_after=None
[2024-07-10T20:15:38.835+0000] {processor.py:183} INFO - Processing /opt/airflow/dags/sensor_file.py took 0.095 seconds
