[2024-07-10T20:14:52.685+0000] {processor.py:161} INFO - Started process (PID=522) to work on /opt/airflow/dags/template_reference.py
[2024-07-10T20:14:52.686+0000] {processor.py:830} INFO - Processing file /opt/airflow/dags/template_reference.py for tasks to queue
[2024-07-10T20:14:52.688+0000] {logging_mixin.py:188} INFO - [2024-07-10T20:14:52.687+0000] {dagbag.py:540} INFO - Filling up the DagBag from /opt/airflow/dags/template_reference.py
[2024-07-10T20:14:52.706+0000] {processor.py:840} INFO - DAG(s) 'template_reference' retrieved from /opt/airflow/dags/template_reference.py
[2024-07-10T20:14:52.725+0000] {logging_mixin.py:188} INFO - [2024-07-10T20:14:52.725+0000] {dag.py:3096} INFO - Sync 1 DAGs
[2024-07-10T20:14:52.746+0000] {logging_mixin.py:188} INFO - [2024-07-10T20:14:52.746+0000] {dag.py:3954} INFO - Setting next_dagrun for template_reference to 2024-07-10 20:13:00+00:00, run_after=2024-07-10 20:14:00+00:00
[2024-07-10T20:14:52.764+0000] {processor.py:183} INFO - Processing /opt/airflow/dags/template_reference.py took 0.085 seconds
[2024-07-10T20:14:55.048+0000] {processor.py:161} INFO - Started process (PID=554) to work on /opt/airflow/dags/template_reference.py
[2024-07-10T20:14:55.049+0000] {processor.py:830} INFO - Processing file /opt/airflow/dags/template_reference.py for tasks to queue
[2024-07-10T20:14:55.051+0000] {logging_mixin.py:188} INFO - [2024-07-10T20:14:55.051+0000] {dagbag.py:540} INFO - Filling up the DagBag from /opt/airflow/dags/template_reference.py
[2024-07-10T20:14:55.069+0000] {processor.py:840} INFO - DAG(s) 'template_reference' retrieved from /opt/airflow/dags/template_reference.py
[2024-07-10T20:14:55.089+0000] {logging_mixin.py:188} INFO - [2024-07-10T20:14:55.088+0000] {dag.py:3096} INFO - Sync 1 DAGs
[2024-07-10T20:14:55.114+0000] {logging_mixin.py:188} INFO - [2024-07-10T20:14:55.113+0000] {dag.py:3954} INFO - Setting next_dagrun for template_reference to 2024-07-10 20:13:00+00:00, run_after=2024-07-10 20:14:00+00:00
[2024-07-10T20:14:55.137+0000] {processor.py:183} INFO - Processing /opt/airflow/dags/template_reference.py took 0.096 seconds
[2024-07-10T20:14:57.020+0000] {processor.py:161} INFO - Started process (PID=586) to work on /opt/airflow/dags/template_reference.py
[2024-07-10T20:14:57.021+0000] {processor.py:830} INFO - Processing file /opt/airflow/dags/template_reference.py for tasks to queue
[2024-07-10T20:14:57.022+0000] {logging_mixin.py:188} INFO - [2024-07-10T20:14:57.022+0000] {dagbag.py:540} INFO - Filling up the DagBag from /opt/airflow/dags/template_reference.py
[2024-07-10T20:14:57.040+0000] {processor.py:840} INFO - DAG(s) 'template_reference' retrieved from /opt/airflow/dags/template_reference.py
[2024-07-10T20:14:57.059+0000] {logging_mixin.py:188} INFO - [2024-07-10T20:14:57.059+0000] {dag.py:3096} INFO - Sync 1 DAGs
[2024-07-10T20:14:57.079+0000] {logging_mixin.py:188} INFO - [2024-07-10T20:14:57.079+0000] {dag.py:3954} INFO - Setting next_dagrun for template_reference to 2024-07-10 20:13:00+00:00, run_after=2024-07-10 20:14:00+00:00
[2024-07-10T20:14:57.097+0000] {processor.py:183} INFO - Processing /opt/airflow/dags/template_reference.py took 0.083 seconds
[2024-07-10T20:14:58.949+0000] {processor.py:161} INFO - Started process (PID=617) to work on /opt/airflow/dags/template_reference.py
[2024-07-10T20:14:58.950+0000] {processor.py:830} INFO - Processing file /opt/airflow/dags/template_reference.py for tasks to queue
[2024-07-10T20:14:58.952+0000] {logging_mixin.py:188} INFO - [2024-07-10T20:14:58.952+0000] {dagbag.py:540} INFO - Filling up the DagBag from /opt/airflow/dags/template_reference.py
[2024-07-10T20:14:58.974+0000] {processor.py:840} INFO - DAG(s) 'template_reference' retrieved from /opt/airflow/dags/template_reference.py
[2024-07-10T20:14:58.998+0000] {logging_mixin.py:188} INFO - [2024-07-10T20:14:58.997+0000] {dag.py:3096} INFO - Sync 1 DAGs
[2024-07-10T20:14:59.023+0000] {logging_mixin.py:188} INFO - [2024-07-10T20:14:59.022+0000] {dag.py:3954} INFO - Setting next_dagrun for template_reference to 2024-07-10 20:13:00+00:00, run_after=2024-07-10 20:14:00+00:00
[2024-07-10T20:14:59.046+0000] {processor.py:183} INFO - Processing /opt/airflow/dags/template_reference.py took 0.102 seconds
[2024-07-10T20:15:01.079+0000] {processor.py:161} INFO - Started process (PID=648) to work on /opt/airflow/dags/template_reference.py
[2024-07-10T20:15:01.080+0000] {processor.py:830} INFO - Processing file /opt/airflow/dags/template_reference.py for tasks to queue
[2024-07-10T20:15:01.082+0000] {logging_mixin.py:188} INFO - [2024-07-10T20:15:01.082+0000] {dagbag.py:540} INFO - Filling up the DagBag from /opt/airflow/dags/template_reference.py
[2024-07-10T20:15:01.099+0000] {processor.py:840} INFO - DAG(s) 'template_reference' retrieved from /opt/airflow/dags/template_reference.py
[2024-07-10T20:15:01.119+0000] {logging_mixin.py:188} INFO - [2024-07-10T20:15:01.118+0000] {dag.py:3096} INFO - Sync 1 DAGs
[2024-07-10T20:15:01.146+0000] {logging_mixin.py:188} INFO - [2024-07-10T20:15:01.146+0000] {dag.py:3954} INFO - Setting next_dagrun for template_reference to 2024-07-10 20:14:00+00:00, run_after=2024-07-10 20:15:00+00:00
[2024-07-10T20:15:01.168+0000] {processor.py:183} INFO - Processing /opt/airflow/dags/template_reference.py took 0.094 seconds
[2024-07-10T20:15:03.103+0000] {processor.py:161} INFO - Started process (PID=679) to work on /opt/airflow/dags/template_reference.py
[2024-07-10T20:15:03.104+0000] {processor.py:830} INFO - Processing file /opt/airflow/dags/template_reference.py for tasks to queue
[2024-07-10T20:15:03.106+0000] {logging_mixin.py:188} INFO - [2024-07-10T20:15:03.106+0000] {dagbag.py:540} INFO - Filling up the DagBag from /opt/airflow/dags/template_reference.py
[2024-07-10T20:15:03.127+0000] {processor.py:840} INFO - DAG(s) 'template_reference' retrieved from /opt/airflow/dags/template_reference.py
[2024-07-10T20:15:03.144+0000] {logging_mixin.py:188} INFO - [2024-07-10T20:15:03.144+0000] {dag.py:3096} INFO - Sync 1 DAGs
[2024-07-10T20:15:03.166+0000] {logging_mixin.py:188} INFO - [2024-07-10T20:15:03.166+0000] {dag.py:3954} INFO - Setting next_dagrun for template_reference to 2024-07-10 20:14:00+00:00, run_after=2024-07-10 20:15:00+00:00
[2024-07-10T20:15:03.185+0000] {processor.py:183} INFO - Processing /opt/airflow/dags/template_reference.py took 0.088 seconds
[2024-07-10T20:15:05.333+0000] {processor.py:161} INFO - Started process (PID=710) to work on /opt/airflow/dags/template_reference.py
[2024-07-10T20:15:05.334+0000] {processor.py:830} INFO - Processing file /opt/airflow/dags/template_reference.py for tasks to queue
[2024-07-10T20:15:05.336+0000] {logging_mixin.py:188} INFO - [2024-07-10T20:15:05.335+0000] {dagbag.py:540} INFO - Filling up the DagBag from /opt/airflow/dags/template_reference.py
[2024-07-10T20:15:05.352+0000] {processor.py:840} INFO - DAG(s) 'template_reference' retrieved from /opt/airflow/dags/template_reference.py
[2024-07-10T20:15:05.370+0000] {logging_mixin.py:188} INFO - [2024-07-10T20:15:05.370+0000] {dag.py:3096} INFO - Sync 1 DAGs
[2024-07-10T20:15:05.392+0000] {logging_mixin.py:188} INFO - [2024-07-10T20:15:05.391+0000] {dag.py:3954} INFO - Setting next_dagrun for template_reference to 2024-07-10 20:14:00+00:00, run_after=2024-07-10 20:15:00+00:00
[2024-07-10T20:15:05.410+0000] {processor.py:183} INFO - Processing /opt/airflow/dags/template_reference.py took 0.083 seconds
[2024-07-10T20:15:07.652+0000] {processor.py:161} INFO - Started process (PID=747) to work on /opt/airflow/dags/template_reference.py
[2024-07-10T20:15:07.653+0000] {processor.py:830} INFO - Processing file /opt/airflow/dags/template_reference.py for tasks to queue
[2024-07-10T20:15:07.655+0000] {logging_mixin.py:188} INFO - [2024-07-10T20:15:07.655+0000] {dagbag.py:540} INFO - Filling up the DagBag from /opt/airflow/dags/template_reference.py
[2024-07-10T20:15:07.677+0000] {processor.py:840} INFO - DAG(s) 'template_reference' retrieved from /opt/airflow/dags/template_reference.py
[2024-07-10T20:15:07.695+0000] {logging_mixin.py:188} INFO - [2024-07-10T20:15:07.695+0000] {dag.py:3096} INFO - Sync 1 DAGs
[2024-07-10T20:15:07.717+0000] {logging_mixin.py:188} INFO - [2024-07-10T20:15:07.717+0000] {dag.py:3954} INFO - Setting next_dagrun for template_reference to 2024-07-10 20:14:00+00:00, run_after=2024-07-10 20:15:00+00:00
[2024-07-10T20:15:07.737+0000] {processor.py:183} INFO - Processing /opt/airflow/dags/template_reference.py took 0.092 seconds
[2024-07-10T20:15:09.717+0000] {processor.py:161} INFO - Started process (PID=778) to work on /opt/airflow/dags/template_reference.py
[2024-07-10T20:15:09.718+0000] {processor.py:830} INFO - Processing file /opt/airflow/dags/template_reference.py for tasks to queue
[2024-07-10T20:15:09.720+0000] {logging_mixin.py:188} INFO - [2024-07-10T20:15:09.720+0000] {dagbag.py:540} INFO - Filling up the DagBag from /opt/airflow/dags/template_reference.py
[2024-07-10T20:15:09.739+0000] {processor.py:840} INFO - DAG(s) 'template_reference' retrieved from /opt/airflow/dags/template_reference.py
[2024-07-10T20:15:09.761+0000] {logging_mixin.py:188} INFO - [2024-07-10T20:15:09.760+0000] {dag.py:3096} INFO - Sync 1 DAGs
[2024-07-10T20:15:09.786+0000] {logging_mixin.py:188} INFO - [2024-07-10T20:15:09.786+0000] {dag.py:3954} INFO - Setting next_dagrun for template_reference to 2024-07-10 20:14:00+00:00, run_after=2024-07-10 20:15:00+00:00
[2024-07-10T20:15:09.805+0000] {processor.py:183} INFO - Processing /opt/airflow/dags/template_reference.py took 0.094 seconds
[2024-07-10T20:15:11.956+0000] {processor.py:161} INFO - Started process (PID=809) to work on /opt/airflow/dags/template_reference.py
[2024-07-10T20:15:11.957+0000] {processor.py:830} INFO - Processing file /opt/airflow/dags/template_reference.py for tasks to queue
[2024-07-10T20:15:11.959+0000] {logging_mixin.py:188} INFO - [2024-07-10T20:15:11.959+0000] {dagbag.py:540} INFO - Filling up the DagBag from /opt/airflow/dags/template_reference.py
[2024-07-10T20:15:11.980+0000] {processor.py:840} INFO - DAG(s) 'template_reference' retrieved from /opt/airflow/dags/template_reference.py
[2024-07-10T20:15:12.000+0000] {logging_mixin.py:188} INFO - [2024-07-10T20:15:11.999+0000] {dag.py:3096} INFO - Sync 1 DAGs
[2024-07-10T20:15:12.021+0000] {logging_mixin.py:188} INFO - [2024-07-10T20:15:12.021+0000] {dag.py:3954} INFO - Setting next_dagrun for template_reference to 2024-07-10 20:14:00+00:00, run_after=2024-07-10 20:15:00+00:00
[2024-07-10T20:15:12.038+0000] {processor.py:183} INFO - Processing /opt/airflow/dags/template_reference.py took 0.090 seconds
[2024-07-10T20:15:14.038+0000] {processor.py:161} INFO - Started process (PID=840) to work on /opt/airflow/dags/template_reference.py
[2024-07-10T20:15:14.039+0000] {processor.py:830} INFO - Processing file /opt/airflow/dags/template_reference.py for tasks to queue
[2024-07-10T20:15:14.041+0000] {logging_mixin.py:188} INFO - [2024-07-10T20:15:14.041+0000] {dagbag.py:540} INFO - Filling up the DagBag from /opt/airflow/dags/template_reference.py
[2024-07-10T20:15:14.063+0000] {processor.py:840} INFO - DAG(s) 'template_reference' retrieved from /opt/airflow/dags/template_reference.py
[2024-07-10T20:15:14.086+0000] {logging_mixin.py:188} INFO - [2024-07-10T20:15:14.085+0000] {dag.py:3096} INFO - Sync 1 DAGs
[2024-07-10T20:15:14.112+0000] {logging_mixin.py:188} INFO - [2024-07-10T20:15:14.112+0000] {dag.py:3954} INFO - Setting next_dagrun for template_reference to 2024-07-10 20:14:00+00:00, run_after=2024-07-10 20:15:00+00:00
[2024-07-10T20:15:14.135+0000] {processor.py:183} INFO - Processing /opt/airflow/dags/template_reference.py took 0.105 seconds
[2024-07-10T20:15:16.319+0000] {processor.py:161} INFO - Started process (PID=871) to work on /opt/airflow/dags/template_reference.py
[2024-07-10T20:15:16.320+0000] {processor.py:830} INFO - Processing file /opt/airflow/dags/template_reference.py for tasks to queue
[2024-07-10T20:15:16.322+0000] {logging_mixin.py:188} INFO - [2024-07-10T20:15:16.322+0000] {dagbag.py:540} INFO - Filling up the DagBag from /opt/airflow/dags/template_reference.py
[2024-07-10T20:15:16.345+0000] {processor.py:840} INFO - DAG(s) 'template_reference' retrieved from /opt/airflow/dags/template_reference.py
[2024-07-10T20:15:16.366+0000] {logging_mixin.py:188} INFO - [2024-07-10T20:15:16.366+0000] {dag.py:3096} INFO - Sync 1 DAGs
[2024-07-10T20:15:16.389+0000] {logging_mixin.py:188} INFO - [2024-07-10T20:15:16.388+0000] {dag.py:3954} INFO - Setting next_dagrun for template_reference to 2024-07-10 20:14:00+00:00, run_after=2024-07-10 20:15:00+00:00
[2024-07-10T20:15:16.407+0000] {processor.py:183} INFO - Processing /opt/airflow/dags/template_reference.py took 0.095 seconds
[2024-07-10T20:15:18.621+0000] {processor.py:161} INFO - Started process (PID=902) to work on /opt/airflow/dags/template_reference.py
[2024-07-10T20:15:18.623+0000] {processor.py:830} INFO - Processing file /opt/airflow/dags/template_reference.py for tasks to queue
[2024-07-10T20:15:18.625+0000] {logging_mixin.py:188} INFO - [2024-07-10T20:15:18.625+0000] {dagbag.py:540} INFO - Filling up the DagBag from /opt/airflow/dags/template_reference.py
[2024-07-10T20:15:18.648+0000] {processor.py:840} INFO - DAG(s) 'template_reference' retrieved from /opt/airflow/dags/template_reference.py
[2024-07-10T20:15:18.668+0000] {logging_mixin.py:188} INFO - [2024-07-10T20:15:18.668+0000] {dag.py:3096} INFO - Sync 1 DAGs
[2024-07-10T20:15:18.692+0000] {logging_mixin.py:188} INFO - [2024-07-10T20:15:18.692+0000] {dag.py:3954} INFO - Setting next_dagrun for template_reference to 2024-07-10 20:14:00+00:00, run_after=2024-07-10 20:15:00+00:00
[2024-07-10T20:15:18.711+0000] {processor.py:183} INFO - Processing /opt/airflow/dags/template_reference.py took 0.097 seconds
[2024-07-10T20:15:20.705+0000] {processor.py:161} INFO - Started process (PID=933) to work on /opt/airflow/dags/template_reference.py
[2024-07-10T20:15:20.706+0000] {processor.py:830} INFO - Processing file /opt/airflow/dags/template_reference.py for tasks to queue
[2024-07-10T20:15:20.707+0000] {logging_mixin.py:188} INFO - [2024-07-10T20:15:20.707+0000] {dagbag.py:540} INFO - Filling up the DagBag from /opt/airflow/dags/template_reference.py
[2024-07-10T20:15:20.726+0000] {processor.py:840} INFO - DAG(s) 'template_reference' retrieved from /opt/airflow/dags/template_reference.py
[2024-07-10T20:15:20.747+0000] {logging_mixin.py:188} INFO - [2024-07-10T20:15:20.747+0000] {dag.py:3096} INFO - Sync 1 DAGs
[2024-07-10T20:15:20.769+0000] {logging_mixin.py:188} INFO - [2024-07-10T20:15:20.768+0000] {dag.py:3954} INFO - Setting next_dagrun for template_reference to 2024-07-10 20:14:00+00:00, run_after=2024-07-10 20:15:00+00:00
[2024-07-10T20:15:20.786+0000] {processor.py:183} INFO - Processing /opt/airflow/dags/template_reference.py took 0.087 seconds
[2024-07-10T20:15:23.098+0000] {processor.py:161} INFO - Started process (PID=964) to work on /opt/airflow/dags/template_reference.py
[2024-07-10T20:15:23.100+0000] {processor.py:830} INFO - Processing file /opt/airflow/dags/template_reference.py for tasks to queue
[2024-07-10T20:15:23.102+0000] {logging_mixin.py:188} INFO - [2024-07-10T20:15:23.102+0000] {dagbag.py:540} INFO - Filling up the DagBag from /opt/airflow/dags/template_reference.py
[2024-07-10T20:15:23.119+0000] {processor.py:840} INFO - DAG(s) 'template_reference' retrieved from /opt/airflow/dags/template_reference.py
[2024-07-10T20:15:23.136+0000] {logging_mixin.py:188} INFO - [2024-07-10T20:15:23.136+0000] {dag.py:3096} INFO - Sync 1 DAGs
[2024-07-10T20:15:23.156+0000] {logging_mixin.py:188} INFO - [2024-07-10T20:15:23.156+0000] {dag.py:3954} INFO - Setting next_dagrun for template_reference to 2024-07-10 20:14:00+00:00, run_after=2024-07-10 20:15:00+00:00
[2024-07-10T20:15:23.175+0000] {processor.py:183} INFO - Processing /opt/airflow/dags/template_reference.py took 0.082 seconds
[2024-07-10T20:15:25.074+0000] {processor.py:161} INFO - Started process (PID=995) to work on /opt/airflow/dags/template_reference.py
[2024-07-10T20:15:25.075+0000] {processor.py:830} INFO - Processing file /opt/airflow/dags/template_reference.py for tasks to queue
[2024-07-10T20:15:25.077+0000] {logging_mixin.py:188} INFO - [2024-07-10T20:15:25.077+0000] {dagbag.py:540} INFO - Filling up the DagBag from /opt/airflow/dags/template_reference.py
[2024-07-10T20:15:25.096+0000] {processor.py:840} INFO - DAG(s) 'template_reference' retrieved from /opt/airflow/dags/template_reference.py
[2024-07-10T20:15:25.115+0000] {logging_mixin.py:188} INFO - [2024-07-10T20:15:25.114+0000] {dag.py:3096} INFO - Sync 1 DAGs
[2024-07-10T20:15:25.136+0000] {logging_mixin.py:188} INFO - [2024-07-10T20:15:25.136+0000] {dag.py:3954} INFO - Setting next_dagrun for template_reference to 2024-07-10 20:14:00+00:00, run_after=2024-07-10 20:15:00+00:00
[2024-07-10T20:15:25.155+0000] {processor.py:183} INFO - Processing /opt/airflow/dags/template_reference.py took 0.087 seconds
[2024-07-10T20:15:27.208+0000] {processor.py:161} INFO - Started process (PID=1026) to work on /opt/airflow/dags/template_reference.py
[2024-07-10T20:15:27.209+0000] {processor.py:830} INFO - Processing file /opt/airflow/dags/template_reference.py for tasks to queue
[2024-07-10T20:15:27.211+0000] {logging_mixin.py:188} INFO - [2024-07-10T20:15:27.211+0000] {dagbag.py:540} INFO - Filling up the DagBag from /opt/airflow/dags/template_reference.py
[2024-07-10T20:15:27.227+0000] {processor.py:840} INFO - DAG(s) 'template_reference' retrieved from /opt/airflow/dags/template_reference.py
[2024-07-10T20:15:27.244+0000] {logging_mixin.py:188} INFO - [2024-07-10T20:15:27.244+0000] {dag.py:3096} INFO - Sync 1 DAGs
[2024-07-10T20:15:27.265+0000] {logging_mixin.py:188} INFO - [2024-07-10T20:15:27.264+0000] {dag.py:3954} INFO - Setting next_dagrun for template_reference to 2024-07-10 20:14:00+00:00, run_after=2024-07-10 20:15:00+00:00
[2024-07-10T20:15:27.282+0000] {processor.py:183} INFO - Processing /opt/airflow/dags/template_reference.py took 0.080 seconds
[2024-07-10T20:15:29.441+0000] {processor.py:161} INFO - Started process (PID=1057) to work on /opt/airflow/dags/template_reference.py
[2024-07-10T20:15:29.442+0000] {processor.py:830} INFO - Processing file /opt/airflow/dags/template_reference.py for tasks to queue
[2024-07-10T20:15:29.443+0000] {logging_mixin.py:188} INFO - [2024-07-10T20:15:29.443+0000] {dagbag.py:540} INFO - Filling up the DagBag from /opt/airflow/dags/template_reference.py
[2024-07-10T20:15:29.463+0000] {processor.py:840} INFO - DAG(s) 'template_reference' retrieved from /opt/airflow/dags/template_reference.py
[2024-07-10T20:15:29.482+0000] {logging_mixin.py:188} INFO - [2024-07-10T20:15:29.482+0000] {dag.py:3096} INFO - Sync 1 DAGs
[2024-07-10T20:15:29.502+0000] {logging_mixin.py:188} INFO - [2024-07-10T20:15:29.502+0000] {dag.py:3954} INFO - Setting next_dagrun for template_reference to 2024-07-10 20:14:00+00:00, run_after=2024-07-10 20:15:00+00:00
[2024-07-10T20:15:29.521+0000] {processor.py:183} INFO - Processing /opt/airflow/dags/template_reference.py took 0.086 seconds
[2024-07-10T20:15:31.821+0000] {processor.py:161} INFO - Started process (PID=1088) to work on /opt/airflow/dags/template_reference.py
[2024-07-10T20:15:31.822+0000] {processor.py:830} INFO - Processing file /opt/airflow/dags/template_reference.py for tasks to queue
[2024-07-10T20:15:31.824+0000] {logging_mixin.py:188} INFO - [2024-07-10T20:15:31.824+0000] {dagbag.py:540} INFO - Filling up the DagBag from /opt/airflow/dags/template_reference.py
[2024-07-10T20:15:31.844+0000] {processor.py:840} INFO - DAG(s) 'template_reference' retrieved from /opt/airflow/dags/template_reference.py
[2024-07-10T20:15:31.862+0000] {logging_mixin.py:188} INFO - [2024-07-10T20:15:31.862+0000] {dag.py:3096} INFO - Sync 1 DAGs
[2024-07-10T20:15:31.884+0000] {logging_mixin.py:188} INFO - [2024-07-10T20:15:31.884+0000] {dag.py:3954} INFO - Setting next_dagrun for template_reference to 2024-07-10 20:14:00+00:00, run_after=2024-07-10 20:15:00+00:00
[2024-07-10T20:15:31.903+0000] {processor.py:183} INFO - Processing /opt/airflow/dags/template_reference.py took 0.088 seconds
[2024-07-10T20:15:33.803+0000] {processor.py:161} INFO - Started process (PID=1120) to work on /opt/airflow/dags/template_reference.py
[2024-07-10T20:15:33.804+0000] {processor.py:830} INFO - Processing file /opt/airflow/dags/template_reference.py for tasks to queue
[2024-07-10T20:15:33.806+0000] {logging_mixin.py:188} INFO - [2024-07-10T20:15:33.806+0000] {dagbag.py:540} INFO - Filling up the DagBag from /opt/airflow/dags/template_reference.py
[2024-07-10T20:15:33.825+0000] {processor.py:840} INFO - DAG(s) 'template_reference' retrieved from /opt/airflow/dags/template_reference.py
[2024-07-10T20:15:33.846+0000] {logging_mixin.py:188} INFO - [2024-07-10T20:15:33.845+0000] {dag.py:3096} INFO - Sync 1 DAGs
[2024-07-10T20:15:33.870+0000] {logging_mixin.py:188} INFO - [2024-07-10T20:15:33.870+0000] {dag.py:3954} INFO - Setting next_dagrun for template_reference to 2024-07-10 20:14:00+00:00, run_after=2024-07-10 20:15:00+00:00
[2024-07-10T20:15:33.889+0000] {processor.py:183} INFO - Processing /opt/airflow/dags/template_reference.py took 0.093 seconds
[2024-07-10T20:15:35.969+0000] {processor.py:161} INFO - Started process (PID=1151) to work on /opt/airflow/dags/template_reference.py
[2024-07-10T20:15:35.970+0000] {processor.py:830} INFO - Processing file /opt/airflow/dags/template_reference.py for tasks to queue
[2024-07-10T20:15:35.972+0000] {logging_mixin.py:188} INFO - [2024-07-10T20:15:35.972+0000] {dagbag.py:540} INFO - Filling up the DagBag from /opt/airflow/dags/template_reference.py
[2024-07-10T20:15:35.993+0000] {processor.py:840} INFO - DAG(s) 'template_reference' retrieved from /opt/airflow/dags/template_reference.py
[2024-07-10T20:15:36.014+0000] {logging_mixin.py:188} INFO - [2024-07-10T20:15:36.014+0000] {dag.py:3096} INFO - Sync 1 DAGs
[2024-07-10T20:15:36.036+0000] {logging_mixin.py:188} INFO - [2024-07-10T20:15:36.036+0000] {dag.py:3954} INFO - Setting next_dagrun for template_reference to 2024-07-10 20:14:00+00:00, run_after=2024-07-10 20:15:00+00:00
[2024-07-10T20:15:36.055+0000] {processor.py:183} INFO - Processing /opt/airflow/dags/template_reference.py took 0.092 seconds
[2024-07-10T20:15:38.354+0000] {processor.py:161} INFO - Started process (PID=1188) to work on /opt/airflow/dags/template_reference.py
[2024-07-10T20:15:38.355+0000] {processor.py:830} INFO - Processing file /opt/airflow/dags/template_reference.py for tasks to queue
[2024-07-10T20:15:38.357+0000] {logging_mixin.py:188} INFO - [2024-07-10T20:15:38.356+0000] {dagbag.py:540} INFO - Filling up the DagBag from /opt/airflow/dags/template_reference.py
[2024-07-10T20:15:38.376+0000] {processor.py:840} INFO - DAG(s) 'template_reference' retrieved from /opt/airflow/dags/template_reference.py
[2024-07-10T20:15:38.398+0000] {logging_mixin.py:188} INFO - [2024-07-10T20:15:38.398+0000] {dag.py:3096} INFO - Sync 1 DAGs
[2024-07-10T20:15:38.425+0000] {logging_mixin.py:188} INFO - [2024-07-10T20:15:38.425+0000] {dag.py:3954} INFO - Setting next_dagrun for template_reference to 2024-07-10 20:14:00+00:00, run_after=2024-07-10 20:15:00+00:00
[2024-07-10T20:15:38.446+0000] {processor.py:183} INFO - Processing /opt/airflow/dags/template_reference.py took 0.099 seconds
[2024-07-10T20:15:40.893+0000] {processor.py:161} INFO - Started process (PID=1220) to work on /opt/airflow/dags/template_reference.py
[2024-07-10T20:15:40.894+0000] {processor.py:830} INFO - Processing file /opt/airflow/dags/template_reference.py for tasks to queue
[2024-07-10T20:15:40.896+0000] {logging_mixin.py:188} INFO - [2024-07-10T20:15:40.896+0000] {dagbag.py:540} INFO - Filling up the DagBag from /opt/airflow/dags/template_reference.py
[2024-07-10T20:15:40.919+0000] {processor.py:840} INFO - DAG(s) 'template_reference' retrieved from /opt/airflow/dags/template_reference.py
[2024-07-10T20:15:40.940+0000] {logging_mixin.py:188} INFO - [2024-07-10T20:15:40.939+0000] {dag.py:3096} INFO - Sync 1 DAGs
[2024-07-10T20:15:40.966+0000] {logging_mixin.py:188} INFO - [2024-07-10T20:15:40.966+0000] {dag.py:3954} INFO - Setting next_dagrun for template_reference to 2024-07-10 20:14:00+00:00, run_after=2024-07-10 20:15:00+00:00
[2024-07-10T20:15:40.987+0000] {processor.py:183} INFO - Processing /opt/airflow/dags/template_reference.py took 0.103 seconds
