[2024-07-10T20:14:53.349+0000] {processor.py:161} INFO - Started process (PID=531) to work on /opt/airflow/dags/trigger_another_dag_without_completion.py
[2024-07-10T20:14:53.350+0000] {processor.py:830} INFO - Processing file /opt/airflow/dags/trigger_another_dag_without_completion.py for tasks to queue
[2024-07-10T20:14:53.352+0000] {logging_mixin.py:188} INFO - [2024-07-10T20:14:53.352+0000] {dagbag.py:540} INFO - Filling up the DagBag from /opt/airflow/dags/trigger_another_dag_without_completion.py
[2024-07-10T20:14:53.368+0000] {processor.py:840} INFO - DAG(s) 'trigger_another_dag_without_completion' retrieved from /opt/airflow/dags/trigger_another_dag_without_completion.py
[2024-07-10T20:14:53.386+0000] {logging_mixin.py:188} INFO - [2024-07-10T20:14:53.386+0000] {dag.py:3096} INFO - Sync 1 DAGs
[2024-07-10T20:14:53.405+0000] {logging_mixin.py:188} INFO - [2024-07-10T20:14:53.405+0000] {dag.py:3954} INFO - Setting next_dagrun for trigger_another_dag_without_completion to None, run_after=None
[2024-07-10T20:14:53.424+0000] {processor.py:183} INFO - Processing /opt/airflow/dags/trigger_another_dag_without_completion.py took 0.080 seconds
[2024-07-10T20:14:55.572+0000] {processor.py:161} INFO - Started process (PID=563) to work on /opt/airflow/dags/trigger_another_dag_without_completion.py
[2024-07-10T20:14:55.573+0000] {processor.py:830} INFO - Processing file /opt/airflow/dags/trigger_another_dag_without_completion.py for tasks to queue
[2024-07-10T20:14:55.575+0000] {logging_mixin.py:188} INFO - [2024-07-10T20:14:55.574+0000] {dagbag.py:540} INFO - Filling up the DagBag from /opt/airflow/dags/trigger_another_dag_without_completion.py
[2024-07-10T20:14:55.592+0000] {processor.py:840} INFO - DAG(s) 'trigger_another_dag_without_completion' retrieved from /opt/airflow/dags/trigger_another_dag_without_completion.py
[2024-07-10T20:14:55.611+0000] {logging_mixin.py:188} INFO - [2024-07-10T20:14:55.611+0000] {dag.py:3096} INFO - Sync 1 DAGs
[2024-07-10T20:14:55.629+0000] {logging_mixin.py:188} INFO - [2024-07-10T20:14:55.629+0000] {dag.py:3954} INFO - Setting next_dagrun for trigger_another_dag_without_completion to None, run_after=None
[2024-07-10T20:14:55.647+0000] {processor.py:183} INFO - Processing /opt/airflow/dags/trigger_another_dag_without_completion.py took 0.081 seconds
[2024-07-10T20:14:57.587+0000] {processor.py:161} INFO - Started process (PID=595) to work on /opt/airflow/dags/trigger_another_dag_without_completion.py
[2024-07-10T20:14:57.588+0000] {processor.py:830} INFO - Processing file /opt/airflow/dags/trigger_another_dag_without_completion.py for tasks to queue
[2024-07-10T20:14:57.590+0000] {logging_mixin.py:188} INFO - [2024-07-10T20:14:57.590+0000] {dagbag.py:540} INFO - Filling up the DagBag from /opt/airflow/dags/trigger_another_dag_without_completion.py
[2024-07-10T20:14:57.610+0000] {processor.py:840} INFO - DAG(s) 'trigger_another_dag_without_completion' retrieved from /opt/airflow/dags/trigger_another_dag_without_completion.py
[2024-07-10T20:14:57.632+0000] {logging_mixin.py:188} INFO - [2024-07-10T20:14:57.631+0000] {dag.py:3096} INFO - Sync 1 DAGs
[2024-07-10T20:14:57.654+0000] {logging_mixin.py:188} INFO - [2024-07-10T20:14:57.654+0000] {dag.py:3954} INFO - Setting next_dagrun for trigger_another_dag_without_completion to None, run_after=None
[2024-07-10T20:14:57.677+0000] {processor.py:183} INFO - Processing /opt/airflow/dags/trigger_another_dag_without_completion.py took 0.097 seconds
[2024-07-10T20:14:59.528+0000] {processor.py:161} INFO - Started process (PID=626) to work on /opt/airflow/dags/trigger_another_dag_without_completion.py
[2024-07-10T20:14:59.529+0000] {processor.py:830} INFO - Processing file /opt/airflow/dags/trigger_another_dag_without_completion.py for tasks to queue
[2024-07-10T20:14:59.531+0000] {logging_mixin.py:188} INFO - [2024-07-10T20:14:59.531+0000] {dagbag.py:540} INFO - Filling up the DagBag from /opt/airflow/dags/trigger_another_dag_without_completion.py
[2024-07-10T20:14:59.553+0000] {processor.py:840} INFO - DAG(s) 'trigger_another_dag_without_completion' retrieved from /opt/airflow/dags/trigger_another_dag_without_completion.py
[2024-07-10T20:14:59.576+0000] {logging_mixin.py:188} INFO - [2024-07-10T20:14:59.576+0000] {dag.py:3096} INFO - Sync 1 DAGs
[2024-07-10T20:14:59.602+0000] {logging_mixin.py:188} INFO - [2024-07-10T20:14:59.602+0000] {dag.py:3954} INFO - Setting next_dagrun for trigger_another_dag_without_completion to None, run_after=None
[2024-07-10T20:14:59.624+0000] {processor.py:183} INFO - Processing /opt/airflow/dags/trigger_another_dag_without_completion.py took 0.103 seconds
[2024-07-10T20:15:01.594+0000] {processor.py:161} INFO - Started process (PID=657) to work on /opt/airflow/dags/trigger_another_dag_without_completion.py
[2024-07-10T20:15:01.595+0000] {processor.py:830} INFO - Processing file /opt/airflow/dags/trigger_another_dag_without_completion.py for tasks to queue
[2024-07-10T20:15:01.596+0000] {logging_mixin.py:188} INFO - [2024-07-10T20:15:01.596+0000] {dagbag.py:540} INFO - Filling up the DagBag from /opt/airflow/dags/trigger_another_dag_without_completion.py
[2024-07-10T20:15:01.617+0000] {processor.py:840} INFO - DAG(s) 'trigger_another_dag_without_completion' retrieved from /opt/airflow/dags/trigger_another_dag_without_completion.py
[2024-07-10T20:15:01.639+0000] {logging_mixin.py:188} INFO - [2024-07-10T20:15:01.638+0000] {dag.py:3096} INFO - Sync 1 DAGs
[2024-07-10T20:15:01.663+0000] {logging_mixin.py:188} INFO - [2024-07-10T20:15:01.663+0000] {dag.py:3954} INFO - Setting next_dagrun for trigger_another_dag_without_completion to None, run_after=None
[2024-07-10T20:15:01.682+0000] {processor.py:183} INFO - Processing /opt/airflow/dags/trigger_another_dag_without_completion.py took 0.094 seconds
[2024-07-10T20:15:03.618+0000] {processor.py:161} INFO - Started process (PID=688) to work on /opt/airflow/dags/trigger_another_dag_without_completion.py
[2024-07-10T20:15:03.619+0000] {processor.py:830} INFO - Processing file /opt/airflow/dags/trigger_another_dag_without_completion.py for tasks to queue
[2024-07-10T20:15:03.621+0000] {logging_mixin.py:188} INFO - [2024-07-10T20:15:03.621+0000] {dagbag.py:540} INFO - Filling up the DagBag from /opt/airflow/dags/trigger_another_dag_without_completion.py
[2024-07-10T20:15:03.646+0000] {processor.py:840} INFO - DAG(s) 'trigger_another_dag_without_completion' retrieved from /opt/airflow/dags/trigger_another_dag_without_completion.py
[2024-07-10T20:15:03.669+0000] {logging_mixin.py:188} INFO - [2024-07-10T20:15:03.669+0000] {dag.py:3096} INFO - Sync 1 DAGs
[2024-07-10T20:15:03.693+0000] {logging_mixin.py:188} INFO - [2024-07-10T20:15:03.693+0000] {dag.py:3954} INFO - Setting next_dagrun for trigger_another_dag_without_completion to None, run_after=None
[2024-07-10T20:15:03.714+0000] {processor.py:183} INFO - Processing /opt/airflow/dags/trigger_another_dag_without_completion.py took 0.102 seconds
[2024-07-10T20:15:05.980+0000] {processor.py:161} INFO - Started process (PID=721) to work on /opt/airflow/dags/trigger_another_dag_without_completion.py
[2024-07-10T20:15:05.982+0000] {processor.py:830} INFO - Processing file /opt/airflow/dags/trigger_another_dag_without_completion.py for tasks to queue
[2024-07-10T20:15:05.984+0000] {logging_mixin.py:188} INFO - [2024-07-10T20:15:05.984+0000] {dagbag.py:540} INFO - Filling up the DagBag from /opt/airflow/dags/trigger_another_dag_without_completion.py
[2024-07-10T20:15:06.008+0000] {processor.py:840} INFO - DAG(s) 'trigger_another_dag_without_completion' retrieved from /opt/airflow/dags/trigger_another_dag_without_completion.py
[2024-07-10T20:15:06.028+0000] {logging_mixin.py:188} INFO - [2024-07-10T20:15:06.027+0000] {dag.py:3096} INFO - Sync 1 DAGs
[2024-07-10T20:15:06.049+0000] {logging_mixin.py:188} INFO - [2024-07-10T20:15:06.049+0000] {dag.py:3954} INFO - Setting next_dagrun for trigger_another_dag_without_completion to None, run_after=None
[2024-07-10T20:15:06.068+0000] {processor.py:183} INFO - Processing /opt/airflow/dags/trigger_another_dag_without_completion.py took 0.094 seconds
[2024-07-10T20:15:08.185+0000] {processor.py:161} INFO - Started process (PID=756) to work on /opt/airflow/dags/trigger_another_dag_without_completion.py
[2024-07-10T20:15:08.186+0000] {processor.py:830} INFO - Processing file /opt/airflow/dags/trigger_another_dag_without_completion.py for tasks to queue
[2024-07-10T20:15:08.188+0000] {logging_mixin.py:188} INFO - [2024-07-10T20:15:08.188+0000] {dagbag.py:540} INFO - Filling up the DagBag from /opt/airflow/dags/trigger_another_dag_without_completion.py
[2024-07-10T20:15:08.212+0000] {processor.py:840} INFO - DAG(s) 'trigger_another_dag_without_completion' retrieved from /opt/airflow/dags/trigger_another_dag_without_completion.py
[2024-07-10T20:15:08.235+0000] {logging_mixin.py:188} INFO - [2024-07-10T20:15:08.235+0000] {dag.py:3096} INFO - Sync 1 DAGs
[2024-07-10T20:15:08.256+0000] {logging_mixin.py:188} INFO - [2024-07-10T20:15:08.256+0000] {dag.py:3954} INFO - Setting next_dagrun for trigger_another_dag_without_completion to None, run_after=None
[2024-07-10T20:15:08.277+0000] {processor.py:183} INFO - Processing /opt/airflow/dags/trigger_another_dag_without_completion.py took 0.099 seconds
[2024-07-10T20:15:10.246+0000] {processor.py:161} INFO - Started process (PID=787) to work on /opt/airflow/dags/trigger_another_dag_without_completion.py
[2024-07-10T20:15:10.247+0000] {processor.py:830} INFO - Processing file /opt/airflow/dags/trigger_another_dag_without_completion.py for tasks to queue
[2024-07-10T20:15:10.250+0000] {logging_mixin.py:188} INFO - [2024-07-10T20:15:10.249+0000] {dagbag.py:540} INFO - Filling up the DagBag from /opt/airflow/dags/trigger_another_dag_without_completion.py
[2024-07-10T20:15:10.266+0000] {processor.py:840} INFO - DAG(s) 'trigger_another_dag_without_completion' retrieved from /opt/airflow/dags/trigger_another_dag_without_completion.py
[2024-07-10T20:15:10.286+0000] {logging_mixin.py:188} INFO - [2024-07-10T20:15:10.286+0000] {dag.py:3096} INFO - Sync 1 DAGs
[2024-07-10T20:15:10.307+0000] {logging_mixin.py:188} INFO - [2024-07-10T20:15:10.307+0000] {dag.py:3954} INFO - Setting next_dagrun for trigger_another_dag_without_completion to None, run_after=None
[2024-07-10T20:15:10.327+0000] {processor.py:183} INFO - Processing /opt/airflow/dags/trigger_another_dag_without_completion.py took 0.087 seconds
[2024-07-10T20:15:12.593+0000] {processor.py:161} INFO - Started process (PID=818) to work on /opt/airflow/dags/trigger_another_dag_without_completion.py
[2024-07-10T20:15:12.594+0000] {processor.py:830} INFO - Processing file /opt/airflow/dags/trigger_another_dag_without_completion.py for tasks to queue
[2024-07-10T20:15:12.596+0000] {logging_mixin.py:188} INFO - [2024-07-10T20:15:12.596+0000] {dagbag.py:540} INFO - Filling up the DagBag from /opt/airflow/dags/trigger_another_dag_without_completion.py
[2024-07-10T20:15:12.614+0000] {processor.py:840} INFO - DAG(s) 'trigger_another_dag_without_completion' retrieved from /opt/airflow/dags/trigger_another_dag_without_completion.py
[2024-07-10T20:15:12.636+0000] {logging_mixin.py:188} INFO - [2024-07-10T20:15:12.636+0000] {dag.py:3096} INFO - Sync 1 DAGs
[2024-07-10T20:15:12.660+0000] {logging_mixin.py:188} INFO - [2024-07-10T20:15:12.660+0000] {dag.py:3954} INFO - Setting next_dagrun for trigger_another_dag_without_completion to None, run_after=None
[2024-07-10T20:15:12.688+0000] {processor.py:183} INFO - Processing /opt/airflow/dags/trigger_another_dag_without_completion.py took 0.101 seconds
[2024-07-10T20:15:14.596+0000] {processor.py:161} INFO - Started process (PID=849) to work on /opt/airflow/dags/trigger_another_dag_without_completion.py
[2024-07-10T20:15:14.597+0000] {processor.py:830} INFO - Processing file /opt/airflow/dags/trigger_another_dag_without_completion.py for tasks to queue
[2024-07-10T20:15:14.598+0000] {logging_mixin.py:188} INFO - [2024-07-10T20:15:14.598+0000] {dagbag.py:540} INFO - Filling up the DagBag from /opt/airflow/dags/trigger_another_dag_without_completion.py
[2024-07-10T20:15:14.616+0000] {processor.py:840} INFO - DAG(s) 'trigger_another_dag_without_completion' retrieved from /opt/airflow/dags/trigger_another_dag_without_completion.py
[2024-07-10T20:15:14.634+0000] {logging_mixin.py:188} INFO - [2024-07-10T20:15:14.634+0000] {dag.py:3096} INFO - Sync 1 DAGs
[2024-07-10T20:15:14.655+0000] {logging_mixin.py:188} INFO - [2024-07-10T20:15:14.655+0000] {dag.py:3954} INFO - Setting next_dagrun for trigger_another_dag_without_completion to None, run_after=None
[2024-07-10T20:15:14.673+0000] {processor.py:183} INFO - Processing /opt/airflow/dags/trigger_another_dag_without_completion.py took 0.083 seconds
[2024-07-10T20:15:16.814+0000] {processor.py:161} INFO - Started process (PID=880) to work on /opt/airflow/dags/trigger_another_dag_without_completion.py
[2024-07-10T20:15:16.815+0000] {processor.py:830} INFO - Processing file /opt/airflow/dags/trigger_another_dag_without_completion.py for tasks to queue
[2024-07-10T20:15:16.816+0000] {logging_mixin.py:188} INFO - [2024-07-10T20:15:16.816+0000] {dagbag.py:540} INFO - Filling up the DagBag from /opt/airflow/dags/trigger_another_dag_without_completion.py
[2024-07-10T20:15:16.835+0000] {processor.py:840} INFO - DAG(s) 'trigger_another_dag_without_completion' retrieved from /opt/airflow/dags/trigger_another_dag_without_completion.py
[2024-07-10T20:15:16.854+0000] {logging_mixin.py:188} INFO - [2024-07-10T20:15:16.854+0000] {dag.py:3096} INFO - Sync 1 DAGs
[2024-07-10T20:15:16.874+0000] {logging_mixin.py:188} INFO - [2024-07-10T20:15:16.873+0000] {dag.py:3954} INFO - Setting next_dagrun for trigger_another_dag_without_completion to None, run_after=None
[2024-07-10T20:15:16.894+0000] {processor.py:183} INFO - Processing /opt/airflow/dags/trigger_another_dag_without_completion.py took 0.086 seconds
[2024-07-10T20:15:19.145+0000] {processor.py:161} INFO - Started process (PID=911) to work on /opt/airflow/dags/trigger_another_dag_without_completion.py
[2024-07-10T20:15:19.146+0000] {processor.py:830} INFO - Processing file /opt/airflow/dags/trigger_another_dag_without_completion.py for tasks to queue
[2024-07-10T20:15:19.147+0000] {logging_mixin.py:188} INFO - [2024-07-10T20:15:19.147+0000] {dagbag.py:540} INFO - Filling up the DagBag from /opt/airflow/dags/trigger_another_dag_without_completion.py
[2024-07-10T20:15:19.164+0000] {processor.py:840} INFO - DAG(s) 'trigger_another_dag_without_completion' retrieved from /opt/airflow/dags/trigger_another_dag_without_completion.py
[2024-07-10T20:15:19.183+0000] {logging_mixin.py:188} INFO - [2024-07-10T20:15:19.183+0000] {dag.py:3096} INFO - Sync 1 DAGs
[2024-07-10T20:15:19.203+0000] {logging_mixin.py:188} INFO - [2024-07-10T20:15:19.202+0000] {dag.py:3954} INFO - Setting next_dagrun for trigger_another_dag_without_completion to None, run_after=None
[2024-07-10T20:15:19.220+0000] {processor.py:183} INFO - Processing /opt/airflow/dags/trigger_another_dag_without_completion.py took 0.081 seconds
[2024-07-10T20:15:21.375+0000] {processor.py:161} INFO - Started process (PID=942) to work on /opt/airflow/dags/trigger_another_dag_without_completion.py
[2024-07-10T20:15:21.376+0000] {processor.py:830} INFO - Processing file /opt/airflow/dags/trigger_another_dag_without_completion.py for tasks to queue
[2024-07-10T20:15:21.378+0000] {logging_mixin.py:188} INFO - [2024-07-10T20:15:21.378+0000] {dagbag.py:540} INFO - Filling up the DagBag from /opt/airflow/dags/trigger_another_dag_without_completion.py
[2024-07-10T20:15:21.396+0000] {processor.py:840} INFO - DAG(s) 'trigger_another_dag_without_completion' retrieved from /opt/airflow/dags/trigger_another_dag_without_completion.py
[2024-07-10T20:15:21.415+0000] {logging_mixin.py:188} INFO - [2024-07-10T20:15:21.414+0000] {dag.py:3096} INFO - Sync 1 DAGs
[2024-07-10T20:15:21.433+0000] {logging_mixin.py:188} INFO - [2024-07-10T20:15:21.432+0000] {dag.py:3954} INFO - Setting next_dagrun for trigger_another_dag_without_completion to None, run_after=None
[2024-07-10T20:15:21.453+0000] {processor.py:183} INFO - Processing /opt/airflow/dags/trigger_another_dag_without_completion.py took 0.083 seconds
[2024-07-10T20:15:23.586+0000] {processor.py:161} INFO - Started process (PID=973) to work on /opt/airflow/dags/trigger_another_dag_without_completion.py
[2024-07-10T20:15:23.587+0000] {processor.py:830} INFO - Processing file /opt/airflow/dags/trigger_another_dag_without_completion.py for tasks to queue
[2024-07-10T20:15:23.588+0000] {logging_mixin.py:188} INFO - [2024-07-10T20:15:23.588+0000] {dagbag.py:540} INFO - Filling up the DagBag from /opt/airflow/dags/trigger_another_dag_without_completion.py
[2024-07-10T20:15:23.606+0000] {processor.py:840} INFO - DAG(s) 'trigger_another_dag_without_completion' retrieved from /opt/airflow/dags/trigger_another_dag_without_completion.py
[2024-07-10T20:15:23.625+0000] {logging_mixin.py:188} INFO - [2024-07-10T20:15:23.625+0000] {dag.py:3096} INFO - Sync 1 DAGs
[2024-07-10T20:15:23.644+0000] {logging_mixin.py:188} INFO - [2024-07-10T20:15:23.644+0000] {dag.py:3954} INFO - Setting next_dagrun for trigger_another_dag_without_completion to None, run_after=None
[2024-07-10T20:15:23.663+0000] {processor.py:183} INFO - Processing /opt/airflow/dags/trigger_another_dag_without_completion.py took 0.083 seconds
[2024-07-10T20:15:25.741+0000] {processor.py:161} INFO - Started process (PID=1004) to work on /opt/airflow/dags/trigger_another_dag_without_completion.py
[2024-07-10T20:15:25.743+0000] {processor.py:830} INFO - Processing file /opt/airflow/dags/trigger_another_dag_without_completion.py for tasks to queue
[2024-07-10T20:15:25.745+0000] {logging_mixin.py:188} INFO - [2024-07-10T20:15:25.745+0000] {dagbag.py:540} INFO - Filling up the DagBag from /opt/airflow/dags/trigger_another_dag_without_completion.py
[2024-07-10T20:15:25.765+0000] {processor.py:840} INFO - DAG(s) 'trigger_another_dag_without_completion' retrieved from /opt/airflow/dags/trigger_another_dag_without_completion.py
[2024-07-10T20:15:25.786+0000] {logging_mixin.py:188} INFO - [2024-07-10T20:15:25.785+0000] {dag.py:3096} INFO - Sync 1 DAGs
[2024-07-10T20:15:25.805+0000] {logging_mixin.py:188} INFO - [2024-07-10T20:15:25.805+0000] {dag.py:3954} INFO - Setting next_dagrun for trigger_another_dag_without_completion to None, run_after=None
[2024-07-10T20:15:25.826+0000] {processor.py:183} INFO - Processing /opt/airflow/dags/trigger_another_dag_without_completion.py took 0.091 seconds
[2024-07-10T20:15:27.731+0000] {processor.py:161} INFO - Started process (PID=1035) to work on /opt/airflow/dags/trigger_another_dag_without_completion.py
[2024-07-10T20:15:27.732+0000] {processor.py:830} INFO - Processing file /opt/airflow/dags/trigger_another_dag_without_completion.py for tasks to queue
[2024-07-10T20:15:27.734+0000] {logging_mixin.py:188} INFO - [2024-07-10T20:15:27.733+0000] {dagbag.py:540} INFO - Filling up the DagBag from /opt/airflow/dags/trigger_another_dag_without_completion.py
[2024-07-10T20:15:27.753+0000] {processor.py:840} INFO - DAG(s) 'trigger_another_dag_without_completion' retrieved from /opt/airflow/dags/trigger_another_dag_without_completion.py
[2024-07-10T20:15:27.772+0000] {logging_mixin.py:188} INFO - [2024-07-10T20:15:27.772+0000] {dag.py:3096} INFO - Sync 1 DAGs
[2024-07-10T20:15:27.791+0000] {logging_mixin.py:188} INFO - [2024-07-10T20:15:27.791+0000] {dag.py:3954} INFO - Setting next_dagrun for trigger_another_dag_without_completion to None, run_after=None
[2024-07-10T20:15:27.812+0000] {processor.py:183} INFO - Processing /opt/airflow/dags/trigger_another_dag_without_completion.py took 0.087 seconds
[2024-07-10T20:15:30.033+0000] {processor.py:161} INFO - Started process (PID=1066) to work on /opt/airflow/dags/trigger_another_dag_without_completion.py
[2024-07-10T20:15:30.034+0000] {processor.py:830} INFO - Processing file /opt/airflow/dags/trigger_another_dag_without_completion.py for tasks to queue
[2024-07-10T20:15:30.036+0000] {logging_mixin.py:188} INFO - [2024-07-10T20:15:30.036+0000] {dagbag.py:540} INFO - Filling up the DagBag from /opt/airflow/dags/trigger_another_dag_without_completion.py
[2024-07-10T20:15:30.054+0000] {processor.py:840} INFO - DAG(s) 'trigger_another_dag_without_completion' retrieved from /opt/airflow/dags/trigger_another_dag_without_completion.py
[2024-07-10T20:15:30.077+0000] {logging_mixin.py:188} INFO - [2024-07-10T20:15:30.076+0000] {dag.py:3096} INFO - Sync 1 DAGs
[2024-07-10T20:15:30.102+0000] {logging_mixin.py:188} INFO - [2024-07-10T20:15:30.102+0000] {dag.py:3954} INFO - Setting next_dagrun for trigger_another_dag_without_completion to None, run_after=None
[2024-07-10T20:15:30.126+0000] {processor.py:183} INFO - Processing /opt/airflow/dags/trigger_another_dag_without_completion.py took 0.100 seconds
[2024-07-10T20:15:32.356+0000] {processor.py:161} INFO - Started process (PID=1097) to work on /opt/airflow/dags/trigger_another_dag_without_completion.py
[2024-07-10T20:15:32.357+0000] {processor.py:830} INFO - Processing file /opt/airflow/dags/trigger_another_dag_without_completion.py for tasks to queue
[2024-07-10T20:15:32.359+0000] {logging_mixin.py:188} INFO - [2024-07-10T20:15:32.359+0000] {dagbag.py:540} INFO - Filling up the DagBag from /opt/airflow/dags/trigger_another_dag_without_completion.py
[2024-07-10T20:15:32.378+0000] {processor.py:840} INFO - DAG(s) 'trigger_another_dag_without_completion' retrieved from /opt/airflow/dags/trigger_another_dag_without_completion.py
[2024-07-10T20:15:32.398+0000] {logging_mixin.py:188} INFO - [2024-07-10T20:15:32.397+0000] {dag.py:3096} INFO - Sync 1 DAGs
[2024-07-10T20:15:32.419+0000] {logging_mixin.py:188} INFO - [2024-07-10T20:15:32.419+0000] {dag.py:3954} INFO - Setting next_dagrun for trigger_another_dag_without_completion to None, run_after=None
[2024-07-10T20:15:32.440+0000] {processor.py:183} INFO - Processing /opt/airflow/dags/trigger_another_dag_without_completion.py took 0.090 seconds
[2024-07-10T20:15:34.365+0000] {processor.py:161} INFO - Started process (PID=1129) to work on /opt/airflow/dags/trigger_another_dag_without_completion.py
[2024-07-10T20:15:34.366+0000] {processor.py:830} INFO - Processing file /opt/airflow/dags/trigger_another_dag_without_completion.py for tasks to queue
[2024-07-10T20:15:34.369+0000] {logging_mixin.py:188} INFO - [2024-07-10T20:15:34.368+0000] {dagbag.py:540} INFO - Filling up the DagBag from /opt/airflow/dags/trigger_another_dag_without_completion.py
[2024-07-10T20:15:34.389+0000] {processor.py:840} INFO - DAG(s) 'trigger_another_dag_without_completion' retrieved from /opt/airflow/dags/trigger_another_dag_without_completion.py
[2024-07-10T20:15:34.412+0000] {logging_mixin.py:188} INFO - [2024-07-10T20:15:34.412+0000] {dag.py:3096} INFO - Sync 1 DAGs
[2024-07-10T20:15:34.431+0000] {logging_mixin.py:188} INFO - [2024-07-10T20:15:34.431+0000] {dag.py:3954} INFO - Setting next_dagrun for trigger_another_dag_without_completion to None, run_after=None
[2024-07-10T20:15:34.450+0000] {processor.py:183} INFO - Processing /opt/airflow/dags/trigger_another_dag_without_completion.py took 0.091 seconds
[2024-07-10T20:15:36.639+0000] {processor.py:161} INFO - Started process (PID=1166) to work on /opt/airflow/dags/trigger_another_dag_without_completion.py
[2024-07-10T20:15:36.640+0000] {processor.py:830} INFO - Processing file /opt/airflow/dags/trigger_another_dag_without_completion.py for tasks to queue
[2024-07-10T20:15:36.642+0000] {logging_mixin.py:188} INFO - [2024-07-10T20:15:36.642+0000] {dagbag.py:540} INFO - Filling up the DagBag from /opt/airflow/dags/trigger_another_dag_without_completion.py
[2024-07-10T20:15:36.660+0000] {processor.py:840} INFO - DAG(s) 'trigger_another_dag_without_completion' retrieved from /opt/airflow/dags/trigger_another_dag_without_completion.py
[2024-07-10T20:15:36.682+0000] {logging_mixin.py:188} INFO - [2024-07-10T20:15:36.681+0000] {dag.py:3096} INFO - Sync 1 DAGs
[2024-07-10T20:15:36.702+0000] {logging_mixin.py:188} INFO - [2024-07-10T20:15:36.701+0000] {dag.py:3954} INFO - Setting next_dagrun for trigger_another_dag_without_completion to None, run_after=None
[2024-07-10T20:15:36.722+0000] {processor.py:183} INFO - Processing /opt/airflow/dags/trigger_another_dag_without_completion.py took 0.089 seconds
[2024-07-10T20:15:38.950+0000] {processor.py:161} INFO - Started process (PID=1197) to work on /opt/airflow/dags/trigger_another_dag_without_completion.py
[2024-07-10T20:15:38.952+0000] {processor.py:830} INFO - Processing file /opt/airflow/dags/trigger_another_dag_without_completion.py for tasks to queue
[2024-07-10T20:15:38.954+0000] {logging_mixin.py:188} INFO - [2024-07-10T20:15:38.954+0000] {dagbag.py:540} INFO - Filling up the DagBag from /opt/airflow/dags/trigger_another_dag_without_completion.py
[2024-07-10T20:15:38.977+0000] {processor.py:840} INFO - DAG(s) 'trigger_another_dag_without_completion' retrieved from /opt/airflow/dags/trigger_another_dag_without_completion.py
[2024-07-10T20:15:39.007+0000] {logging_mixin.py:188} INFO - [2024-07-10T20:15:39.006+0000] {dag.py:3096} INFO - Sync 1 DAGs
[2024-07-10T20:15:39.033+0000] {logging_mixin.py:188} INFO - [2024-07-10T20:15:39.033+0000] {dag.py:3954} INFO - Setting next_dagrun for trigger_another_dag_without_completion to None, run_after=None
[2024-07-10T20:15:39.052+0000] {processor.py:183} INFO - Processing /opt/airflow/dags/trigger_another_dag_without_completion.py took 0.113 seconds
