[2024-07-10T20:14:53.462+0000] {processor.py:161} INFO - Started process (PID=532) to work on /opt/airflow/dags/trigger_another_dag_with_completion.py
[2024-07-10T20:14:53.463+0000] {processor.py:830} INFO - Processing file /opt/airflow/dags/trigger_another_dag_with_completion.py for tasks to queue
[2024-07-10T20:14:53.465+0000] {logging_mixin.py:188} INFO - [2024-07-10T20:14:53.464+0000] {dagbag.py:540} INFO - Filling up the DagBag from /opt/airflow/dags/trigger_another_dag_with_completion.py
[2024-07-10T20:14:53.483+0000] {processor.py:840} INFO - DAG(s) 'trigger_another_dag_with_completion' retrieved from /opt/airflow/dags/trigger_another_dag_with_completion.py
[2024-07-10T20:14:53.501+0000] {logging_mixin.py:188} INFO - [2024-07-10T20:14:53.501+0000] {dag.py:3096} INFO - Sync 1 DAGs
[2024-07-10T20:14:53.521+0000] {logging_mixin.py:188} INFO - [2024-07-10T20:14:53.521+0000] {dag.py:3954} INFO - Setting next_dagrun for trigger_another_dag_with_completion to None, run_after=None
[2024-07-10T20:14:53.541+0000] {processor.py:183} INFO - Processing /opt/airflow/dags/trigger_another_dag_with_completion.py took 0.086 seconds
[2024-07-10T20:14:55.607+0000] {processor.py:161} INFO - Started process (PID=564) to work on /opt/airflow/dags/trigger_another_dag_with_completion.py
[2024-07-10T20:14:55.608+0000] {processor.py:830} INFO - Processing file /opt/airflow/dags/trigger_another_dag_with_completion.py for tasks to queue
[2024-07-10T20:14:55.610+0000] {logging_mixin.py:188} INFO - [2024-07-10T20:14:55.610+0000] {dagbag.py:540} INFO - Filling up the DagBag from /opt/airflow/dags/trigger_another_dag_with_completion.py
[2024-07-10T20:14:55.627+0000] {processor.py:840} INFO - DAG(s) 'trigger_another_dag_with_completion' retrieved from /opt/airflow/dags/trigger_another_dag_with_completion.py
[2024-07-10T20:14:55.646+0000] {logging_mixin.py:188} INFO - [2024-07-10T20:14:55.646+0000] {dag.py:3096} INFO - Sync 1 DAGs
[2024-07-10T20:14:55.668+0000] {logging_mixin.py:188} INFO - [2024-07-10T20:14:55.667+0000] {dag.py:3954} INFO - Setting next_dagrun for trigger_another_dag_with_completion to None, run_after=None
[2024-07-10T20:14:55.687+0000] {processor.py:183} INFO - Processing /opt/airflow/dags/trigger_another_dag_with_completion.py took 0.086 seconds
[2024-07-10T20:14:57.686+0000] {processor.py:161} INFO - Started process (PID=596) to work on /opt/airflow/dags/trigger_another_dag_with_completion.py
[2024-07-10T20:14:57.688+0000] {processor.py:830} INFO - Processing file /opt/airflow/dags/trigger_another_dag_with_completion.py for tasks to queue
[2024-07-10T20:14:57.690+0000] {logging_mixin.py:188} INFO - [2024-07-10T20:14:57.690+0000] {dagbag.py:540} INFO - Filling up the DagBag from /opt/airflow/dags/trigger_another_dag_with_completion.py
[2024-07-10T20:14:57.709+0000] {processor.py:840} INFO - DAG(s) 'trigger_another_dag_with_completion' retrieved from /opt/airflow/dags/trigger_another_dag_with_completion.py
[2024-07-10T20:14:57.726+0000] {logging_mixin.py:188} INFO - [2024-07-10T20:14:57.726+0000] {dag.py:3096} INFO - Sync 1 DAGs
[2024-07-10T20:14:57.745+0000] {logging_mixin.py:188} INFO - [2024-07-10T20:14:57.745+0000] {dag.py:3954} INFO - Setting next_dagrun for trigger_another_dag_with_completion to None, run_after=None
[2024-07-10T20:14:57.763+0000] {processor.py:183} INFO - Processing /opt/airflow/dags/trigger_another_dag_with_completion.py took 0.083 seconds
[2024-07-10T20:14:59.572+0000] {processor.py:161} INFO - Started process (PID=627) to work on /opt/airflow/dags/trigger_another_dag_with_completion.py
[2024-07-10T20:14:59.573+0000] {processor.py:830} INFO - Processing file /opt/airflow/dags/trigger_another_dag_with_completion.py for tasks to queue
[2024-07-10T20:14:59.576+0000] {logging_mixin.py:188} INFO - [2024-07-10T20:14:59.576+0000] {dagbag.py:540} INFO - Filling up the DagBag from /opt/airflow/dags/trigger_another_dag_with_completion.py
[2024-07-10T20:14:59.591+0000] {processor.py:840} INFO - DAG(s) 'trigger_another_dag_with_completion' retrieved from /opt/airflow/dags/trigger_another_dag_with_completion.py
[2024-07-10T20:14:59.616+0000] {logging_mixin.py:188} INFO - [2024-07-10T20:14:59.616+0000] {dag.py:3096} INFO - Sync 1 DAGs
[2024-07-10T20:14:59.643+0000] {logging_mixin.py:188} INFO - [2024-07-10T20:14:59.643+0000] {dag.py:3954} INFO - Setting next_dagrun for trigger_another_dag_with_completion to None, run_after=None
[2024-07-10T20:14:59.665+0000] {processor.py:183} INFO - Processing /opt/airflow/dags/trigger_another_dag_with_completion.py took 0.099 seconds
[2024-07-10T20:15:01.632+0000] {processor.py:161} INFO - Started process (PID=658) to work on /opt/airflow/dags/trigger_another_dag_with_completion.py
[2024-07-10T20:15:01.634+0000] {processor.py:830} INFO - Processing file /opt/airflow/dags/trigger_another_dag_with_completion.py for tasks to queue
[2024-07-10T20:15:01.637+0000] {logging_mixin.py:188} INFO - [2024-07-10T20:15:01.637+0000] {dagbag.py:540} INFO - Filling up the DagBag from /opt/airflow/dags/trigger_another_dag_with_completion.py
[2024-07-10T20:15:01.655+0000] {processor.py:840} INFO - DAG(s) 'trigger_another_dag_with_completion' retrieved from /opt/airflow/dags/trigger_another_dag_with_completion.py
[2024-07-10T20:15:01.675+0000] {logging_mixin.py:188} INFO - [2024-07-10T20:15:01.674+0000] {dag.py:3096} INFO - Sync 1 DAGs
[2024-07-10T20:15:01.694+0000] {logging_mixin.py:188} INFO - [2024-07-10T20:15:01.694+0000] {dag.py:3954} INFO - Setting next_dagrun for trigger_another_dag_with_completion to None, run_after=None
[2024-07-10T20:15:01.712+0000] {processor.py:183} INFO - Processing /opt/airflow/dags/trigger_another_dag_with_completion.py took 0.086 seconds
[2024-07-10T20:15:03.715+0000] {processor.py:161} INFO - Started process (PID=689) to work on /opt/airflow/dags/trigger_another_dag_with_completion.py
[2024-07-10T20:15:03.717+0000] {processor.py:830} INFO - Processing file /opt/airflow/dags/trigger_another_dag_with_completion.py for tasks to queue
[2024-07-10T20:15:03.720+0000] {logging_mixin.py:188} INFO - [2024-07-10T20:15:03.719+0000] {dagbag.py:540} INFO - Filling up the DagBag from /opt/airflow/dags/trigger_another_dag_with_completion.py
[2024-07-10T20:15:03.744+0000] {processor.py:840} INFO - DAG(s) 'trigger_another_dag_with_completion' retrieved from /opt/airflow/dags/trigger_another_dag_with_completion.py
[2024-07-10T20:15:03.764+0000] {logging_mixin.py:188} INFO - [2024-07-10T20:15:03.763+0000] {dag.py:3096} INFO - Sync 1 DAGs
[2024-07-10T20:15:03.786+0000] {logging_mixin.py:188} INFO - [2024-07-10T20:15:03.785+0000] {dag.py:3954} INFO - Setting next_dagrun for trigger_another_dag_with_completion to None, run_after=None
[2024-07-10T20:15:03.806+0000] {processor.py:183} INFO - Processing /opt/airflow/dags/trigger_another_dag_with_completion.py took 0.099 seconds
[2024-07-10T20:15:06.010+0000] {processor.py:161} INFO - Started process (PID=726) to work on /opt/airflow/dags/trigger_another_dag_with_completion.py
[2024-07-10T20:15:06.011+0000] {processor.py:830} INFO - Processing file /opt/airflow/dags/trigger_another_dag_with_completion.py for tasks to queue
[2024-07-10T20:15:06.014+0000] {logging_mixin.py:188} INFO - [2024-07-10T20:15:06.013+0000] {dagbag.py:540} INFO - Filling up the DagBag from /opt/airflow/dags/trigger_another_dag_with_completion.py
[2024-07-10T20:15:06.031+0000] {processor.py:840} INFO - DAG(s) 'trigger_another_dag_with_completion' retrieved from /opt/airflow/dags/trigger_another_dag_with_completion.py
[2024-07-10T20:15:06.052+0000] {logging_mixin.py:188} INFO - [2024-07-10T20:15:06.052+0000] {dag.py:3096} INFO - Sync 1 DAGs
[2024-07-10T20:15:06.072+0000] {logging_mixin.py:188} INFO - [2024-07-10T20:15:06.072+0000] {dag.py:3954} INFO - Setting next_dagrun for trigger_another_dag_with_completion to None, run_after=None
[2024-07-10T20:15:06.091+0000] {processor.py:183} INFO - Processing /opt/airflow/dags/trigger_another_dag_with_completion.py took 0.089 seconds
[2024-07-10T20:15:08.272+0000] {processor.py:161} INFO - Started process (PID=757) to work on /opt/airflow/dags/trigger_another_dag_with_completion.py
[2024-07-10T20:15:08.273+0000] {processor.py:830} INFO - Processing file /opt/airflow/dags/trigger_another_dag_with_completion.py for tasks to queue
[2024-07-10T20:15:08.276+0000] {logging_mixin.py:188} INFO - [2024-07-10T20:15:08.276+0000] {dagbag.py:540} INFO - Filling up the DagBag from /opt/airflow/dags/trigger_another_dag_with_completion.py
[2024-07-10T20:15:08.297+0000] {processor.py:840} INFO - DAG(s) 'trigger_another_dag_with_completion' retrieved from /opt/airflow/dags/trigger_another_dag_with_completion.py
[2024-07-10T20:15:08.317+0000] {logging_mixin.py:188} INFO - [2024-07-10T20:15:08.317+0000] {dag.py:3096} INFO - Sync 1 DAGs
[2024-07-10T20:15:08.340+0000] {logging_mixin.py:188} INFO - [2024-07-10T20:15:08.339+0000] {dag.py:3954} INFO - Setting next_dagrun for trigger_another_dag_with_completion to None, run_after=None
[2024-07-10T20:15:08.359+0000] {processor.py:183} INFO - Processing /opt/airflow/dags/trigger_another_dag_with_completion.py took 0.094 seconds
[2024-07-10T20:15:10.330+0000] {processor.py:161} INFO - Started process (PID=788) to work on /opt/airflow/dags/trigger_another_dag_with_completion.py
[2024-07-10T20:15:10.331+0000] {processor.py:830} INFO - Processing file /opt/airflow/dags/trigger_another_dag_with_completion.py for tasks to queue
[2024-07-10T20:15:10.334+0000] {logging_mixin.py:188} INFO - [2024-07-10T20:15:10.333+0000] {dagbag.py:540} INFO - Filling up the DagBag from /opt/airflow/dags/trigger_another_dag_with_completion.py
[2024-07-10T20:15:10.354+0000] {processor.py:840} INFO - DAG(s) 'trigger_another_dag_with_completion' retrieved from /opt/airflow/dags/trigger_another_dag_with_completion.py
[2024-07-10T20:15:10.377+0000] {logging_mixin.py:188} INFO - [2024-07-10T20:15:10.376+0000] {dag.py:3096} INFO - Sync 1 DAGs
[2024-07-10T20:15:10.396+0000] {logging_mixin.py:188} INFO - [2024-07-10T20:15:10.395+0000] {dag.py:3954} INFO - Setting next_dagrun for trigger_another_dag_with_completion to None, run_after=None
[2024-07-10T20:15:10.413+0000] {processor.py:183} INFO - Processing /opt/airflow/dags/trigger_another_dag_with_completion.py took 0.089 seconds
[2024-07-10T20:15:12.689+0000] {processor.py:161} INFO - Started process (PID=819) to work on /opt/airflow/dags/trigger_another_dag_with_completion.py
[2024-07-10T20:15:12.690+0000] {processor.py:830} INFO - Processing file /opt/airflow/dags/trigger_another_dag_with_completion.py for tasks to queue
[2024-07-10T20:15:12.693+0000] {logging_mixin.py:188} INFO - [2024-07-10T20:15:12.692+0000] {dagbag.py:540} INFO - Filling up the DagBag from /opt/airflow/dags/trigger_another_dag_with_completion.py
[2024-07-10T20:15:12.716+0000] {processor.py:840} INFO - DAG(s) 'trigger_another_dag_with_completion' retrieved from /opt/airflow/dags/trigger_another_dag_with_completion.py
[2024-07-10T20:15:12.738+0000] {logging_mixin.py:188} INFO - [2024-07-10T20:15:12.737+0000] {dag.py:3096} INFO - Sync 1 DAGs
[2024-07-10T20:15:12.758+0000] {logging_mixin.py:188} INFO - [2024-07-10T20:15:12.758+0000] {dag.py:3954} INFO - Setting next_dagrun for trigger_another_dag_with_completion to None, run_after=None
[2024-07-10T20:15:12.779+0000] {processor.py:183} INFO - Processing /opt/airflow/dags/trigger_another_dag_with_completion.py took 0.096 seconds
[2024-07-10T20:15:14.636+0000] {processor.py:161} INFO - Started process (PID=850) to work on /opt/airflow/dags/trigger_another_dag_with_completion.py
[2024-07-10T20:15:14.637+0000] {processor.py:830} INFO - Processing file /opt/airflow/dags/trigger_another_dag_with_completion.py for tasks to queue
[2024-07-10T20:15:14.639+0000] {logging_mixin.py:188} INFO - [2024-07-10T20:15:14.639+0000] {dagbag.py:540} INFO - Filling up the DagBag from /opt/airflow/dags/trigger_another_dag_with_completion.py
[2024-07-10T20:15:14.661+0000] {processor.py:840} INFO - DAG(s) 'trigger_another_dag_with_completion' retrieved from /opt/airflow/dags/trigger_another_dag_with_completion.py
[2024-07-10T20:15:14.680+0000] {logging_mixin.py:188} INFO - [2024-07-10T20:15:14.680+0000] {dag.py:3096} INFO - Sync 1 DAGs
[2024-07-10T20:15:14.701+0000] {logging_mixin.py:188} INFO - [2024-07-10T20:15:14.700+0000] {dag.py:3954} INFO - Setting next_dagrun for trigger_another_dag_with_completion to None, run_after=None
[2024-07-10T20:15:14.718+0000] {processor.py:183} INFO - Processing /opt/airflow/dags/trigger_another_dag_with_completion.py took 0.089 seconds
[2024-07-10T20:15:16.902+0000] {processor.py:161} INFO - Started process (PID=881) to work on /opt/airflow/dags/trigger_another_dag_with_completion.py
[2024-07-10T20:15:16.903+0000] {processor.py:830} INFO - Processing file /opt/airflow/dags/trigger_another_dag_with_completion.py for tasks to queue
[2024-07-10T20:15:16.905+0000] {logging_mixin.py:188} INFO - [2024-07-10T20:15:16.905+0000] {dagbag.py:540} INFO - Filling up the DagBag from /opt/airflow/dags/trigger_another_dag_with_completion.py
[2024-07-10T20:15:16.925+0000] {processor.py:840} INFO - DAG(s) 'trigger_another_dag_with_completion' retrieved from /opt/airflow/dags/trigger_another_dag_with_completion.py
[2024-07-10T20:15:16.944+0000] {logging_mixin.py:188} INFO - [2024-07-10T20:15:16.944+0000] {dag.py:3096} INFO - Sync 1 DAGs
[2024-07-10T20:15:16.962+0000] {logging_mixin.py:188} INFO - [2024-07-10T20:15:16.962+0000] {dag.py:3954} INFO - Setting next_dagrun for trigger_another_dag_with_completion to None, run_after=None
[2024-07-10T20:15:16.982+0000] {processor.py:183} INFO - Processing /opt/airflow/dags/trigger_another_dag_with_completion.py took 0.086 seconds
[2024-07-10T20:15:19.221+0000] {processor.py:161} INFO - Started process (PID=912) to work on /opt/airflow/dags/trigger_another_dag_with_completion.py
[2024-07-10T20:15:19.222+0000] {processor.py:830} INFO - Processing file /opt/airflow/dags/trigger_another_dag_with_completion.py for tasks to queue
[2024-07-10T20:15:19.224+0000] {logging_mixin.py:188} INFO - [2024-07-10T20:15:19.224+0000] {dagbag.py:540} INFO - Filling up the DagBag from /opt/airflow/dags/trigger_another_dag_with_completion.py
[2024-07-10T20:15:19.243+0000] {processor.py:840} INFO - DAG(s) 'trigger_another_dag_with_completion' retrieved from /opt/airflow/dags/trigger_another_dag_with_completion.py
[2024-07-10T20:15:19.261+0000] {logging_mixin.py:188} INFO - [2024-07-10T20:15:19.261+0000] {dag.py:3096} INFO - Sync 1 DAGs
[2024-07-10T20:15:19.279+0000] {logging_mixin.py:188} INFO - [2024-07-10T20:15:19.279+0000] {dag.py:3954} INFO - Setting next_dagrun for trigger_another_dag_with_completion to None, run_after=None
[2024-07-10T20:15:19.299+0000] {processor.py:183} INFO - Processing /opt/airflow/dags/trigger_another_dag_with_completion.py took 0.084 seconds
[2024-07-10T20:15:21.383+0000] {processor.py:161} INFO - Started process (PID=943) to work on /opt/airflow/dags/trigger_another_dag_with_completion.py
[2024-07-10T20:15:21.384+0000] {processor.py:830} INFO - Processing file /opt/airflow/dags/trigger_another_dag_with_completion.py for tasks to queue
[2024-07-10T20:15:21.386+0000] {logging_mixin.py:188} INFO - [2024-07-10T20:15:21.386+0000] {dagbag.py:540} INFO - Filling up the DagBag from /opt/airflow/dags/trigger_another_dag_with_completion.py
[2024-07-10T20:15:21.404+0000] {processor.py:840} INFO - DAG(s) 'trigger_another_dag_with_completion' retrieved from /opt/airflow/dags/trigger_another_dag_with_completion.py
[2024-07-10T20:15:21.424+0000] {logging_mixin.py:188} INFO - [2024-07-10T20:15:21.424+0000] {dag.py:3096} INFO - Sync 1 DAGs
[2024-07-10T20:15:21.445+0000] {logging_mixin.py:188} INFO - [2024-07-10T20:15:21.444+0000] {dag.py:3954} INFO - Setting next_dagrun for trigger_another_dag_with_completion to None, run_after=None
[2024-07-10T20:15:21.464+0000] {processor.py:183} INFO - Processing /opt/airflow/dags/trigger_another_dag_with_completion.py took 0.087 seconds
[2024-07-10T20:15:23.642+0000] {processor.py:161} INFO - Started process (PID=974) to work on /opt/airflow/dags/trigger_another_dag_with_completion.py
[2024-07-10T20:15:23.643+0000] {processor.py:830} INFO - Processing file /opt/airflow/dags/trigger_another_dag_with_completion.py for tasks to queue
[2024-07-10T20:15:23.645+0000] {logging_mixin.py:188} INFO - [2024-07-10T20:15:23.645+0000] {dagbag.py:540} INFO - Filling up the DagBag from /opt/airflow/dags/trigger_another_dag_with_completion.py
[2024-07-10T20:15:23.663+0000] {processor.py:840} INFO - DAG(s) 'trigger_another_dag_with_completion' retrieved from /opt/airflow/dags/trigger_another_dag_with_completion.py
[2024-07-10T20:15:23.683+0000] {logging_mixin.py:188} INFO - [2024-07-10T20:15:23.682+0000] {dag.py:3096} INFO - Sync 1 DAGs
[2024-07-10T20:15:23.701+0000] {logging_mixin.py:188} INFO - [2024-07-10T20:15:23.701+0000] {dag.py:3954} INFO - Setting next_dagrun for trigger_another_dag_with_completion to None, run_after=None
[2024-07-10T20:15:23.719+0000] {processor.py:183} INFO - Processing /opt/airflow/dags/trigger_another_dag_with_completion.py took 0.083 seconds
[2024-07-10T20:15:25.865+0000] {processor.py:161} INFO - Started process (PID=1005) to work on /opt/airflow/dags/trigger_another_dag_with_completion.py
[2024-07-10T20:15:25.866+0000] {processor.py:830} INFO - Processing file /opt/airflow/dags/trigger_another_dag_with_completion.py for tasks to queue
[2024-07-10T20:15:25.868+0000] {logging_mixin.py:188} INFO - [2024-07-10T20:15:25.868+0000] {dagbag.py:540} INFO - Filling up the DagBag from /opt/airflow/dags/trigger_another_dag_with_completion.py
[2024-07-10T20:15:25.886+0000] {processor.py:840} INFO - DAG(s) 'trigger_another_dag_with_completion' retrieved from /opt/airflow/dags/trigger_another_dag_with_completion.py
[2024-07-10T20:15:25.905+0000] {logging_mixin.py:188} INFO - [2024-07-10T20:15:25.905+0000] {dag.py:3096} INFO - Sync 1 DAGs
[2024-07-10T20:15:25.924+0000] {logging_mixin.py:188} INFO - [2024-07-10T20:15:25.924+0000] {dag.py:3954} INFO - Setting next_dagrun for trigger_another_dag_with_completion to None, run_after=None
[2024-07-10T20:15:25.946+0000] {processor.py:183} INFO - Processing /opt/airflow/dags/trigger_another_dag_with_completion.py took 0.088 seconds
[2024-07-10T20:15:27.769+0000] {processor.py:161} INFO - Started process (PID=1036) to work on /opt/airflow/dags/trigger_another_dag_with_completion.py
[2024-07-10T20:15:27.770+0000] {processor.py:830} INFO - Processing file /opt/airflow/dags/trigger_another_dag_with_completion.py for tasks to queue
[2024-07-10T20:15:27.773+0000] {logging_mixin.py:188} INFO - [2024-07-10T20:15:27.772+0000] {dagbag.py:540} INFO - Filling up the DagBag from /opt/airflow/dags/trigger_another_dag_with_completion.py
[2024-07-10T20:15:27.790+0000] {processor.py:840} INFO - DAG(s) 'trigger_another_dag_with_completion' retrieved from /opt/airflow/dags/trigger_another_dag_with_completion.py
[2024-07-10T20:15:27.808+0000] {logging_mixin.py:188} INFO - [2024-07-10T20:15:27.808+0000] {dag.py:3096} INFO - Sync 1 DAGs
[2024-07-10T20:15:27.831+0000] {logging_mixin.py:188} INFO - [2024-07-10T20:15:27.830+0000] {dag.py:3954} INFO - Setting next_dagrun for trigger_another_dag_with_completion to None, run_after=None
[2024-07-10T20:15:27.848+0000] {processor.py:183} INFO - Processing /opt/airflow/dags/trigger_another_dag_with_completion.py took 0.085 seconds
[2024-07-10T20:15:30.142+0000] {processor.py:161} INFO - Started process (PID=1067) to work on /opt/airflow/dags/trigger_another_dag_with_completion.py
[2024-07-10T20:15:30.143+0000] {processor.py:830} INFO - Processing file /opt/airflow/dags/trigger_another_dag_with_completion.py for tasks to queue
[2024-07-10T20:15:30.145+0000] {logging_mixin.py:188} INFO - [2024-07-10T20:15:30.145+0000] {dagbag.py:540} INFO - Filling up the DagBag from /opt/airflow/dags/trigger_another_dag_with_completion.py
[2024-07-10T20:15:30.164+0000] {processor.py:840} INFO - DAG(s) 'trigger_another_dag_with_completion' retrieved from /opt/airflow/dags/trigger_another_dag_with_completion.py
[2024-07-10T20:15:30.184+0000] {logging_mixin.py:188} INFO - [2024-07-10T20:15:30.184+0000] {dag.py:3096} INFO - Sync 1 DAGs
[2024-07-10T20:15:30.203+0000] {logging_mixin.py:188} INFO - [2024-07-10T20:15:30.203+0000] {dag.py:3954} INFO - Setting next_dagrun for trigger_another_dag_with_completion to None, run_after=None
[2024-07-10T20:15:30.223+0000] {processor.py:183} INFO - Processing /opt/airflow/dags/trigger_another_dag_with_completion.py took 0.087 seconds
[2024-07-10T20:15:32.447+0000] {processor.py:161} INFO - Started process (PID=1098) to work on /opt/airflow/dags/trigger_another_dag_with_completion.py
[2024-07-10T20:15:32.448+0000] {processor.py:830} INFO - Processing file /opt/airflow/dags/trigger_another_dag_with_completion.py for tasks to queue
[2024-07-10T20:15:32.451+0000] {logging_mixin.py:188} INFO - [2024-07-10T20:15:32.450+0000] {dagbag.py:540} INFO - Filling up the DagBag from /opt/airflow/dags/trigger_another_dag_with_completion.py
[2024-07-10T20:15:32.470+0000] {processor.py:840} INFO - DAG(s) 'trigger_another_dag_with_completion' retrieved from /opt/airflow/dags/trigger_another_dag_with_completion.py
[2024-07-10T20:15:32.489+0000] {logging_mixin.py:188} INFO - [2024-07-10T20:15:32.489+0000] {dag.py:3096} INFO - Sync 1 DAGs
[2024-07-10T20:15:32.511+0000] {logging_mixin.py:188} INFO - [2024-07-10T20:15:32.511+0000] {dag.py:3954} INFO - Setting next_dagrun for trigger_another_dag_with_completion to None, run_after=None
[2024-07-10T20:15:32.534+0000] {processor.py:183} INFO - Processing /opt/airflow/dags/trigger_another_dag_with_completion.py took 0.093 seconds
[2024-07-10T20:15:34.391+0000] {processor.py:161} INFO - Started process (PID=1130) to work on /opt/airflow/dags/trigger_another_dag_with_completion.py
[2024-07-10T20:15:34.392+0000] {processor.py:830} INFO - Processing file /opt/airflow/dags/trigger_another_dag_with_completion.py for tasks to queue
[2024-07-10T20:15:34.395+0000] {logging_mixin.py:188} INFO - [2024-07-10T20:15:34.395+0000] {dagbag.py:540} INFO - Filling up the DagBag from /opt/airflow/dags/trigger_another_dag_with_completion.py
[2024-07-10T20:15:34.410+0000] {processor.py:840} INFO - DAG(s) 'trigger_another_dag_with_completion' retrieved from /opt/airflow/dags/trigger_another_dag_with_completion.py
[2024-07-10T20:15:34.430+0000] {logging_mixin.py:188} INFO - [2024-07-10T20:15:34.430+0000] {dag.py:3096} INFO - Sync 1 DAGs
[2024-07-10T20:15:34.449+0000] {logging_mixin.py:188} INFO - [2024-07-10T20:15:34.449+0000] {dag.py:3954} INFO - Setting next_dagrun for trigger_another_dag_with_completion to None, run_after=None
[2024-07-10T20:15:34.469+0000] {processor.py:183} INFO - Processing /opt/airflow/dags/trigger_another_dag_with_completion.py took 0.084 seconds
[2024-07-10T20:15:36.737+0000] {processor.py:161} INFO - Started process (PID=1167) to work on /opt/airflow/dags/trigger_another_dag_with_completion.py
[2024-07-10T20:15:36.739+0000] {processor.py:830} INFO - Processing file /opt/airflow/dags/trigger_another_dag_with_completion.py for tasks to queue
[2024-07-10T20:15:36.740+0000] {logging_mixin.py:188} INFO - [2024-07-10T20:15:36.740+0000] {dagbag.py:540} INFO - Filling up the DagBag from /opt/airflow/dags/trigger_another_dag_with_completion.py
[2024-07-10T20:15:36.757+0000] {processor.py:840} INFO - DAG(s) 'trigger_another_dag_with_completion' retrieved from /opt/airflow/dags/trigger_another_dag_with_completion.py
[2024-07-10T20:15:36.778+0000] {logging_mixin.py:188} INFO - [2024-07-10T20:15:36.777+0000] {dag.py:3096} INFO - Sync 1 DAGs
[2024-07-10T20:15:36.797+0000] {logging_mixin.py:188} INFO - [2024-07-10T20:15:36.797+0000] {dag.py:3954} INFO - Setting next_dagrun for trigger_another_dag_with_completion to None, run_after=None
[2024-07-10T20:15:36.822+0000] {processor.py:183} INFO - Processing /opt/airflow/dags/trigger_another_dag_with_completion.py took 0.091 seconds
[2024-07-10T20:15:39.011+0000] {processor.py:161} INFO - Started process (PID=1198) to work on /opt/airflow/dags/trigger_another_dag_with_completion.py
[2024-07-10T20:15:39.013+0000] {processor.py:830} INFO - Processing file /opt/airflow/dags/trigger_another_dag_with_completion.py for tasks to queue
[2024-07-10T20:15:39.015+0000] {logging_mixin.py:188} INFO - [2024-07-10T20:15:39.015+0000] {dagbag.py:540} INFO - Filling up the DagBag from /opt/airflow/dags/trigger_another_dag_with_completion.py
[2024-07-10T20:15:39.032+0000] {processor.py:840} INFO - DAG(s) 'trigger_another_dag_with_completion' retrieved from /opt/airflow/dags/trigger_another_dag_with_completion.py
[2024-07-10T20:15:39.053+0000] {logging_mixin.py:188} INFO - [2024-07-10T20:15:39.052+0000] {dag.py:3096} INFO - Sync 1 DAGs
[2024-07-10T20:15:39.078+0000] {logging_mixin.py:188} INFO - [2024-07-10T20:15:39.077+0000] {dag.py:3954} INFO - Setting next_dagrun for trigger_another_dag_with_completion to None, run_after=None
[2024-07-10T20:15:39.107+0000] {processor.py:183} INFO - Processing /opt/airflow/dags/trigger_another_dag_with_completion.py took 0.103 seconds
